<?xml version="1.0" encoding="UTF-8"?>
<testsuites name="15.01 Sephora Duplication Standard" time="824.963" tests="5" failures="5" errors="0">
   <testsuite name="15.01 Sephora Duplication Standard" tests="5" failures="5" errors="0" time="824.963" skipped="0" timestamp="2022-06-23 23:51:25" hostname="lamhe - DPF-MBI-VERIF.ad.sgsco.int" id="Test Suites/03. Parallel Testing (Testing)/TS -PT PART 3/15.01 Sephora Duplication Standard">
      <properties>
         <property name="deviceName" value=""/>
         <property name="devicePlatform" value=""/>
         <property name="logFolder" value="D:\\Projet Test Auto\\Mediabox Test Automation\\Reports\\20220623_184212\\03. Parallel Testing (Testing)\\TS -PT PART 3\\15.01 Sephora Duplication Standard\\20220623_184243"/>
         <property name="logFiles" value="D:\\Projet Test Auto\\Mediabox Test Automation\\Reports\\20220623_184212\\03. Parallel Testing (Testing)\\TS -PT PART 3\\15.01 Sephora Duplication Standard\\20220623_184243\\execution0.log"/>
         <property name="attachments" value="D:\\Projet Test Auto\\Mediabox Test Automation\\Reports\\20220623_184212\\03. Parallel Testing (Testing)\\TS -PT PART 3\\15.01 Sephora Duplication Standard\\20220623_184243\\1656021113639.png, D:\\Projet Test Auto\\Mediabox Test Automation\\Reports\\20220623_184212\\03. Parallel Testing (Testing)\\TS -PT PART 3\\15.01 Sephora Duplication Standard\\20220623_184243\\1656021139105.png, D:\\Projet Test Auto\\Mediabox Test Automation\\Reports\\20220623_184212\\03. Parallel Testing (Testing)\\TS -PT PART 3\\15.01 Sephora Duplication Standard\\20220623_184243\\1656021142188.png, D:\\Projet Test Auto\\Mediabox Test Automation\\Reports\\20220623_184212\\03. Parallel Testing (Testing)\\TS -PT PART 3\\15.01 Sephora Duplication Standard\\20220623_184243\\1656021147166.png, D:\\Projet Test Auto\\Mediabox Test Automation\\Reports\\20220623_184212\\03. Parallel Testing (Testing)\\TS -PT PART 3\\15.01 Sephora Duplication Standard\\20220623_184243\\1656021246594.png, D:\\Projet Test Auto\\Mediabox Test Automation\\Reports\\20220623_184212\\03. Parallel Testing (Testing)\\TS -PT PART 3\\15.01 Sephora Duplication Standard\\20220623_184243\\1656021285044.png, D:\\Projet Test Auto\\Mediabox Test Automation\\Reports\\20220623_184212\\03. Parallel Testing (Testing)\\TS -PT PART 3\\15.01 Sephora Duplication Standard\\20220623_184243\\1656021299629.png, D:\\Projet Test Auto\\Mediabox Test Automation\\Reports\\20220623_184212\\03. Parallel Testing (Testing)\\TS -PT PART 3\\15.01 Sephora Duplication Standard\\20220623_184243\\1656021308288.png, D:\\Projet Test Auto\\Mediabox Test Automation\\Reports\\20220623_184212\\03. Parallel Testing (Testing)\\TS -PT PART 3\\15.01 Sephora Duplication Standard\\20220623_184243\\1656021312370.png, D:\\Projet Test Auto\\Mediabox Test Automation\\Reports\\20220623_184212\\03. Parallel Testing (Testing)\\TS -PT PART 3\\15.01 Sephora Duplication Standard\\20220623_184243\\1656021317455.png, D:\\Projet Test Auto\\Mediabox Test Automation\\Reports\\20220623_184212\\03. Parallel Testing (Testing)\\TS -PT PART 3\\15.01 Sephora Duplication Standard\\20220623_184243\\1656021321978.png, D:\\Projet Test Auto\\Mediabox Test Automation\\Reports\\20220623_184212\\03. Parallel Testing (Testing)\\TS -PT PART 3\\15.01 Sephora Duplication Standard\\20220623_184243\\1656021329989.png, D:\\Projet Test Auto\\Mediabox Test Automation\\Reports\\20220623_184212\\03. Parallel Testing (Testing)\\TS -PT PART 3\\15.01 Sephora Duplication Standard\\20220623_184243\\1656021335411.png, D:\\Projet Test Auto\\Mediabox Test Automation\\Reports\\20220623_184212\\03. Parallel Testing (Testing)\\TS -PT PART 3\\15.01 Sephora Duplication Standard\\20220623_184243\\1656021336942.png, D:\\Projet Test Auto\\Mediabox Test Automation\\Reports\\20220623_184212\\03. Parallel Testing (Testing)\\TS -PT PART 3\\15.01 Sephora Duplication Standard\\20220623_184243\\1656021344033.png, D:\\Projet Test Auto\\Mediabox Test Automation\\Reports\\20220623_184212\\03. Parallel Testing (Testing)\\TS -PT PART 3\\15.01 Sephora Duplication Standard\\20220623_184243\\1656021643813.png, D:\\Projet Test Auto\\Mediabox Test Automation\\Reports\\20220623_184212\\03. Parallel Testing (Testing)\\TS -PT PART 3\\15.01 Sephora Duplication Standard\\20220623_184243\\1656021675358.png, D:\\Projet Test Auto\\Mediabox Test Automation\\Reports\\20220623_184212\\03. Parallel Testing (Testing)\\TS -PT PART 3\\15.01 Sephora Duplication Standard\\20220623_184243\\1656021722141.png, D:\\Projet Test Auto\\Mediabox Test Automation\\Reports\\20220623_184212\\03. Parallel Testing (Testing)\\TS -PT PART 3\\15.01 Sephora Duplication Standard\\20220623_184243\\1656021754646.png, D:\\Projet Test Auto\\Mediabox Test Automation\\Reports\\20220623_184212\\03. Parallel Testing (Testing)\\TS -PT PART 3\\15.01 Sephora Duplication Standard\\20220623_184243\\1656021805672.png, D:\\Projet Test Auto\\Mediabox Test Automation\\Reports\\20220623_184212\\03. Parallel Testing (Testing)\\TS -PT PART 3\\15.01 Sephora Duplication Standard\\20220623_184243\\1656021837087.png, D:\\Projet Test Auto\\Mediabox Test Automation\\Reports\\20220623_184212\\03. Parallel Testing (Testing)\\TS -PT PART 3\\15.01 Sephora Duplication Standard\\20220623_184243\\1656021878566.png, D:\\Projet Test Auto\\Mediabox Test Automation\\Reports\\20220623_184212\\03. Parallel Testing (Testing)\\TS -PT PART 3\\15.01 Sephora Duplication Standard\\20220623_184243\\1656021910183.png"/>
         <property name="hostName" value="lamhe - DPF-MBI-VERIF.ad.sgsco.int"/>
         <property name="os" value="Windows 10 64bit"/>
         <property name="katalonVersion" value="8.3.0.208"/>
         <property name="browser" value="Chrome 102.0.5005.115"/>
         <property name="hostAddress" value="10.15.10.53"/>
         <property name="sessionId" value="8e37d918a29f29a5b1b10e8ae1378c49"/>
         <property name="seleniumVersion" value="3.141.59"/>
         <property name="proxyInformation" value="ProxyInformation { proxyOption=NO_PROXY, proxyServerType=HTTP, username=, password=********, proxyServerAddress=, proxyServerPort=0, executionList=&quot;&quot;, isApplyToDesiredCapabilities=true }"/>
         <property name="platform" value="Windows 10"/>
      </properties>
      <testcase name="Test Cases/20. Sephora_NPP Duplication Standard_ Duplication Shortcut/20.01 Sephora Duplication (Rights _Error Msg_Duplicate) - Will be used in 20.02 ( P1)" time="258.284" classname="Test Cases/20. Sephora_NPP Duplication Standard_ Duplication Shortcut/20.01 Sephora Duplication (Rights _Error Msg_Duplicate) - Will be used in 20.02 ( P1)" status="FAILED">
         <failure type="FAILED" message="Test Cases/20. Sephora_NPP Duplication Standard_ Duplication Shortcut/20.01 Sephora Duplication (Rights _Error Msg_Duplicate) - Will be used in 20.02 ( P1) FAILED.
Reason:
com.kms.katalon.core.exception.StepFailedException: Unable to get text of object 'Object Repository/1. Constant/xpath'
	at com.kms.katalon.core.webui.keyword.internal.WebUIKeywordMain.stepFailed(WebUIKeywordMain.groovy:64)
	at com.kms.katalon.core.webui.keyword.internal.WebUIKeywordMain.runKeyword(WebUIKeywordMain.groovy:26)
	at com.kms.katalon.core.webui.keyword.builtin.GetTextKeyword.getText(GetTextKeyword.groovy:88)
	at com.kms.katalon.core.webui.keyword.builtin.GetTextKeyword.execute(GetTextKeyword.groovy:67)
	at com.kms.katalon.core.keyword.internal.KeywordExecutor.executeKeywordForPlatform(KeywordExecutor.groovy:74)
	at com.kms.katalon.core.webui.keyword.WebUiBuiltInKeywords.getText(WebUiBuiltInKeywords.groovy:918)
	at com.kms.katalon.core.webui.keyword.WebUiBuiltInKeywords$getText$11.call(Unknown Source)
	at functions.I.VerifyMatchToastrmsg(I.groovy:455)
	at functions.I$VerifyMatchToastrmsg$6.call(Unknown Source)
	at 20.01 Sephora Duplication (Rights _Error Msg_Duplicate) - Will be used in 20.02 ( P1).run(20.01 Sephora Duplication (Rights _Error Msg_Duplicate) - Will be used in 20.02 ( P1):333)
	at com.kms.katalon.core.main.ScriptEngine.run(ScriptEngine.java:194)
	at com.kms.katalon.core.main.ScriptEngine.runScriptAsRawText(ScriptEngine.java:119)
	at com.kms.katalon.core.main.TestCaseExecutor.runScript(TestCaseExecutor.java:445)
	at com.kms.katalon.core.main.TestCaseExecutor.doExecute(TestCaseExecutor.java:436)
	at com.kms.katalon.core.main.TestCaseExecutor.processExecutionPhase(TestCaseExecutor.java:415)
	at com.kms.katalon.core.main.TestCaseExecutor.accessMainPhase(TestCaseExecutor.java:407)
	at com.kms.katalon.core.main.TestCaseExecutor.execute(TestCaseExecutor.java:284)
	at com.kms.katalon.core.common.CommonExecutor.accessTestCaseMainPhase(CommonExecutor.java:65)
	at com.kms.katalon.core.main.TestSuiteExecutor.accessTestSuiteMainPhase(TestSuiteExecutor.java:144)
	at com.kms.katalon.core.main.TestSuiteExecutor.execute(TestSuiteExecutor.java:106)
	at com.kms.katalon.core.main.TestCaseMain.startTestSuite(TestCaseMain.java:185)
	at com.kms.katalon.core.main.TestCaseMain$startTestSuite$0.call(Unknown Source)
	at TempTestSuite1656002563450.run(TempTestSuite1656002563450.groovy:36)
Caused by: org.openqa.selenium.StaleElementReferenceException: stale element reference: element is not attached to the page document
  (Session info: headless chrome=102.0.5005.115)
For documentation on this error, please visit: https://www.seleniumhq.org/exceptions/stale_element_reference.html
Build info: version: '3.141.59', revision: 'e82be7d358', time: '2018-11-14T08:25:53'
System info: host: 'DPF-MBI-VERIF', ip: '10.15.10.53', os.name: 'Windows 10', os.arch: 'amd64', os.version: '10.0', java.version: '1.8.0_181'
Driver info: com.kms.katalon.selenium.driver.CChromeDriver
Capabilities {acceptInsecureCerts: false, browserName: chrome, browserVersion: 102.0.5005.115, chrome: {chromedriverVersion: 101.0.4951.41 (93c720db8323..., userDataDir: C:\Users\lamhe\AppData\Loca...}, goog:chromeOptions: {debuggerAddress: localhost:63062}, javascriptEnabled: true, networkConnectionEnabled: false, pageLoadStrategy: normal, platform: WINDOWS, platformName: WINDOWS, proxy: Proxy(), setWindowRect: true, strictFileInteractability: false, timeouts: {implicit: 0, pageLoad: 300000, script: 30000}, unhandledPromptBehavior: dismiss and notify, webauthn:extension:credBlob: true, webauthn:extension:largeBlob: true, webauthn:virtualAuthenticators: true}
Session ID: d5c1954e1c7612daf36628ec77860f4e
	at org.openqa.selenium.remote.http.W3CHttpResponseCodec.createException(W3CHttpResponseCodec.java:187)
	at org.openqa.selenium.remote.http.W3CHttpResponseCodec.decode(W3CHttpResponseCodec.java:122)
	at org.openqa.selenium.remote.http.W3CHttpResponseCodec.decode(W3CHttpResponseCodec.java:49)
	at org.openqa.selenium.remote.HttpCommandExecutor.execute(HttpCommandExecutor.java:158)
	at org.openqa.selenium.remote.service.DriverCommandExecutor.execute(DriverCommandExecutor.java:83)
	at org.openqa.selenium.remote.RemoteWebDriver.execute(RemoteWebDriver.java:552)
	at com.kms.katalon.selenium.driver.CChromeDriver.execute(CChromeDriver.java:19)
	at org.openqa.selenium.remote.RemoteWebElement.execute(RemoteWebElement.java:285)
	at org.openqa.selenium.remote.RemoteWebElement.getText(RemoteWebElement.java:166)
	at org.openqa.selenium.support.events.EventFiringWebDriver$EventFiringWebElement.lambda$new$0(EventFiringWebDriver.java:404)
	at com.sun.proxy.$Proxy13.getText(Unknown Source)
	at org.openqa.selenium.support.events.EventFiringWebDriver$EventFiringWebElement.getText(EventFiringWebDriver.java:463)
	at com.kms.katalon.core.webui.keyword.builtin.GetTextKeyword$_getText_closure1.doCall(GetTextKeyword.groovy:80)
	at com.kms.katalon.core.webui.keyword.builtin.GetTextKeyword$_getText_closure1.call(GetTextKeyword.groovy)
	at com.kms.katalon.core.webui.keyword.internal.WebUIKeywordMain.runKeyword(WebUIKeywordMain.groovy:20)
	... 21 more
"/>
         <system-out><![CDATA[2022-06-23 23:51:26 - [TEST_CASE][FAILED] - Test Cases/20. Sephora_NPP Duplication Standard_ Duplication Shortcut/20.01 Sephora Duplication (Rights _Error Msg_Duplicate) - Will be used in 20.02 ( P1): Test Cases/20. Sephora_NPP Duplication Standard_ Duplication Shortcut/20.01 Sephora Duplication (Rights _Error Msg_Duplicate) - Will be used in 20.02 ( P1) FAILED.
Reason:
com.kms.katalon.core.exception.StepFailedException: Unable to get text of object 'Object Repository/1. Constant/xpath'
	at com.kms.katalon.core.webui.keyword.internal.WebUIKeywordMain.stepFailed(WebUIKeywordMain.groovy:64)
	at com.kms.katalon.core.webui.keyword.internal.WebUIKeywordMain.runKeyword(WebUIKeywordMain.groovy:26)
	at com.kms.katalon.core.webui.keyword.builtin.GetTextKeyword.getText(GetTextKeyword.groovy:88)
	at com.kms.katalon.core.webui.keyword.builtin.GetTextKeyword.execute(GetTextKeyword.groovy:67)
	at com.kms.katalon.core.keyword.internal.KeywordExecutor.executeKeywordForPlatform(KeywordExecutor.groovy:74)
	at com.kms.katalon.core.webui.keyword.WebUiBuiltInKeywords.getText(WebUiBuiltInKeywords.groovy:918)
	at com.kms.katalon.core.webui.keyword.WebUiBuiltInKeywords$getText$11.call(Unknown Source)
	at functions.I.VerifyMatchToastrmsg(I.groovy:455)
	at functions.I$VerifyMatchToastrmsg$6.call(Unknown Source)
	at 20.01 Sephora Duplication (Rights _Error Msg_Duplicate) - Will be used in 20.02 ( P1).run(20.01 Sephora Duplication (Rights _Error Msg_Duplicate) - Will be used in 20.02 ( P1):333)
	at com.kms.katalon.core.main.ScriptEngine.run(ScriptEngine.java:194)
	at com.kms.katalon.core.main.ScriptEngine.runScriptAsRawText(ScriptEngine.java:119)
	at com.kms.katalon.core.main.TestCaseExecutor.runScript(TestCaseExecutor.java:445)
	at com.kms.katalon.core.main.TestCaseExecutor.doExecute(TestCaseExecutor.java:436)
	at com.kms.katalon.core.main.TestCaseExecutor.processExecutionPhase(TestCaseExecutor.java:415)
	at com.kms.katalon.core.main.TestCaseExecutor.accessMainPhase(TestCaseExecutor.java:407)
	at com.kms.katalon.core.main.TestCaseExecutor.execute(TestCaseExecutor.java:284)
	at com.kms.katalon.core.common.CommonExecutor.accessTestCaseMainPhase(CommonExecutor.java:65)
	at com.kms.katalon.core.main.TestSuiteExecutor.accessTestSuiteMainPhase(TestSuiteExecutor.java:144)
	at com.kms.katalon.core.main.TestSuiteExecutor.execute(TestSuiteExecutor.java:106)
	at com.kms.katalon.core.main.TestCaseMain.startTestSuite(TestCaseMain.java:185)
	at com.kms.katalon.core.main.TestCaseMain$startTestSuite$0.call(Unknown Source)
	at TempTestSuite1656002563450.run(TempTestSuite1656002563450.groovy:36)
Caused by: org.openqa.selenium.StaleElementReferenceException: stale element reference: element is not attached to the page document
  (Session info: headless chrome=102.0.5005.115)
For documentation on this error, please visit: https://www.seleniumhq.org/exceptions/stale_element_reference.html
Build info: version: '3.141.59', revision: 'e82be7d358', time: '2018-11-14T08:25:53'
System info: host: 'DPF-MBI-VERIF', ip: '10.15.10.53', os.name: 'Windows 10', os.arch: 'amd64', os.version: '10.0', java.version: '1.8.0_181'
Driver info: com.kms.katalon.selenium.driver.CChromeDriver
Capabilities {acceptInsecureCerts: false, browserName: chrome, browserVersion: 102.0.5005.115, chrome: {chromedriverVersion: 101.0.4951.41 (93c720db8323..., userDataDir: C:\Users\lamhe\AppData\Loca...}, goog:chromeOptions: {debuggerAddress: localhost:63062}, javascriptEnabled: true, networkConnectionEnabled: false, pageLoadStrategy: normal, platform: WINDOWS, platformName: WINDOWS, proxy: Proxy(), setWindowRect: true, strictFileInteractability: false, timeouts: {implicit: 0, pageLoad: 300000, script: 30000}, unhandledPromptBehavior: dismiss and notify, webauthn:extension:credBlob: true, webauthn:extension:largeBlob: true, webauthn:virtualAuthenticators: true}
Session ID: d5c1954e1c7612daf36628ec77860f4e
	at org.openqa.selenium.remote.http.W3CHttpResponseCodec.createException(W3CHttpResponseCodec.java:187)
	at org.openqa.selenium.remote.http.W3CHttpResponseCodec.decode(W3CHttpResponseCodec.java:122)
	at org.openqa.selenium.remote.http.W3CHttpResponseCodec.decode(W3CHttpResponseCodec.java:49)
	at org.openqa.selenium.remote.HttpCommandExecutor.execute(HttpCommandExecutor.java:158)
	at org.openqa.selenium.remote.service.DriverCommandExecutor.execute(DriverCommandExecutor.java:83)
	at org.openqa.selenium.remote.RemoteWebDriver.execute(RemoteWebDriver.java:552)
	at com.kms.katalon.selenium.driver.CChromeDriver.execute(CChromeDriver.java:19)
	at org.openqa.selenium.remote.RemoteWebElement.execute(RemoteWebElement.java:285)
	at org.openqa.selenium.remote.RemoteWebElement.getText(RemoteWebElement.java:166)
	at org.openqa.selenium.support.events.EventFiringWebDriver$EventFiringWebElement.lambda$new$0(EventFiringWebDriver.java:404)
	at com.sun.proxy.$Proxy13.getText(Unknown Source)
	at org.openqa.selenium.support.events.EventFiringWebDriver$EventFiringWebElement.getText(EventFiringWebDriver.java:463)
	at com.kms.katalon.core.webui.keyword.builtin.GetTextKeyword$_getText_closure1.doCall(GetTextKeyword.groovy:80)
	at com.kms.katalon.core.webui.keyword.builtin.GetTextKeyword$_getText_closure1.call(GetTextKeyword.groovy)
	at com.kms.katalon.core.webui.keyword.internal.WebUIKeywordMain.runKeyword(WebUIKeywordMain.groovy:20)
	... 21 more


2022-06-23 23:51:27 - [TEST_STEP][PASSED] - data_Sephora = findTestData("Data Files/Username_Password/Sephora"): null

2022-06-23 23:51:27 - [TEST_STEP][PASSED] - password_atran = data_Sephora.getValue(2, 1): null

2022-06-23 23:51:27 - [TEST_STEP][PASSED] - password_studio = data_Sephora.getValue(2, 4): null

2022-06-23 23:51:27 - [TEST_STEP][PASSED] - data_urlRELAUTO = findTestData("Data Files/URL/URL_relauto"): null

2022-06-23 23:51:27 - [TEST_STEP][PASSED] - Url_Sephora = data_urlRELAUTO.getValue(2, 1): null

2022-06-23 23:51:27 - [TEST_STEP][PASSED] - I.clearnotepad("D:\Upoad_File\Projet_ Login\Sephora\20.01\20.01_Sephora_ProjectNo.txt"): null

2022-06-23 23:51:28 - [TEST_STEP][PASSED] - I.clearnotepad("D:\Upoad_File\Projet_ Login\Sephora\20.01\20.01_Sephora_refID.txt"): null

2022-06-23 23:51:28 - [TEST_STEP][PASSED] - I.clearnotepad("D:\Upoad_File\Projet_ Login\Sephora\20.01\20.01_Sephora_refIDName.txt"): null

2022-06-23 23:51:28 - [TEST_STEP][PASSED] - openBrowser(Url_Sephora): Browser is opened with url: 'http://mdb-release.diadeis.lan/MediaboxIndependence/?MBI_datasource=RELTESTAUTO_SEPHORA'

2022-06-23 23:51:28 - [MESSAGE][INFO] - Starting 'Chrome (headless)' driver

2022-06-23 23:51:28 - [MESSAGE][INFO] - User set preference: ['args', '[--window-size=1920,1080, --headless]']

2022-06-23 23:51:28 - [MESSAGE][INFO] - Action delay is set to 0 milliseconds

2022-06-23 23:51:52 - [MESSAGE][PASSED] - Browser is opened with url: 'http://mdb-release.diadeis.lan/MediaboxIndependence/?MBI_datasource=RELTESTAUTO_SEPHORA'

2022-06-23 23:51:52 - [TEST_STEP][PASSED] - maximizeWindow(): Current window maximized

2022-06-23 23:51:53 - [MESSAGE][PASSED] - Current window maximized

2022-06-23 23:51:53 - [TEST_STEP][PASSED] - takeScreenshot(): Taking screenshot successfully

2022-06-23 23:51:53 - [MESSAGE][PASSED] - Taking screenshot successfully
[[ATTACHMENT|D:\\Projet Test Auto\\Mediabox Test Automation\\Reports\\20220623_184212\\03. Parallel Testing (Testing)\\TS -PT PART 3\\15.01 Sephora Duplication Standard\\20220623_184243\\1656021113639.png]]

2022-06-23 23:51:53 - [TEST_STEP][PASSED] - I.Login_password("atran", password_atran): Object: 'Object Repository/1. Constant/xpath' is clicked on

2022-06-23 23:51:55 - [MESSAGE][PASSED] - Text 'atran' is set on object 'Object Repository/1. Constant/xpath'

2022-06-23 23:51:56 - [MESSAGE][PASSED] - Delayed 1 second(s)

2022-06-23 23:51:57 - [MESSAGE][PASSED] - Text 'dchi3' is set on object 'Object Repository/1. Constant/xpath'

2022-06-23 23:51:58 - [MESSAGE][PASSED] - Delayed 1 second(s)

2022-06-23 23:52:12 - [MESSAGE][PASSED] - Object: 'Object Repository/1. Constant/xpath' is clicked on

2022-06-23 23:52:12 - [TEST_STEP][PASSED] - click(findTestObject("1. Constant/02_LHSMenu_Projects")): Object: 'Object Repository/1. Constant/02_LHSMenu_Projects' is clicked on

2022-06-23 23:52:16 - [MESSAGE][PASSED] - Object: 'Object Repository/1. Constant/02_LHSMenu_Projects' is clicked on

2022-06-23 23:52:16 - [TEST_STEP][PASSED] - click(findTestObject("Object Repository/1. Constant/xpath", ["xpath":"//*[@id="kt_content"]/div[3]/div/div/div[1]/div[2]/a[1]"])): Object: 'Object Repository/1. Constant/xpath' is clicked on

2022-06-23 23:52:18 - [MESSAGE][PASSED] - Object: 'Object Repository/1. Constant/xpath' is clicked on

2022-06-23 23:52:18 - [TEST_STEP][PASSED] - takeScreenshot(): Taking screenshot successfully

2022-06-23 23:52:19 - [MESSAGE][PASSED] - Taking screenshot successfully
[[ATTACHMENT|D:\\Projet Test Auto\\Mediabox Test Automation\\Reports\\20220623_184212\\03. Parallel Testing (Testing)\\TS -PT PART 3\\15.01 Sephora Duplication Standard\\20220623_184243\\1656021139105.png]]

2022-06-23 23:52:19 - [TEST_STEP][PASSED] - project_name = "AutoTest_Chrome_Duplication_" + RandomStringUtils.randomAlphanumeric(5) + "_" + I.gettimedate(): null

2022-06-23 23:52:19 - [TEST_STEP][PASSED] - setText(findTestObject("HL Full Lifecycle/4 CreateProjPage_inputProjectname"), project_name): Text 'AutoTest_Chrome_Duplication_HVTOR_juin232022_235219' is set on object 'Object Repository/HL Full Lifecycle/4 CreateProjPage_inputProjectname'

2022-06-23 23:52:21 - [MESSAGE][PASSED] - Text 'AutoTest_Chrome_Duplication_HVTOR_juin232022_235219' is set on object 'Object Repository/HL Full Lifecycle/4 CreateProjPage_inputProjectname'

2022-06-23 23:52:21 - [TEST_STEP][PASSED] - takeScreenshot(): Taking screenshot successfully

2022-06-23 23:52:22 - [MESSAGE][PASSED] - Taking screenshot successfully
[[ATTACHMENT|D:\\Projet Test Auto\\Mediabox Test Automation\\Reports\\20220623_184212\\03. Parallel Testing (Testing)\\TS -PT PART 3\\15.01 Sephora Duplication Standard\\20220623_184243\\1656021142188.png]]

2022-06-23 23:52:22 - [TEST_STEP][PASSED] - click(findTestObject("HL Full Lifecycle/4 CreateProjPage_Create Project_Bluebutton")): Object: 'Object Repository/HL Full Lifecycle/4 CreateProjPage_Create Project_Bluebutton' is clicked on

2022-06-23 23:52:26 - [MESSAGE][PASSED] - Object: 'Object Repository/HL Full Lifecycle/4 CreateProjPage_Create Project_Bluebutton' is clicked on

2022-06-23 23:52:26 - [TEST_STEP][PASSED] - takeScreenshot(): Taking screenshot successfully

2022-06-23 23:52:27 - [MESSAGE][PASSED] - Taking screenshot successfully
[[ATTACHMENT|D:\\Projet Test Auto\\Mediabox Test Automation\\Reports\\20220623_184212\\03. Parallel Testing (Testing)\\TS -PT PART 3\\15.01 Sephora Duplication Standard\\20220623_184243\\1656021147166.png]]

2022-06-23 23:52:27 - [TEST_STEP][PASSED] - setText(findTestObject("HL Full Lifecycle/5 ModifyProjPage_input_code_project_field"), "12345"): Text '12345' is set on object 'Object Repository/HL Full Lifecycle/5 ModifyProjPage_input_code_project_field'

2022-06-23 23:52:30 - [MESSAGE][PASSED] - Text '12345' is set on object 'Object Repository/HL Full Lifecycle/5 ModifyProjPage_input_code_project_field'

2022-06-23 23:52:30 - [TEST_STEP][PASSED] - I.SelectFromList_Value("//*[@id="var_28"]", "240"): Delayed 2 second(s)

2022-06-23 23:52:32 - [MESSAGE][PASSED] - All options with value '240' are selected in object 'Object Repository/1. Constant/xpath' 

2022-06-23 23:52:34 - [MESSAGE][PASSED] - Delayed 2 second(s)

2022-06-23 23:52:34 - [TEST_STEP][PASSED] - I.SelectFromList_Label("//*[@id="var_29"]", "BATH BODY"): Delayed 2 second(s)

2022-06-23 23:52:38 - [MESSAGE][PASSED] - All options with label 'BATH BODY' are selected in object 'Object Repository/1. Constant/xpath' 

2022-06-23 23:52:40 - [MESSAGE][PASSED] - Delayed 2 second(s)

2022-06-23 23:52:40 - [TEST_STEP][PASSED] - I.SelectFromList_Label("//*[@id="var_31"]", "One Shot"): Delayed 2 second(s)

2022-06-23 23:52:41 - [MESSAGE][PASSED] - All options with label 'One Shot' are selected in object 'Object Repository/1. Constant/xpath' 

2022-06-23 23:52:43 - [MESSAGE][PASSED] - Delayed 2 second(s)

2022-06-23 23:52:43 - [TEST_STEP][PASSED] - I.select_multiplelist("//*[@id="selSource_32"]", "//*[@id="btnAdd_32"]", "20"): Delayed 1 second(s)

2022-06-23 23:52:44 - [MESSAGE][PASSED] - Delayed 1 second(s)

2022-06-23 23:52:46 - [MESSAGE][PASSED] - All options with value '20' are selected in object 'Object Repository/1. Constant/xpath' 

2022-06-23 23:52:48 - [MESSAGE][PASSED] - Delayed 2 second(s)

2022-06-23 23:52:49 - [MESSAGE][PASSED] - Object: 'Object Repository/1. Constant/xpath' is clicked on

2022-06-23 23:52:50 - [MESSAGE][PASSED] - Delayed 1 second(s)

2022-06-23 23:52:50 - [TEST_STEP][PASSED] - I.SelectFromList_Label("//*[@id="var_34"]", "Fall"): Delayed 2 second(s)

2022-06-23 23:52:51 - [MESSAGE][PASSED] - All options with label 'Fall' are selected in object 'Object Repository/1. Constant/xpath' 

2022-06-23 23:52:53 - [MESSAGE][PASSED] - Delayed 2 second(s)

2022-06-23 23:52:53 - [TEST_STEP][PASSED] - I.SelectFromList_Value("//*[@id="var_35"]", "119"): Delayed 2 second(s)

2022-06-23 23:52:55 - [MESSAGE][PASSED] - All options with value '119' are selected in object 'Object Repository/1. Constant/xpath' 

2022-06-23 23:52:57 - [MESSAGE][PASSED] - Delayed 2 second(s)

2022-06-23 23:52:57 - [TEST_STEP][PASSED] - I.select_multiplelist("//*[@id="selSource_22"]", "//*[@id="btnAdd_22"]", "devpack"): Delayed 1 second(s)

2022-06-23 23:52:58 - [MESSAGE][PASSED] - Delayed 1 second(s)

2022-06-23 23:53:02 - [MESSAGE][PASSED] - All options with value 'devpack' are selected in object 'Object Repository/1. Constant/xpath' 

2022-06-23 23:53:04 - [MESSAGE][PASSED] - Delayed 2 second(s)

2022-06-23 23:53:04 - [MESSAGE][PASSED] - Object: 'Object Repository/1. Constant/xpath' is clicked on

2022-06-23 23:53:05 - [MESSAGE][PASSED] - Delayed 1 second(s)

2022-06-23 23:53:05 - [TEST_STEP][PASSED] - I.select_multiplelist("//*[@id="selSource_23"]", "//*[@id="btnAdd_23"]", "atran"): Delayed 1 second(s)

2022-06-23 23:53:06 - [MESSAGE][PASSED] - Delayed 1 second(s)

2022-06-23 23:53:09 - [MESSAGE][PASSED] - All options with value 'atran' are selected in object 'Object Repository/1. Constant/xpath' 

2022-06-23 23:53:11 - [MESSAGE][PASSED] - Delayed 2 second(s)

2022-06-23 23:53:12 - [MESSAGE][PASSED] - Object: 'Object Repository/1. Constant/xpath' is clicked on

2022-06-23 23:53:13 - [MESSAGE][PASSED] - Delayed 1 second(s)

2022-06-23 23:53:13 - [TEST_STEP][PASSED] - I.select_multiplelist("//*[@id="selSource_21"]", "//*[@id="btnAdd_21"]", "marketing"): Delayed 1 second(s)

2022-06-23 23:53:14 - [MESSAGE][PASSED] - Delayed 1 second(s)

2022-06-23 23:53:15 - [MESSAGE][PASSED] - All options with value 'marketing' are selected in object 'Object Repository/1. Constant/xpath' 

2022-06-23 23:53:17 - [MESSAGE][PASSED] - Delayed 2 second(s)

2022-06-23 23:53:18 - [MESSAGE][PASSED] - Object: 'Object Repository/1. Constant/xpath' is clicked on

2022-06-23 23:53:19 - [MESSAGE][PASSED] - Delayed 1 second(s)

2022-06-23 23:53:19 - [TEST_STEP][PASSED] - I.select_multiplelist("//*[@id="selSource_25"]", "//*[@id="btnAdd_25"]", "regulatory"): Delayed 1 second(s)

2022-06-23 23:53:20 - [MESSAGE][PASSED] - Delayed 1 second(s)

2022-06-23 23:53:24 - [MESSAGE][PASSED] - All options with value 'regulatory' are selected in object 'Object Repository/1. Constant/xpath' 

2022-06-23 23:53:26 - [MESSAGE][PASSED] - Delayed 2 second(s)

2022-06-23 23:53:27 - [MESSAGE][PASSED] - Object: 'Object Repository/1. Constant/xpath' is clicked on

2022-06-23 23:53:28 - [MESSAGE][PASSED] - Delayed 1 second(s)

2022-06-23 23:53:28 - [TEST_STEP][PASSED] - I.select_multiplelist("//*[@id="selSource_24"]", "//*[@id="btnAdd_24"]", "studio"): Delayed 1 second(s)

2022-06-23 23:53:29 - [MESSAGE][PASSED] - Delayed 1 second(s)

2022-06-23 23:53:31 - [MESSAGE][PASSED] - All options with value 'studio' are selected in object 'Object Repository/1. Constant/xpath' 

2022-06-23 23:53:33 - [MESSAGE][PASSED] - Delayed 2 second(s)

2022-06-23 23:53:36 - [MESSAGE][PASSED] - Object: 'Object Repository/1. Constant/xpath' is clicked on

2022-06-23 23:53:37 - [MESSAGE][PASSED] - Delayed 1 second(s)

2022-06-23 23:53:37 - [TEST_STEP][PASSED] - delay(5): Delayed 5 second(s)

2022-06-23 23:53:42 - [MESSAGE][PASSED] - Delayed 5 second(s)

2022-06-23 23:53:42 - [TEST_STEP][PASSED] - click(findTestObject("HL Full Lifecycle/5 ModifyProjPage_button_Update")): Object: 'Object Repository/HL Full Lifecycle/5 ModifyProjPage_button_Update' is clicked on

2022-06-23 23:53:45 - [MESSAGE][PASSED] - Object: 'Object Repository/HL Full Lifecycle/5 ModifyProjPage_button_Update' is clicked on

2022-06-23 23:53:45 - [TEST_STEP][PASSED] - delay(5): Delayed 5 second(s)

2022-06-23 23:53:50 - [MESSAGE][PASSED] - Delayed 5 second(s)

2022-06-23 23:53:50 - [TEST_STEP][PASSED] - Project_No = I.ProjectNo(): Current window's url is: 'http://mdb-release.diadeis.lan/MediaboxIndependence/Base/ExecAction?IDSession=MBI%21RELTESTAUTO_SEPHORA%21FWEPCAL1OVZ27N6AZXN4YVO57TRWB0UDBGVRRV9E&default_action=AfficheFichesProjet&id_project=MI001957'

2022-06-23 23:53:55 - [MESSAGE][PASSED] - Delayed 5 second(s)

2022-06-23 23:53:56 - [MESSAGE][PASSED] - Current window's url is: 'http://mdb-release.diadeis.lan/MediaboxIndependence/Base/ExecAction?IDSession=MBI%21RELTESTAUTO_SEPHORA%21FWEPCAL1OVZ27N6AZXN4YVO57TRWB0UDBGVRRV9E&default_action=AfficheFichesProjet&id_project=MI001957'

2022-06-23 23:53:56 - [TEST_STEP][PASSED] - click(findTestObject("HL Full Lifecycle/6 ReferenceListPage_createrefbutton")): Object: 'Object Repository/HL Full Lifecycle/6 ReferenceListPage_createrefbutton' is clicked on

2022-06-23 23:53:57 - [MESSAGE][PASSED] - Object: 'Object Repository/HL Full Lifecycle/6 ReferenceListPage_createrefbutton' is clicked on

2022-06-23 23:53:57 - [TEST_STEP][PASSED] - click(findTestObject("HL Full Lifecycle/6 ReferenceListPaga_Create a component_button")): Object: 'Object Repository/HL Full Lifecycle/6 ReferenceListPaga_Create a component_button' is clicked on

2022-06-23 23:54:00 - [MESSAGE][PASSED] - Object: 'Object Repository/HL Full Lifecycle/6 ReferenceListPaga_Create a component_button' is clicked on

2022-06-23 23:54:00 - [TEST_STEP][PASSED] - waitForPageLoad(25): Wait for page load successfully

2022-06-23 23:54:00 - [MESSAGE][PASSED] - Wait for page load successfully

2022-06-23 23:54:00 - [TEST_STEP][PASSED] - I.SelectFromList_Label("//*[@id="lfc_tpl"]", "FS process"): Delayed 2 second(s)

2022-06-23 23:54:02 - [MESSAGE][PASSED] - All options with label 'FS process' are selected in object 'Object Repository/1. Constant/xpath' 

2022-06-23 23:54:04 - [MESSAGE][PASSED] - Delayed 2 second(s)

2022-06-23 23:54:04 - [TEST_STEP][PASSED] - ref_name = "TC20_Sephora_Duplication_" + RandomStringUtils.randomAlphanumeric(5) + "_" + I.gettimedate(): null

2022-06-23 23:54:04 - [TEST_STEP][PASSED] - setText(findTestObject("HL Full Lifecycle/6 Reference_input_Component name_field"), "Component_" + ref_name): Text 'Component_TC20_Sephora_Duplication_cf0vP_juin232022_235404' is set on object 'Object Repository/HL Full Lifecycle/6 Reference_input_Component name_field'

2022-06-23 23:54:05 - [MESSAGE][PASSED] - Text 'Component_TC20_Sephora_Duplication_cf0vP_juin232022_235404' is set on object 'Object Repository/HL Full Lifecycle/6 Reference_input_Component name_field'

2022-06-23 23:54:05 - [TEST_STEP][PASSED] - takeScreenshot(): Taking screenshot successfully

2022-06-23 23:54:07 - [MESSAGE][PASSED] - Taking screenshot successfully
[[ATTACHMENT|D:\\Projet Test Auto\\Mediabox Test Automation\\Reports\\20220623_184212\\03. Parallel Testing (Testing)\\TS -PT PART 3\\15.01 Sephora Duplication Standard\\20220623_184243\\1656021246594.png]]

2022-06-23 23:54:07 - [TEST_STEP][PASSED] - click(findTestObject("HL Full Lifecycle/6 ReferencePg_Create a component_bluebutton")): Object: 'Object Repository/HL Full Lifecycle/6 ReferencePg_Create a component_bluebutton' is clicked on

2022-06-23 23:54:11 - [MESSAGE][PASSED] - Object: 'Object Repository/HL Full Lifecycle/6 ReferencePg_Create a component_bluebutton' is clicked on

2022-06-23 23:54:11 - [TEST_STEP][PASSED] - delay(5): Delayed 5 second(s)

2022-06-23 23:54:16 - [MESSAGE][PASSED] - Delayed 5 second(s)

2022-06-23 23:54:16 - [TEST_STEP][PASSED] - refID = I.RefID(): Current window's url is: 'http://mdb-release.diadeis.lan/MediaboxIndependence/Base/ExecAction?IDSession=MBI%21RELTESTAUTO_SEPHORA%21FWEPCAL1OVZ27N6AZXN4YVO57TRWB0UDBGVRRV9E&default_action=ModifierRef&id_project=MI001957&id_ref=5054&action_from=create_ref'

2022-06-23 23:54:21 - [MESSAGE][PASSED] - Delayed 5 second(s)

2022-06-23 23:54:21 - [MESSAGE][PASSED] - Current window's url is: 'http://mdb-release.diadeis.lan/MediaboxIndependence/Base/ExecAction?IDSession=MBI%21RELTESTAUTO_SEPHORA%21FWEPCAL1OVZ27N6AZXN4YVO57TRWB0UDBGVRRV9E&default_action=ModifierRef&id_project=MI001957&id_ref=5054&action_from=create_ref'

2022-06-23 23:54:21 - [TEST_STEP][PASSED] - I.SelectFromList_Label("//*[@id="var_152"]", "Complete"): Delayed 2 second(s)

2022-06-23 23:54:22 - [MESSAGE][PASSED] - All options with label 'Complete' are selected in object 'Object Repository/1. Constant/xpath' 

2022-06-23 23:54:24 - [MESSAGE][PASSED] - Delayed 2 second(s)

2022-06-23 23:54:24 - [TEST_STEP][PASSED] - click(findTestObject("Object Repository/Control Tag/2.4 Closing Date")): Object: 'Object Repository/Control Tag/2.4 Closing Date' is clicked on

2022-06-23 23:54:25 - [MESSAGE][PASSED] - Object: 'Object Repository/Control Tag/2.4 Closing Date' is clicked on

2022-06-23 23:54:25 - [TEST_STEP][PASSED] - click(findTestObject("Object Repository/Control Tag/2.5 Closing date (choose date)")): Object: 'Object Repository/Control Tag/2.5 Closing date (choose date)' is clicked on

2022-06-23 23:54:26 - [MESSAGE][PASSED] - Object: 'Object Repository/Control Tag/2.5 Closing date (choose date)' is clicked on

2022-06-23 23:54:26 - [TEST_STEP][PASSED] - delay(1): Delayed 1 second(s)

2022-06-23 23:54:27 - [MESSAGE][PASSED] - Delayed 1 second(s)

2022-06-23 23:54:27 - [TEST_STEP][PASSED] - click(findTestObject("HL Full Lifecycle/7 ModifyRefPage_la-calendar_field")): Object: 'Object Repository/HL Full Lifecycle/7 ModifyRefPage_la-calendar_field' is clicked on

2022-06-23 23:54:28 - [MESSAGE][PASSED] - Object: 'Object Repository/HL Full Lifecycle/7 ModifyRefPage_la-calendar_field' is clicked on

2022-06-23 23:54:28 - [TEST_STEP][PASSED] - delay(1): Delayed 1 second(s)

2022-06-23 23:54:29 - [MESSAGE][PASSED] - Delayed 1 second(s)

2022-06-23 23:54:29 - [TEST_STEP][PASSED] - click(findTestObject("Object Repository/Control Tag/2.5 Closing date (choose date)")): Object: 'Object Repository/Control Tag/2.5 Closing date (choose date)' is clicked on

2022-06-23 23:54:30 - [MESSAGE][PASSED] - Object: 'Object Repository/Control Tag/2.5 Closing date (choose date)' is clicked on

2022-06-23 23:54:30 - [TEST_STEP][PASSED] - I.SelectFromList_Label("//*[@id="var_50"]", "Primaire"): Delayed 2 second(s)

2022-06-23 23:54:31 - [MESSAGE][PASSED] - All options with label 'Primaire' are selected in object 'Object Repository/1. Constant/xpath' 

2022-06-23 23:54:33 - [MESSAGE][PASSED] - Delayed 2 second(s)

2022-06-23 23:54:33 - [TEST_STEP][PASSED] - I.SelectFromList_Label("//*[@id="var_49"]", "Etui"): Delayed 2 second(s)

2022-06-23 23:54:35 - [MESSAGE][PASSED] - All options with label 'Etui' are selected in object 'Object Repository/1. Constant/xpath' 

2022-06-23 23:54:37 - [MESSAGE][PASSED] - Delayed 2 second(s)

2022-06-23 23:54:37 - [TEST_STEP][PASSED] - scrollToElement(findTestObject("HL Full Lifecycle/7 ModifyRefPage_button_Save"), 10): Scroll to object 'Object Repository/HL Full Lifecycle/7 ModifyRefPage_button_Save' successfully

2022-06-23 23:54:38 - [MESSAGE][PASSED] - Scroll to object 'Object Repository/HL Full Lifecycle/7 ModifyRefPage_button_Save' successfully

2022-06-23 23:54:38 - [TEST_STEP][PASSED] - click(findTestObject("HL Full Lifecycle/7 ModifyRefPage_button_Save")): Object: 'Object Repository/HL Full Lifecycle/7 ModifyRefPage_button_Save' is clicked on

2022-06-23 23:54:44 - [MESSAGE][PASSED] - Object: 'Object Repository/HL Full Lifecycle/7 ModifyRefPage_button_Save' is clicked on

2022-06-23 23:54:44 - [TEST_STEP][PASSED] - takeScreenshot(): Taking screenshot successfully

2022-06-23 23:54:45 - [MESSAGE][PASSED] - Taking screenshot successfully
[[ATTACHMENT|D:\\Projet Test Auto\\Mediabox Test Automation\\Reports\\20220623_184212\\03. Parallel Testing (Testing)\\TS -PT PART 3\\15.01 Sephora Duplication Standard\\20220623_184243\\1656021285044.png]]

2022-06-23 23:54:45 - [TEST_STEP][PASSED] - delay(3): Delayed 3 second(s)

2022-06-23 23:54:48 - [MESSAGE][PASSED] - Delayed 3 second(s)

2022-06-23 23:54:48 - [TEST_STEP][PASSED] - click(findTestObject("HL Full Lifecycle/8 ReferencePage_ActionButton", ["refID":"source_" + refID])): Object: 'Object Repository/HL Full Lifecycle/8 ReferencePage_ActionButton' is clicked on

2022-06-23 23:54:51 - [MESSAGE][PASSED] - Object: 'Object Repository/HL Full Lifecycle/8 ReferencePage_ActionButton' is clicked on

2022-06-23 23:54:51 - [TEST_STEP][PASSED] - click(findTestObject("HL Full Lifecycle/8 ReferencePage_button_Send to Marketing")): Object: 'Object Repository/HL Full Lifecycle/8 ReferencePage_button_Send to Marketing' is clicked on

2022-06-23 23:54:56 - [MESSAGE][PASSED] - Object: 'Object Repository/HL Full Lifecycle/8 ReferencePage_button_Send to Marketing' is clicked on

2022-06-23 23:54:56 - [TEST_STEP][PASSED] - mouseOver(findTestObject("1. Constant/xpath", ["xpath":"//*[@id="btnduplicatereference"]"])): Object: 'Object Repository/1. Constant/xpath' is hovered

2022-06-23 23:54:58 - [MESSAGE][PASSED] - Object: 'Object Repository/1. Constant/xpath' is hovered

2022-06-23 23:54:58 - [TEST_STEP][PASSED] - delay(1): Delayed 1 second(s)

2022-06-23 23:54:59 - [MESSAGE][PASSED] - Delayed 1 second(s)

2022-06-23 23:54:59 - [TEST_STEP][PASSED] - takeScreenshot(): Taking screenshot successfully

2022-06-23 23:55:00 - [MESSAGE][PASSED] - Taking screenshot successfully
[[ATTACHMENT|D:\\Projet Test Auto\\Mediabox Test Automation\\Reports\\20220623_184212\\03. Parallel Testing (Testing)\\TS -PT PART 3\\15.01 Sephora Duplication Standard\\20220623_184243\\1656021299629.png]]

2022-06-23 23:55:00 - [TEST_STEP][PASSED] - tooltip_dupli1 = getText(findTestObject("1. Constant/xpath", ["xpath":"/html/body/div[9]/div[2]"])): Text of object 'Object Repository/1. Constant/xpath' is: 'Duplicate a component'

2022-06-23 23:55:07 - [MESSAGE][PASSED] - Text of object 'Object Repository/1. Constant/xpath' is: 'Duplicate a component'

2022-06-23 23:55:07 - [TEST_STEP][PASSED] - verifyMatch(tooltip_dupli1, "Duplicate a component", false): Actual text 'Duplicate a component' and expected text 'Duplicate a component' are matched 

2022-06-23 23:55:07 - [MESSAGE][PASSED] - Actual text 'Duplicate a component' and expected text 'Duplicate a component' are matched 

2022-06-23 23:55:07 - [TEST_STEP][PASSED] - click(findTestObject("1. Constant/xpath", ["xpath":"//*[@id="btnduplicatereference"]"])): Object: 'Object Repository/1. Constant/xpath' is clicked on

2022-06-23 23:55:07 - [MESSAGE][PASSED] - Object: 'Object Repository/1. Constant/xpath' is clicked on

2022-06-23 23:55:07 - [TEST_STEP][PASSED] - verifyElementNotClickable(findTestObject("1. Constant/xpath", ["xpath":"//*[@id="action_btnduplicatereference"]"])): Object 'Object Repository/1. Constant/xpath' is NOT clickable

2022-06-23 23:55:08 - [MESSAGE][PASSED] - Object 'Object Repository/1. Constant/xpath' is NOT clickable

2022-06-23 23:55:08 - [TEST_STEP][PASSED] - takeScreenshot(): Taking screenshot successfully

2022-06-23 23:55:08 - [MESSAGE][PASSED] - Taking screenshot successfully
[[ATTACHMENT|D:\\Projet Test Auto\\Mediabox Test Automation\\Reports\\20220623_184212\\03. Parallel Testing (Testing)\\TS -PT PART 3\\15.01 Sephora Duplication Standard\\20220623_184243\\1656021308288.png]]

2022-06-23 23:55:08 - [TEST_STEP][PASSED] - msg_dupli1 = getText(findTestObject("1. Constant/xpath", ["xpath":"//*[@id="kt_content"]/div[3]/div/div[2]/div[1]/div[2]/span/span[2]"])): Text of object 'Object Repository/1. Constant/xpath' is: ' Please select at least one component to validate or'

2022-06-23 23:55:09 - [MESSAGE][PASSED] - Text of object 'Object Repository/1. Constant/xpath' is: ' Please select at least one component to validate or'

2022-06-23 23:55:09 - [TEST_STEP][PASSED] - verifyMatch(msg_dupli1, " Please select at least one component to validate or", false): Actual text ' Please select at least one component to validate or' and expected text ' Please select at least one component to validate or' are matched 

2022-06-23 23:55:09 - [MESSAGE][PASSED] - Actual text ' Please select at least one component to validate or' and expected text ' Please select at least one component to validate or' are matched 

2022-06-23 23:55:09 - [TEST_STEP][PASSED] - click(findTestObject("1. Constant/xpath", ["xpath":"//*[@id="kt_content"]/div[3]/div/div[2]/div[1]/div[2]/span/button[2]"])): Object: 'Object Repository/1. Constant/xpath' is clicked on

2022-06-23 23:55:10 - [MESSAGE][PASSED] - Object: 'Object Repository/1. Constant/xpath' is clicked on

2022-06-23 23:55:10 - [TEST_STEP][PASSED] - click(findTestObject("1. Constant/xpath", ["xpath":"//*[@id="btnduplicatereference"]"])): Object: 'Object Repository/1. Constant/xpath' is clicked on

2022-06-23 23:55:10 - [MESSAGE][PASSED] - Object: 'Object Repository/1. Constant/xpath' is clicked on

2022-06-23 23:55:10 - [TEST_STEP][PASSED] - click(findTestObject("1. Constant/xpath", ["xpath":"//*[@id="source_" + refID + ""]/td[1]/label"])): Object: 'Object Repository/1. Constant/xpath' is clicked on

2022-06-23 23:55:12 - [MESSAGE][PASSED] - Object: 'Object Repository/1. Constant/xpath' is clicked on

2022-06-23 23:55:12 - [TEST_STEP][PASSED] - takeScreenshot(): Taking screenshot successfully

2022-06-23 23:55:13 - [MESSAGE][PASSED] - Taking screenshot successfully
[[ATTACHMENT|D:\\Projet Test Auto\\Mediabox Test Automation\\Reports\\20220623_184212\\03. Parallel Testing (Testing)\\TS -PT PART 3\\15.01 Sephora Duplication Standard\\20220623_184243\\1656021312370.png]]

2022-06-23 23:55:13 - [TEST_STEP][PASSED] - verifyTextNotPresent("Please select at least one component to validate or", false): Text 'Please select at least one component to validate or' is not present on page

2022-06-23 23:55:13 - [MESSAGE][PASSED] - Text 'Please select at least one component to validate or' is not present on page

2022-06-23 23:55:13 - [TEST_STEP][PASSED] - click(findTestObject("1. Constant/xpath", ["xpath":"//*[@id="action_btnduplicatereference"]"])): Object: 'Object Repository/1. Constant/xpath' is clicked on

2022-06-23 23:55:16 - [MESSAGE][PASSED] - Object: 'Object Repository/1. Constant/xpath' is clicked on

2022-06-23 23:55:16 - [TEST_STEP][PASSED] - delay(1): Delayed 1 second(s)

2022-06-23 23:55:17 - [MESSAGE][PASSED] - Delayed 1 second(s)

2022-06-23 23:55:17 - [TEST_STEP][PASSED] - takeScreenshot(): Taking screenshot successfully

2022-06-23 23:55:18 - [MESSAGE][PASSED] - Taking screenshot successfully
[[ATTACHMENT|D:\\Projet Test Auto\\Mediabox Test Automation\\Reports\\20220623_184212\\03. Parallel Testing (Testing)\\TS -PT PART 3\\15.01 Sephora Duplication Standard\\20220623_184243\\1656021317455.png]]

2022-06-23 23:55:18 - [TEST_STEP][PASSED] - title_dupli1 = getText(findTestObject("1. Constant/xpath", ["xpath":"//*[@id="window_title"]"])): Text of object 'Object Repository/1. Constant/xpath' is: 'Duplicate component(s)'

2022-06-23 23:55:18 - [MESSAGE][PASSED] - Text of object 'Object Repository/1. Constant/xpath' is: 'Duplicate component(s)'

2022-06-23 23:55:18 - [TEST_STEP][PASSED] - verifyMatch(title_dupli1, "Duplicate component(s)", false): Actual text 'Duplicate component(s)' and expected text 'Duplicate component(s)' are matched 

2022-06-23 23:55:18 - [MESSAGE][PASSED] - Actual text 'Duplicate component(s)' and expected text 'Duplicate component(s)' are matched 

2022-06-23 23:55:18 - [TEST_STEP][PASSED] - NoCopy_1 = getAttribute(findTestObject("1. Constant/xpath", ["xpath":"//*[@id="nb_copies"]"]), "value"): Attribute 'value' of object 'Object Repository/1. Constant/xpath' is: '1'

2022-06-23 23:55:19 - [MESSAGE][PASSED] - Attribute 'value' of object 'Object Repository/1. Constant/xpath' is: '1'

2022-06-23 23:55:19 - [TEST_STEP][PASSED] - verifyMatch(NoCopy_1, "1", false): Actual text '1' and expected text '1' are matched 

2022-06-23 23:55:19 - [MESSAGE][PASSED] - Actual text '1' and expected text '1' are matched 

2022-06-23 23:55:19 - [TEST_STEP][PASSED] - click(findTestObject("1. Constant/xpath", ["xpath":"//*[@id="div_multiple_copies"]/div/div/span/button[2]"])): Object: 'Object Repository/1. Constant/xpath' is clicked on

2022-06-23 23:55:21 - [MESSAGE][PASSED] - Object: 'Object Repository/1. Constant/xpath' is clicked on

2022-06-23 23:55:21 - [TEST_STEP][PASSED] - NoCopy_01 = getAttribute(findTestObject("1. Constant/xpath", ["xpath":"//*[@id="nb_copies"]"]), "value"): Attribute 'value' of object 'Object Repository/1. Constant/xpath' is: '1'

2022-06-23 23:55:21 - [MESSAGE][PASSED] - Attribute 'value' of object 'Object Repository/1. Constant/xpath' is: '1'

2022-06-23 23:55:21 - [TEST_STEP][PASSED] - verifyMatch(NoCopy_01, "1", false): Actual text '1' and expected text '1' are matched 

2022-06-23 23:55:21 - [MESSAGE][PASSED] - Actual text '1' and expected text '1' are matched 

2022-06-23 23:55:21 - [TEST_STEP][PASSED] - takeScreenshot(): Taking screenshot successfully

2022-06-23 23:55:22 - [MESSAGE][PASSED] - Taking screenshot successfully
[[ATTACHMENT|D:\\Projet Test Auto\\Mediabox Test Automation\\Reports\\20220623_184212\\03. Parallel Testing (Testing)\\TS -PT PART 3\\15.01 Sephora Duplication Standard\\20220623_184243\\1656021321978.png]]

2022-06-23 23:55:22 - [TEST_STEP][PASSED] - setText(findTestObject("1. Constant/xpath", ["xpath":"//*[@id="nb_copies"]"]), "49"): Text '49' is set on object 'Object Repository/1. Constant/xpath'

2022-06-23 23:55:24 - [MESSAGE][PASSED] - Text '49' is set on object 'Object Repository/1. Constant/xpath'

2022-06-23 23:55:24 - [TEST_STEP][PASSED] - click(findTestObject("1. Constant/xpath", ["xpath":"//*[@id="div_multiple_copies"]/div/div/span/button[1]"])): Object: 'Object Repository/1. Constant/xpath' is clicked on

2022-06-23 23:55:26 - [MESSAGE][PASSED] - Object: 'Object Repository/1. Constant/xpath' is clicked on

2022-06-23 23:55:26 - [TEST_STEP][PASSED] - NoCopy_50 = getAttribute(findTestObject("1. Constant/xpath", ["xpath":"//*[@id="nb_copies"]"]), "value"): Attribute 'value' of object 'Object Repository/1. Constant/xpath' is: '50'

2022-06-23 23:55:27 - [MESSAGE][PASSED] - Attribute 'value' of object 'Object Repository/1. Constant/xpath' is: '50'

2022-06-23 23:55:27 - [TEST_STEP][PASSED] - verifyMatch(NoCopy_50, "50", false): Actual text '50' and expected text '50' are matched 

2022-06-23 23:55:27 - [MESSAGE][PASSED] - Actual text '50' and expected text '50' are matched 

2022-06-23 23:55:27 - [TEST_STEP][PASSED] - click(findTestObject("1. Constant/xpath", ["xpath":"//*[@id="div_multiple_copies"]/div/div/span/button[1]"])): Object: 'Object Repository/1. Constant/xpath' is clicked on

2022-06-23 23:55:28 - [MESSAGE][PASSED] - Object: 'Object Repository/1. Constant/xpath' is clicked on

2022-06-23 23:55:28 - [TEST_STEP][PASSED] - NoCopy_050 = getAttribute(findTestObject("1. Constant/xpath", ["xpath":"//*[@id="nb_copies"]"]), "value"): Attribute 'value' of object 'Object Repository/1. Constant/xpath' is: '50'

2022-06-23 23:55:29 - [MESSAGE][PASSED] - Attribute 'value' of object 'Object Repository/1. Constant/xpath' is: '50'

2022-06-23 23:55:29 - [TEST_STEP][PASSED] - verifyMatch(NoCopy_050, "50", false): Actual text '50' and expected text '50' are matched 

2022-06-23 23:55:29 - [MESSAGE][PASSED] - Actual text '50' and expected text '50' are matched 

2022-06-23 23:55:29 - [TEST_STEP][PASSED] - takeScreenshot(): Taking screenshot successfully

2022-06-23 23:55:30 - [MESSAGE][PASSED] - Taking screenshot successfully
[[ATTACHMENT|D:\\Projet Test Auto\\Mediabox Test Automation\\Reports\\20220623_184212\\03. Parallel Testing (Testing)\\TS -PT PART 3\\15.01 Sephora Duplication Standard\\20220623_184243\\1656021329989.png]]

2022-06-23 23:55:30 - [TEST_STEP][PASSED] - setText(findTestObject("1. Constant/xpath", ["xpath":"//*[@id="nb_copies"]"]), "40ABC"): Text '40ABC' is set on object 'Object Repository/1. Constant/xpath'

2022-06-23 23:55:32 - [MESSAGE][PASSED] - Text '40ABC' is set on object 'Object Repository/1. Constant/xpath'

2022-06-23 23:55:32 - [TEST_STEP][PASSED] - click(findTestObject("1. Constant/xpath", ["xpath":"//*[@id="btn_submit_duplication"]"])): Object: 'Object Repository/1. Constant/xpath' is clicked on

2022-06-23 23:55:33 - [MESSAGE][PASSED] - Object: 'Object Repository/1. Constant/xpath' is clicked on

2022-06-23 23:55:33 - [TEST_STEP][PASSED] - I.VerifyMatchToastrmsg("//*[@id="toast-container"]/div/div", "Please select a Lifecycle template"): Actual text 'Please select a Lifecycle template' and expected text 'Please select a Lifecycle template' are matched 

2022-06-23 23:55:34 - [MESSAGE][PASSED] - Object 'Object Repository/1. Constant/xpath' is visible

2022-06-23 23:55:35 - [MESSAGE][PASSED] - Text of object 'Object Repository/1. Constant/xpath' is: 'Please select a Lifecycle template'

2022-06-23 23:55:36 - [MESSAGE][PASSED] - Taking screenshot successfully
[[ATTACHMENT|D:\\Projet Test Auto\\Mediabox Test Automation\\Reports\\20220623_184212\\03. Parallel Testing (Testing)\\TS -PT PART 3\\15.01 Sephora Duplication Standard\\20220623_184243\\1656021335411.png]]

2022-06-23 23:55:36 - [MESSAGE][PASSED] - Actual text 'Please select a Lifecycle template' and expected text 'Please select a Lifecycle template' are matched 

2022-06-23 23:55:36 - [TEST_STEP][PASSED] - takeScreenshot(): Taking screenshot successfully

2022-06-23 23:55:37 - [MESSAGE][PASSED] - Taking screenshot successfully
[[ATTACHMENT|D:\\Projet Test Auto\\Mediabox Test Automation\\Reports\\20220623_184212\\03. Parallel Testing (Testing)\\TS -PT PART 3\\15.01 Sephora Duplication Standard\\20220623_184243\\1656021336942.png]]

2022-06-23 23:55:37 - [TEST_STEP][PASSED] - click(findTestObject("1. Constant/xpath", ["xpath":"//*[@id="list_project_type"]/label[2]"])): Object: 'Object Repository/1. Constant/xpath' is clicked on

2022-06-23 23:55:39 - [MESSAGE][PASSED] - Object: 'Object Repository/1. Constant/xpath' is clicked on

2022-06-23 23:55:39 - [TEST_STEP][PASSED] - click(findTestObject("1. Constant/xpath", ["xpath":"//*[@id="btn_submit_duplication"]"])): Object: 'Object Repository/1. Constant/xpath' is clicked on

2022-06-23 23:55:40 - [MESSAGE][PASSED] - Object: 'Object Repository/1. Constant/xpath' is clicked on

2022-06-23 23:55:40 - [TEST_STEP][FAILED] - I.VerifyMatchToastrmsg("//*[@id="toast-container"]/div/div", "Error invalid data : Project name or number"): Unable to get text of object 'Object Repository/1. Constant/xpath' (Root cause: com.kms.katalon.core.exception.StepFailedException: Unable to get text of object 'Object Repository/1. Constant/xpath'
	at com.kms.katalon.core.webui.keyword.internal.WebUIKeywordMain.stepFailed(WebUIKeywordMain.groovy:64)
	at com.kms.katalon.core.webui.keyword.internal.WebUIKeywordMain.runKeyword(WebUIKeywordMain.groovy:26)
	at com.kms.katalon.core.webui.keyword.builtin.GetTextKeyword.getText(GetTextKeyword.groovy:88)
	at com.kms.katalon.core.webui.keyword.builtin.GetTextKeyword.execute(GetTextKeyword.groovy:67)
	at com.kms.katalon.core.keyword.internal.KeywordExecutor.executeKeywordForPlatform(KeywordExecutor.groovy:74)
	at com.kms.katalon.core.webui.keyword.WebUiBuiltInKeywords.getText(WebUiBuiltInKeywords.groovy:918)
	at com.kms.katalon.core.webui.keyword.WebUiBuiltInKeywords$getText$11.call(Unknown Source)
	at functions.I.VerifyMatchToastrmsg(I.groovy:455)
	at functions.I$VerifyMatchToastrmsg$6.call(Unknown Source)
	at 20.01 Sephora Duplication (Rights _Error Msg_Duplicate) - Will be used in 20.02 ( P1).run(20.01 Sephora Duplication (Rights _Error Msg_Duplicate) - Will be used in 20.02 ( P1):333)
	at com.kms.katalon.core.main.ScriptEngine.run(ScriptEngine.java:194)
	at com.kms.katalon.core.main.ScriptEngine.runScriptAsRawText(ScriptEngine.java:119)
	at com.kms.katalon.core.main.TestCaseExecutor.runScript(TestCaseExecutor.java:445)
	at com.kms.katalon.core.main.TestCaseExecutor.doExecute(TestCaseExecutor.java:436)
	at com.kms.katalon.core.main.TestCaseExecutor.processExecutionPhase(TestCaseExecutor.java:415)
	at com.kms.katalon.core.main.TestCaseExecutor.accessMainPhase(TestCaseExecutor.java:407)
	at com.kms.katalon.core.main.TestCaseExecutor.execute(TestCaseExecutor.java:284)
	at com.kms.katalon.core.common.CommonExecutor.accessTestCaseMainPhase(CommonExecutor.java:65)
	at com.kms.katalon.core.main.TestSuiteExecutor.accessTestSuiteMainPhase(TestSuiteExecutor.java:144)
	at com.kms.katalon.core.main.TestSuiteExecutor.execute(TestSuiteExecutor.java:106)
	at com.kms.katalon.core.main.TestCaseMain.startTestSuite(TestCaseMain.java:185)
	at com.kms.katalon.core.main.TestCaseMain$startTestSuite$0.call(Unknown Source)
	at TempTestSuite1656002563450.run(TempTestSuite1656002563450.groovy:36)
Caused by: org.openqa.selenium.StaleElementReferenceException: stale element reference: element is not attached to the page document
  (Session info: headless chrome=102.0.5005.115)
For documentation on this error, please visit: https://www.seleniumhq.org/exceptions/stale_element_reference.html
Build info: version: '3.141.59', revision: 'e82be7d358', time: '2018-11-14T08:25:53'
System info: host: 'DPF-MBI-VERIF', ip: '10.15.10.53', os.name: 'Windows 10', os.arch: 'amd64', os.version: '10.0', java.version: '1.8.0_181'
Driver info: com.kms.katalon.selenium.driver.CChromeDriver
Capabilities {acceptInsecureCerts: false, browserName: chrome, browserVersion: 102.0.5005.115, chrome: {chromedriverVersion: 101.0.4951.41 (93c720db8323..., userDataDir: C:\Users\lamhe\AppData\Loca...}, goog:chromeOptions: {debuggerAddress: localhost:63062}, javascriptEnabled: true, networkConnectionEnabled: false, pageLoadStrategy: normal, platform: WINDOWS, platformName: WINDOWS, proxy: Proxy(), setWindowRect: true, strictFileInteractability: false, timeouts: {implicit: 0, pageLoad: 300000, script: 30000}, unhandledPromptBehavior: dismiss and notify, webauthn:extension:credBlob: true, webauthn:extension:largeBlob: true, webauthn:virtualAuthenticators: true}
Session ID: d5c1954e1c7612daf36628ec77860f4e
	at org.openqa.selenium.remote.http.W3CHttpResponseCodec.createException(W3CHttpResponseCodec.java:187)
	at org.openqa.selenium.remote.http.W3CHttpResponseCodec.decode(W3CHttpResponseCodec.java:122)
	at org.openqa.selenium.remote.http.W3CHttpResponseCodec.decode(W3CHttpResponseCodec.java:49)
	at org.openqa.selenium.remote.HttpCommandExecutor.execute(HttpCommandExecutor.java:158)
	at org.openqa.selenium.remote.service.DriverCommandExecutor.execute(DriverCommandExecutor.java:83)
	at org.openqa.selenium.remote.RemoteWebDriver.execute(RemoteWebDriver.java:552)
	at com.kms.katalon.selenium.driver.CChromeDriver.execute(CChromeDriver.java:19)
	at org.openqa.selenium.remote.RemoteWebElement.execute(RemoteWebElement.java:285)
	at org.openqa.selenium.remote.RemoteWebElement.getText(RemoteWebElement.java:166)
	at org.openqa.selenium.support.events.EventFiringWebDriver$EventFiringWebElement.lambda$new$0(EventFiringWebDriver.java:404)
	at com.sun.proxy.$Proxy13.getText(Unknown Source)
	at org.openqa.selenium.support.events.EventFiringWebDriver$EventFiringWebElement.getText(EventFiringWebDriver.java:463)
	at com.kms.katalon.core.webui.keyword.builtin.GetTextKeyword$_getText_closure1.doCall(GetTextKeyword.groovy:80)
	at com.kms.katalon.core.webui.keyword.builtin.GetTextKeyword$_getText_closure1.call(GetTextKeyword.groovy)
	at com.kms.katalon.core.webui.keyword.internal.WebUIKeywordMain.runKeyword(WebUIKeywordMain.groovy:20)
	at com.kms.katalon.core.webui.keyword.builtin.GetTextKeyword.getText(GetTextKeyword.groovy:88)
	at com.kms.katalon.core.webui.keyword.builtin.GetTextKeyword.execute(GetTextKeyword.groovy:67)
	at com.kms.katalon.core.keyword.internal.KeywordExecutor.executeKeywordForPlatform(KeywordExecutor.groovy:74)
	at com.kms.katalon.core.webui.keyword.WebUiBuiltInKeywords.getText(WebUiBuiltInKeywords.groovy:918)
	at com.kms.katalon.core.webui.keyword.WebUiBuiltInKeywords$getText$11.call(Unknown Source)
	at functions.I.VerifyMatchToastrmsg(I.groovy:455)
	at functions.I$VerifyMatchToastrmsg$6.call(Unknown Source)
	at Script1652273887502.run(Script1652273887502.groovy:333)
	... 13 more
)

2022-06-23 23:55:42 - [MESSAGE][PASSED] - Object 'Object Repository/1. Constant/xpath' is visible

2022-06-23 23:55:44 - [MESSAGE][FAILED] - Unable to get text of object 'Object Repository/1. Constant/xpath' (Root cause: com.kms.katalon.core.exception.StepFailedException: Unable to get text of object 'Object Repository/1. Constant/xpath'
	at com.kms.katalon.core.webui.keyword.internal.WebUIKeywordMain.stepFailed(WebUIKeywordMain.groovy:64)
	at com.kms.katalon.core.webui.keyword.internal.WebUIKeywordMain.runKeyword(WebUIKeywordMain.groovy:26)
	at com.kms.katalon.core.webui.keyword.builtin.GetTextKeyword.getText(GetTextKeyword.groovy:88)
	at com.kms.katalon.core.webui.keyword.builtin.GetTextKeyword.execute(GetTextKeyword.groovy:67)
	at com.kms.katalon.core.keyword.internal.KeywordExecutor.executeKeywordForPlatform(KeywordExecutor.groovy:74)
	at com.kms.katalon.core.webui.keyword.WebUiBuiltInKeywords.getText(WebUiBuiltInKeywords.groovy:918)
	at com.kms.katalon.core.webui.keyword.WebUiBuiltInKeywords$getText$11.call(Unknown Source)
	at functions.I.VerifyMatchToastrmsg(I.groovy:455)
	at functions.I$VerifyMatchToastrmsg$6.call(Unknown Source)
	at 20.01 Sephora Duplication (Rights _Error Msg_Duplicate) - Will be used in 20.02 ( P1).run(20.01 Sephora Duplication (Rights _Error Msg_Duplicate) - Will be used in 20.02 ( P1):333)
	at com.kms.katalon.core.main.ScriptEngine.run(ScriptEngine.java:194)
	at com.kms.katalon.core.main.ScriptEngine.runScriptAsRawText(ScriptEngine.java:119)
	at com.kms.katalon.core.main.TestCaseExecutor.runScript(TestCaseExecutor.java:445)
	at com.kms.katalon.core.main.TestCaseExecutor.doExecute(TestCaseExecutor.java:436)
	at com.kms.katalon.core.main.TestCaseExecutor.processExecutionPhase(TestCaseExecutor.java:415)
	at com.kms.katalon.core.main.TestCaseExecutor.accessMainPhase(TestCaseExecutor.java:407)
	at com.kms.katalon.core.main.TestCaseExecutor.execute(TestCaseExecutor.java:284)
	at com.kms.katalon.core.common.CommonExecutor.accessTestCaseMainPhase(CommonExecutor.java:65)
	at com.kms.katalon.core.main.TestSuiteExecutor.accessTestSuiteMainPhase(TestSuiteExecutor.java:144)
	at com.kms.katalon.core.main.TestSuiteExecutor.execute(TestSuiteExecutor.java:106)
	at com.kms.katalon.core.main.TestCaseMain.startTestSuite(TestCaseMain.java:185)
	at com.kms.katalon.core.main.TestCaseMain$startTestSuite$0.call(Unknown Source)
	at TempTestSuite1656002563450.run(TempTestSuite1656002563450.groovy:36)
Caused by: org.openqa.selenium.StaleElementReferenceException: stale element reference: element is not attached to the page document
  (Session info: headless chrome=102.0.5005.115)
For documentation on this error, please visit: https://www.seleniumhq.org/exceptions/stale_element_reference.html
Build info: version: '3.141.59', revision: 'e82be7d358', time: '2018-11-14T08:25:53'
System info: host: 'DPF-MBI-VERIF', ip: '10.15.10.53', os.name: 'Windows 10', os.arch: 'amd64', os.version: '10.0', java.version: '1.8.0_181'
Driver info: com.kms.katalon.selenium.driver.CChromeDriver
Capabilities {acceptInsecureCerts: false, browserName: chrome, browserVersion: 102.0.5005.115, chrome: {chromedriverVersion: 101.0.4951.41 (93c720db8323..., userDataDir: C:\Users\lamhe\AppData\Loca...}, goog:chromeOptions: {debuggerAddress: localhost:63062}, javascriptEnabled: true, networkConnectionEnabled: false, pageLoadStrategy: normal, platform: WINDOWS, platformName: WINDOWS, proxy: Proxy(), setWindowRect: true, strictFileInteractability: false, timeouts: {implicit: 0, pageLoad: 300000, script: 30000}, unhandledPromptBehavior: dismiss and notify, webauthn:extension:credBlob: true, webauthn:extension:largeBlob: true, webauthn:virtualAuthenticators: true}
Session ID: d5c1954e1c7612daf36628ec77860f4e
	at org.openqa.selenium.remote.http.W3CHttpResponseCodec.createException(W3CHttpResponseCodec.java:187)
	at org.openqa.selenium.remote.http.W3CHttpResponseCodec.decode(W3CHttpResponseCodec.java:122)
	at org.openqa.selenium.remote.http.W3CHttpResponseCodec.decode(W3CHttpResponseCodec.java:49)
	at org.openqa.selenium.remote.HttpCommandExecutor.execute(HttpCommandExecutor.java:158)
	at org.openqa.selenium.remote.service.DriverCommandExecutor.execute(DriverCommandExecutor.java:83)
	at org.openqa.selenium.remote.RemoteWebDriver.execute(RemoteWebDriver.java:552)
	at com.kms.katalon.selenium.driver.CChromeDriver.execute(CChromeDriver.java:19)
	at org.openqa.selenium.remote.RemoteWebElement.execute(RemoteWebElement.java:285)
	at org.openqa.selenium.remote.RemoteWebElement.getText(RemoteWebElement.java:166)
	at org.openqa.selenium.support.events.EventFiringWebDriver$EventFiringWebElement.lambda$new$0(EventFiringWebDriver.java:404)
	at com.sun.proxy.$Proxy13.getText(Unknown Source)
	at org.openqa.selenium.support.events.EventFiringWebDriver$EventFiringWebElement.getText(EventFiringWebDriver.java:463)
	at com.kms.katalon.core.webui.keyword.builtin.GetTextKeyword$_getText_closure1.doCall(GetTextKeyword.groovy:80)
	at com.kms.katalon.core.webui.keyword.builtin.GetTextKeyword$_getText_closure1.call(GetTextKeyword.groovy)
	at com.kms.katalon.core.webui.keyword.internal.WebUIKeywordMain.runKeyword(WebUIKeywordMain.groovy:20)
	at com.kms.katalon.core.webui.keyword.builtin.GetTextKeyword.getText(GetTextKeyword.groovy:88)
	at com.kms.katalon.core.webui.keyword.builtin.GetTextKeyword.execute(GetTextKeyword.groovy:67)
	at com.kms.katalon.core.keyword.internal.KeywordExecutor.executeKeywordForPlatform(KeywordExecutor.groovy:74)
	at com.kms.katalon.core.webui.keyword.WebUiBuiltInKeywords.getText(WebUiBuiltInKeywords.groovy:918)
	at com.kms.katalon.core.webui.keyword.WebUiBuiltInKeywords$getText$11.call(Unknown Source)
	at functions.I.VerifyMatchToastrmsg(I.groovy:455)
	at functions.I$VerifyMatchToastrmsg$6.call(Unknown Source)
	at Script1652273887502.run(Script1652273887502.groovy:333)
	... 13 more
)
[[ATTACHMENT|D:\\Projet Test Auto\\Mediabox Test Automation\\Reports\\20220623_184212\\03. Parallel Testing (Testing)\\TS -PT PART 3\\15.01 Sephora Duplication Standard\\20220623_184243\\1656021344033.png]]

2022-06-23 23:55:44 - [TEST_STEP][PASSED] - Start listener action : sampleAfterTestCase: null]]></system-out>
         <system-err><![CDATA[2022-06-23 23:51:26 - [TEST_CASE][FAILED] - Test Cases/20. Sephora_NPP Duplication Standard_ Duplication Shortcut/20.01 Sephora Duplication (Rights _Error Msg_Duplicate) - Will be used in 20.02 ( P1): Test Cases/20. Sephora_NPP Duplication Standard_ Duplication Shortcut/20.01 Sephora Duplication (Rights _Error Msg_Duplicate) - Will be used in 20.02 ( P1) FAILED.
Reason:
com.kms.katalon.core.exception.StepFailedException: Unable to get text of object 'Object Repository/1. Constant/xpath'
	at com.kms.katalon.core.webui.keyword.internal.WebUIKeywordMain.stepFailed(WebUIKeywordMain.groovy:64)
	at com.kms.katalon.core.webui.keyword.internal.WebUIKeywordMain.runKeyword(WebUIKeywordMain.groovy:26)
	at com.kms.katalon.core.webui.keyword.builtin.GetTextKeyword.getText(GetTextKeyword.groovy:88)
	at com.kms.katalon.core.webui.keyword.builtin.GetTextKeyword.execute(GetTextKeyword.groovy:67)
	at com.kms.katalon.core.keyword.internal.KeywordExecutor.executeKeywordForPlatform(KeywordExecutor.groovy:74)
	at com.kms.katalon.core.webui.keyword.WebUiBuiltInKeywords.getText(WebUiBuiltInKeywords.groovy:918)
	at com.kms.katalon.core.webui.keyword.WebUiBuiltInKeywords$getText$11.call(Unknown Source)
	at functions.I.VerifyMatchToastrmsg(I.groovy:455)
	at functions.I$VerifyMatchToastrmsg$6.call(Unknown Source)
	at 20.01 Sephora Duplication (Rights _Error Msg_Duplicate) - Will be used in 20.02 ( P1).run(20.01 Sephora Duplication (Rights _Error Msg_Duplicate) - Will be used in 20.02 ( P1):333)
	at com.kms.katalon.core.main.ScriptEngine.run(ScriptEngine.java:194)
	at com.kms.katalon.core.main.ScriptEngine.runScriptAsRawText(ScriptEngine.java:119)
	at com.kms.katalon.core.main.TestCaseExecutor.runScript(TestCaseExecutor.java:445)
	at com.kms.katalon.core.main.TestCaseExecutor.doExecute(TestCaseExecutor.java:436)
	at com.kms.katalon.core.main.TestCaseExecutor.processExecutionPhase(TestCaseExecutor.java:415)
	at com.kms.katalon.core.main.TestCaseExecutor.accessMainPhase(TestCaseExecutor.java:407)
	at com.kms.katalon.core.main.TestCaseExecutor.execute(TestCaseExecutor.java:284)
	at com.kms.katalon.core.common.CommonExecutor.accessTestCaseMainPhase(CommonExecutor.java:65)
	at com.kms.katalon.core.main.TestSuiteExecutor.accessTestSuiteMainPhase(TestSuiteExecutor.java:144)
	at com.kms.katalon.core.main.TestSuiteExecutor.execute(TestSuiteExecutor.java:106)
	at com.kms.katalon.core.main.TestCaseMain.startTestSuite(TestCaseMain.java:185)
	at com.kms.katalon.core.main.TestCaseMain$startTestSuite$0.call(Unknown Source)
	at TempTestSuite1656002563450.run(TempTestSuite1656002563450.groovy:36)
Caused by: org.openqa.selenium.StaleElementReferenceException: stale element reference: element is not attached to the page document
  (Session info: headless chrome=102.0.5005.115)
For documentation on this error, please visit: https://www.seleniumhq.org/exceptions/stale_element_reference.html
Build info: version: '3.141.59', revision: 'e82be7d358', time: '2018-11-14T08:25:53'
System info: host: 'DPF-MBI-VERIF', ip: '10.15.10.53', os.name: 'Windows 10', os.arch: 'amd64', os.version: '10.0', java.version: '1.8.0_181'
Driver info: com.kms.katalon.selenium.driver.CChromeDriver
Capabilities {acceptInsecureCerts: false, browserName: chrome, browserVersion: 102.0.5005.115, chrome: {chromedriverVersion: 101.0.4951.41 (93c720db8323..., userDataDir: C:\Users\lamhe\AppData\Loca...}, goog:chromeOptions: {debuggerAddress: localhost:63062}, javascriptEnabled: true, networkConnectionEnabled: false, pageLoadStrategy: normal, platform: WINDOWS, platformName: WINDOWS, proxy: Proxy(), setWindowRect: true, strictFileInteractability: false, timeouts: {implicit: 0, pageLoad: 300000, script: 30000}, unhandledPromptBehavior: dismiss and notify, webauthn:extension:credBlob: true, webauthn:extension:largeBlob: true, webauthn:virtualAuthenticators: true}
Session ID: d5c1954e1c7612daf36628ec77860f4e
	at org.openqa.selenium.remote.http.W3CHttpResponseCodec.createException(W3CHttpResponseCodec.java:187)
	at org.openqa.selenium.remote.http.W3CHttpResponseCodec.decode(W3CHttpResponseCodec.java:122)
	at org.openqa.selenium.remote.http.W3CHttpResponseCodec.decode(W3CHttpResponseCodec.java:49)
	at org.openqa.selenium.remote.HttpCommandExecutor.execute(HttpCommandExecutor.java:158)
	at org.openqa.selenium.remote.service.DriverCommandExecutor.execute(DriverCommandExecutor.java:83)
	at org.openqa.selenium.remote.RemoteWebDriver.execute(RemoteWebDriver.java:552)
	at com.kms.katalon.selenium.driver.CChromeDriver.execute(CChromeDriver.java:19)
	at org.openqa.selenium.remote.RemoteWebElement.execute(RemoteWebElement.java:285)
	at org.openqa.selenium.remote.RemoteWebElement.getText(RemoteWebElement.java:166)
	at org.openqa.selenium.support.events.EventFiringWebDriver$EventFiringWebElement.lambda$new$0(EventFiringWebDriver.java:404)
	at com.sun.proxy.$Proxy13.getText(Unknown Source)
	at org.openqa.selenium.support.events.EventFiringWebDriver$EventFiringWebElement.getText(EventFiringWebDriver.java:463)
	at com.kms.katalon.core.webui.keyword.builtin.GetTextKeyword$_getText_closure1.doCall(GetTextKeyword.groovy:80)
	at com.kms.katalon.core.webui.keyword.builtin.GetTextKeyword$_getText_closure1.call(GetTextKeyword.groovy)
	at com.kms.katalon.core.webui.keyword.internal.WebUIKeywordMain.runKeyword(WebUIKeywordMain.groovy:20)
	... 21 more]]></system-err>
      </testcase>
      <testcase name="Test Cases/20. Sephora_NPP Duplication Standard_ Duplication Shortcut/20.02 Sephora Duplication_New_Project_NC2 (Devpack) - Used 20.01 (P2)" time="331.089" classname="Test Cases/20. Sephora_NPP Duplication Standard_ Duplication Shortcut/20.02 Sephora Duplication_New_Project_NC2 (Devpack) - Used 20.01 (P2)" status="FAILED">
         <failure type="FAILED" message="Test Cases/20. Sephora_NPP Duplication Standard_ Duplication Shortcut/20.02 Sephora Duplication_New_Project_NC2 (Devpack) - Used 20.01 (P2) FAILED.
Reason:
com.kms.katalon.core.exception.StepFailedException: Unable to click on object 'Object Repository/1. Constant/xpath'
	at com.kms.katalon.core.webui.keyword.internal.WebUIKeywordMain.stepFailed(WebUIKeywordMain.groovy:64)
	at com.kms.katalon.core.webui.keyword.internal.WebUIKeywordMain.runKeyword(WebUIKeywordMain.groovy:26)
	at com.kms.katalon.core.webui.keyword.builtin.ClickKeyword.click(ClickKeyword.groovy:74)
	at com.kms.katalon.core.webui.keyword.builtin.ClickKeyword.execute(ClickKeyword.groovy:40)
	at com.kms.katalon.core.keyword.internal.KeywordExecutor.executeKeywordForPlatform(KeywordExecutor.groovy:74)
	at com.kms.katalon.core.webui.keyword.WebUiBuiltInKeywords.click(WebUiBuiltInKeywords.groovy:620)
	at com.kms.katalon.core.webui.keyword.WebUiBuiltInKeywords$click$4.call(Unknown Source)
	at 20.02 Sephora Duplication_New_Project_NC2 (Devpack) - Used 20.01 (P2).run(20.02 Sephora Duplication_New_Project_NC2 (Devpack) - Used 20.01 (P2):80)
	at com.kms.katalon.core.main.ScriptEngine.run(ScriptEngine.java:194)
	at com.kms.katalon.core.main.ScriptEngine.runScriptAsRawText(ScriptEngine.java:119)
	at com.kms.katalon.core.main.TestCaseExecutor.runScript(TestCaseExecutor.java:445)
	at com.kms.katalon.core.main.TestCaseExecutor.doExecute(TestCaseExecutor.java:436)
	at com.kms.katalon.core.main.TestCaseExecutor.processExecutionPhase(TestCaseExecutor.java:415)
	at com.kms.katalon.core.main.TestCaseExecutor.accessMainPhase(TestCaseExecutor.java:407)
	at com.kms.katalon.core.main.TestCaseExecutor.execute(TestCaseExecutor.java:284)
	at com.kms.katalon.core.common.CommonExecutor.accessTestCaseMainPhase(CommonExecutor.java:65)
	at com.kms.katalon.core.main.TestSuiteExecutor.accessTestSuiteMainPhase(TestSuiteExecutor.java:144)
	at com.kms.katalon.core.main.TestSuiteExecutor.execute(TestSuiteExecutor.java:106)
	at com.kms.katalon.core.main.TestCaseMain.startTestSuite(TestCaseMain.java:185)
	at com.kms.katalon.core.main.TestCaseMain$startTestSuite$0.call(Unknown Source)
	at TempTestSuite1656002563450.run(TempTestSuite1656002563450.groovy:36)
Caused by: com.kms.katalon.core.webui.exception.WebElementNotFoundException: Web element with id: 'Object Repository/1. Constant/xpath' located by '//*[@id=&quot;btnduplicatereference&quot;]' not found
	at com.kms.katalon.core.webui.common.WebUiCommonHelper.findWebElement(WebUiCommonHelper.java:1370)
	at com.kms.katalon.core.webui.keyword.internal.WebUIAbstractKeyword.findWebElement(WebUIAbstractKeyword.groovy:27)
	at com.kms.katalon.core.webui.keyword.builtin.ClickKeyword$_click_closure1.doCall(ClickKeyword.groovy:65)
	at com.kms.katalon.core.webui.keyword.builtin.ClickKeyword$_click_closure1.call(ClickKeyword.groovy)
	at com.kms.katalon.core.webui.keyword.internal.WebUIKeywordMain.runKeyword(WebUIKeywordMain.groovy:20)
	... 19 more
"/>
         <system-out><![CDATA[2022-06-23 23:55:44 - [TEST_CASE][FAILED] - Test Cases/20. Sephora_NPP Duplication Standard_ Duplication Shortcut/20.02 Sephora Duplication_New_Project_NC2 (Devpack) - Used 20.01 (P2): Test Cases/20. Sephora_NPP Duplication Standard_ Duplication Shortcut/20.02 Sephora Duplication_New_Project_NC2 (Devpack) - Used 20.01 (P2) FAILED.
Reason:
com.kms.katalon.core.exception.StepFailedException: Unable to click on object 'Object Repository/1. Constant/xpath'
	at com.kms.katalon.core.webui.keyword.internal.WebUIKeywordMain.stepFailed(WebUIKeywordMain.groovy:64)
	at com.kms.katalon.core.webui.keyword.internal.WebUIKeywordMain.runKeyword(WebUIKeywordMain.groovy:26)
	at com.kms.katalon.core.webui.keyword.builtin.ClickKeyword.click(ClickKeyword.groovy:74)
	at com.kms.katalon.core.webui.keyword.builtin.ClickKeyword.execute(ClickKeyword.groovy:40)
	at com.kms.katalon.core.keyword.internal.KeywordExecutor.executeKeywordForPlatform(KeywordExecutor.groovy:74)
	at com.kms.katalon.core.webui.keyword.WebUiBuiltInKeywords.click(WebUiBuiltInKeywords.groovy:620)
	at com.kms.katalon.core.webui.keyword.WebUiBuiltInKeywords$click$4.call(Unknown Source)
	at 20.02 Sephora Duplication_New_Project_NC2 (Devpack) - Used 20.01 (P2).run(20.02 Sephora Duplication_New_Project_NC2 (Devpack) - Used 20.01 (P2):80)
	at com.kms.katalon.core.main.ScriptEngine.run(ScriptEngine.java:194)
	at com.kms.katalon.core.main.ScriptEngine.runScriptAsRawText(ScriptEngine.java:119)
	at com.kms.katalon.core.main.TestCaseExecutor.runScript(TestCaseExecutor.java:445)
	at com.kms.katalon.core.main.TestCaseExecutor.doExecute(TestCaseExecutor.java:436)
	at com.kms.katalon.core.main.TestCaseExecutor.processExecutionPhase(TestCaseExecutor.java:415)
	at com.kms.katalon.core.main.TestCaseExecutor.accessMainPhase(TestCaseExecutor.java:407)
	at com.kms.katalon.core.main.TestCaseExecutor.execute(TestCaseExecutor.java:284)
	at com.kms.katalon.core.common.CommonExecutor.accessTestCaseMainPhase(CommonExecutor.java:65)
	at com.kms.katalon.core.main.TestSuiteExecutor.accessTestSuiteMainPhase(TestSuiteExecutor.java:144)
	at com.kms.katalon.core.main.TestSuiteExecutor.execute(TestSuiteExecutor.java:106)
	at com.kms.katalon.core.main.TestCaseMain.startTestSuite(TestCaseMain.java:185)
	at com.kms.katalon.core.main.TestCaseMain$startTestSuite$0.call(Unknown Source)
	at TempTestSuite1656002563450.run(TempTestSuite1656002563450.groovy:36)
Caused by: com.kms.katalon.core.webui.exception.WebElementNotFoundException: Web element with id: 'Object Repository/1. Constant/xpath' located by '//*[@id="btnduplicatereference"]' not found
	at com.kms.katalon.core.webui.common.WebUiCommonHelper.findWebElement(WebUiCommonHelper.java:1370)
	at com.kms.katalon.core.webui.keyword.internal.WebUIAbstractKeyword.findWebElement(WebUIAbstractKeyword.groovy:27)
	at com.kms.katalon.core.webui.keyword.builtin.ClickKeyword$_click_closure1.doCall(ClickKeyword.groovy:65)
	at com.kms.katalon.core.webui.keyword.builtin.ClickKeyword$_click_closure1.call(ClickKeyword.groovy)
	at com.kms.katalon.core.webui.keyword.internal.WebUIKeywordMain.runKeyword(WebUIKeywordMain.groovy:20)
	... 19 more


2022-06-23 23:55:45 - [TEST_STEP][PASSED] - data_Sephora = findTestData("Data Files/Username_Password/Sephora"): null

2022-06-23 23:55:45 - [TEST_STEP][PASSED] - password_atran = data_Sephora.getValue(2, 1): null

2022-06-23 23:55:45 - [TEST_STEP][PASSED] - password_devpack = data_Sephora.getValue(2, 14): null

2022-06-23 23:55:45 - [TEST_STEP][PASSED] - data_urlRELAUTO = findTestData("Data Files/URL/URL_relauto"): null

2022-06-23 23:55:45 - [TEST_STEP][PASSED] - Url_Sephora = data_urlRELAUTO.getValue(2, 1): null

2022-06-23 23:55:45 - [TEST_STEP][PASSED] - I.clearnotepad("D:\Upoad_File\Projet_ Login\Sephora\20.01\20.02_Sephora_ProjectNo2.txt"): null

2022-06-23 23:55:45 - [TEST_STEP][PASSED] - I.clearnotepad("D:\Upoad_File\Projet_ Login\Sephora\20.01\20.02_Sephora_refID2.txt"): null

2022-06-23 23:55:45 - [TEST_STEP][PASSED] - Project_No = I.readnotepad("D:\Upoad_File\Projet_ Login\Sephora\20.01\20.01_Sephora_ProjectNo.txt"): null

2022-06-23 23:55:45 - [TEST_STEP][PASSED] - refID = I.readnotepad("D:\Upoad_File\Projet_ Login\Sephora\20.01\20.01_Sephora_refID.txt"): null

2022-06-23 23:55:45 - [TEST_STEP][PASSED] - ref_name1 = I.readnotepad("D:\Upoad_File\Projet_ Login\Sephora\20.01\20.01_Sephora_refIDName.txt"): null

2022-06-23 23:55:45 - [TEST_STEP][PASSED] - openBrowser(Url_Sephora): Browser is opened with url: 'http://mdb-release.diadeis.lan/MediaboxIndependence/?MBI_datasource=RELTESTAUTO_SEPHORA'

2022-06-23 23:55:45 - [MESSAGE][WARNING] - A browser is already opened. Closing browser and opening a new one

2022-06-23 23:55:46 - [MESSAGE][INFO] - Starting 'Chrome (headless)' driver

2022-06-23 23:55:46 - [MESSAGE][INFO] - User set preference: ['args', '[--window-size=1920,1080, --headless]']

2022-06-23 23:55:46 - [MESSAGE][INFO] - Action delay is set to 0 milliseconds

2022-06-23 23:56:07 - [MESSAGE][PASSED] - Browser is opened with url: 'http://mdb-release.diadeis.lan/MediaboxIndependence/?MBI_datasource=RELTESTAUTO_SEPHORA'

2022-06-23 23:56:07 - [TEST_STEP][PASSED] - maximizeWindow(): Current window maximized

2022-06-23 23:56:08 - [MESSAGE][PASSED] - Current window maximized

2022-06-23 23:56:08 - [TEST_STEP][PASSED] - I.Login_password("atran", password_atran): Object: 'Object Repository/1. Constant/xpath' is clicked on

2022-06-23 23:56:10 - [MESSAGE][PASSED] - Text 'atran' is set on object 'Object Repository/1. Constant/xpath'

2022-06-23 23:56:11 - [MESSAGE][PASSED] - Delayed 1 second(s)

2022-06-23 23:56:12 - [MESSAGE][PASSED] - Text 'dchi3' is set on object 'Object Repository/1. Constant/xpath'

2022-06-23 23:56:13 - [MESSAGE][PASSED] - Delayed 1 second(s)

2022-06-23 23:56:24 - [MESSAGE][PASSED] - Object: 'Object Repository/1. Constant/xpath' is clicked on

2022-06-23 23:56:24 - [TEST_STEP][PASSED] - task_atran_b4_1 = I.Get_Task_No("//*[@id="kt_header"]/div/div[2]/div[1]/div[1]/span"): Text of object 'Object Repository/1. Constant/xpath' is: '50'

2022-06-23 23:56:24 - [MESSAGE][PASSED] - Text of object 'Object Repository/1. Constant/xpath' is: '50'

2022-06-23 23:56:24 - [TEST_STEP][PASSED] - I.Logout(): Delayed 3 second(s)

2022-06-23 23:56:27 - [MESSAGE][PASSED] - Delayed 3 second(s)

2022-06-23 23:56:29 - [MESSAGE][PASSED] - Object: 'Object Repository/1. Constant/xpath' is clicked on

2022-06-23 23:56:32 - [MESSAGE][PASSED] - Delayed 3 second(s)

2022-06-23 23:56:34 - [MESSAGE][PASSED] - Object: 'Object Repository/1. Constant/xpath' is clicked on

2022-06-23 23:56:37 - [MESSAGE][PASSED] - Delayed 3 second(s)

2022-06-23 23:56:37 - [TEST_STEP][PASSED] - I.Login_password("devpack", password_devpack): Object: 'Object Repository/1. Constant/xpath' is clicked on

2022-06-23 23:56:39 - [MESSAGE][PASSED] - Text 'devpack' is set on object 'Object Repository/1. Constant/xpath'

2022-06-23 23:56:40 - [MESSAGE][PASSED] - Delayed 1 second(s)

2022-06-23 23:56:41 - [MESSAGE][PASSED] - Text 'diadeis' is set on object 'Object Repository/1. Constant/xpath'

2022-06-23 23:56:42 - [MESSAGE][PASSED] - Delayed 1 second(s)

2022-06-24 00:00:26 - [MESSAGE][PASSED] - Object: 'Object Repository/1. Constant/xpath' is clicked on

2022-06-24 00:00:26 - [TEST_STEP][PASSED] - click(findTestObject("1. Constant/02_LHSMenu_Projects")): Object: 'Object Repository/1. Constant/02_LHSMenu_Projects' is clicked on

2022-06-24 00:00:30 - [MESSAGE][PASSED] - Object: 'Object Repository/1. Constant/02_LHSMenu_Projects' is clicked on

2022-06-24 00:00:30 - [TEST_STEP][PASSED] - I.SearchProjectNo_xpath(Project_No, "//*[@id="keynum_project"]", "//*[@id="form_filters"]/div[5]/button"): Delayed 5 second(s)

2022-06-24 00:00:31 - [MESSAGE][PASSED] - Delayed 1 second(s)

2022-06-24 00:00:32 - [MESSAGE][PASSED] - Text '' is set on object 'Object Repository/1. Constant/xpath'

2022-06-24 00:00:35 - [MESSAGE][PASSED] - Delayed 3 second(s)

2022-06-24 00:00:35 - [MESSAGE][PASSED] - Scroll to object 'Object Repository/1. Constant/xpath' successfully

2022-06-24 00:00:38 - [MESSAGE][PASSED] - Object: 'Object Repository/1. Constant/xpath' is clicked on

2022-06-24 00:00:43 - [MESSAGE][PASSED] - Delayed 5 second(s)

2022-06-24 00:00:43 - [TEST_STEP][PASSED] - takeScreenshot(): Taking screenshot successfully

2022-06-24 00:00:44 - [MESSAGE][PASSED] - Taking screenshot successfully
[[ATTACHMENT|D:\\Projet Test Auto\\Mediabox Test Automation\\Reports\\20220623_184212\\03. Parallel Testing (Testing)\\TS -PT PART 3\\15.01 Sephora Duplication Standard\\20220623_184243\\1656021643813.png]]

2022-06-24 00:00:44 - [TEST_STEP][FAILED] - click(findTestObject("1. Constant/xpath", ["xpath":"//*[@id="btnduplicatereference"]"])): Unable to click on object 'Object Repository/1. Constant/xpath' (Root cause: com.kms.katalon.core.exception.StepFailedException: Unable to click on object 'Object Repository/1. Constant/xpath'
	at com.kms.katalon.core.webui.keyword.internal.WebUIKeywordMain.stepFailed(WebUIKeywordMain.groovy:64)
	at com.kms.katalon.core.webui.keyword.internal.WebUIKeywordMain.runKeyword(WebUIKeywordMain.groovy:26)
	at com.kms.katalon.core.webui.keyword.builtin.ClickKeyword.click(ClickKeyword.groovy:74)
	at com.kms.katalon.core.webui.keyword.builtin.ClickKeyword.execute(ClickKeyword.groovy:40)
	at com.kms.katalon.core.keyword.internal.KeywordExecutor.executeKeywordForPlatform(KeywordExecutor.groovy:74)
	at com.kms.katalon.core.webui.keyword.WebUiBuiltInKeywords.click(WebUiBuiltInKeywords.groovy:620)
	at com.kms.katalon.core.webui.keyword.WebUiBuiltInKeywords$click$4.call(Unknown Source)
	at 20.02 Sephora Duplication_New_Project_NC2 (Devpack) - Used 20.01 (P2).run(20.02 Sephora Duplication_New_Project_NC2 (Devpack) - Used 20.01 (P2):80)
	at com.kms.katalon.core.main.ScriptEngine.run(ScriptEngine.java:194)
	at com.kms.katalon.core.main.ScriptEngine.runScriptAsRawText(ScriptEngine.java:119)
	at com.kms.katalon.core.main.TestCaseExecutor.runScript(TestCaseExecutor.java:445)
	at com.kms.katalon.core.main.TestCaseExecutor.doExecute(TestCaseExecutor.java:436)
	at com.kms.katalon.core.main.TestCaseExecutor.processExecutionPhase(TestCaseExecutor.java:415)
	at com.kms.katalon.core.main.TestCaseExecutor.accessMainPhase(TestCaseExecutor.java:407)
	at com.kms.katalon.core.main.TestCaseExecutor.execute(TestCaseExecutor.java:284)
	at com.kms.katalon.core.common.CommonExecutor.accessTestCaseMainPhase(CommonExecutor.java:65)
	at com.kms.katalon.core.main.TestSuiteExecutor.accessTestSuiteMainPhase(TestSuiteExecutor.java:144)
	at com.kms.katalon.core.main.TestSuiteExecutor.execute(TestSuiteExecutor.java:106)
	at com.kms.katalon.core.main.TestCaseMain.startTestSuite(TestCaseMain.java:185)
	at com.kms.katalon.core.main.TestCaseMain$startTestSuite$0.call(Unknown Source)
	at TempTestSuite1656002563450.run(TempTestSuite1656002563450.groovy:36)
Caused by: com.kms.katalon.core.webui.exception.WebElementNotFoundException: Web element with id: 'Object Repository/1. Constant/xpath' located by '//*[@id="btnduplicatereference"]' not found
	at com.kms.katalon.core.webui.common.WebUiCommonHelper.findWebElement(WebUiCommonHelper.java:1370)
	at com.kms.katalon.core.webui.keyword.internal.WebUIAbstractKeyword.findWebElement(WebUIAbstractKeyword.groovy:27)
	at com.kms.katalon.core.webui.keyword.builtin.ClickKeyword$_click_closure1.doCall(ClickKeyword.groovy:65)
	at com.kms.katalon.core.webui.keyword.builtin.ClickKeyword$_click_closure1.call(ClickKeyword.groovy)
	at com.kms.katalon.core.webui.keyword.internal.WebUIKeywordMain.runKeyword(WebUIKeywordMain.groovy:20)
	at com.kms.katalon.core.webui.keyword.builtin.ClickKeyword.click(ClickKeyword.groovy:74)
	at com.kms.katalon.core.webui.keyword.builtin.ClickKeyword.execute(ClickKeyword.groovy:40)
	at com.kms.katalon.core.keyword.internal.KeywordExecutor.executeKeywordForPlatform(KeywordExecutor.groovy:74)
	at com.kms.katalon.core.webui.keyword.WebUiBuiltInKeywords.click(WebUiBuiltInKeywords.groovy:620)
	at com.kms.katalon.core.webui.keyword.WebUiBuiltInKeywords$click$4.call(Unknown Source)
	at Script1652273887521.run(Script1652273887521.groovy:80)
	... 13 more
)

2022-06-24 00:01:15 - [MESSAGE][INFO] - Unable to find the element located by 'By.xpath: //*[@id="btnduplicatereference"]'. Please recheck the objects properties to make sure the desired element is located. 

2022-06-24 00:01:15 - [MESSAGE][FAILED] - Unable to click on object 'Object Repository/1. Constant/xpath' (Root cause: com.kms.katalon.core.exception.StepFailedException: Unable to click on object 'Object Repository/1. Constant/xpath'
	at com.kms.katalon.core.webui.keyword.internal.WebUIKeywordMain.stepFailed(WebUIKeywordMain.groovy:64)
	at com.kms.katalon.core.webui.keyword.internal.WebUIKeywordMain.runKeyword(WebUIKeywordMain.groovy:26)
	at com.kms.katalon.core.webui.keyword.builtin.ClickKeyword.click(ClickKeyword.groovy:74)
	at com.kms.katalon.core.webui.keyword.builtin.ClickKeyword.execute(ClickKeyword.groovy:40)
	at com.kms.katalon.core.keyword.internal.KeywordExecutor.executeKeywordForPlatform(KeywordExecutor.groovy:74)
	at com.kms.katalon.core.webui.keyword.WebUiBuiltInKeywords.click(WebUiBuiltInKeywords.groovy:620)
	at com.kms.katalon.core.webui.keyword.WebUiBuiltInKeywords$click$4.call(Unknown Source)
	at 20.02 Sephora Duplication_New_Project_NC2 (Devpack) - Used 20.01 (P2).run(20.02 Sephora Duplication_New_Project_NC2 (Devpack) - Used 20.01 (P2):80)
	at com.kms.katalon.core.main.ScriptEngine.run(ScriptEngine.java:194)
	at com.kms.katalon.core.main.ScriptEngine.runScriptAsRawText(ScriptEngine.java:119)
	at com.kms.katalon.core.main.TestCaseExecutor.runScript(TestCaseExecutor.java:445)
	at com.kms.katalon.core.main.TestCaseExecutor.doExecute(TestCaseExecutor.java:436)
	at com.kms.katalon.core.main.TestCaseExecutor.processExecutionPhase(TestCaseExecutor.java:415)
	at com.kms.katalon.core.main.TestCaseExecutor.accessMainPhase(TestCaseExecutor.java:407)
	at com.kms.katalon.core.main.TestCaseExecutor.execute(TestCaseExecutor.java:284)
	at com.kms.katalon.core.common.CommonExecutor.accessTestCaseMainPhase(CommonExecutor.java:65)
	at com.kms.katalon.core.main.TestSuiteExecutor.accessTestSuiteMainPhase(TestSuiteExecutor.java:144)
	at com.kms.katalon.core.main.TestSuiteExecutor.execute(TestSuiteExecutor.java:106)
	at com.kms.katalon.core.main.TestCaseMain.startTestSuite(TestCaseMain.java:185)
	at com.kms.katalon.core.main.TestCaseMain$startTestSuite$0.call(Unknown Source)
	at TempTestSuite1656002563450.run(TempTestSuite1656002563450.groovy:36)
Caused by: com.kms.katalon.core.webui.exception.WebElementNotFoundException: Web element with id: 'Object Repository/1. Constant/xpath' located by '//*[@id="btnduplicatereference"]' not found
	at com.kms.katalon.core.webui.common.WebUiCommonHelper.findWebElement(WebUiCommonHelper.java:1370)
	at com.kms.katalon.core.webui.keyword.internal.WebUIAbstractKeyword.findWebElement(WebUIAbstractKeyword.groovy:27)
	at com.kms.katalon.core.webui.keyword.builtin.ClickKeyword$_click_closure1.doCall(ClickKeyword.groovy:65)
	at com.kms.katalon.core.webui.keyword.builtin.ClickKeyword$_click_closure1.call(ClickKeyword.groovy)
	at com.kms.katalon.core.webui.keyword.internal.WebUIKeywordMain.runKeyword(WebUIKeywordMain.groovy:20)
	at com.kms.katalon.core.webui.keyword.builtin.ClickKeyword.click(ClickKeyword.groovy:74)
	at com.kms.katalon.core.webui.keyword.builtin.ClickKeyword.execute(ClickKeyword.groovy:40)
	at com.kms.katalon.core.keyword.internal.KeywordExecutor.executeKeywordForPlatform(KeywordExecutor.groovy:74)
	at com.kms.katalon.core.webui.keyword.WebUiBuiltInKeywords.click(WebUiBuiltInKeywords.groovy:620)
	at com.kms.katalon.core.webui.keyword.WebUiBuiltInKeywords$click$4.call(Unknown Source)
	at Script1652273887521.run(Script1652273887521.groovy:80)
	... 13 more
)
[[ATTACHMENT|D:\\Projet Test Auto\\Mediabox Test Automation\\Reports\\20220623_184212\\03. Parallel Testing (Testing)\\TS -PT PART 3\\15.01 Sephora Duplication Standard\\20220623_184243\\1656021675358.png]]

2022-06-24 00:01:15 - [TEST_STEP][PASSED] - Start listener action : sampleAfterTestCase: null]]></system-out>
         <system-err><![CDATA[2022-06-23 23:55:44 - [TEST_CASE][FAILED] - Test Cases/20. Sephora_NPP Duplication Standard_ Duplication Shortcut/20.02 Sephora Duplication_New_Project_NC2 (Devpack) - Used 20.01 (P2): Test Cases/20. Sephora_NPP Duplication Standard_ Duplication Shortcut/20.02 Sephora Duplication_New_Project_NC2 (Devpack) - Used 20.01 (P2) FAILED.
Reason:
com.kms.katalon.core.exception.StepFailedException: Unable to click on object 'Object Repository/1. Constant/xpath'
	at com.kms.katalon.core.webui.keyword.internal.WebUIKeywordMain.stepFailed(WebUIKeywordMain.groovy:64)
	at com.kms.katalon.core.webui.keyword.internal.WebUIKeywordMain.runKeyword(WebUIKeywordMain.groovy:26)
	at com.kms.katalon.core.webui.keyword.builtin.ClickKeyword.click(ClickKeyword.groovy:74)
	at com.kms.katalon.core.webui.keyword.builtin.ClickKeyword.execute(ClickKeyword.groovy:40)
	at com.kms.katalon.core.keyword.internal.KeywordExecutor.executeKeywordForPlatform(KeywordExecutor.groovy:74)
	at com.kms.katalon.core.webui.keyword.WebUiBuiltInKeywords.click(WebUiBuiltInKeywords.groovy:620)
	at com.kms.katalon.core.webui.keyword.WebUiBuiltInKeywords$click$4.call(Unknown Source)
	at 20.02 Sephora Duplication_New_Project_NC2 (Devpack) - Used 20.01 (P2).run(20.02 Sephora Duplication_New_Project_NC2 (Devpack) - Used 20.01 (P2):80)
	at com.kms.katalon.core.main.ScriptEngine.run(ScriptEngine.java:194)
	at com.kms.katalon.core.main.ScriptEngine.runScriptAsRawText(ScriptEngine.java:119)
	at com.kms.katalon.core.main.TestCaseExecutor.runScript(TestCaseExecutor.java:445)
	at com.kms.katalon.core.main.TestCaseExecutor.doExecute(TestCaseExecutor.java:436)
	at com.kms.katalon.core.main.TestCaseExecutor.processExecutionPhase(TestCaseExecutor.java:415)
	at com.kms.katalon.core.main.TestCaseExecutor.accessMainPhase(TestCaseExecutor.java:407)
	at com.kms.katalon.core.main.TestCaseExecutor.execute(TestCaseExecutor.java:284)
	at com.kms.katalon.core.common.CommonExecutor.accessTestCaseMainPhase(CommonExecutor.java:65)
	at com.kms.katalon.core.main.TestSuiteExecutor.accessTestSuiteMainPhase(TestSuiteExecutor.java:144)
	at com.kms.katalon.core.main.TestSuiteExecutor.execute(TestSuiteExecutor.java:106)
	at com.kms.katalon.core.main.TestCaseMain.startTestSuite(TestCaseMain.java:185)
	at com.kms.katalon.core.main.TestCaseMain$startTestSuite$0.call(Unknown Source)
	at TempTestSuite1656002563450.run(TempTestSuite1656002563450.groovy:36)
Caused by: com.kms.katalon.core.webui.exception.WebElementNotFoundException: Web element with id: 'Object Repository/1. Constant/xpath' located by '//*[@id="btnduplicatereference"]' not found
	at com.kms.katalon.core.webui.common.WebUiCommonHelper.findWebElement(WebUiCommonHelper.java:1370)
	at com.kms.katalon.core.webui.keyword.internal.WebUIAbstractKeyword.findWebElement(WebUIAbstractKeyword.groovy:27)
	at com.kms.katalon.core.webui.keyword.builtin.ClickKeyword$_click_closure1.doCall(ClickKeyword.groovy:65)
	at com.kms.katalon.core.webui.keyword.builtin.ClickKeyword$_click_closure1.call(ClickKeyword.groovy)
	at com.kms.katalon.core.webui.keyword.internal.WebUIKeywordMain.runKeyword(WebUIKeywordMain.groovy:20)
	... 19 more]]></system-err>
      </testcase>
      <testcase name="Test Cases/20. Sephora_NPP Duplication Standard_ Duplication Shortcut/20.03 Sephora Duplication Standard_Existing_Project(Admin) - Used 20.01_20.02 (P3)" time="79.289" classname="Test Cases/20. Sephora_NPP Duplication Standard_ Duplication Shortcut/20.03 Sephora Duplication Standard_Existing_Project(Admin) - Used 20.01_20.02 (P3)" status="FAILED">
         <failure type="FAILED" message="Test Cases/20. Sephora_NPP Duplication Standard_ Duplication Shortcut/20.03 Sephora Duplication Standard_Existing_Project(Admin) - Used 20.01_20.02 (P3) FAILED.
Reason:
com.kms.katalon.core.exception.StepFailedException: Unable to click on object 'Object Repository/1. Constant/xpath'
	at com.kms.katalon.core.webui.keyword.internal.WebUIKeywordMain.stepFailed(WebUIKeywordMain.groovy:64)
	at com.kms.katalon.core.webui.keyword.internal.WebUIKeywordMain.runKeyword(WebUIKeywordMain.groovy:26)
	at com.kms.katalon.core.webui.keyword.builtin.ClickKeyword.click(ClickKeyword.groovy:74)
	at com.kms.katalon.core.webui.keyword.builtin.ClickKeyword.execute(ClickKeyword.groovy:40)
	at com.kms.katalon.core.keyword.internal.KeywordExecutor.executeKeywordForPlatform(KeywordExecutor.groovy:74)
	at com.kms.katalon.core.webui.keyword.WebUiBuiltInKeywords.click(WebUiBuiltInKeywords.groovy:620)
	at com.kms.katalon.core.webui.keyword.WebUiBuiltInKeywords$click$4.call(Unknown Source)
	at 20.03 Sephora Duplication Standard_Existing_Project(Admin) - Used 20.01_20.02 (P3).run(20.03 Sephora Duplication Standard_Existing_Project(Admin) - Used 20.01_20.02 (P3):72)
	at com.kms.katalon.core.main.ScriptEngine.run(ScriptEngine.java:194)
	at com.kms.katalon.core.main.ScriptEngine.runScriptAsRawText(ScriptEngine.java:119)
	at com.kms.katalon.core.main.TestCaseExecutor.runScript(TestCaseExecutor.java:445)
	at com.kms.katalon.core.main.TestCaseExecutor.doExecute(TestCaseExecutor.java:436)
	at com.kms.katalon.core.main.TestCaseExecutor.processExecutionPhase(TestCaseExecutor.java:415)
	at com.kms.katalon.core.main.TestCaseExecutor.accessMainPhase(TestCaseExecutor.java:407)
	at com.kms.katalon.core.main.TestCaseExecutor.execute(TestCaseExecutor.java:284)
	at com.kms.katalon.core.common.CommonExecutor.accessTestCaseMainPhase(CommonExecutor.java:65)
	at com.kms.katalon.core.main.TestSuiteExecutor.accessTestSuiteMainPhase(TestSuiteExecutor.java:144)
	at com.kms.katalon.core.main.TestSuiteExecutor.execute(TestSuiteExecutor.java:106)
	at com.kms.katalon.core.main.TestCaseMain.startTestSuite(TestCaseMain.java:185)
	at com.kms.katalon.core.main.TestCaseMain$startTestSuite$0.call(Unknown Source)
	at TempTestSuite1656002563450.run(TempTestSuite1656002563450.groovy:36)
Caused by: com.kms.katalon.core.webui.exception.WebElementNotFoundException: Web element with id: 'Object Repository/1. Constant/xpath' located by '//*[@id=&quot;btnduplicatereference&quot;]' not found
	at com.kms.katalon.core.webui.common.WebUiCommonHelper.findWebElement(WebUiCommonHelper.java:1370)
	at com.kms.katalon.core.webui.keyword.internal.WebUIAbstractKeyword.findWebElement(WebUIAbstractKeyword.groovy:27)
	at com.kms.katalon.core.webui.keyword.builtin.ClickKeyword$_click_closure1.doCall(ClickKeyword.groovy:65)
	at com.kms.katalon.core.webui.keyword.builtin.ClickKeyword$_click_closure1.call(ClickKeyword.groovy)
	at com.kms.katalon.core.webui.keyword.internal.WebUIKeywordMain.runKeyword(WebUIKeywordMain.groovy:20)
	... 19 more
"/>
         <system-out><![CDATA[2022-06-24 00:01:15 - [TEST_CASE][FAILED] - Test Cases/20. Sephora_NPP Duplication Standard_ Duplication Shortcut/20.03 Sephora Duplication Standard_Existing_Project(Admin) - Used 20.01_20.02 (P3): Test Cases/20. Sephora_NPP Duplication Standard_ Duplication Shortcut/20.03 Sephora Duplication Standard_Existing_Project(Admin) - Used 20.01_20.02 (P3) FAILED.
Reason:
com.kms.katalon.core.exception.StepFailedException: Unable to click on object 'Object Repository/1. Constant/xpath'
	at com.kms.katalon.core.webui.keyword.internal.WebUIKeywordMain.stepFailed(WebUIKeywordMain.groovy:64)
	at com.kms.katalon.core.webui.keyword.internal.WebUIKeywordMain.runKeyword(WebUIKeywordMain.groovy:26)
	at com.kms.katalon.core.webui.keyword.builtin.ClickKeyword.click(ClickKeyword.groovy:74)
	at com.kms.katalon.core.webui.keyword.builtin.ClickKeyword.execute(ClickKeyword.groovy:40)
	at com.kms.katalon.core.keyword.internal.KeywordExecutor.executeKeywordForPlatform(KeywordExecutor.groovy:74)
	at com.kms.katalon.core.webui.keyword.WebUiBuiltInKeywords.click(WebUiBuiltInKeywords.groovy:620)
	at com.kms.katalon.core.webui.keyword.WebUiBuiltInKeywords$click$4.call(Unknown Source)
	at 20.03 Sephora Duplication Standard_Existing_Project(Admin) - Used 20.01_20.02 (P3).run(20.03 Sephora Duplication Standard_Existing_Project(Admin) - Used 20.01_20.02 (P3):72)
	at com.kms.katalon.core.main.ScriptEngine.run(ScriptEngine.java:194)
	at com.kms.katalon.core.main.ScriptEngine.runScriptAsRawText(ScriptEngine.java:119)
	at com.kms.katalon.core.main.TestCaseExecutor.runScript(TestCaseExecutor.java:445)
	at com.kms.katalon.core.main.TestCaseExecutor.doExecute(TestCaseExecutor.java:436)
	at com.kms.katalon.core.main.TestCaseExecutor.processExecutionPhase(TestCaseExecutor.java:415)
	at com.kms.katalon.core.main.TestCaseExecutor.accessMainPhase(TestCaseExecutor.java:407)
	at com.kms.katalon.core.main.TestCaseExecutor.execute(TestCaseExecutor.java:284)
	at com.kms.katalon.core.common.CommonExecutor.accessTestCaseMainPhase(CommonExecutor.java:65)
	at com.kms.katalon.core.main.TestSuiteExecutor.accessTestSuiteMainPhase(TestSuiteExecutor.java:144)
	at com.kms.katalon.core.main.TestSuiteExecutor.execute(TestSuiteExecutor.java:106)
	at com.kms.katalon.core.main.TestCaseMain.startTestSuite(TestCaseMain.java:185)
	at com.kms.katalon.core.main.TestCaseMain$startTestSuite$0.call(Unknown Source)
	at TempTestSuite1656002563450.run(TempTestSuite1656002563450.groovy:36)
Caused by: com.kms.katalon.core.webui.exception.WebElementNotFoundException: Web element with id: 'Object Repository/1. Constant/xpath' located by '//*[@id="btnduplicatereference"]' not found
	at com.kms.katalon.core.webui.common.WebUiCommonHelper.findWebElement(WebUiCommonHelper.java:1370)
	at com.kms.katalon.core.webui.keyword.internal.WebUIAbstractKeyword.findWebElement(WebUIAbstractKeyword.groovy:27)
	at com.kms.katalon.core.webui.keyword.builtin.ClickKeyword$_click_closure1.doCall(ClickKeyword.groovy:65)
	at com.kms.katalon.core.webui.keyword.builtin.ClickKeyword$_click_closure1.call(ClickKeyword.groovy)
	at com.kms.katalon.core.webui.keyword.internal.WebUIKeywordMain.runKeyword(WebUIKeywordMain.groovy:20)
	... 19 more


2022-06-24 00:01:16 - [TEST_STEP][PASSED] - data_Sephora = findTestData("Data Files/Username_Password/Sephora"): null

2022-06-24 00:01:16 - [TEST_STEP][PASSED] - password_atran = data_Sephora.getValue(2, 1): null

2022-06-24 00:01:16 - [TEST_STEP][PASSED] - password_suser = data_Sephora.getValue(2, 10): null

2022-06-24 00:01:16 - [TEST_STEP][PASSED] - data_urlRELAUTO = findTestData("Data Files/URL/URL_relauto"): null

2022-06-24 00:01:16 - [TEST_STEP][PASSED] - Url_Sephora = data_urlRELAUTO.getValue(2, 1): null

2022-06-24 00:01:16 - [TEST_STEP][PASSED] - Project_No1 = I.readnotepad("D:\Upoad_File\Projet_ Login\Sephora\20.01\20.01_Sephora_ProjectNo.txt"): null

2022-06-24 00:01:16 - [TEST_STEP][PASSED] - refID1 = I.readnotepad("D:\Upoad_File\Projet_ Login\Sephora\20.01\20.01_Sephora_refID.txt"): null

2022-06-24 00:01:16 - [TEST_STEP][PASSED] - ref_name1 = I.readnotepad("D:\Upoad_File\Projet_ Login\Sephora\20.01\20.01_Sephora_refIDName.txt"): null

2022-06-24 00:01:16 - [TEST_STEP][PASSED] - Project_No2 = I.readnotepad("D:\Upoad_File\Projet_ Login\Sephora\20.01\20.02_Sephora_ProjectNo2.txt"): null

2022-06-24 00:01:16 - [TEST_STEP][PASSED] - refID2 = I.readnotepad("D:\Upoad_File\Projet_ Login\Sephora\20.01\20.02_Sephora_refID2.txt"): null

2022-06-24 00:01:16 - [TEST_STEP][PASSED] - openBrowser(Url_Sephora): Browser is opened with url: 'http://mdb-release.diadeis.lan/MediaboxIndependence/?MBI_datasource=RELTESTAUTO_SEPHORA'

2022-06-24 00:01:16 - [MESSAGE][WARNING] - A browser is already opened. Closing browser and opening a new one

2022-06-24 00:01:17 - [MESSAGE][INFO] - Starting 'Chrome (headless)' driver

2022-06-24 00:01:17 - [MESSAGE][INFO] - User set preference: ['args', '[--window-size=1920,1080, --headless]']

2022-06-24 00:01:17 - [MESSAGE][INFO] - Action delay is set to 0 milliseconds

2022-06-24 00:01:24 - [MESSAGE][PASSED] - Browser is opened with url: 'http://mdb-release.diadeis.lan/MediaboxIndependence/?MBI_datasource=RELTESTAUTO_SEPHORA'

2022-06-24 00:01:24 - [TEST_STEP][PASSED] - maximizeWindow(): Current window maximized

2022-06-24 00:01:24 - [MESSAGE][PASSED] - Current window maximized

2022-06-24 00:01:24 - [TEST_STEP][PASSED] - I.Login_password("suser", password_suser): Object: 'Object Repository/1. Constant/xpath' is clicked on

2022-06-24 00:01:24 - [MESSAGE][PASSED] - Text 'suser' is set on object 'Object Repository/1. Constant/xpath'

2022-06-24 00:01:25 - [MESSAGE][PASSED] - Delayed 1 second(s)

2022-06-24 00:01:26 - [MESSAGE][PASSED] - Text 'dchi1' is set on object 'Object Repository/1. Constant/xpath'

2022-06-24 00:01:27 - [MESSAGE][PASSED] - Delayed 1 second(s)

2022-06-24 00:01:33 - [MESSAGE][PASSED] - Object: 'Object Repository/1. Constant/xpath' is clicked on

2022-06-24 00:01:33 - [TEST_STEP][PASSED] - click(findTestObject("1. Constant/02_LHSMenu_Projects")): Object: 'Object Repository/1. Constant/02_LHSMenu_Projects' is clicked on

2022-06-24 00:01:42 - [MESSAGE][PASSED] - Object: 'Object Repository/1. Constant/02_LHSMenu_Projects' is clicked on

2022-06-24 00:01:42 - [TEST_STEP][PASSED] - I.SearchProjectNo_xpath(Project_No1, "//*[@id="keynum_project"]", "//*[@id="form_filters"]/div[10]/button"): Delayed 5 second(s)

2022-06-24 00:01:43 - [MESSAGE][PASSED] - Delayed 1 second(s)

2022-06-24 00:01:45 - [MESSAGE][PASSED] - Text '' is set on object 'Object Repository/1. Constant/xpath'

2022-06-24 00:01:48 - [MESSAGE][PASSED] - Delayed 3 second(s)

2022-06-24 00:01:48 - [MESSAGE][PASSED] - Scroll to object 'Object Repository/1. Constant/xpath' successfully

2022-06-24 00:01:56 - [MESSAGE][PASSED] - Object: 'Object Repository/1. Constant/xpath' is clicked on

2022-06-24 00:02:01 - [MESSAGE][PASSED] - Delayed 5 second(s)

2022-06-24 00:02:01 - [TEST_STEP][PASSED] - takeScreenshot(): Taking screenshot successfully

2022-06-24 00:02:02 - [MESSAGE][PASSED] - Taking screenshot successfully
[[ATTACHMENT|D:\\Projet Test Auto\\Mediabox Test Automation\\Reports\\20220623_184212\\03. Parallel Testing (Testing)\\TS -PT PART 3\\15.01 Sephora Duplication Standard\\20220623_184243\\1656021722141.png]]

2022-06-24 00:02:02 - [TEST_STEP][PASSED] - delay(1): Delayed 1 second(s)

2022-06-24 00:02:03 - [MESSAGE][PASSED] - Delayed 1 second(s)

2022-06-24 00:02:03 - [TEST_STEP][FAILED] - click(findTestObject("1. Constant/xpath", ["xpath":"//*[@id="btnduplicatereference"]"])): Unable to click on object 'Object Repository/1. Constant/xpath' (Root cause: com.kms.katalon.core.exception.StepFailedException: Unable to click on object 'Object Repository/1. Constant/xpath'
	at com.kms.katalon.core.webui.keyword.internal.WebUIKeywordMain.stepFailed(WebUIKeywordMain.groovy:64)
	at com.kms.katalon.core.webui.keyword.internal.WebUIKeywordMain.runKeyword(WebUIKeywordMain.groovy:26)
	at com.kms.katalon.core.webui.keyword.builtin.ClickKeyword.click(ClickKeyword.groovy:74)
	at com.kms.katalon.core.webui.keyword.builtin.ClickKeyword.execute(ClickKeyword.groovy:40)
	at com.kms.katalon.core.keyword.internal.KeywordExecutor.executeKeywordForPlatform(KeywordExecutor.groovy:74)
	at com.kms.katalon.core.webui.keyword.WebUiBuiltInKeywords.click(WebUiBuiltInKeywords.groovy:620)
	at com.kms.katalon.core.webui.keyword.WebUiBuiltInKeywords$click$4.call(Unknown Source)
	at 20.03 Sephora Duplication Standard_Existing_Project(Admin) - Used 20.01_20.02 (P3).run(20.03 Sephora Duplication Standard_Existing_Project(Admin) - Used 20.01_20.02 (P3):72)
	at com.kms.katalon.core.main.ScriptEngine.run(ScriptEngine.java:194)
	at com.kms.katalon.core.main.ScriptEngine.runScriptAsRawText(ScriptEngine.java:119)
	at com.kms.katalon.core.main.TestCaseExecutor.runScript(TestCaseExecutor.java:445)
	at com.kms.katalon.core.main.TestCaseExecutor.doExecute(TestCaseExecutor.java:436)
	at com.kms.katalon.core.main.TestCaseExecutor.processExecutionPhase(TestCaseExecutor.java:415)
	at com.kms.katalon.core.main.TestCaseExecutor.accessMainPhase(TestCaseExecutor.java:407)
	at com.kms.katalon.core.main.TestCaseExecutor.execute(TestCaseExecutor.java:284)
	at com.kms.katalon.core.common.CommonExecutor.accessTestCaseMainPhase(CommonExecutor.java:65)
	at com.kms.katalon.core.main.TestSuiteExecutor.accessTestSuiteMainPhase(TestSuiteExecutor.java:144)
	at com.kms.katalon.core.main.TestSuiteExecutor.execute(TestSuiteExecutor.java:106)
	at com.kms.katalon.core.main.TestCaseMain.startTestSuite(TestCaseMain.java:185)
	at com.kms.katalon.core.main.TestCaseMain$startTestSuite$0.call(Unknown Source)
	at TempTestSuite1656002563450.run(TempTestSuite1656002563450.groovy:36)
Caused by: com.kms.katalon.core.webui.exception.WebElementNotFoundException: Web element with id: 'Object Repository/1. Constant/xpath' located by '//*[@id="btnduplicatereference"]' not found
	at com.kms.katalon.core.webui.common.WebUiCommonHelper.findWebElement(WebUiCommonHelper.java:1370)
	at com.kms.katalon.core.webui.keyword.internal.WebUIAbstractKeyword.findWebElement(WebUIAbstractKeyword.groovy:27)
	at com.kms.katalon.core.webui.keyword.builtin.ClickKeyword$_click_closure1.doCall(ClickKeyword.groovy:65)
	at com.kms.katalon.core.webui.keyword.builtin.ClickKeyword$_click_closure1.call(ClickKeyword.groovy)
	at com.kms.katalon.core.webui.keyword.internal.WebUIKeywordMain.runKeyword(WebUIKeywordMain.groovy:20)
	at com.kms.katalon.core.webui.keyword.builtin.ClickKeyword.click(ClickKeyword.groovy:74)
	at com.kms.katalon.core.webui.keyword.builtin.ClickKeyword.execute(ClickKeyword.groovy:40)
	at com.kms.katalon.core.keyword.internal.KeywordExecutor.executeKeywordForPlatform(KeywordExecutor.groovy:74)
	at com.kms.katalon.core.webui.keyword.WebUiBuiltInKeywords.click(WebUiBuiltInKeywords.groovy:620)
	at com.kms.katalon.core.webui.keyword.WebUiBuiltInKeywords$click$4.call(Unknown Source)
	at Script1652273887548.run(Script1652273887548.groovy:72)
	... 13 more
)

2022-06-24 00:02:34 - [MESSAGE][INFO] - Unable to find the element located by 'By.xpath: //*[@id="btnduplicatereference"]'. Please recheck the objects properties to make sure the desired element is located. 

2022-06-24 00:02:35 - [MESSAGE][FAILED] - Unable to click on object 'Object Repository/1. Constant/xpath' (Root cause: com.kms.katalon.core.exception.StepFailedException: Unable to click on object 'Object Repository/1. Constant/xpath'
	at com.kms.katalon.core.webui.keyword.internal.WebUIKeywordMain.stepFailed(WebUIKeywordMain.groovy:64)
	at com.kms.katalon.core.webui.keyword.internal.WebUIKeywordMain.runKeyword(WebUIKeywordMain.groovy:26)
	at com.kms.katalon.core.webui.keyword.builtin.ClickKeyword.click(ClickKeyword.groovy:74)
	at com.kms.katalon.core.webui.keyword.builtin.ClickKeyword.execute(ClickKeyword.groovy:40)
	at com.kms.katalon.core.keyword.internal.KeywordExecutor.executeKeywordForPlatform(KeywordExecutor.groovy:74)
	at com.kms.katalon.core.webui.keyword.WebUiBuiltInKeywords.click(WebUiBuiltInKeywords.groovy:620)
	at com.kms.katalon.core.webui.keyword.WebUiBuiltInKeywords$click$4.call(Unknown Source)
	at 20.03 Sephora Duplication Standard_Existing_Project(Admin) - Used 20.01_20.02 (P3).run(20.03 Sephora Duplication Standard_Existing_Project(Admin) - Used 20.01_20.02 (P3):72)
	at com.kms.katalon.core.main.ScriptEngine.run(ScriptEngine.java:194)
	at com.kms.katalon.core.main.ScriptEngine.runScriptAsRawText(ScriptEngine.java:119)
	at com.kms.katalon.core.main.TestCaseExecutor.runScript(TestCaseExecutor.java:445)
	at com.kms.katalon.core.main.TestCaseExecutor.doExecute(TestCaseExecutor.java:436)
	at com.kms.katalon.core.main.TestCaseExecutor.processExecutionPhase(TestCaseExecutor.java:415)
	at com.kms.katalon.core.main.TestCaseExecutor.accessMainPhase(TestCaseExecutor.java:407)
	at com.kms.katalon.core.main.TestCaseExecutor.execute(TestCaseExecutor.java:284)
	at com.kms.katalon.core.common.CommonExecutor.accessTestCaseMainPhase(CommonExecutor.java:65)
	at com.kms.katalon.core.main.TestSuiteExecutor.accessTestSuiteMainPhase(TestSuiteExecutor.java:144)
	at com.kms.katalon.core.main.TestSuiteExecutor.execute(TestSuiteExecutor.java:106)
	at com.kms.katalon.core.main.TestCaseMain.startTestSuite(TestCaseMain.java:185)
	at com.kms.katalon.core.main.TestCaseMain$startTestSuite$0.call(Unknown Source)
	at TempTestSuite1656002563450.run(TempTestSuite1656002563450.groovy:36)
Caused by: com.kms.katalon.core.webui.exception.WebElementNotFoundException: Web element with id: 'Object Repository/1. Constant/xpath' located by '//*[@id="btnduplicatereference"]' not found
	at com.kms.katalon.core.webui.common.WebUiCommonHelper.findWebElement(WebUiCommonHelper.java:1370)
	at com.kms.katalon.core.webui.keyword.internal.WebUIAbstractKeyword.findWebElement(WebUIAbstractKeyword.groovy:27)
	at com.kms.katalon.core.webui.keyword.builtin.ClickKeyword$_click_closure1.doCall(ClickKeyword.groovy:65)
	at com.kms.katalon.core.webui.keyword.builtin.ClickKeyword$_click_closure1.call(ClickKeyword.groovy)
	at com.kms.katalon.core.webui.keyword.internal.WebUIKeywordMain.runKeyword(WebUIKeywordMain.groovy:20)
	at com.kms.katalon.core.webui.keyword.builtin.ClickKeyword.click(ClickKeyword.groovy:74)
	at com.kms.katalon.core.webui.keyword.builtin.ClickKeyword.execute(ClickKeyword.groovy:40)
	at com.kms.katalon.core.keyword.internal.KeywordExecutor.executeKeywordForPlatform(KeywordExecutor.groovy:74)
	at com.kms.katalon.core.webui.keyword.WebUiBuiltInKeywords.click(WebUiBuiltInKeywords.groovy:620)
	at com.kms.katalon.core.webui.keyword.WebUiBuiltInKeywords$click$4.call(Unknown Source)
	at Script1652273887548.run(Script1652273887548.groovy:72)
	... 13 more
)
[[ATTACHMENT|D:\\Projet Test Auto\\Mediabox Test Automation\\Reports\\20220623_184212\\03. Parallel Testing (Testing)\\TS -PT PART 3\\15.01 Sephora Duplication Standard\\20220623_184243\\1656021754646.png]]

2022-06-24 00:02:35 - [TEST_STEP][PASSED] - Start listener action : sampleAfterTestCase: null]]></system-out>
         <system-err><![CDATA[2022-06-24 00:01:15 - [TEST_CASE][FAILED] - Test Cases/20. Sephora_NPP Duplication Standard_ Duplication Shortcut/20.03 Sephora Duplication Standard_Existing_Project(Admin) - Used 20.01_20.02 (P3): Test Cases/20. Sephora_NPP Duplication Standard_ Duplication Shortcut/20.03 Sephora Duplication Standard_Existing_Project(Admin) - Used 20.01_20.02 (P3) FAILED.
Reason:
com.kms.katalon.core.exception.StepFailedException: Unable to click on object 'Object Repository/1. Constant/xpath'
	at com.kms.katalon.core.webui.keyword.internal.WebUIKeywordMain.stepFailed(WebUIKeywordMain.groovy:64)
	at com.kms.katalon.core.webui.keyword.internal.WebUIKeywordMain.runKeyword(WebUIKeywordMain.groovy:26)
	at com.kms.katalon.core.webui.keyword.builtin.ClickKeyword.click(ClickKeyword.groovy:74)
	at com.kms.katalon.core.webui.keyword.builtin.ClickKeyword.execute(ClickKeyword.groovy:40)
	at com.kms.katalon.core.keyword.internal.KeywordExecutor.executeKeywordForPlatform(KeywordExecutor.groovy:74)
	at com.kms.katalon.core.webui.keyword.WebUiBuiltInKeywords.click(WebUiBuiltInKeywords.groovy:620)
	at com.kms.katalon.core.webui.keyword.WebUiBuiltInKeywords$click$4.call(Unknown Source)
	at 20.03 Sephora Duplication Standard_Existing_Project(Admin) - Used 20.01_20.02 (P3).run(20.03 Sephora Duplication Standard_Existing_Project(Admin) - Used 20.01_20.02 (P3):72)
	at com.kms.katalon.core.main.ScriptEngine.run(ScriptEngine.java:194)
	at com.kms.katalon.core.main.ScriptEngine.runScriptAsRawText(ScriptEngine.java:119)
	at com.kms.katalon.core.main.TestCaseExecutor.runScript(TestCaseExecutor.java:445)
	at com.kms.katalon.core.main.TestCaseExecutor.doExecute(TestCaseExecutor.java:436)
	at com.kms.katalon.core.main.TestCaseExecutor.processExecutionPhase(TestCaseExecutor.java:415)
	at com.kms.katalon.core.main.TestCaseExecutor.accessMainPhase(TestCaseExecutor.java:407)
	at com.kms.katalon.core.main.TestCaseExecutor.execute(TestCaseExecutor.java:284)
	at com.kms.katalon.core.common.CommonExecutor.accessTestCaseMainPhase(CommonExecutor.java:65)
	at com.kms.katalon.core.main.TestSuiteExecutor.accessTestSuiteMainPhase(TestSuiteExecutor.java:144)
	at com.kms.katalon.core.main.TestSuiteExecutor.execute(TestSuiteExecutor.java:106)
	at com.kms.katalon.core.main.TestCaseMain.startTestSuite(TestCaseMain.java:185)
	at com.kms.katalon.core.main.TestCaseMain$startTestSuite$0.call(Unknown Source)
	at TempTestSuite1656002563450.run(TempTestSuite1656002563450.groovy:36)
Caused by: com.kms.katalon.core.webui.exception.WebElementNotFoundException: Web element with id: 'Object Repository/1. Constant/xpath' located by '//*[@id="btnduplicatereference"]' not found
	at com.kms.katalon.core.webui.common.WebUiCommonHelper.findWebElement(WebUiCommonHelper.java:1370)
	at com.kms.katalon.core.webui.keyword.internal.WebUIAbstractKeyword.findWebElement(WebUIAbstractKeyword.groovy:27)
	at com.kms.katalon.core.webui.keyword.builtin.ClickKeyword$_click_closure1.doCall(ClickKeyword.groovy:65)
	at com.kms.katalon.core.webui.keyword.builtin.ClickKeyword$_click_closure1.call(ClickKeyword.groovy)
	at com.kms.katalon.core.webui.keyword.internal.WebUIKeywordMain.runKeyword(WebUIKeywordMain.groovy:20)
	... 19 more]]></system-err>
      </testcase>
      <testcase name="Test Cases/20. Sephora_NPP Duplication Standard_ Duplication Shortcut/20.04 Sephora Duplication Standard_This_Project(DevFS) -Used 20.01 (P4)" time="82.473" classname="Test Cases/20. Sephora_NPP Duplication Standard_ Duplication Shortcut/20.04 Sephora Duplication Standard_This_Project(DevFS) -Used 20.01 (P4)" status="FAILED">
         <failure type="FAILED" message="Test Cases/20. Sephora_NPP Duplication Standard_ Duplication Shortcut/20.04 Sephora Duplication Standard_This_Project(DevFS) -Used 20.01 (P4) FAILED.
Reason:
com.kms.katalon.core.exception.StepFailedException: Unable to click on object 'Object Repository/1. Constant/xpath'
	at com.kms.katalon.core.webui.keyword.internal.WebUIKeywordMain.stepFailed(WebUIKeywordMain.groovy:64)
	at com.kms.katalon.core.webui.keyword.internal.WebUIKeywordMain.runKeyword(WebUIKeywordMain.groovy:26)
	at com.kms.katalon.core.webui.keyword.builtin.ClickKeyword.click(ClickKeyword.groovy:74)
	at com.kms.katalon.core.webui.keyword.builtin.ClickKeyword.execute(ClickKeyword.groovy:40)
	at com.kms.katalon.core.keyword.internal.KeywordExecutor.executeKeywordForPlatform(KeywordExecutor.groovy:74)
	at com.kms.katalon.core.webui.keyword.WebUiBuiltInKeywords.click(WebUiBuiltInKeywords.groovy:620)
	at com.kms.katalon.core.webui.keyword.WebUiBuiltInKeywords$click$4.call(Unknown Source)
	at 20.04 Sephora Duplication Standard_This_Project(DevFS) -Used 20.01 (P4).run(20.04 Sephora Duplication Standard_This_Project(DevFS) -Used 20.01 (P4):73)
	at com.kms.katalon.core.main.ScriptEngine.run(ScriptEngine.java:194)
	at com.kms.katalon.core.main.ScriptEngine.runScriptAsRawText(ScriptEngine.java:119)
	at com.kms.katalon.core.main.TestCaseExecutor.runScript(TestCaseExecutor.java:445)
	at com.kms.katalon.core.main.TestCaseExecutor.doExecute(TestCaseExecutor.java:436)
	at com.kms.katalon.core.main.TestCaseExecutor.processExecutionPhase(TestCaseExecutor.java:415)
	at com.kms.katalon.core.main.TestCaseExecutor.accessMainPhase(TestCaseExecutor.java:407)
	at com.kms.katalon.core.main.TestCaseExecutor.execute(TestCaseExecutor.java:284)
	at com.kms.katalon.core.common.CommonExecutor.accessTestCaseMainPhase(CommonExecutor.java:65)
	at com.kms.katalon.core.main.TestSuiteExecutor.accessTestSuiteMainPhase(TestSuiteExecutor.java:144)
	at com.kms.katalon.core.main.TestSuiteExecutor.execute(TestSuiteExecutor.java:106)
	at com.kms.katalon.core.main.TestCaseMain.startTestSuite(TestCaseMain.java:185)
	at com.kms.katalon.core.main.TestCaseMain$startTestSuite$0.call(Unknown Source)
	at TempTestSuite1656002563450.run(TempTestSuite1656002563450.groovy:36)
Caused by: com.kms.katalon.core.webui.exception.WebElementNotFoundException: Web element with id: 'Object Repository/1. Constant/xpath' located by '//*[@id=&quot;btnduplicatereference&quot;]' not found
	at com.kms.katalon.core.webui.common.WebUiCommonHelper.findWebElement(WebUiCommonHelper.java:1370)
	at com.kms.katalon.core.webui.keyword.internal.WebUIAbstractKeyword.findWebElement(WebUIAbstractKeyword.groovy:27)
	at com.kms.katalon.core.webui.keyword.builtin.ClickKeyword$_click_closure1.doCall(ClickKeyword.groovy:65)
	at com.kms.katalon.core.webui.keyword.builtin.ClickKeyword$_click_closure1.call(ClickKeyword.groovy)
	at com.kms.katalon.core.webui.keyword.internal.WebUIKeywordMain.runKeyword(WebUIKeywordMain.groovy:20)
	... 19 more
"/>
         <system-out><![CDATA[2022-06-24 00:02:35 - [TEST_CASE][FAILED] - Test Cases/20. Sephora_NPP Duplication Standard_ Duplication Shortcut/20.04 Sephora Duplication Standard_This_Project(DevFS) -Used 20.01 (P4): Test Cases/20. Sephora_NPP Duplication Standard_ Duplication Shortcut/20.04 Sephora Duplication Standard_This_Project(DevFS) -Used 20.01 (P4) FAILED.
Reason:
com.kms.katalon.core.exception.StepFailedException: Unable to click on object 'Object Repository/1. Constant/xpath'
	at com.kms.katalon.core.webui.keyword.internal.WebUIKeywordMain.stepFailed(WebUIKeywordMain.groovy:64)
	at com.kms.katalon.core.webui.keyword.internal.WebUIKeywordMain.runKeyword(WebUIKeywordMain.groovy:26)
	at com.kms.katalon.core.webui.keyword.builtin.ClickKeyword.click(ClickKeyword.groovy:74)
	at com.kms.katalon.core.webui.keyword.builtin.ClickKeyword.execute(ClickKeyword.groovy:40)
	at com.kms.katalon.core.keyword.internal.KeywordExecutor.executeKeywordForPlatform(KeywordExecutor.groovy:74)
	at com.kms.katalon.core.webui.keyword.WebUiBuiltInKeywords.click(WebUiBuiltInKeywords.groovy:620)
	at com.kms.katalon.core.webui.keyword.WebUiBuiltInKeywords$click$4.call(Unknown Source)
	at 20.04 Sephora Duplication Standard_This_Project(DevFS) -Used 20.01 (P4).run(20.04 Sephora Duplication Standard_This_Project(DevFS) -Used 20.01 (P4):73)
	at com.kms.katalon.core.main.ScriptEngine.run(ScriptEngine.java:194)
	at com.kms.katalon.core.main.ScriptEngine.runScriptAsRawText(ScriptEngine.java:119)
	at com.kms.katalon.core.main.TestCaseExecutor.runScript(TestCaseExecutor.java:445)
	at com.kms.katalon.core.main.TestCaseExecutor.doExecute(TestCaseExecutor.java:436)
	at com.kms.katalon.core.main.TestCaseExecutor.processExecutionPhase(TestCaseExecutor.java:415)
	at com.kms.katalon.core.main.TestCaseExecutor.accessMainPhase(TestCaseExecutor.java:407)
	at com.kms.katalon.core.main.TestCaseExecutor.execute(TestCaseExecutor.java:284)
	at com.kms.katalon.core.common.CommonExecutor.accessTestCaseMainPhase(CommonExecutor.java:65)
	at com.kms.katalon.core.main.TestSuiteExecutor.accessTestSuiteMainPhase(TestSuiteExecutor.java:144)
	at com.kms.katalon.core.main.TestSuiteExecutor.execute(TestSuiteExecutor.java:106)
	at com.kms.katalon.core.main.TestCaseMain.startTestSuite(TestCaseMain.java:185)
	at com.kms.katalon.core.main.TestCaseMain$startTestSuite$0.call(Unknown Source)
	at TempTestSuite1656002563450.run(TempTestSuite1656002563450.groovy:36)
Caused by: com.kms.katalon.core.webui.exception.WebElementNotFoundException: Web element with id: 'Object Repository/1. Constant/xpath' located by '//*[@id="btnduplicatereference"]' not found
	at com.kms.katalon.core.webui.common.WebUiCommonHelper.findWebElement(WebUiCommonHelper.java:1370)
	at com.kms.katalon.core.webui.keyword.internal.WebUIAbstractKeyword.findWebElement(WebUIAbstractKeyword.groovy:27)
	at com.kms.katalon.core.webui.keyword.builtin.ClickKeyword$_click_closure1.doCall(ClickKeyword.groovy:65)
	at com.kms.katalon.core.webui.keyword.builtin.ClickKeyword$_click_closure1.call(ClickKeyword.groovy)
	at com.kms.katalon.core.webui.keyword.internal.WebUIKeywordMain.runKeyword(WebUIKeywordMain.groovy:20)
	... 19 more


2022-06-24 00:02:35 - [TEST_STEP][PASSED] - data_Sephora = findTestData("Data Files/Username_Password/Sephora"): null

2022-06-24 00:02:35 - [TEST_STEP][PASSED] - password_atran = data_Sephora.getValue(2, 1): null

2022-06-24 00:02:35 - [TEST_STEP][PASSED] - password_marketing = data_Sephora.getValue(2, 2): null

2022-06-24 00:02:35 - [TEST_STEP][PASSED] - password_regulatory = data_Sephora.getValue(2, 3): null

2022-06-24 00:02:35 - [TEST_STEP][PASSED] - password_studio = data_Sephora.getValue(2, 4): null

2022-06-24 00:02:35 - [TEST_STEP][PASSED] - password_iraz = data_Sephora.getValue(2, 5): null

2022-06-24 00:02:35 - [TEST_STEP][PASSED] - password_cmouzawak = data_Sephora.getValue(2, 6): null

2022-06-24 00:02:35 - [TEST_STEP][PASSED] - password_aalbeaux = data_Sephora.getValue(2, 7): null

2022-06-24 00:02:35 - [TEST_STEP][PASSED] - password_hgarnier = data_Sephora.getValue(2, 8): null

2022-06-24 00:02:35 - [TEST_STEP][PASSED] - password_emartineau = data_Sephora.getValue(2, 9): null

2022-06-24 00:02:35 - [TEST_STEP][PASSED] - password_suser = data_Sephora.getValue(2, 10): null

2022-06-24 00:02:35 - [TEST_STEP][PASSED] - password_lmorel = data_Sephora.getValue(2, 11): null

2022-06-24 00:02:35 - [TEST_STEP][PASSED] - password_ageindreau = data_Sephora.getValue(2, 12): null

2022-06-24 00:02:35 - [TEST_STEP][PASSED] - password_ytallant = data_Sephora.getValue(2, 13): null

2022-06-24 00:02:35 - [TEST_STEP][PASSED] - data_urlRELAUTO = findTestData("Data Files/URL/URL_relauto"): null

2022-06-24 00:02:35 - [TEST_STEP][PASSED] - Url_Sephora = data_urlRELAUTO.getValue(2, 1): null

2022-06-24 00:02:35 - [TEST_STEP][PASSED] - Project_No = I.readnotepad("D:\Upoad_File\Projet_ Login\Sephora\20.01\20.01_Sephora_ProjectNo.txt"): null

2022-06-24 00:02:35 - [TEST_STEP][PASSED] - refID = I.readnotepad("D:\Upoad_File\Projet_ Login\Sephora\20.01\20.01_Sephora_refID.txt"): null

2022-06-24 00:02:35 - [TEST_STEP][PASSED] - ref_name1 = I.readnotepad("D:\Upoad_File\Projet_ Login\Sephora\20.01\20.01_Sephora_refIDName.txt"): null

2022-06-24 00:02:35 - [TEST_STEP][PASSED] - I.clearnotepad("D:\Upoad_File\Projet_ Login\Sephora\20.01\20.04_Sephora_refID3.txt"): null

2022-06-24 00:02:35 - [TEST_STEP][PASSED] - openBrowser(Url_Sephora): Browser is opened with url: 'http://mdb-release.diadeis.lan/MediaboxIndependence/?MBI_datasource=RELTESTAUTO_SEPHORA'

2022-06-24 00:02:35 - [MESSAGE][WARNING] - A browser is already opened. Closing browser and opening a new one

2022-06-24 00:02:39 - [MESSAGE][INFO] - Starting 'Chrome (headless)' driver

2022-06-24 00:02:39 - [MESSAGE][INFO] - User set preference: ['args', '[--window-size=1920,1080, --headless]']

2022-06-24 00:02:39 - [MESSAGE][INFO] - Action delay is set to 0 milliseconds

2022-06-24 00:02:49 - [MESSAGE][PASSED] - Browser is opened with url: 'http://mdb-release.diadeis.lan/MediaboxIndependence/?MBI_datasource=RELTESTAUTO_SEPHORA'

2022-06-24 00:02:49 - [TEST_STEP][PASSED] - maximizeWindow(): Current window maximized

2022-06-24 00:02:50 - [MESSAGE][PASSED] - Current window maximized

2022-06-24 00:02:50 - [TEST_STEP][PASSED] - I.Login_password("atran", password_atran): Object: 'Object Repository/1. Constant/xpath' is clicked on

2022-06-24 00:02:52 - [MESSAGE][PASSED] - Text 'atran' is set on object 'Object Repository/1. Constant/xpath'

2022-06-24 00:02:53 - [MESSAGE][PASSED] - Delayed 1 second(s)

2022-06-24 00:02:54 - [MESSAGE][PASSED] - Text 'dchi3' is set on object 'Object Repository/1. Constant/xpath'

2022-06-24 00:02:55 - [MESSAGE][PASSED] - Delayed 1 second(s)

2022-06-24 00:03:03 - [MESSAGE][PASSED] - Object: 'Object Repository/1. Constant/xpath' is clicked on

2022-06-24 00:03:03 - [TEST_STEP][PASSED] - click(findTestObject("1. Constant/02_LHSMenu_Projects")): Object: 'Object Repository/1. Constant/02_LHSMenu_Projects' is clicked on

2022-06-24 00:03:06 - [MESSAGE][PASSED] - Object: 'Object Repository/1. Constant/02_LHSMenu_Projects' is clicked on

2022-06-24 00:03:06 - [TEST_STEP][PASSED] - I.SearchProjectNo_xpath(Project_No, "//*[@id="keynum_project"]", "//*[@id="form_filters"]/div[4]/button"): Delayed 5 second(s)

2022-06-24 00:03:07 - [MESSAGE][PASSED] - Delayed 1 second(s)

2022-06-24 00:03:08 - [MESSAGE][PASSED] - Text '' is set on object 'Object Repository/1. Constant/xpath'

2022-06-24 00:03:11 - [MESSAGE][PASSED] - Delayed 3 second(s)

2022-06-24 00:03:12 - [MESSAGE][PASSED] - Scroll to object 'Object Repository/1. Constant/xpath' successfully

2022-06-24 00:03:20 - [MESSAGE][PASSED] - Object: 'Object Repository/1. Constant/xpath' is clicked on

2022-06-24 00:03:25 - [MESSAGE][PASSED] - Delayed 5 second(s)

2022-06-24 00:03:25 - [TEST_STEP][PASSED] - takeScreenshot(): Taking screenshot successfully

2022-06-24 00:03:25 - [MESSAGE][PASSED] - Taking screenshot successfully
[[ATTACHMENT|D:\\Projet Test Auto\\Mediabox Test Automation\\Reports\\20220623_184212\\03. Parallel Testing (Testing)\\TS -PT PART 3\\15.01 Sephora Duplication Standard\\20220623_184243\\1656021805672.png]]

2022-06-24 00:03:25 - [TEST_STEP][FAILED] - click(findTestObject("1. Constant/xpath", ["xpath":"//*[@id="btnduplicatereference"]"])): Unable to click on object 'Object Repository/1. Constant/xpath' (Root cause: com.kms.katalon.core.exception.StepFailedException: Unable to click on object 'Object Repository/1. Constant/xpath'
	at com.kms.katalon.core.webui.keyword.internal.WebUIKeywordMain.stepFailed(WebUIKeywordMain.groovy:64)
	at com.kms.katalon.core.webui.keyword.internal.WebUIKeywordMain.runKeyword(WebUIKeywordMain.groovy:26)
	at com.kms.katalon.core.webui.keyword.builtin.ClickKeyword.click(ClickKeyword.groovy:74)
	at com.kms.katalon.core.webui.keyword.builtin.ClickKeyword.execute(ClickKeyword.groovy:40)
	at com.kms.katalon.core.keyword.internal.KeywordExecutor.executeKeywordForPlatform(KeywordExecutor.groovy:74)
	at com.kms.katalon.core.webui.keyword.WebUiBuiltInKeywords.click(WebUiBuiltInKeywords.groovy:620)
	at com.kms.katalon.core.webui.keyword.WebUiBuiltInKeywords$click$4.call(Unknown Source)
	at 20.04 Sephora Duplication Standard_This_Project(DevFS) -Used 20.01 (P4).run(20.04 Sephora Duplication Standard_This_Project(DevFS) -Used 20.01 (P4):73)
	at com.kms.katalon.core.main.ScriptEngine.run(ScriptEngine.java:194)
	at com.kms.katalon.core.main.ScriptEngine.runScriptAsRawText(ScriptEngine.java:119)
	at com.kms.katalon.core.main.TestCaseExecutor.runScript(TestCaseExecutor.java:445)
	at com.kms.katalon.core.main.TestCaseExecutor.doExecute(TestCaseExecutor.java:436)
	at com.kms.katalon.core.main.TestCaseExecutor.processExecutionPhase(TestCaseExecutor.java:415)
	at com.kms.katalon.core.main.TestCaseExecutor.accessMainPhase(TestCaseExecutor.java:407)
	at com.kms.katalon.core.main.TestCaseExecutor.execute(TestCaseExecutor.java:284)
	at com.kms.katalon.core.common.CommonExecutor.accessTestCaseMainPhase(CommonExecutor.java:65)
	at com.kms.katalon.core.main.TestSuiteExecutor.accessTestSuiteMainPhase(TestSuiteExecutor.java:144)
	at com.kms.katalon.core.main.TestSuiteExecutor.execute(TestSuiteExecutor.java:106)
	at com.kms.katalon.core.main.TestCaseMain.startTestSuite(TestCaseMain.java:185)
	at com.kms.katalon.core.main.TestCaseMain$startTestSuite$0.call(Unknown Source)
	at TempTestSuite1656002563450.run(TempTestSuite1656002563450.groovy:36)
Caused by: com.kms.katalon.core.webui.exception.WebElementNotFoundException: Web element with id: 'Object Repository/1. Constant/xpath' located by '//*[@id="btnduplicatereference"]' not found
	at com.kms.katalon.core.webui.common.WebUiCommonHelper.findWebElement(WebUiCommonHelper.java:1370)
	at com.kms.katalon.core.webui.keyword.internal.WebUIAbstractKeyword.findWebElement(WebUIAbstractKeyword.groovy:27)
	at com.kms.katalon.core.webui.keyword.builtin.ClickKeyword$_click_closure1.doCall(ClickKeyword.groovy:65)
	at com.kms.katalon.core.webui.keyword.builtin.ClickKeyword$_click_closure1.call(ClickKeyword.groovy)
	at com.kms.katalon.core.webui.keyword.internal.WebUIKeywordMain.runKeyword(WebUIKeywordMain.groovy:20)
	at com.kms.katalon.core.webui.keyword.builtin.ClickKeyword.click(ClickKeyword.groovy:74)
	at com.kms.katalon.core.webui.keyword.builtin.ClickKeyword.execute(ClickKeyword.groovy:40)
	at com.kms.katalon.core.keyword.internal.KeywordExecutor.executeKeywordForPlatform(KeywordExecutor.groovy:74)
	at com.kms.katalon.core.webui.keyword.WebUiBuiltInKeywords.click(WebUiBuiltInKeywords.groovy:620)
	at com.kms.katalon.core.webui.keyword.WebUiBuiltInKeywords$click$4.call(Unknown Source)
	at Script1652273887556.run(Script1652273887556.groovy:73)
	... 13 more
)

2022-06-24 00:03:57 - [MESSAGE][INFO] - Unable to find the element located by 'By.xpath: //*[@id="btnduplicatereference"]'. Please recheck the objects properties to make sure the desired element is located. 

2022-06-24 00:03:57 - [MESSAGE][FAILED] - Unable to click on object 'Object Repository/1. Constant/xpath' (Root cause: com.kms.katalon.core.exception.StepFailedException: Unable to click on object 'Object Repository/1. Constant/xpath'
	at com.kms.katalon.core.webui.keyword.internal.WebUIKeywordMain.stepFailed(WebUIKeywordMain.groovy:64)
	at com.kms.katalon.core.webui.keyword.internal.WebUIKeywordMain.runKeyword(WebUIKeywordMain.groovy:26)
	at com.kms.katalon.core.webui.keyword.builtin.ClickKeyword.click(ClickKeyword.groovy:74)
	at com.kms.katalon.core.webui.keyword.builtin.ClickKeyword.execute(ClickKeyword.groovy:40)
	at com.kms.katalon.core.keyword.internal.KeywordExecutor.executeKeywordForPlatform(KeywordExecutor.groovy:74)
	at com.kms.katalon.core.webui.keyword.WebUiBuiltInKeywords.click(WebUiBuiltInKeywords.groovy:620)
	at com.kms.katalon.core.webui.keyword.WebUiBuiltInKeywords$click$4.call(Unknown Source)
	at 20.04 Sephora Duplication Standard_This_Project(DevFS) -Used 20.01 (P4).run(20.04 Sephora Duplication Standard_This_Project(DevFS) -Used 20.01 (P4):73)
	at com.kms.katalon.core.main.ScriptEngine.run(ScriptEngine.java:194)
	at com.kms.katalon.core.main.ScriptEngine.runScriptAsRawText(ScriptEngine.java:119)
	at com.kms.katalon.core.main.TestCaseExecutor.runScript(TestCaseExecutor.java:445)
	at com.kms.katalon.core.main.TestCaseExecutor.doExecute(TestCaseExecutor.java:436)
	at com.kms.katalon.core.main.TestCaseExecutor.processExecutionPhase(TestCaseExecutor.java:415)
	at com.kms.katalon.core.main.TestCaseExecutor.accessMainPhase(TestCaseExecutor.java:407)
	at com.kms.katalon.core.main.TestCaseExecutor.execute(TestCaseExecutor.java:284)
	at com.kms.katalon.core.common.CommonExecutor.accessTestCaseMainPhase(CommonExecutor.java:65)
	at com.kms.katalon.core.main.TestSuiteExecutor.accessTestSuiteMainPhase(TestSuiteExecutor.java:144)
	at com.kms.katalon.core.main.TestSuiteExecutor.execute(TestSuiteExecutor.java:106)
	at com.kms.katalon.core.main.TestCaseMain.startTestSuite(TestCaseMain.java:185)
	at com.kms.katalon.core.main.TestCaseMain$startTestSuite$0.call(Unknown Source)
	at TempTestSuite1656002563450.run(TempTestSuite1656002563450.groovy:36)
Caused by: com.kms.katalon.core.webui.exception.WebElementNotFoundException: Web element with id: 'Object Repository/1. Constant/xpath' located by '//*[@id="btnduplicatereference"]' not found
	at com.kms.katalon.core.webui.common.WebUiCommonHelper.findWebElement(WebUiCommonHelper.java:1370)
	at com.kms.katalon.core.webui.keyword.internal.WebUIAbstractKeyword.findWebElement(WebUIAbstractKeyword.groovy:27)
	at com.kms.katalon.core.webui.keyword.builtin.ClickKeyword$_click_closure1.doCall(ClickKeyword.groovy:65)
	at com.kms.katalon.core.webui.keyword.builtin.ClickKeyword$_click_closure1.call(ClickKeyword.groovy)
	at com.kms.katalon.core.webui.keyword.internal.WebUIKeywordMain.runKeyword(WebUIKeywordMain.groovy:20)
	at com.kms.katalon.core.webui.keyword.builtin.ClickKeyword.click(ClickKeyword.groovy:74)
	at com.kms.katalon.core.webui.keyword.builtin.ClickKeyword.execute(ClickKeyword.groovy:40)
	at com.kms.katalon.core.keyword.internal.KeywordExecutor.executeKeywordForPlatform(KeywordExecutor.groovy:74)
	at com.kms.katalon.core.webui.keyword.WebUiBuiltInKeywords.click(WebUiBuiltInKeywords.groovy:620)
	at com.kms.katalon.core.webui.keyword.WebUiBuiltInKeywords$click$4.call(Unknown Source)
	at Script1652273887556.run(Script1652273887556.groovy:73)
	... 13 more
)
[[ATTACHMENT|D:\\Projet Test Auto\\Mediabox Test Automation\\Reports\\20220623_184212\\03. Parallel Testing (Testing)\\TS -PT PART 3\\15.01 Sephora Duplication Standard\\20220623_184243\\1656021837087.png]]

2022-06-24 00:03:57 - [TEST_STEP][PASSED] - Start listener action : sampleAfterTestCase: null]]></system-out>
         <system-err><![CDATA[2022-06-24 00:02:35 - [TEST_CASE][FAILED] - Test Cases/20. Sephora_NPP Duplication Standard_ Duplication Shortcut/20.04 Sephora Duplication Standard_This_Project(DevFS) -Used 20.01 (P4): Test Cases/20. Sephora_NPP Duplication Standard_ Duplication Shortcut/20.04 Sephora Duplication Standard_This_Project(DevFS) -Used 20.01 (P4) FAILED.
Reason:
com.kms.katalon.core.exception.StepFailedException: Unable to click on object 'Object Repository/1. Constant/xpath'
	at com.kms.katalon.core.webui.keyword.internal.WebUIKeywordMain.stepFailed(WebUIKeywordMain.groovy:64)
	at com.kms.katalon.core.webui.keyword.internal.WebUIKeywordMain.runKeyword(WebUIKeywordMain.groovy:26)
	at com.kms.katalon.core.webui.keyword.builtin.ClickKeyword.click(ClickKeyword.groovy:74)
	at com.kms.katalon.core.webui.keyword.builtin.ClickKeyword.execute(ClickKeyword.groovy:40)
	at com.kms.katalon.core.keyword.internal.KeywordExecutor.executeKeywordForPlatform(KeywordExecutor.groovy:74)
	at com.kms.katalon.core.webui.keyword.WebUiBuiltInKeywords.click(WebUiBuiltInKeywords.groovy:620)
	at com.kms.katalon.core.webui.keyword.WebUiBuiltInKeywords$click$4.call(Unknown Source)
	at 20.04 Sephora Duplication Standard_This_Project(DevFS) -Used 20.01 (P4).run(20.04 Sephora Duplication Standard_This_Project(DevFS) -Used 20.01 (P4):73)
	at com.kms.katalon.core.main.ScriptEngine.run(ScriptEngine.java:194)
	at com.kms.katalon.core.main.ScriptEngine.runScriptAsRawText(ScriptEngine.java:119)
	at com.kms.katalon.core.main.TestCaseExecutor.runScript(TestCaseExecutor.java:445)
	at com.kms.katalon.core.main.TestCaseExecutor.doExecute(TestCaseExecutor.java:436)
	at com.kms.katalon.core.main.TestCaseExecutor.processExecutionPhase(TestCaseExecutor.java:415)
	at com.kms.katalon.core.main.TestCaseExecutor.accessMainPhase(TestCaseExecutor.java:407)
	at com.kms.katalon.core.main.TestCaseExecutor.execute(TestCaseExecutor.java:284)
	at com.kms.katalon.core.common.CommonExecutor.accessTestCaseMainPhase(CommonExecutor.java:65)
	at com.kms.katalon.core.main.TestSuiteExecutor.accessTestSuiteMainPhase(TestSuiteExecutor.java:144)
	at com.kms.katalon.core.main.TestSuiteExecutor.execute(TestSuiteExecutor.java:106)
	at com.kms.katalon.core.main.TestCaseMain.startTestSuite(TestCaseMain.java:185)
	at com.kms.katalon.core.main.TestCaseMain$startTestSuite$0.call(Unknown Source)
	at TempTestSuite1656002563450.run(TempTestSuite1656002563450.groovy:36)
Caused by: com.kms.katalon.core.webui.exception.WebElementNotFoundException: Web element with id: 'Object Repository/1. Constant/xpath' located by '//*[@id="btnduplicatereference"]' not found
	at com.kms.katalon.core.webui.common.WebUiCommonHelper.findWebElement(WebUiCommonHelper.java:1370)
	at com.kms.katalon.core.webui.keyword.internal.WebUIAbstractKeyword.findWebElement(WebUIAbstractKeyword.groovy:27)
	at com.kms.katalon.core.webui.keyword.builtin.ClickKeyword$_click_closure1.doCall(ClickKeyword.groovy:65)
	at com.kms.katalon.core.webui.keyword.builtin.ClickKeyword$_click_closure1.call(ClickKeyword.groovy)
	at com.kms.katalon.core.webui.keyword.internal.WebUIKeywordMain.runKeyword(WebUIKeywordMain.groovy:20)
	... 19 more]]></system-err>
      </testcase>
      <testcase name="Test Cases/20. Sephora_NPP Duplication Standard_ Duplication Shortcut/20.05 Sephora CloseProject_Errormsg_CreateButton - Used 20.04 (P5)" time="73.06" classname="Test Cases/20. Sephora_NPP Duplication Standard_ Duplication Shortcut/20.05 Sephora CloseProject_Errormsg_CreateButton - Used 20.04 (P5)" status="FAILED">
         <failure type="FAILED" message="Test Cases/20. Sephora_NPP Duplication Standard_ Duplication Shortcut/20.05 Sephora CloseProject_Errormsg_CreateButton - Used 20.04 (P5) FAILED.
Reason:
com.kms.katalon.core.exception.StepFailedException: Unable to click on object 'Object Repository/1. Constant/xpath'
	at com.kms.katalon.core.webui.keyword.internal.WebUIKeywordMain.stepFailed(WebUIKeywordMain.groovy:64)
	at com.kms.katalon.core.webui.keyword.internal.WebUIKeywordMain.runKeyword(WebUIKeywordMain.groovy:26)
	at com.kms.katalon.core.webui.keyword.builtin.ClickKeyword.click(ClickKeyword.groovy:74)
	at com.kms.katalon.core.webui.keyword.builtin.ClickKeyword.execute(ClickKeyword.groovy:40)
	at com.kms.katalon.core.keyword.internal.KeywordExecutor.executeKeywordForPlatform(KeywordExecutor.groovy:74)
	at com.kms.katalon.core.webui.keyword.WebUiBuiltInKeywords.click(WebUiBuiltInKeywords.groovy:620)
	at com.kms.katalon.core.webui.keyword.WebUiBuiltInKeywords$click$4.call(Unknown Source)
	at 20.05 Sephora CloseProject_Errormsg_CreateButton - Used 20.04 (P5).run(20.05 Sephora CloseProject_Errormsg_CreateButton - Used 20.04 (P5):64)
	at com.kms.katalon.core.main.ScriptEngine.run(ScriptEngine.java:194)
	at com.kms.katalon.core.main.ScriptEngine.runScriptAsRawText(ScriptEngine.java:119)
	at com.kms.katalon.core.main.TestCaseExecutor.runScript(TestCaseExecutor.java:445)
	at com.kms.katalon.core.main.TestCaseExecutor.doExecute(TestCaseExecutor.java:436)
	at com.kms.katalon.core.main.TestCaseExecutor.processExecutionPhase(TestCaseExecutor.java:415)
	at com.kms.katalon.core.main.TestCaseExecutor.accessMainPhase(TestCaseExecutor.java:407)
	at com.kms.katalon.core.main.TestCaseExecutor.execute(TestCaseExecutor.java:284)
	at com.kms.katalon.core.common.CommonExecutor.accessTestCaseMainPhase(CommonExecutor.java:65)
	at com.kms.katalon.core.main.TestSuiteExecutor.accessTestSuiteMainPhase(TestSuiteExecutor.java:144)
	at com.kms.katalon.core.main.TestSuiteExecutor.execute(TestSuiteExecutor.java:106)
	at com.kms.katalon.core.main.TestCaseMain.startTestSuite(TestCaseMain.java:185)
	at com.kms.katalon.core.main.TestCaseMain$startTestSuite$0.call(Unknown Source)
	at TempTestSuite1656002563450.run(TempTestSuite1656002563450.groovy:36)
Caused by: com.kms.katalon.core.webui.exception.WebElementNotFoundException: Web element with id: 'Object Repository/1. Constant/xpath' located by '//*[@id=&quot;source_&quot;]/td[7]/div/button' not found
	at com.kms.katalon.core.webui.common.WebUiCommonHelper.findWebElement(WebUiCommonHelper.java:1370)
	at com.kms.katalon.core.webui.keyword.internal.WebUIAbstractKeyword.findWebElement(WebUIAbstractKeyword.groovy:27)
	at com.kms.katalon.core.webui.keyword.builtin.ClickKeyword$_click_closure1.doCall(ClickKeyword.groovy:65)
	at com.kms.katalon.core.webui.keyword.builtin.ClickKeyword$_click_closure1.call(ClickKeyword.groovy)
	at com.kms.katalon.core.webui.keyword.internal.WebUIKeywordMain.runKeyword(WebUIKeywordMain.groovy:20)
	... 19 more
"/>
         <system-out><![CDATA[2022-06-24 00:03:57 - [TEST_CASE][FAILED] - Test Cases/20. Sephora_NPP Duplication Standard_ Duplication Shortcut/20.05 Sephora CloseProject_Errormsg_CreateButton - Used 20.04 (P5): Test Cases/20. Sephora_NPP Duplication Standard_ Duplication Shortcut/20.05 Sephora CloseProject_Errormsg_CreateButton - Used 20.04 (P5) FAILED.
Reason:
com.kms.katalon.core.exception.StepFailedException: Unable to click on object 'Object Repository/1. Constant/xpath'
	at com.kms.katalon.core.webui.keyword.internal.WebUIKeywordMain.stepFailed(WebUIKeywordMain.groovy:64)
	at com.kms.katalon.core.webui.keyword.internal.WebUIKeywordMain.runKeyword(WebUIKeywordMain.groovy:26)
	at com.kms.katalon.core.webui.keyword.builtin.ClickKeyword.click(ClickKeyword.groovy:74)
	at com.kms.katalon.core.webui.keyword.builtin.ClickKeyword.execute(ClickKeyword.groovy:40)
	at com.kms.katalon.core.keyword.internal.KeywordExecutor.executeKeywordForPlatform(KeywordExecutor.groovy:74)
	at com.kms.katalon.core.webui.keyword.WebUiBuiltInKeywords.click(WebUiBuiltInKeywords.groovy:620)
	at com.kms.katalon.core.webui.keyword.WebUiBuiltInKeywords$click$4.call(Unknown Source)
	at 20.05 Sephora CloseProject_Errormsg_CreateButton - Used 20.04 (P5).run(20.05 Sephora CloseProject_Errormsg_CreateButton - Used 20.04 (P5):64)
	at com.kms.katalon.core.main.ScriptEngine.run(ScriptEngine.java:194)
	at com.kms.katalon.core.main.ScriptEngine.runScriptAsRawText(ScriptEngine.java:119)
	at com.kms.katalon.core.main.TestCaseExecutor.runScript(TestCaseExecutor.java:445)
	at com.kms.katalon.core.main.TestCaseExecutor.doExecute(TestCaseExecutor.java:436)
	at com.kms.katalon.core.main.TestCaseExecutor.processExecutionPhase(TestCaseExecutor.java:415)
	at com.kms.katalon.core.main.TestCaseExecutor.accessMainPhase(TestCaseExecutor.java:407)
	at com.kms.katalon.core.main.TestCaseExecutor.execute(TestCaseExecutor.java:284)
	at com.kms.katalon.core.common.CommonExecutor.accessTestCaseMainPhase(CommonExecutor.java:65)
	at com.kms.katalon.core.main.TestSuiteExecutor.accessTestSuiteMainPhase(TestSuiteExecutor.java:144)
	at com.kms.katalon.core.main.TestSuiteExecutor.execute(TestSuiteExecutor.java:106)
	at com.kms.katalon.core.main.TestCaseMain.startTestSuite(TestCaseMain.java:185)
	at com.kms.katalon.core.main.TestCaseMain$startTestSuite$0.call(Unknown Source)
	at TempTestSuite1656002563450.run(TempTestSuite1656002563450.groovy:36)
Caused by: com.kms.katalon.core.webui.exception.WebElementNotFoundException: Web element with id: 'Object Repository/1. Constant/xpath' located by '//*[@id="source_"]/td[7]/div/button' not found
	at com.kms.katalon.core.webui.common.WebUiCommonHelper.findWebElement(WebUiCommonHelper.java:1370)
	at com.kms.katalon.core.webui.keyword.internal.WebUIAbstractKeyword.findWebElement(WebUIAbstractKeyword.groovy:27)
	at com.kms.katalon.core.webui.keyword.builtin.ClickKeyword$_click_closure1.doCall(ClickKeyword.groovy:65)
	at com.kms.katalon.core.webui.keyword.builtin.ClickKeyword$_click_closure1.call(ClickKeyword.groovy)
	at com.kms.katalon.core.webui.keyword.internal.WebUIKeywordMain.runKeyword(WebUIKeywordMain.groovy:20)
	... 19 more


2022-06-24 00:03:58 - [TEST_STEP][PASSED] - data_Sephora = findTestData("Data Files/Username_Password/Sephora"): null

2022-06-24 00:03:58 - [TEST_STEP][PASSED] - password_atran = data_Sephora.getValue(2, 1): null

2022-06-24 00:03:58 - [TEST_STEP][PASSED] - data_urlRELAUTO = findTestData("Data Files/URL/URL_relauto"): null

2022-06-24 00:03:58 - [TEST_STEP][PASSED] - Url_Sephora = data_urlRELAUTO.getValue(2, 1): null

2022-06-24 00:03:58 - [TEST_STEP][PASSED] - Project_No = I.readnotepad("D:\Upoad_File\Projet_ Login\Sephora\20.01\20.01_Sephora_ProjectNo.txt"): null

2022-06-24 00:03:58 - [TEST_STEP][PASSED] - refID = I.readnotepad("D:\Upoad_File\Projet_ Login\Sephora\20.01\20.01_Sephora_refID.txt"): null

2022-06-24 00:03:58 - [TEST_STEP][PASSED] - ref_name1 = I.readnotepad("D:\Upoad_File\Projet_ Login\Sephora\20.01\20.01_Sephora_refIDName.txt"): null

2022-06-24 00:03:58 - [TEST_STEP][PASSED] - refID2 = I.readnotepad("D:\Upoad_File\Projet_ Login\Sephora\20.01\20.04_Sephora_refID3.txt"): null

2022-06-24 00:03:58 - [TEST_STEP][PASSED] - openBrowser(Url_Sephora): Browser is opened with url: 'http://mdb-release.diadeis.lan/MediaboxIndependence/?MBI_datasource=RELTESTAUTO_SEPHORA'

2022-06-24 00:03:58 - [MESSAGE][WARNING] - A browser is already opened. Closing browser and opening a new one

2022-06-24 00:04:00 - [MESSAGE][INFO] - Starting 'Chrome (headless)' driver

2022-06-24 00:04:00 - [MESSAGE][INFO] - User set preference: ['args', '[--window-size=1920,1080, --headless]']

2022-06-24 00:04:00 - [MESSAGE][INFO] - Action delay is set to 0 milliseconds

2022-06-24 00:04:07 - [MESSAGE][PASSED] - Browser is opened with url: 'http://mdb-release.diadeis.lan/MediaboxIndependence/?MBI_datasource=RELTESTAUTO_SEPHORA'

2022-06-24 00:04:07 - [TEST_STEP][PASSED] - maximizeWindow(): Current window maximized

2022-06-24 00:04:07 - [MESSAGE][PASSED] - Current window maximized

2022-06-24 00:04:07 - [TEST_STEP][PASSED] - I.Login_password("atran", password_atran): Object: 'Object Repository/1. Constant/xpath' is clicked on

2022-06-24 00:04:09 - [MESSAGE][PASSED] - Text 'atran' is set on object 'Object Repository/1. Constant/xpath'

2022-06-24 00:04:10 - [MESSAGE][PASSED] - Delayed 1 second(s)

2022-06-24 00:04:10 - [MESSAGE][PASSED] - Text 'dchi3' is set on object 'Object Repository/1. Constant/xpath'

2022-06-24 00:04:11 - [MESSAGE][PASSED] - Delayed 1 second(s)

2022-06-24 00:04:18 - [MESSAGE][PASSED] - Object: 'Object Repository/1. Constant/xpath' is clicked on

2022-06-24 00:04:18 - [TEST_STEP][PASSED] - click(findTestObject("1. Constant/02_LHSMenu_Projects")): Object: 'Object Repository/1. Constant/02_LHSMenu_Projects' is clicked on

2022-06-24 00:04:22 - [MESSAGE][PASSED] - Object: 'Object Repository/1. Constant/02_LHSMenu_Projects' is clicked on

2022-06-24 00:04:22 - [TEST_STEP][PASSED] - I.SearchProjectNo_xpath(Project_No, "//*[@id="keynum_project"]", "//*[@id="form_filters"]/div[4]/button"): Delayed 5 second(s)

2022-06-24 00:04:23 - [MESSAGE][PASSED] - Delayed 1 second(s)

2022-06-24 00:04:24 - [MESSAGE][PASSED] - Text '' is set on object 'Object Repository/1. Constant/xpath'

2022-06-24 00:04:27 - [MESSAGE][PASSED] - Delayed 3 second(s)

2022-06-24 00:04:27 - [MESSAGE][PASSED] - Scroll to object 'Object Repository/1. Constant/xpath' successfully

2022-06-24 00:04:33 - [MESSAGE][PASSED] - Object: 'Object Repository/1. Constant/xpath' is clicked on

2022-06-24 00:04:38 - [MESSAGE][PASSED] - Delayed 5 second(s)

2022-06-24 00:04:38 - [TEST_STEP][PASSED] - takeScreenshot(): Taking screenshot successfully

2022-06-24 00:04:39 - [MESSAGE][PASSED] - Taking screenshot successfully
[[ATTACHMENT|D:\\Projet Test Auto\\Mediabox Test Automation\\Reports\\20220623_184212\\03. Parallel Testing (Testing)\\TS -PT PART 3\\15.01 Sephora Duplication Standard\\20220623_184243\\1656021878566.png]]

2022-06-24 00:04:39 - [TEST_STEP][FAILED] - click(findTestObject("1. Constant/xpath", ["xpath":"//*[@id="source_" + refID2 + ""]/td[7]/div/button"])): Unable to click on object 'Object Repository/1. Constant/xpath' (Root cause: com.kms.katalon.core.exception.StepFailedException: Unable to click on object 'Object Repository/1. Constant/xpath'
	at com.kms.katalon.core.webui.keyword.internal.WebUIKeywordMain.stepFailed(WebUIKeywordMain.groovy:64)
	at com.kms.katalon.core.webui.keyword.internal.WebUIKeywordMain.runKeyword(WebUIKeywordMain.groovy:26)
	at com.kms.katalon.core.webui.keyword.builtin.ClickKeyword.click(ClickKeyword.groovy:74)
	at com.kms.katalon.core.webui.keyword.builtin.ClickKeyword.execute(ClickKeyword.groovy:40)
	at com.kms.katalon.core.keyword.internal.KeywordExecutor.executeKeywordForPlatform(KeywordExecutor.groovy:74)
	at com.kms.katalon.core.webui.keyword.WebUiBuiltInKeywords.click(WebUiBuiltInKeywords.groovy:620)
	at com.kms.katalon.core.webui.keyword.WebUiBuiltInKeywords$click$4.call(Unknown Source)
	at 20.05 Sephora CloseProject_Errormsg_CreateButton - Used 20.04 (P5).run(20.05 Sephora CloseProject_Errormsg_CreateButton - Used 20.04 (P5):64)
	at com.kms.katalon.core.main.ScriptEngine.run(ScriptEngine.java:194)
	at com.kms.katalon.core.main.ScriptEngine.runScriptAsRawText(ScriptEngine.java:119)
	at com.kms.katalon.core.main.TestCaseExecutor.runScript(TestCaseExecutor.java:445)
	at com.kms.katalon.core.main.TestCaseExecutor.doExecute(TestCaseExecutor.java:436)
	at com.kms.katalon.core.main.TestCaseExecutor.processExecutionPhase(TestCaseExecutor.java:415)
	at com.kms.katalon.core.main.TestCaseExecutor.accessMainPhase(TestCaseExecutor.java:407)
	at com.kms.katalon.core.main.TestCaseExecutor.execute(TestCaseExecutor.java:284)
	at com.kms.katalon.core.common.CommonExecutor.accessTestCaseMainPhase(CommonExecutor.java:65)
	at com.kms.katalon.core.main.TestSuiteExecutor.accessTestSuiteMainPhase(TestSuiteExecutor.java:144)
	at com.kms.katalon.core.main.TestSuiteExecutor.execute(TestSuiteExecutor.java:106)
	at com.kms.katalon.core.main.TestCaseMain.startTestSuite(TestCaseMain.java:185)
	at com.kms.katalon.core.main.TestCaseMain$startTestSuite$0.call(Unknown Source)
	at TempTestSuite1656002563450.run(TempTestSuite1656002563450.groovy:36)
Caused by: com.kms.katalon.core.webui.exception.WebElementNotFoundException: Web element with id: 'Object Repository/1. Constant/xpath' located by '//*[@id="source_"]/td[7]/div/button' not found
	at com.kms.katalon.core.webui.common.WebUiCommonHelper.findWebElement(WebUiCommonHelper.java:1370)
	at com.kms.katalon.core.webui.keyword.internal.WebUIAbstractKeyword.findWebElement(WebUIAbstractKeyword.groovy:27)
	at com.kms.katalon.core.webui.keyword.builtin.ClickKeyword$_click_closure1.doCall(ClickKeyword.groovy:65)
	at com.kms.katalon.core.webui.keyword.builtin.ClickKeyword$_click_closure1.call(ClickKeyword.groovy)
	at com.kms.katalon.core.webui.keyword.internal.WebUIKeywordMain.runKeyword(WebUIKeywordMain.groovy:20)
	at com.kms.katalon.core.webui.keyword.builtin.ClickKeyword.click(ClickKeyword.groovy:74)
	at com.kms.katalon.core.webui.keyword.builtin.ClickKeyword.execute(ClickKeyword.groovy:40)
	at com.kms.katalon.core.keyword.internal.KeywordExecutor.executeKeywordForPlatform(KeywordExecutor.groovy:74)
	at com.kms.katalon.core.webui.keyword.WebUiBuiltInKeywords.click(WebUiBuiltInKeywords.groovy:620)
	at com.kms.katalon.core.webui.keyword.WebUiBuiltInKeywords$click$4.call(Unknown Source)
	at Script1652273887563.run(Script1652273887563.groovy:64)
	... 13 more
)

2022-06-24 00:05:10 - [MESSAGE][INFO] - Unable to find the element located by 'By.xpath: //*[@id="source_"]/td[7]/div/button'. Please recheck the objects properties to make sure the desired element is located. 

2022-06-24 00:05:10 - [MESSAGE][FAILED] - Unable to click on object 'Object Repository/1. Constant/xpath' (Root cause: com.kms.katalon.core.exception.StepFailedException: Unable to click on object 'Object Repository/1. Constant/xpath'
	at com.kms.katalon.core.webui.keyword.internal.WebUIKeywordMain.stepFailed(WebUIKeywordMain.groovy:64)
	at com.kms.katalon.core.webui.keyword.internal.WebUIKeywordMain.runKeyword(WebUIKeywordMain.groovy:26)
	at com.kms.katalon.core.webui.keyword.builtin.ClickKeyword.click(ClickKeyword.groovy:74)
	at com.kms.katalon.core.webui.keyword.builtin.ClickKeyword.execute(ClickKeyword.groovy:40)
	at com.kms.katalon.core.keyword.internal.KeywordExecutor.executeKeywordForPlatform(KeywordExecutor.groovy:74)
	at com.kms.katalon.core.webui.keyword.WebUiBuiltInKeywords.click(WebUiBuiltInKeywords.groovy:620)
	at com.kms.katalon.core.webui.keyword.WebUiBuiltInKeywords$click$4.call(Unknown Source)
	at 20.05 Sephora CloseProject_Errormsg_CreateButton - Used 20.04 (P5).run(20.05 Sephora CloseProject_Errormsg_CreateButton - Used 20.04 (P5):64)
	at com.kms.katalon.core.main.ScriptEngine.run(ScriptEngine.java:194)
	at com.kms.katalon.core.main.ScriptEngine.runScriptAsRawText(ScriptEngine.java:119)
	at com.kms.katalon.core.main.TestCaseExecutor.runScript(TestCaseExecutor.java:445)
	at com.kms.katalon.core.main.TestCaseExecutor.doExecute(TestCaseExecutor.java:436)
	at com.kms.katalon.core.main.TestCaseExecutor.processExecutionPhase(TestCaseExecutor.java:415)
	at com.kms.katalon.core.main.TestCaseExecutor.accessMainPhase(TestCaseExecutor.java:407)
	at com.kms.katalon.core.main.TestCaseExecutor.execute(TestCaseExecutor.java:284)
	at com.kms.katalon.core.common.CommonExecutor.accessTestCaseMainPhase(CommonExecutor.java:65)
	at com.kms.katalon.core.main.TestSuiteExecutor.accessTestSuiteMainPhase(TestSuiteExecutor.java:144)
	at com.kms.katalon.core.main.TestSuiteExecutor.execute(TestSuiteExecutor.java:106)
	at com.kms.katalon.core.main.TestCaseMain.startTestSuite(TestCaseMain.java:185)
	at com.kms.katalon.core.main.TestCaseMain$startTestSuite$0.call(Unknown Source)
	at TempTestSuite1656002563450.run(TempTestSuite1656002563450.groovy:36)
Caused by: com.kms.katalon.core.webui.exception.WebElementNotFoundException: Web element with id: 'Object Repository/1. Constant/xpath' located by '//*[@id="source_"]/td[7]/div/button' not found
	at com.kms.katalon.core.webui.common.WebUiCommonHelper.findWebElement(WebUiCommonHelper.java:1370)
	at com.kms.katalon.core.webui.keyword.internal.WebUIAbstractKeyword.findWebElement(WebUIAbstractKeyword.groovy:27)
	at com.kms.katalon.core.webui.keyword.builtin.ClickKeyword$_click_closure1.doCall(ClickKeyword.groovy:65)
	at com.kms.katalon.core.webui.keyword.builtin.ClickKeyword$_click_closure1.call(ClickKeyword.groovy)
	at com.kms.katalon.core.webui.keyword.internal.WebUIKeywordMain.runKeyword(WebUIKeywordMain.groovy:20)
	at com.kms.katalon.core.webui.keyword.builtin.ClickKeyword.click(ClickKeyword.groovy:74)
	at com.kms.katalon.core.webui.keyword.builtin.ClickKeyword.execute(ClickKeyword.groovy:40)
	at com.kms.katalon.core.keyword.internal.KeywordExecutor.executeKeywordForPlatform(KeywordExecutor.groovy:74)
	at com.kms.katalon.core.webui.keyword.WebUiBuiltInKeywords.click(WebUiBuiltInKeywords.groovy:620)
	at com.kms.katalon.core.webui.keyword.WebUiBuiltInKeywords$click$4.call(Unknown Source)
	at Script1652273887563.run(Script1652273887563.groovy:64)
	... 13 more
)
[[ATTACHMENT|D:\\Projet Test Auto\\Mediabox Test Automation\\Reports\\20220623_184212\\03. Parallel Testing (Testing)\\TS -PT PART 3\\15.01 Sephora Duplication Standard\\20220623_184243\\1656021910183.png]]

2022-06-24 00:05:10 - [TEST_STEP][PASSED] - Start listener action : sampleAfterTestCase: null]]></system-out>
         <system-err><![CDATA[2022-06-24 00:03:57 - [TEST_CASE][FAILED] - Test Cases/20. Sephora_NPP Duplication Standard_ Duplication Shortcut/20.05 Sephora CloseProject_Errormsg_CreateButton - Used 20.04 (P5): Test Cases/20. Sephora_NPP Duplication Standard_ Duplication Shortcut/20.05 Sephora CloseProject_Errormsg_CreateButton - Used 20.04 (P5) FAILED.
Reason:
com.kms.katalon.core.exception.StepFailedException: Unable to click on object 'Object Repository/1. Constant/xpath'
	at com.kms.katalon.core.webui.keyword.internal.WebUIKeywordMain.stepFailed(WebUIKeywordMain.groovy:64)
	at com.kms.katalon.core.webui.keyword.internal.WebUIKeywordMain.runKeyword(WebUIKeywordMain.groovy:26)
	at com.kms.katalon.core.webui.keyword.builtin.ClickKeyword.click(ClickKeyword.groovy:74)
	at com.kms.katalon.core.webui.keyword.builtin.ClickKeyword.execute(ClickKeyword.groovy:40)
	at com.kms.katalon.core.keyword.internal.KeywordExecutor.executeKeywordForPlatform(KeywordExecutor.groovy:74)
	at com.kms.katalon.core.webui.keyword.WebUiBuiltInKeywords.click(WebUiBuiltInKeywords.groovy:620)
	at com.kms.katalon.core.webui.keyword.WebUiBuiltInKeywords$click$4.call(Unknown Source)
	at 20.05 Sephora CloseProject_Errormsg_CreateButton - Used 20.04 (P5).run(20.05 Sephora CloseProject_Errormsg_CreateButton - Used 20.04 (P5):64)
	at com.kms.katalon.core.main.ScriptEngine.run(ScriptEngine.java:194)
	at com.kms.katalon.core.main.ScriptEngine.runScriptAsRawText(ScriptEngine.java:119)
	at com.kms.katalon.core.main.TestCaseExecutor.runScript(TestCaseExecutor.java:445)
	at com.kms.katalon.core.main.TestCaseExecutor.doExecute(TestCaseExecutor.java:436)
	at com.kms.katalon.core.main.TestCaseExecutor.processExecutionPhase(TestCaseExecutor.java:415)
	at com.kms.katalon.core.main.TestCaseExecutor.accessMainPhase(TestCaseExecutor.java:407)
	at com.kms.katalon.core.main.TestCaseExecutor.execute(TestCaseExecutor.java:284)
	at com.kms.katalon.core.common.CommonExecutor.accessTestCaseMainPhase(CommonExecutor.java:65)
	at com.kms.katalon.core.main.TestSuiteExecutor.accessTestSuiteMainPhase(TestSuiteExecutor.java:144)
	at com.kms.katalon.core.main.TestSuiteExecutor.execute(TestSuiteExecutor.java:106)
	at com.kms.katalon.core.main.TestCaseMain.startTestSuite(TestCaseMain.java:185)
	at com.kms.katalon.core.main.TestCaseMain$startTestSuite$0.call(Unknown Source)
	at TempTestSuite1656002563450.run(TempTestSuite1656002563450.groovy:36)
Caused by: com.kms.katalon.core.webui.exception.WebElementNotFoundException: Web element with id: 'Object Repository/1. Constant/xpath' located by '//*[@id="source_"]/td[7]/div/button' not found
	at com.kms.katalon.core.webui.common.WebUiCommonHelper.findWebElement(WebUiCommonHelper.java:1370)
	at com.kms.katalon.core.webui.keyword.internal.WebUIAbstractKeyword.findWebElement(WebUIAbstractKeyword.groovy:27)
	at com.kms.katalon.core.webui.keyword.builtin.ClickKeyword$_click_closure1.doCall(ClickKeyword.groovy:65)
	at com.kms.katalon.core.webui.keyword.builtin.ClickKeyword$_click_closure1.call(ClickKeyword.groovy)
	at com.kms.katalon.core.webui.keyword.internal.WebUIKeywordMain.runKeyword(WebUIKeywordMain.groovy:20)
	... 19 more]]></system-err>
      </testcase>
      <system-out><![CDATA[2022-06-23 23:51:25 - [TEST_SUITE][FAILED] - 15.01 Sephora Duplication Standard: Test Cases/20. Sephora_NPP Duplication Standard_ Duplication Shortcut/20.01 Sephora Duplication (Rights _Error Msg_Duplicate) - Will be used in 20.02 ( P1) FAILED.
Reason:
com.kms.katalon.core.exception.StepFailedException: Unable to get text of object 'Object Repository/1. Constant/xpath'
	at com.kms.katalon.core.webui.keyword.internal.WebUIKeywordMain.stepFailed(WebUIKeywordMain.groovy:64)
	at com.kms.katalon.core.webui.keyword.internal.WebUIKeywordMain.runKeyword(WebUIKeywordMain.groovy:26)
	at com.kms.katalon.core.webui.keyword.builtin.GetTextKeyword.getText(GetTextKeyword.groovy:88)
	at com.kms.katalon.core.webui.keyword.builtin.GetTextKeyword.execute(GetTextKeyword.groovy:67)
	at com.kms.katalon.core.keyword.internal.KeywordExecutor.executeKeywordForPlatform(KeywordExecutor.groovy:74)
	at com.kms.katalon.core.webui.keyword.WebUiBuiltInKeywords.getText(WebUiBuiltInKeywords.groovy:918)
	at com.kms.katalon.core.webui.keyword.WebUiBuiltInKeywords$getText$11.call(Unknown Source)
	at functions.I.VerifyMatchToastrmsg(I.groovy:455)
	at functions.I$VerifyMatchToastrmsg$6.call(Unknown Source)
	at 20.01 Sephora Duplication (Rights _Error Msg_Duplicate) - Will be used in 20.02 ( P1).run(20.01 Sephora Duplication (Rights _Error Msg_Duplicate) - Will be used in 20.02 ( P1):333)
	at com.kms.katalon.core.main.ScriptEngine.run(ScriptEngine.java:194)
	at com.kms.katalon.core.main.ScriptEngine.runScriptAsRawText(ScriptEngine.java:119)
	at com.kms.katalon.core.main.TestCaseExecutor.runScript(TestCaseExecutor.java:445)
	at com.kms.katalon.core.main.TestCaseExecutor.doExecute(TestCaseExecutor.java:436)
	at com.kms.katalon.core.main.TestCaseExecutor.processExecutionPhase(TestCaseExecutor.java:415)
	at com.kms.katalon.core.main.TestCaseExecutor.accessMainPhase(TestCaseExecutor.java:407)
	at com.kms.katalon.core.main.TestCaseExecutor.execute(TestCaseExecutor.java:284)
	at com.kms.katalon.core.common.CommonExecutor.accessTestCaseMainPhase(CommonExecutor.java:65)
	at com.kms.katalon.core.main.TestSuiteExecutor.accessTestSuiteMainPhase(TestSuiteExecutor.java:144)
	at com.kms.katalon.core.main.TestSuiteExecutor.execute(TestSuiteExecutor.java:106)
	at com.kms.katalon.core.main.TestCaseMain.startTestSuite(TestCaseMain.java:185)
	at com.kms.katalon.core.main.TestCaseMain$startTestSuite$0.call(Unknown Source)
	at TempTestSuite1656002563450.run(TempTestSuite1656002563450.groovy:36)
Caused by: org.openqa.selenium.StaleElementReferenceException: stale element reference: element is not attached to the page document
  (Session info: headless chrome=102.0.5005.115)
For documentation on this error, please visit: https://www.seleniumhq.org/exceptions/stale_element_reference.html
Build info: version: '3.141.59', revision: 'e82be7d358', time: '2018-11-14T08:25:53'
System info: host: 'DPF-MBI-VERIF', ip: '10.15.10.53', os.name: 'Windows 10', os.arch: 'amd64', os.version: '10.0', java.version: '1.8.0_181'
Driver info: com.kms.katalon.selenium.driver.CChromeDriver
Capabilities {acceptInsecureCerts: false, browserName: chrome, browserVersion: 102.0.5005.115, chrome: {chromedriverVersion: 101.0.4951.41 (93c720db8323..., userDataDir: C:\Users\lamhe\AppData\Loca...}, goog:chromeOptions: {debuggerAddress: localhost:63062}, javascriptEnabled: true, networkConnectionEnabled: false, pageLoadStrategy: normal, platform: WINDOWS, platformName: WINDOWS, proxy: Proxy(), setWindowRect: true, strictFileInteractability: false, timeouts: {implicit: 0, pageLoad: 300000, script: 30000}, unhandledPromptBehavior: dismiss and notify, webauthn:extension:credBlob: true, webauthn:extension:largeBlob: true, webauthn:virtualAuthenticators: true}
Session ID: d5c1954e1c7612daf36628ec77860f4e
	at org.openqa.selenium.remote.http.W3CHttpResponseCodec.createException(W3CHttpResponseCodec.java:187)
	at org.openqa.selenium.remote.http.W3CHttpResponseCodec.decode(W3CHttpResponseCodec.java:122)
	at org.openqa.selenium.remote.http.W3CHttpResponseCodec.decode(W3CHttpResponseCodec.java:49)
	at org.openqa.selenium.remote.HttpCommandExecutor.execute(HttpCommandExecutor.java:158)
	at org.openqa.selenium.remote.service.DriverCommandExecutor.execute(DriverCommandExecutor.java:83)
	at org.openqa.selenium.remote.RemoteWebDriver.execute(RemoteWebDriver.java:552)
	at com.kms.katalon.selenium.driver.CChromeDriver.execute(CChromeDriver.java:19)
	at org.openqa.selenium.remote.RemoteWebElement.execute(RemoteWebElement.java:285)
	at org.openqa.selenium.remote.RemoteWebElement.getText(RemoteWebElement.java:166)
	at org.openqa.selenium.support.events.EventFiringWebDriver$EventFiringWebElement.lambda$new$0(EventFiringWebDriver.java:404)
	at com.sun.proxy.$Proxy13.getText(Unknown Source)
	at org.openqa.selenium.support.events.EventFiringWebDriver$EventFiringWebElement.getText(EventFiringWebDriver.java:463)
	at com.kms.katalon.core.webui.keyword.builtin.GetTextKeyword$_getText_closure1.doCall(GetTextKeyword.groovy:80)
	at com.kms.katalon.core.webui.keyword.builtin.GetTextKeyword$_getText_closure1.call(GetTextKeyword.groovy)
	at com.kms.katalon.core.webui.keyword.internal.WebUIKeywordMain.runKeyword(WebUIKeywordMain.groovy:20)
	... 21 more]]></system-out>
      <system-err><![CDATA[2022-06-23 23:51:25 - [TEST_SUITE][FAILED] - 15.01 Sephora Duplication Standard: Test Cases/20. Sephora_NPP Duplication Standard_ Duplication Shortcut/20.01 Sephora Duplication (Rights _Error Msg_Duplicate) - Will be used in 20.02 ( P1) FAILED.
Reason:
com.kms.katalon.core.exception.StepFailedException: Unable to get text of object 'Object Repository/1. Constant/xpath'
	at com.kms.katalon.core.webui.keyword.internal.WebUIKeywordMain.stepFailed(WebUIKeywordMain.groovy:64)
	at com.kms.katalon.core.webui.keyword.internal.WebUIKeywordMain.runKeyword(WebUIKeywordMain.groovy:26)
	at com.kms.katalon.core.webui.keyword.builtin.GetTextKeyword.getText(GetTextKeyword.groovy:88)
	at com.kms.katalon.core.webui.keyword.builtin.GetTextKeyword.execute(GetTextKeyword.groovy:67)
	at com.kms.katalon.core.keyword.internal.KeywordExecutor.executeKeywordForPlatform(KeywordExecutor.groovy:74)
	at com.kms.katalon.core.webui.keyword.WebUiBuiltInKeywords.getText(WebUiBuiltInKeywords.groovy:918)
	at com.kms.katalon.core.webui.keyword.WebUiBuiltInKeywords$getText$11.call(Unknown Source)
	at functions.I.VerifyMatchToastrmsg(I.groovy:455)
	at functions.I$VerifyMatchToastrmsg$6.call(Unknown Source)
	at 20.01 Sephora Duplication (Rights _Error Msg_Duplicate) - Will be used in 20.02 ( P1).run(20.01 Sephora Duplication (Rights _Error Msg_Duplicate) - Will be used in 20.02 ( P1):333)
	at com.kms.katalon.core.main.ScriptEngine.run(ScriptEngine.java:194)
	at com.kms.katalon.core.main.ScriptEngine.runScriptAsRawText(ScriptEngine.java:119)
	at com.kms.katalon.core.main.TestCaseExecutor.runScript(TestCaseExecutor.java:445)
	at com.kms.katalon.core.main.TestCaseExecutor.doExecute(TestCaseExecutor.java:436)
	at com.kms.katalon.core.main.TestCaseExecutor.processExecutionPhase(TestCaseExecutor.java:415)
	at com.kms.katalon.core.main.TestCaseExecutor.accessMainPhase(TestCaseExecutor.java:407)
	at com.kms.katalon.core.main.TestCaseExecutor.execute(TestCaseExecutor.java:284)
	at com.kms.katalon.core.common.CommonExecutor.accessTestCaseMainPhase(CommonExecutor.java:65)
	at com.kms.katalon.core.main.TestSuiteExecutor.accessTestSuiteMainPhase(TestSuiteExecutor.java:144)
	at com.kms.katalon.core.main.TestSuiteExecutor.execute(TestSuiteExecutor.java:106)
	at com.kms.katalon.core.main.TestCaseMain.startTestSuite(TestCaseMain.java:185)
	at com.kms.katalon.core.main.TestCaseMain$startTestSuite$0.call(Unknown Source)
	at TempTestSuite1656002563450.run(TempTestSuite1656002563450.groovy:36)
Caused by: org.openqa.selenium.StaleElementReferenceException: stale element reference: element is not attached to the page document
  (Session info: headless chrome=102.0.5005.115)
For documentation on this error, please visit: https://www.seleniumhq.org/exceptions/stale_element_reference.html
Build info: version: '3.141.59', revision: 'e82be7d358', time: '2018-11-14T08:25:53'
System info: host: 'DPF-MBI-VERIF', ip: '10.15.10.53', os.name: 'Windows 10', os.arch: 'amd64', os.version: '10.0', java.version: '1.8.0_181'
Driver info: com.kms.katalon.selenium.driver.CChromeDriver
Capabilities {acceptInsecureCerts: false, browserName: chrome, browserVersion: 102.0.5005.115, chrome: {chromedriverVersion: 101.0.4951.41 (93c720db8323..., userDataDir: C:\Users\lamhe\AppData\Loca...}, goog:chromeOptions: {debuggerAddress: localhost:63062}, javascriptEnabled: true, networkConnectionEnabled: false, pageLoadStrategy: normal, platform: WINDOWS, platformName: WINDOWS, proxy: Proxy(), setWindowRect: true, strictFileInteractability: false, timeouts: {implicit: 0, pageLoad: 300000, script: 30000}, unhandledPromptBehavior: dismiss and notify, webauthn:extension:credBlob: true, webauthn:extension:largeBlob: true, webauthn:virtualAuthenticators: true}
Session ID: d5c1954e1c7612daf36628ec77860f4e
	at org.openqa.selenium.remote.http.W3CHttpResponseCodec.createException(W3CHttpResponseCodec.java:187)
	at org.openqa.selenium.remote.http.W3CHttpResponseCodec.decode(W3CHttpResponseCodec.java:122)
	at org.openqa.selenium.remote.http.W3CHttpResponseCodec.decode(W3CHttpResponseCodec.java:49)
	at org.openqa.selenium.remote.HttpCommandExecutor.execute(HttpCommandExecutor.java:158)
	at org.openqa.selenium.remote.service.DriverCommandExecutor.execute(DriverCommandExecutor.java:83)
	at org.openqa.selenium.remote.RemoteWebDriver.execute(RemoteWebDriver.java:552)
	at com.kms.katalon.selenium.driver.CChromeDriver.execute(CChromeDriver.java:19)
	at org.openqa.selenium.remote.RemoteWebElement.execute(RemoteWebElement.java:285)
	at org.openqa.selenium.remote.RemoteWebElement.getText(RemoteWebElement.java:166)
	at org.openqa.selenium.support.events.EventFiringWebDriver$EventFiringWebElement.lambda$new$0(EventFiringWebDriver.java:404)
	at com.sun.proxy.$Proxy13.getText(Unknown Source)
	at org.openqa.selenium.support.events.EventFiringWebDriver$EventFiringWebElement.getText(EventFiringWebDriver.java:463)
	at com.kms.katalon.core.webui.keyword.builtin.GetTextKeyword$_getText_closure1.doCall(GetTextKeyword.groovy:80)
	at com.kms.katalon.core.webui.keyword.builtin.GetTextKeyword$_getText_closure1.call(GetTextKeyword.groovy)
	at com.kms.katalon.core.webui.keyword.internal.WebUIKeywordMain.runKeyword(WebUIKeywordMain.groovy:20)
	... 21 more]]></system-err>
   </testsuite>
</testsuites>
