<?xml version="1.0" encoding="UTF-8"?>
<testsuites name="01.Tag_Sephora Login and Creation user" time="829.272" tests="7" failures="0" errors="0">
   <testsuite name="01.Tag_Sephora Login and Creation user" tests="7" failures="0" errors="0" time="829.272" skipped="0" timestamp="2022-06-23 16:13:35" hostname="lamhe - DPF-MBI-VERIF.ad.sgsco.int" id="Test Suites/03. Parallel Testing (Testing)/TS -PT PART 3/01.Tag_Sephora Login and Creation user">
      <properties>
         <property name="deviceName" value=""/>
         <property name="devicePlatform" value=""/>
         <property name="logFolder" value="D:\\Projet Test Auto\\Mediabox Test Automation\\Reports\\20220623_161321\\03. Parallel Testing (Testing)\\TS -PT PART 3\\01.Tag_Sephora Login and Creation user\\20220623_161322"/>
         <property name="logFiles" value="D:\\Projet Test Auto\\Mediabox Test Automation\\Reports\\20220623_161321\\03. Parallel Testing (Testing)\\TS -PT PART 3\\01.Tag_Sephora Login and Creation user\\20220623_161322\\execution0.log"/>
         <property name="attachments" value="D:\\Projet Test Auto\\Mediabox Test Automation\\Reports\\20220623_161321\\03. Parallel Testing (Testing)\\TS -PT PART 3\\01.Tag_Sephora Login and Creation user\\20220623_161322\\1655993644182.png, D:\\Projet Test Auto\\Mediabox Test Automation\\Reports\\20220623_161321\\03. Parallel Testing (Testing)\\TS -PT PART 3\\01.Tag_Sephora Login and Creation user\\20220623_161322\\1655993645321.png, D:\\Projet Test Auto\\Mediabox Test Automation\\Reports\\20220623_161321\\03. Parallel Testing (Testing)\\TS -PT PART 3\\01.Tag_Sephora Login and Creation user\\20220623_161322\\1655993673171.png, D:\\Projet Test Auto\\Mediabox Test Automation\\Reports\\20220623_161321\\03. Parallel Testing (Testing)\\TS -PT PART 3\\01.Tag_Sephora Login and Creation user\\20220623_161322\\1655993843992.png, D:\\Projet Test Auto\\Mediabox Test Automation\\Reports\\20220623_161321\\03. Parallel Testing (Testing)\\TS -PT PART 3\\01.Tag_Sephora Login and Creation user\\20220623_161322\\1655993934143.png, D:\\Projet Test Auto\\Mediabox Test Automation\\Reports\\20220623_161321\\03. Parallel Testing (Testing)\\TS -PT PART 3\\01.Tag_Sephora Login and Creation user\\20220623_161322\\1655993934679.png, D:\\Projet Test Auto\\Mediabox Test Automation\\Reports\\20220623_161321\\03. Parallel Testing (Testing)\\TS -PT PART 3\\01.Tag_Sephora Login and Creation user\\20220623_161322\\1655993935086.png, D:\\Projet Test Auto\\Mediabox Test Automation\\Reports\\20220623_161321\\03. Parallel Testing (Testing)\\TS -PT PART 3\\01.Tag_Sephora Login and Creation user\\20220623_161322\\1655993935735.png, D:\\Projet Test Auto\\Mediabox Test Automation\\Reports\\20220623_161321\\03. Parallel Testing (Testing)\\TS -PT PART 3\\01.Tag_Sephora Login and Creation user\\20220623_161322\\1655993936145.png, D:\\Projet Test Auto\\Mediabox Test Automation\\Reports\\20220623_161321\\03. Parallel Testing (Testing)\\TS -PT PART 3\\01.Tag_Sephora Login and Creation user\\20220623_161322\\1655993936733.png, D:\\Projet Test Auto\\Mediabox Test Automation\\Reports\\20220623_161321\\03. Parallel Testing (Testing)\\TS -PT PART 3\\01.Tag_Sephora Login and Creation user\\20220623_161322\\1655993937382.png, D:\\Projet Test Auto\\Mediabox Test Automation\\Reports\\20220623_161321\\03. Parallel Testing (Testing)\\TS -PT PART 3\\01.Tag_Sephora Login and Creation user\\20220623_161322\\1655993938370.png, D:\\Projet Test Auto\\Mediabox Test Automation\\Reports\\20220623_161321\\03. Parallel Testing (Testing)\\TS -PT PART 3\\01.Tag_Sephora Login and Creation user\\20220623_161322\\1655993946381.png, D:\\Projet Test Auto\\Mediabox Test Automation\\Reports\\20220623_161321\\03. Parallel Testing (Testing)\\TS -PT PART 3\\01.Tag_Sephora Login and Creation user\\20220623_161322\\1655993952084.png, D:\\Projet Test Auto\\Mediabox Test Automation\\Reports\\20220623_161321\\03. Parallel Testing (Testing)\\TS -PT PART 3\\01.Tag_Sephora Login and Creation user\\20220623_161322\\1655993957455.png, D:\\Projet Test Auto\\Mediabox Test Automation\\Reports\\20220623_161321\\03. Parallel Testing (Testing)\\TS -PT PART 3\\01.Tag_Sephora Login and Creation user\\20220623_161322\\1655993979070.png, D:\\Projet Test Auto\\Mediabox Test Automation\\Reports\\20220623_161321\\03. Parallel Testing (Testing)\\TS -PT PART 3\\01.Tag_Sephora Login and Creation user\\20220623_161322\\1655993980257.png, D:\\Projet Test Auto\\Mediabox Test Automation\\Reports\\20220623_161321\\03. Parallel Testing (Testing)\\TS -PT PART 3\\01.Tag_Sephora Login and Creation user\\20220623_161322\\1655993984867.png, D:\\Projet Test Auto\\Mediabox Test Automation\\Reports\\20220623_161321\\03. Parallel Testing (Testing)\\TS -PT PART 3\\01.Tag_Sephora Login and Creation user\\20220623_161322\\1655993989423.png, D:\\Projet Test Auto\\Mediabox Test Automation\\Reports\\20220623_161321\\03. Parallel Testing (Testing)\\TS -PT PART 3\\01.Tag_Sephora Login and Creation user\\20220623_161322\\1655993996873.png, D:\\Projet Test Auto\\Mediabox Test Automation\\Reports\\20220623_161321\\03. Parallel Testing (Testing)\\TS -PT PART 3\\01.Tag_Sephora Login and Creation user\\20220623_161322\\1655994002758.png, D:\\Projet Test Auto\\Mediabox Test Automation\\Reports\\20220623_161321\\03. Parallel Testing (Testing)\\TS -PT PART 3\\01.Tag_Sephora Login and Creation user\\20220623_161322\\1655994010553.png, D:\\Projet Test Auto\\Mediabox Test Automation\\Reports\\20220623_161321\\03. Parallel Testing (Testing)\\TS -PT PART 3\\01.Tag_Sephora Login and Creation user\\20220623_161322\\1655994021237.png, D:\\Projet Test Auto\\Mediabox Test Automation\\Reports\\20220623_161321\\03. Parallel Testing (Testing)\\TS -PT PART 3\\01.Tag_Sephora Login and Creation user\\20220623_161322\\1655994060782.png, D:\\Projet Test Auto\\Mediabox Test Automation\\Reports\\20220623_161321\\03. Parallel Testing (Testing)\\TS -PT PART 3\\01.Tag_Sephora Login and Creation user\\20220623_161322\\1655994070534.png, D:\\Projet Test Auto\\Mediabox Test Automation\\Reports\\20220623_161321\\03. Parallel Testing (Testing)\\TS -PT PART 3\\01.Tag_Sephora Login and Creation user\\20220623_161322\\1655994071455.png, D:\\Projet Test Auto\\Mediabox Test Automation\\Reports\\20220623_161321\\03. Parallel Testing (Testing)\\TS -PT PART 3\\01.Tag_Sephora Login and Creation user\\20220623_161322\\1655994082930.png, D:\\Projet Test Auto\\Mediabox Test Automation\\Reports\\20220623_161321\\03. Parallel Testing (Testing)\\TS -PT PART 3\\01.Tag_Sephora Login and Creation user\\20220623_161322\\1655994085153.png, D:\\Projet Test Auto\\Mediabox Test Automation\\Reports\\20220623_161321\\03. Parallel Testing (Testing)\\TS -PT PART 3\\01.Tag_Sephora Login and Creation user\\20220623_161322\\1655994085516.png, D:\\Projet Test Auto\\Mediabox Test Automation\\Reports\\20220623_161321\\03. Parallel Testing (Testing)\\TS -PT PART 3\\01.Tag_Sephora Login and Creation user\\20220623_161322\\1655994088783.png, D:\\Projet Test Auto\\Mediabox Test Automation\\Reports\\20220623_161321\\03. Parallel Testing (Testing)\\TS -PT PART 3\\01.Tag_Sephora Login and Creation user\\20220623_161322\\1655994089217.png, D:\\Projet Test Auto\\Mediabox Test Automation\\Reports\\20220623_161321\\03. Parallel Testing (Testing)\\TS -PT PART 3\\01.Tag_Sephora Login and Creation user\\20220623_161322\\1655994092085.png, D:\\Projet Test Auto\\Mediabox Test Automation\\Reports\\20220623_161321\\03. Parallel Testing (Testing)\\TS -PT PART 3\\01.Tag_Sephora Login and Creation user\\20220623_161322\\1655994092776.png, D:\\Projet Test Auto\\Mediabox Test Automation\\Reports\\20220623_161321\\03. Parallel Testing (Testing)\\TS -PT PART 3\\01.Tag_Sephora Login and Creation user\\20220623_161322\\1655994095311.png, D:\\Projet Test Auto\\Mediabox Test Automation\\Reports\\20220623_161321\\03. Parallel Testing (Testing)\\TS -PT PART 3\\01.Tag_Sephora Login and Creation user\\20220623_161322\\1655994105530.png, D:\\Projet Test Auto\\Mediabox Test Automation\\Reports\\20220623_161321\\03. Parallel Testing (Testing)\\TS -PT PART 3\\01.Tag_Sephora Login and Creation user\\20220623_161322\\1655994110405.png, D:\\Projet Test Auto\\Mediabox Test Automation\\Reports\\20220623_161321\\03. Parallel Testing (Testing)\\TS -PT PART 3\\01.Tag_Sephora Login and Creation user\\20220623_161322\\1655994141500.png, D:\\Projet Test Auto\\Mediabox Test Automation\\Reports\\20220623_161321\\03. Parallel Testing (Testing)\\TS -PT PART 3\\01.Tag_Sephora Login and Creation user\\20220623_161322\\1655994168602.png, D:\\Projet Test Auto\\Mediabox Test Automation\\Reports\\20220623_161321\\03. Parallel Testing (Testing)\\TS -PT PART 3\\01.Tag_Sephora Login and Creation user\\20220623_161322\\1655994183299.png, D:\\Projet Test Auto\\Mediabox Test Automation\\Reports\\20220623_161321\\03. Parallel Testing (Testing)\\TS -PT PART 3\\01.Tag_Sephora Login and Creation user\\20220623_161322\\1655994196594.png, D:\\Projet Test Auto\\Mediabox Test Automation\\Reports\\20220623_161321\\03. Parallel Testing (Testing)\\TS -PT PART 3\\01.Tag_Sephora Login and Creation user\\20220623_161322\\1655994203641.png, D:\\Projet Test Auto\\Mediabox Test Automation\\Reports\\20220623_161321\\03. Parallel Testing (Testing)\\TS -PT PART 3\\01.Tag_Sephora Login and Creation user\\20220623_161322\\1655994211881.png, D:\\Projet Test Auto\\Mediabox Test Automation\\Reports\\20220623_161321\\03. Parallel Testing (Testing)\\TS -PT PART 3\\01.Tag_Sephora Login and Creation user\\20220623_161322\\1655994227541.png, D:\\Projet Test Auto\\Mediabox Test Automation\\Reports\\20220623_161321\\03. Parallel Testing (Testing)\\TS -PT PART 3\\01.Tag_Sephora Login and Creation user\\20220623_161322\\1655994244977.png, D:\\Projet Test Auto\\Mediabox Test Automation\\Reports\\20220623_161321\\03. Parallel Testing (Testing)\\TS -PT PART 3\\01.Tag_Sephora Login and Creation user\\20220623_161322\\1655994245605.png, D:\\Projet Test Auto\\Mediabox Test Automation\\Reports\\20220623_161321\\03. Parallel Testing (Testing)\\TS -PT PART 3\\01.Tag_Sephora Login and Creation user\\20220623_161322\\1655994263315.png, D:\\Projet Test Auto\\Mediabox Test Automation\\Reports\\20220623_161321\\03. Parallel Testing (Testing)\\TS -PT PART 3\\01.Tag_Sephora Login and Creation user\\20220623_161322\\1655994265237.png, D:\\Projet Test Auto\\Mediabox Test Automation\\Reports\\20220623_161321\\03. Parallel Testing (Testing)\\TS -PT PART 3\\01.Tag_Sephora Login and Creation user\\20220623_161322\\1655994286862.png, D:\\Projet Test Auto\\Mediabox Test Automation\\Reports\\20220623_161321\\03. Parallel Testing (Testing)\\TS -PT PART 3\\01.Tag_Sephora Login and Creation user\\20220623_161322\\1655994287571.png, D:\\Projet Test Auto\\Mediabox Test Automation\\Reports\\20220623_161321\\03. Parallel Testing (Testing)\\TS -PT PART 3\\01.Tag_Sephora Login and Creation user\\20220623_161322\\1655994307042.png, D:\\Projet Test Auto\\Mediabox Test Automation\\Reports\\20220623_161321\\03. Parallel Testing (Testing)\\TS -PT PART 3\\01.Tag_Sephora Login and Creation user\\20220623_161322\\1655994326602.png, D:\\Projet Test Auto\\Mediabox Test Automation\\Reports\\20220623_161321\\03. Parallel Testing (Testing)\\TS -PT PART 3\\01.Tag_Sephora Login and Creation user\\20220623_161322\\1655994346778.png, D:\\Projet Test Auto\\Mediabox Test Automation\\Reports\\20220623_161321\\03. Parallel Testing (Testing)\\TS -PT PART 3\\01.Tag_Sephora Login and Creation user\\20220623_161322\\1655994355232.png, D:\\Projet Test Auto\\Mediabox Test Automation\\Reports\\20220623_161321\\03. Parallel Testing (Testing)\\TS -PT PART 3\\01.Tag_Sephora Login and Creation user\\20220623_161322\\1655994355985.png, D:\\Projet Test Auto\\Mediabox Test Automation\\Reports\\20220623_161321\\03. Parallel Testing (Testing)\\TS -PT PART 3\\01.Tag_Sephora Login and Creation user\\20220623_161322\\1655994375493.png, D:\\Projet Test Auto\\Mediabox Test Automation\\Reports\\20220623_161321\\03. Parallel Testing (Testing)\\TS -PT PART 3\\01.Tag_Sephora Login and Creation user\\20220623_161322\\1655994432580.png"/>
         <property name="hostName" value="lamhe - DPF-MBI-VERIF.ad.sgsco.int"/>
         <property name="os" value="Windows 10 64bit"/>
         <property name="katalonVersion" value="8.3.0.208"/>
         <property name="browser" value="Chrome 102.0.5005.115"/>
         <property name="hostAddress" value="10.15.10.53"/>
         <property name="sessionId" value="a77e0c91f1cf74ad1560416fd5ea19e0"/>
         <property name="seleniumVersion" value="3.141.59"/>
         <property name="proxyInformation" value="ProxyInformation { proxyOption=NO_PROXY, proxyServerType=HTTP, username=, password=********, proxyServerAddress=, proxyServerPort=0, executionList=&quot;&quot;, isApplyToDesiredCapabilities=true }"/>
         <property name="platform" value="Windows 10"/>
      </properties>
      <testcase name="Test Cases/02. Sephora_Starpack User management/2.02 Création de compte (avec parametre) (Need verification email 6.01)" time="280.198" classname="Test Cases/02. Sephora_Starpack User management/2.02 Création de compte (avec parametre) (Need verification email 6.01)" status="PASSED">
         <system-out><![CDATA[2022-06-23 16:13:36 - [TEST_CASE][PASSED] - Test Cases/02. Sephora_Starpack User management/2.02 Création de compte (avec parametre) (Need verification email 6.01): Test Cases/02. Sephora_Starpack User management/2.02 Création de compte (avec parametre) (Need verification email 6.01)

2022-06-23 16:13:38 - [TEST_STEP][PASSED] - data = findTestData("Data Files/Username_Password/Starpack (10June2021)"): null

2022-06-23 16:13:38 - [TEST_STEP][PASSED] - password_suser = data.getValue(2, 1): null

2022-06-23 16:13:38 - [TEST_STEP][PASSED] - password_aherms = data.getValue(2, 2): null

2022-06-23 16:13:38 - [TEST_STEP][PASSED] - password_agluszczynska = data.getValue(2, 3): null

2022-06-23 16:13:38 - [TEST_STEP][PASSED] - password_jmaciaszczyk = data.getValue(2, 4): null

2022-06-23 16:13:38 - [TEST_STEP][PASSED] - password_aterreshernandez = data.getValue(2, 5): null

2022-06-23 16:13:38 - [TEST_STEP][PASSED] - password_amartin_arbol = data.getValue(2, 6): null

2022-06-23 16:13:38 - [TEST_STEP][PASSED] - password_adelamatanieves = data.getValue(2, 7): null

2022-06-23 16:13:38 - [TEST_STEP][PASSED] - password_kcannoosamy_dia = data.getValue(2, 8): null

2022-06-23 16:13:38 - [TEST_STEP][PASSED] - data_urlRELAUTO = findTestData("Data Files/URL/URL_relauto"): null

2022-06-23 16:13:38 - [TEST_STEP][PASSED] - Url_Starpack = data_urlRELAUTO.getValue(2, 2): null

2022-06-23 16:13:38 - [TEST_STEP][PASSED] - I.clearnotepad("D:\Upoad_File\Projet_ Login\Tag\2.02 Tag_Login username\login.txt"): null

2022-06-23 16:13:38 - [TEST_STEP][PASSED] - I.clearnotepad("D:\Upoad_File\Projet_ Login\Tag\2.02 Tag_Login username\Name.txt"): null

2022-06-23 16:13:38 - [TEST_STEP][PASSED] - log = new com.kms.katalon.core.logging.KeywordLogger(): null

2022-06-23 16:13:39 - [TEST_STEP][PASSED] - Email = "mediabox.creation@gmail.com": null

2022-06-23 16:13:39 - [TEST_STEP][PASSED] - password_mediaboxCreation = "Diadeis*1": null

2022-06-23 16:13:39 - [TEST_STEP][PASSED] - openBrowser(Url_Starpack): Browser is opened with url: 'http://mdb-release.diadeis.lan/MediaboxIndependence/?MBI_datasource=RELTESTAUTO_STARPACK'

2022-06-23 16:13:39 - [MESSAGE][INFO] - Starting 'Chrome (headless)' driver

2022-06-23 16:13:39 - [MESSAGE][INFO] - User set preference: ['args', '[--window-size=1920,1080, --headless]']

2022-06-23 16:13:40 - [MESSAGE][INFO] - Action delay is set to 0 milliseconds

2022-06-23 16:13:51 - [MESSAGE][PASSED] - Browser is opened with url: 'http://mdb-release.diadeis.lan/MediaboxIndependence/?MBI_datasource=RELTESTAUTO_STARPACK'

2022-06-23 16:13:51 - [TEST_STEP][PASSED] - maximizeWindow(): Current window maximized

2022-06-23 16:13:51 - [MESSAGE][PASSED] - Current window maximized

2022-06-23 16:13:51 - [TEST_STEP][PASSED] - I.Login_password("suser", password_suser): Object: 'Object Repository/1. Constant/xpath' is clicked on

2022-06-23 16:13:51 - [MESSAGE][PASSED] - Text 'suser' is set on object 'Object Repository/1. Constant/xpath'

2022-06-23 16:13:53 - [MESSAGE][PASSED] - Delayed 1 second(s)

2022-06-23 16:13:53 - [MESSAGE][PASSED] - Text 'dchi2' is set on object 'Object Repository/1. Constant/xpath'

2022-06-23 16:13:54 - [MESSAGE][PASSED] - Delayed 1 second(s)

2022-06-23 16:14:04 - [MESSAGE][PASSED] - Object: 'Object Repository/1. Constant/xpath' is clicked on

2022-06-23 16:14:04 - [TEST_STEP][PASSED] - takeScreenshot(): Taking screenshot successfully

2022-06-23 16:14:04 - [MESSAGE][PASSED] - Taking screenshot successfully
[[ATTACHMENT|D:\\Projet Test Auto\\Mediabox Test Automation\\Reports\\20220623_161321\\03. Parallel Testing (Testing)\\TS -PT PART 3\\01.Tag_Sephora Login and Creation user\\20220623_161322\\1655993644182.png]]

2022-06-23 16:14:04 - [TEST_STEP][PASSED] - waitForPageLoad(30): Wait for page load successfully

2022-06-23 16:14:04 - [MESSAGE][PASSED] - Wait for page load successfully

2022-06-23 16:14:04 - [TEST_STEP][PASSED] - click(findTestObject("1. Constant/xpath", ["xpath":"//*[@id="kt_aside_menu"]/ul/li[11]/a/span[2]"])): Object: 'Object Repository/1. Constant/xpath' is clicked on

2022-06-23 16:14:05 - [MESSAGE][PASSED] - Object: 'Object Repository/1. Constant/xpath' is clicked on

2022-06-23 16:14:05 - [TEST_STEP][PASSED] - takeScreenshot(): Taking screenshot successfully

2022-06-23 16:14:05 - [MESSAGE][PASSED] - Taking screenshot successfully
[[ATTACHMENT|D:\\Projet Test Auto\\Mediabox Test Automation\\Reports\\20220623_161321\\03. Parallel Testing (Testing)\\TS -PT PART 3\\01.Tag_Sephora Login and Creation user\\20220623_161322\\1655993645321.png]]

2022-06-23 16:14:05 - [TEST_STEP][PASSED] - delay(3): Delayed 3 second(s)

2022-06-23 16:14:08 - [MESSAGE][PASSED] - Delayed 3 second(s)

2022-06-23 16:14:08 - [TEST_STEP][PASSED] - click(findTestObject("1. Constant/xpath", ["xpath":"//*[@id="kt_aside_menu"]/ul/li[11]/div/ul/li[2]/a/span"])): Object: 'Object Repository/1. Constant/xpath' is clicked on

2022-06-23 16:14:24 - [MESSAGE][PASSED] - Object: 'Object Repository/1. Constant/xpath' is clicked on

2022-06-23 16:14:24 - [TEST_STEP][PASSED] - waitForPageLoad(30): Wait for page load successfully

2022-06-23 16:14:26 - [MESSAGE][PASSED] - Wait for page load successfully

2022-06-23 16:14:26 - [TEST_STEP][PASSED] - click(findTestObject("1. Constant/xpath", ["xpath":"//*[@id="kt_content"]/div[3]/div/div/div/div[1]/div/a[3]"])): Object: 'Object Repository/1. Constant/xpath' is clicked on

2022-06-23 16:14:32 - [MESSAGE][PASSED] - Object: 'Object Repository/1. Constant/xpath' is clicked on

2022-06-23 16:14:32 - [TEST_STEP][PASSED] - waitForPageLoad(30): Wait for page load successfully

2022-06-23 16:14:33 - [MESSAGE][PASSED] - Wait for page load successfully

2022-06-23 16:14:33 - [TEST_STEP][PASSED] - takeScreenshot(): Taking screenshot successfully

2022-06-23 16:14:33 - [MESSAGE][PASSED] - Taking screenshot successfully
[[ATTACHMENT|D:\\Projet Test Auto\\Mediabox Test Automation\\Reports\\20220623_161321\\03. Parallel Testing (Testing)\\TS -PT PART 3\\01.Tag_Sephora Login and Creation user\\20220623_161322\\1655993673171.png]]

2022-06-23 16:14:33 - [TEST_STEP][PASSED] - today = new java.util.Date(): null

2022-06-23 16:14:33 - [TEST_STEP][PASSED] - Lastname = "LN" + RandomStringUtils.randomAlphanumeric(3) + today.format("HHmmss"): null

2022-06-23 16:14:33 - [TEST_STEP][PASSED] - FirstName = "FN" + RandomStringUtils.randomAlphanumeric(3): null

2022-06-23 16:14:33 - [TEST_STEP][PASSED] - setText(findTestObject("1. Constant/01_id_field_id", ["field_id":"userName"]), Lastname): Text 'LNiA1161433' is set on object 'Object Repository/1. Constant/01_id_field_id'

2022-06-23 16:14:34 - [MESSAGE][PASSED] - Text 'LNiA1161433' is set on object 'Object Repository/1. Constant/01_id_field_id'

2022-06-23 16:14:34 - [TEST_STEP][PASSED] - setText(findTestObject("1. Constant/01_id_field_id", ["field_id":"userFirstName"]), FirstName): Text 'FNDAp' is set on object 'Object Repository/1. Constant/01_id_field_id'

2022-06-23 16:14:34 - [MESSAGE][PASSED] - Text 'FNDAp' is set on object 'Object Repository/1. Constant/01_id_field_id'

2022-06-23 16:14:34 - [TEST_STEP][PASSED] - setText(findTestObject("1. Constant/xpath", ["xpath":"//*[@id="userDetails"]/div[2]/div[4]/div/input"]), Email): Text 'mediabox.creation@gmail.com' is set on object 'Object Repository/1. Constant/xpath'

2022-06-23 16:14:34 - [MESSAGE][PASSED] - Text 'mediabox.creation@gmail.com' is set on object 'Object Repository/1. Constant/xpath'

2022-06-23 16:14:34 - [TEST_STEP][PASSED] - selectOptionByValue(findTestObject("1. Constant/01_id_field_id", ["field_id":"userCompany"]), "1", true): All options with value '1' are selected in object 'Object Repository/1. Constant/01_id_field_id'  using regular expression

2022-06-23 16:14:35 - [MESSAGE][PASSED] - All options with value '1' are selected in object 'Object Repository/1. Constant/01_id_field_id'  using regular expression

2022-06-23 16:14:35 - [TEST_STEP][PASSED] - selectOptionByValue(findTestObject("1. Constant/01_id_field_id", ["field_id":"userRole"]), "Commercial_support", true): All options with value 'Commercial_support' are selected in object 'Object Repository/1. Constant/01_id_field_id'  using regular expression

2022-06-23 16:14:36 - [MESSAGE][PASSED] - All options with value 'Commercial_support' are selected in object 'Object Repository/1. Constant/01_id_field_id'  using regular expression

2022-06-23 16:14:36 - [TEST_STEP][PASSED] - delay(1): Delayed 1 second(s)

2022-06-23 16:14:37 - [MESSAGE][PASSED] - Delayed 1 second(s)

2022-06-23 16:14:37 - [TEST_STEP][PASSED] - I.Pagedown(): Execute JavaScript 'window.scrollTo(0, document.body.scrollHeight)' successfully

2022-06-23 16:14:37 - [MESSAGE][PASSED] - Execute JavaScript 'window.scrollTo(0, document.body.scrollHeight)' successfully

2022-06-23 16:14:37 - [TEST_STEP][PASSED] - selectOptionByValue(findTestObject("1. Constant/01_id_field_id", ["field_id":"selSource_Brand"]), "122", true): All options with value '122' are selected in object 'Object Repository/1. Constant/01_id_field_id'  using regular expression

2022-06-23 16:14:38 - [MESSAGE][PASSED] - All options with value '122' are selected in object 'Object Repository/1. Constant/01_id_field_id'  using regular expression

2022-06-23 16:14:38 - [TEST_STEP][PASSED] - click(findTestObject("1. Constant/xpath", ["xpath":"//*[@id="userRoleParams_block"]/div/div/table/tbody/tr/td[2]/input[1]"])): Object: 'Object Repository/1. Constant/xpath' is clicked on

2022-06-23 16:14:38 - [MESSAGE][PASSED] - Object: 'Object Repository/1. Constant/xpath' is clicked on

2022-06-23 16:14:38 - [TEST_STEP][PASSED] - login = getAttribute(findTestObject("1. Constant/01_id_field_id", ["field_id":"userLogin"]), "value"): Attribute 'value' of object 'Object Repository/1. Constant/01_id_field_id' is: 'flnia1161433'

2022-06-23 16:14:39 - [MESSAGE][PASSED] - Attribute 'value' of object 'Object Repository/1. Constant/01_id_field_id' is: 'flnia1161433'

2022-06-23 16:14:39 - [TEST_STEP][PASSED] - waitForPageLoad(30): Wait for page load successfully

2022-06-23 16:14:39 - [MESSAGE][PASSED] - Wait for page load successfully

2022-06-23 16:14:39 - [TEST_STEP][PASSED] - I.VerifyCheckboxChecked("Track Click", findTestObject("1. Constant/01_id_field_id", ["field_id":"userTrackClick"])): Object 'Object Repository/1. Constant/01_id_field_id' is checked

2022-06-23 16:14:39 - [MESSAGE][PASSED] - Object 'Object Repository/1. Constant/01_id_field_id' is checked

2022-06-23 16:14:39 - [TEST_STEP][PASSED] - FirstName1 = getAttribute(findTestObject("1. Constant/01_id_field_id", ["field_id":"userFirstName"]), "value"): Attribute 'value' of object 'Object Repository/1. Constant/01_id_field_id' is: 'FNDAp'

2022-06-23 16:14:39 - [MESSAGE][PASSED] - Attribute 'value' of object 'Object Repository/1. Constant/01_id_field_id' is: 'FNDAp'

2022-06-23 16:14:39 - [TEST_STEP][PASSED] - LastName1 = getAttribute(findTestObject("1. Constant/01_id_field_id", ["field_id":"userName"]), "value"): Attribute 'value' of object 'Object Repository/1. Constant/01_id_field_id' is: 'LNiA1161433'

2022-06-23 16:14:40 - [MESSAGE][PASSED] - Attribute 'value' of object 'Object Repository/1. Constant/01_id_field_id' is: 'LNiA1161433'

2022-06-23 16:14:40 - [TEST_STEP][PASSED] - I.writenotepad("D:\Upoad_File\Projet_ Login\Tag\2.02 Tag_Login username\Name.txt", FirstName1 + " " + LastName1): null

2022-06-23 16:14:40 - [TEST_STEP][PASSED] - I.writenotepad("D:\Upoad_File\Projet_ Login\Tag\2.02 Tag_Login username\login.txt", login): null

2022-06-23 16:14:40 - [TEST_STEP][PASSED] - click(findTestObject("1. Constant/xpath", ["xpath":"//*[@id="CreateUser"]/div[3]/div/button[2]"])): Object: 'Object Repository/1. Constant/xpath' is clicked on

2022-06-23 16:17:19 - [MESSAGE][PASSED] - Object: 'Object Repository/1. Constant/xpath' is clicked on

2022-06-23 16:17:19 - [TEST_STEP][PASSED] - delay(3): Delayed 3 second(s)

2022-06-23 16:17:22 - [MESSAGE][PASSED] - Delayed 3 second(s)

2022-06-23 16:17:22 - [TEST_STEP][PASSED] - setText(findTestObject("1. Constant/xpath", ["xpath":"//*[@id="users_table_filter"]/label/input"]), login): Text 'flnia1161433' is set on object 'Object Repository/1. Constant/xpath'

2022-06-23 16:17:22 - [MESSAGE][PASSED] - Text 'flnia1161433' is set on object 'Object Repository/1. Constant/xpath'

2022-06-23 16:17:22 - [TEST_STEP][PASSED] - delay(1): Delayed 1 second(s)

2022-06-23 16:17:23 - [MESSAGE][PASSED] - Delayed 1 second(s)

2022-06-23 16:17:23 - [TEST_STEP][PASSED] - I.verifymsg(findTestObject("1. Constant/xpath", ["xpath":"//*[@id='" + login + "']/td[5]"]), login, log): Text of object 'Object Repository/1. Constant/xpath' is: 'flnia1161433'

2022-06-23 16:17:23 - [MESSAGE][PASSED] - Text of object 'Object Repository/1. Constant/xpath' is: 'flnia1161433'

2022-06-23 16:17:23 - [TEST_STEP][PASSED] - takeScreenshot(): Taking screenshot successfully

2022-06-23 16:17:24 - [MESSAGE][PASSED] - Taking screenshot successfully
[[ATTACHMENT|D:\\Projet Test Auto\\Mediabox Test Automation\\Reports\\20220623_161321\\03. Parallel Testing (Testing)\\TS -PT PART 3\\01.Tag_Sephora Login and Creation user\\20220623_161322\\1655993843992.png]]

2022-06-23 16:17:24 - [TEST_STEP][PASSED] - delay(1): Delayed 1 second(s)

2022-06-23 16:17:25 - [MESSAGE][PASSED] - Delayed 1 second(s)

2022-06-23 16:17:25 - [TEST_STEP][PASSED] - click(findTestObject("1. Constant/xpath", ["xpath":"/html/body/div[1]/div[2]/div[4]/div[3]/div/div/div/div[2]/div/div/div/div[1]/table/tbody/tr/td[2]/a"])): Object: 'Object Repository/1. Constant/xpath' is clicked on

2022-06-23 16:17:26 - [MESSAGE][PASSED] - Object: 'Object Repository/1. Constant/xpath' is clicked on

2022-06-23 16:17:26 - [TEST_STEP][PASSED] - value1 = getAttribute(findTestObject("Object Repository/Starpack USermanagement/1.06 UpdateUser id_UpdateUser_div2divdiv1div_no_divinput", ["no":"2"]), "value"): Attribute 'value' of object 'Object Repository/Starpack USermanagement/1.06 UpdateUser id_UpdateUser_div2divdiv1div_no_divinput' is: 'LNiA1161433'

2022-06-23 16:17:26 - [MESSAGE][PASSED] - Attribute 'value' of object 'Object Repository/Starpack USermanagement/1.06 UpdateUser id_UpdateUser_div2divdiv1div_no_divinput' is: 'LNiA1161433'

2022-06-23 16:17:26 - [TEST_STEP][PASSED] - I.print(value1): null

2022-06-23 16:17:26 - [TEST_STEP][PASSED] - verifyEqual(value1, Lastname): Actual object 'LNiA1161433' and expected object 'LNiA1161433' are equal

2022-06-23 16:17:26 - [MESSAGE][PASSED] - Actual object 'LNiA1161433' and expected object 'LNiA1161433' are equal

2022-06-23 16:17:26 - [TEST_STEP][PASSED] - value2 = getAttribute(findTestObject("Object Repository/Starpack USermanagement/1.06 UpdateUser id_UpdateUser_div2divdiv1div_no_divinput", ["no":"3"]), "value"): Attribute 'value' of object 'Object Repository/Starpack USermanagement/1.06 UpdateUser id_UpdateUser_div2divdiv1div_no_divinput' is: 'FNDAp'

2022-06-23 16:17:26 - [MESSAGE][PASSED] - Attribute 'value' of object 'Object Repository/Starpack USermanagement/1.06 UpdateUser id_UpdateUser_div2divdiv1div_no_divinput' is: 'FNDAp'

2022-06-23 16:17:26 - [TEST_STEP][PASSED] - verifyEqual(value2, FirstName): Actual object 'FNDAp' and expected object 'FNDAp' are equal

2022-06-23 16:17:26 - [MESSAGE][PASSED] - Actual object 'FNDAp' and expected object 'FNDAp' are equal

2022-06-23 16:17:26 - [TEST_STEP][PASSED] - value3 = getAttribute(findTestObject("Object Repository/Starpack USermanagement/1.06 UpdateUser id_UpdateUser_div2divdiv1div_no_divinput", ["no":"4"]), "value"): Attribute 'value' of object 'Object Repository/Starpack USermanagement/1.06 UpdateUser id_UpdateUser_div2divdiv1div_no_divinput' is: 'mediabox.creation@gmail.com'

2022-06-23 16:17:27 - [MESSAGE][PASSED] - Attribute 'value' of object 'Object Repository/Starpack USermanagement/1.06 UpdateUser id_UpdateUser_div2divdiv1div_no_divinput' is: 'mediabox.creation@gmail.com'

2022-06-23 16:17:27 - [TEST_STEP][PASSED] - verifyEqual(value3, Email): Actual object 'mediabox.creation@gmail.com' and expected object 'mediabox.creation@gmail.com' are equal

2022-06-23 16:17:27 - [MESSAGE][PASSED] - Actual object 'mediabox.creation@gmail.com' and expected object 'mediabox.creation@gmail.com' are equal

2022-06-23 16:17:27 - [TEST_STEP][PASSED] - I.VerifyListSelected_byValue("Company", findTestObject("1. Constant/01_id_field_id", ["field_id":"userCompany"]), "1"): All options with value '1' are selected in object 'Object Repository/1. Constant/01_id_field_id' 

2022-06-23 16:17:27 - [MESSAGE][PASSED] - All options with value '1' are selected in object 'Object Repository/1. Constant/01_id_field_id' 

2022-06-23 16:17:27 - [TEST_STEP][PASSED] - I.VerifyCheckboxChecked("Track Click", findTestObject("1. Constant/01_id_field_id", ["field_id":"userTrackClick"])): Object 'Object Repository/1. Constant/01_id_field_id' is checked

2022-06-23 16:17:27 - [MESSAGE][PASSED] - Object 'Object Repository/1. Constant/01_id_field_id' is checked

2022-06-23 16:17:27 - [TEST_STEP][PASSED] - click(findTestObject("1. Constant/xpath", ["xpath":"//*[@id="UpdateUser"]/div[2]/div/div[2]/div/a"])): Object: 'Object Repository/1. Constant/xpath' is clicked on

2022-06-23 16:17:37 - [MESSAGE][PASSED] - Object: 'Object Repository/1. Constant/xpath' is clicked on

2022-06-23 16:17:37 - [TEST_STEP][PASSED] - delay(1): Delayed 1 second(s)

2022-06-23 16:17:38 - [MESSAGE][PASSED] - Delayed 1 second(s)

2022-06-23 16:17:38 - [TEST_STEP][PASSED] - "Verify Roles data": null

2022-06-23 16:17:38 - [TEST_STEP][PASSED] - setText(findTestObject("1. Constant/xpath", ["xpath":"//*[@id="users_table_filter"]/label/input"]), login): Text 'flnia1161433' is set on object 'Object Repository/1. Constant/xpath'

2022-06-23 16:17:41 - [MESSAGE][PASSED] - Text 'flnia1161433' is set on object 'Object Repository/1. Constant/xpath'

2022-06-23 16:17:41 - [TEST_STEP][PASSED] - click(findTestObject("1. Constant/xpath", ["xpath":"/html/body/div[1]/div[2]/div[4]/div[3]/div/div/div/div[2]/div/div/div/div[1]/table/tbody/tr/td[4]/a"])): Object: 'Object Repository/1. Constant/xpath' is clicked on

2022-06-23 16:17:50 - [MESSAGE][PASSED] - Object: 'Object Repository/1. Constant/xpath' is clicked on

2022-06-23 16:17:50 - [TEST_STEP][PASSED] - delay(1): Delayed 1 second(s)

2022-06-23 16:17:51 - [MESSAGE][PASSED] - Delayed 1 second(s)

2022-06-23 16:17:51 - [TEST_STEP][PASSED] - value_role = getAttribute(findTestObject("1. Constant/xpath", ["xpath":"//*[@id="selDest_Brand"]/option"]), "value"): Attribute 'value' of object 'Object Repository/1. Constant/xpath' is: '122'

2022-06-23 16:17:53 - [MESSAGE][PASSED] - Attribute 'value' of object 'Object Repository/1. Constant/xpath' is: '122'

2022-06-23 16:17:53 - [TEST_STEP][PASSED] - verifyEqual(value_role, "122"): Actual object '122' and expected object '122' are equal

2022-06-23 16:17:53 - [MESSAGE][PASSED] - Actual object '122' and expected object '122' are equal

2022-06-23 16:17:53 - [TEST_STEP][PASSED] - click(findTestObject("1. Constant/xpath", ["xpath":"//*[@id="UpdateUser"]/div[3]/div/a"])): Object: 'Object Repository/1. Constant/xpath' is clicked on

2022-06-23 16:18:07 - [MESSAGE][PASSED] - Object: 'Object Repository/1. Constant/xpath' is clicked on

2022-06-23 16:18:07 - [TEST_STEP][PASSED] - closeBrowser(): Browser is closed

2022-06-23 16:18:16 - [MESSAGE][PASSED] - Browser is closed

2022-06-23 16:18:16 - [TEST_STEP][PASSED] - Start listener action : sampleAfterTestCase: null]]></system-out>
         <system-err><![CDATA[]]></system-err>
      </testcase>
      <testcase name="Test Cases/02. Sephora_Starpack User management/2.04 Création de compte (Validation des champs obligatoires)" time="107.404" classname="Test Cases/02. Sephora_Starpack User management/2.04 Création de compte (Validation des champs obligatoires)" status="PASSED">
         <system-out><![CDATA[2022-06-23 16:18:16 - [TEST_CASE][PASSED] - Test Cases/02. Sephora_Starpack User management/2.04 Création de compte (Validation des champs obligatoires): Test Cases/02. Sephora_Starpack User management/2.04 Création de compte (Validation des champs obligatoires)

2022-06-23 16:18:17 - [TEST_STEP][PASSED] - data = findTestData("Data Files/Username_Password/Starpack (10June2021)"): null

2022-06-23 16:18:17 - [TEST_STEP][PASSED] - password_suser = data.getValue(2, 1): null

2022-06-23 16:18:17 - [TEST_STEP][PASSED] - password_aherms = data.getValue(2, 2): null

2022-06-23 16:18:17 - [TEST_STEP][PASSED] - password_agluszczynska = data.getValue(2, 3): null

2022-06-23 16:18:17 - [TEST_STEP][PASSED] - password_jmaciaszczyk = data.getValue(2, 4): null

2022-06-23 16:18:17 - [TEST_STEP][PASSED] - password_aterreshernandez = data.getValue(2, 5): null

2022-06-23 16:18:17 - [TEST_STEP][PASSED] - password_amartin_arbol = data.getValue(2, 6): null

2022-06-23 16:18:17 - [TEST_STEP][PASSED] - password_adelamatanieves = data.getValue(2, 7): null

2022-06-23 16:18:17 - [TEST_STEP][PASSED] - password_kcannoosamy_dia = data.getValue(2, 8): null

2022-06-23 16:18:17 - [TEST_STEP][PASSED] - data_urlRELAUTO = findTestData("Data Files/URL/URL_relauto"): null

2022-06-23 16:18:17 - [TEST_STEP][PASSED] - Url_Starpack = data_urlRELAUTO.getValue(2, 2): null

2022-06-23 16:18:17 - [TEST_STEP][PASSED] - log = new com.kms.katalon.core.logging.KeywordLogger(): null

2022-06-23 16:18:17 - [TEST_STEP][PASSED] - openBrowser(Url_Starpack): Browser is opened with url: 'http://mdb-release.diadeis.lan/MediaboxIndependence/?MBI_datasource=RELTESTAUTO_STARPACK'

2022-06-23 16:18:17 - [MESSAGE][INFO] - Starting 'Chrome (headless)' driver

2022-06-23 16:18:17 - [MESSAGE][INFO] - User set preference: ['args', '[--window-size=1920,1080, --headless]']

2022-06-23 16:18:17 - [MESSAGE][INFO] - Action delay is set to 0 milliseconds

2022-06-23 16:18:24 - [MESSAGE][PASSED] - Browser is opened with url: 'http://mdb-release.diadeis.lan/MediaboxIndependence/?MBI_datasource=RELTESTAUTO_STARPACK'

2022-06-23 16:18:24 - [TEST_STEP][PASSED] - maximizeWindow(): Current window maximized

2022-06-23 16:18:24 - [MESSAGE][PASSED] - Current window maximized

2022-06-23 16:18:24 - [TEST_STEP][PASSED] - waitForPageLoad(30): Wait for page load successfully

2022-06-23 16:18:24 - [MESSAGE][PASSED] - Wait for page load successfully

2022-06-23 16:18:24 - [TEST_STEP][PASSED] - today = new java.util.Date(): null

2022-06-23 16:18:24 - [TEST_STEP][PASSED] - Lastname = "LN" + RandomStringUtils.randomAlphanumeric(3) + today.format("HHmmss"): null

2022-06-23 16:18:24 - [TEST_STEP][PASSED] - FirstName = "FN" + RandomStringUtils.randomAlphanumeric(3): null

2022-06-23 16:18:24 - [TEST_STEP][PASSED] - "SCENARIO 1 : ALL REQUIRED FIELDS ARE EMPTY": null

2022-06-23 16:18:24 - [TEST_STEP][PASSED] - I.Login_password("suser", password_suser): Object: 'Object Repository/1. Constant/xpath' is clicked on

2022-06-23 16:18:25 - [MESSAGE][PASSED] - Text 'suser' is set on object 'Object Repository/1. Constant/xpath'

2022-06-23 16:18:26 - [MESSAGE][PASSED] - Delayed 1 second(s)

2022-06-23 16:18:26 - [MESSAGE][PASSED] - Text 'dchi2' is set on object 'Object Repository/1. Constant/xpath'

2022-06-23 16:18:27 - [MESSAGE][PASSED] - Delayed 1 second(s)

2022-06-23 16:18:33 - [MESSAGE][PASSED] - Object: 'Object Repository/1. Constant/xpath' is clicked on

2022-06-23 16:18:33 - [TEST_STEP][PASSED] - I.GoToUserManagement(): Wait for page load successfully

2022-06-23 16:18:33 - [MESSAGE][PASSED] - Object: 'Object Repository/1. Constant/xpath' is clicked on

2022-06-23 16:18:35 - [MESSAGE][PASSED] - Delayed 2 second(s)

2022-06-23 16:18:52 - [MESSAGE][PASSED] - Object: 'Object Repository/1. Constant/xpath' is clicked on

2022-06-23 16:18:52 - [MESSAGE][PASSED] - Wait for page load successfully

2022-06-23 16:18:52 - [TEST_STEP][PASSED] - click(findTestObject("1. Constant/xpath", ["xpath":"//*[@id="kt_content"]/div[3]/div/div/div/div[1]/div/a[3]"])): Object: 'Object Repository/1. Constant/xpath' is clicked on

2022-06-23 16:18:53 - [MESSAGE][PASSED] - Object: 'Object Repository/1. Constant/xpath' is clicked on

2022-06-23 16:18:53 - [TEST_STEP][PASSED] - "Verify if star is displayed on": null

2022-06-23 16:18:53 - [TEST_STEP][PASSED] - I.verifystar("Last name", findTestObject("1. Constant/xpath", ["xpath":"//*[@id="userDetails"]/div[2]/div[1]/label/img"]), log): Taking screenshot successfully

2022-06-23 16:18:54 - [MESSAGE][PASSED] - Object 'Object Repository/1. Constant/xpath' is visible

2022-06-23 16:18:54 - [MESSAGE][PASSED] - Taking screenshot successfully
[[ATTACHMENT|D:\\Projet Test Auto\\Mediabox Test Automation\\Reports\\20220623_161321\\03. Parallel Testing (Testing)\\TS -PT PART 3\\01.Tag_Sephora Login and Creation user\\20220623_161322\\1655993934143.png]]

2022-06-23 16:18:54 - [TEST_STEP][PASSED] - I.verifystar("First Name", findTestObject("1. Constant/xpath", ["xpath":"//*[@id="userDetails"]/div[2]/div[2]/label/img"]), log): Taking screenshot successfully

2022-06-23 16:18:54 - [MESSAGE][PASSED] - Object 'Object Repository/1. Constant/xpath' is visible

2022-06-23 16:18:54 - [MESSAGE][PASSED] - Taking screenshot successfully
[[ATTACHMENT|D:\\Projet Test Auto\\Mediabox Test Automation\\Reports\\20220623_161321\\03. Parallel Testing (Testing)\\TS -PT PART 3\\01.Tag_Sephora Login and Creation user\\20220623_161322\\1655993934679.png]]

2022-06-23 16:18:54 - [TEST_STEP][PASSED] - I.verifystar("Login", findTestObject("1. Constant/xpath", ["xpath":"//*[@id="userDetails"]/div[2]/div[3]/label/img"]), log): Taking screenshot successfully

2022-06-23 16:18:55 - [MESSAGE][PASSED] - Object 'Object Repository/1. Constant/xpath' is visible

2022-06-23 16:18:55 - [MESSAGE][PASSED] - Taking screenshot successfully
[[ATTACHMENT|D:\\Projet Test Auto\\Mediabox Test Automation\\Reports\\20220623_161321\\03. Parallel Testing (Testing)\\TS -PT PART 3\\01.Tag_Sephora Login and Creation user\\20220623_161322\\1655993935086.png]]

2022-06-23 16:18:55 - [TEST_STEP][PASSED] - I.verifystar("Login", findTestObject("1. Constant/xpath", ["xpath":"//*[@id="userDetails"]/div[2]/div[4]/label/img"]), log): Taking screenshot successfully

2022-06-23 16:18:55 - [MESSAGE][PASSED] - Object 'Object Repository/1. Constant/xpath' is visible

2022-06-23 16:18:55 - [MESSAGE][PASSED] - Taking screenshot successfully
[[ATTACHMENT|D:\\Projet Test Auto\\Mediabox Test Automation\\Reports\\20220623_161321\\03. Parallel Testing (Testing)\\TS -PT PART 3\\01.Tag_Sephora Login and Creation user\\20220623_161322\\1655993935735.png]]

2022-06-23 16:18:55 - [TEST_STEP][PASSED] - I.verifystar("Company", findTestObject("1. Constant/xpath", ["xpath":"//*[@id="userDetails"]/div[2]/div[5]/label/img"]), log): Taking screenshot successfully

2022-06-23 16:18:56 - [MESSAGE][PASSED] - Object 'Object Repository/1. Constant/xpath' is visible

2022-06-23 16:18:56 - [MESSAGE][PASSED] - Taking screenshot successfully
[[ATTACHMENT|D:\\Projet Test Auto\\Mediabox Test Automation\\Reports\\20220623_161321\\03. Parallel Testing (Testing)\\TS -PT PART 3\\01.Tag_Sephora Login and Creation user\\20220623_161322\\1655993936145.png]]

2022-06-23 16:18:56 - [TEST_STEP][PASSED] - I.verifystar("Expiration date", findTestObject("1. Constant/xpath", ["xpath":"//*[@id="userDetails"]/div[2]/div[8]/label/img"]), log): Taking screenshot successfully

2022-06-23 16:18:56 - [MESSAGE][PASSED] - Object 'Object Repository/1. Constant/xpath' is visible

2022-06-23 16:18:56 - [MESSAGE][PASSED] - Taking screenshot successfully
[[ATTACHMENT|D:\\Projet Test Auto\\Mediabox Test Automation\\Reports\\20220623_161321\\03. Parallel Testing (Testing)\\TS -PT PART 3\\01.Tag_Sephora Login and Creation user\\20220623_161322\\1655993936733.png]]

2022-06-23 16:18:56 - [TEST_STEP][PASSED] - I.verifystar("User Role", findTestObject("1. Constant/xpath", ["xpath":"//*[@id="userDetails"]/div[2]/div[9]/label/img"]), log): Taking screenshot successfully

2022-06-23 16:18:57 - [MESSAGE][PASSED] - Object 'Object Repository/1. Constant/xpath' is visible

2022-06-23 16:18:57 - [MESSAGE][PASSED] - Taking screenshot successfully
[[ATTACHMENT|D:\\Projet Test Auto\\Mediabox Test Automation\\Reports\\20220623_161321\\03. Parallel Testing (Testing)\\TS -PT PART 3\\01.Tag_Sephora Login and Creation user\\20220623_161322\\1655993937382.png]]

2022-06-23 16:18:57 - [TEST_STEP][PASSED] - click(findTestObject("1. Constant/xpath", ["xpath":"//*[@id="CreateUser"]/div[3]/div/button[2]"])): Object: 'Object Repository/1. Constant/xpath' is clicked on

2022-06-23 16:18:58 - [MESSAGE][PASSED] - Object: 'Object Repository/1. Constant/xpath' is clicked on

2022-06-23 16:18:58 - [TEST_STEP][PASSED] - takeScreenshot(): Taking screenshot successfully

2022-06-23 16:18:58 - [MESSAGE][PASSED] - Taking screenshot successfully
[[ATTACHMENT|D:\\Projet Test Auto\\Mediabox Test Automation\\Reports\\20220623_161321\\03. Parallel Testing (Testing)\\TS -PT PART 3\\01.Tag_Sephora Login and Creation user\\20220623_161322\\1655993938370.png]]

2022-06-23 16:18:58 - [TEST_STEP][PASSED] - verifyElementVisible(findTestObject("1. Constant/xpath", ["xpath":"//*[@id="toast-container"]/div"])): Object 'Object Repository/1. Constant/xpath' is visible

2022-06-23 16:18:59 - [MESSAGE][PASSED] - Object 'Object Repository/1. Constant/xpath' is visible

2022-06-23 16:18:59 - [TEST_STEP][PASSED] - delay(3): Delayed 3 second(s)

2022-06-23 16:19:02 - [MESSAGE][PASSED] - Delayed 3 second(s)

2022-06-23 16:19:02 - [TEST_STEP][PASSED] - "SCENARIO 2: COMPANY BLANK": null

2022-06-23 16:19:02 - [TEST_STEP][PASSED] - setText(findTestObject("1. Constant/01_id_field_id", ["field_id":"userName"]), Lastname): Text 'LNLQH161824' is set on object 'Object Repository/1. Constant/01_id_field_id'

2022-06-23 16:19:02 - [MESSAGE][PASSED] - Text 'LNLQH161824' is set on object 'Object Repository/1. Constant/01_id_field_id'

2022-06-23 16:19:02 - [TEST_STEP][PASSED] - setText(findTestObject("1. Constant/01_id_field_id", ["field_id":"userFirstName"]), FirstName): Text 'FNOoC' is set on object 'Object Repository/1. Constant/01_id_field_id'

2022-06-23 16:19:02 - [MESSAGE][PASSED] - Text 'FNOoC' is set on object 'Object Repository/1. Constant/01_id_field_id'

2022-06-23 16:19:02 - [TEST_STEP][PASSED] - setText(findTestObject("1. Constant/xpath", ["xpath":"//*[@id="userDetails"]/div[2]/div[4]/div/input"]), "TEST@TEST.com"): Text 'TEST@TEST.com' is set on object 'Object Repository/1. Constant/xpath'

2022-06-23 16:19:03 - [MESSAGE][PASSED] - Text 'TEST@TEST.com' is set on object 'Object Repository/1. Constant/xpath'

2022-06-23 16:19:03 - [TEST_STEP][PASSED] - selectOptionByValue(findTestObject("1. Constant/01_id_field_id", ["field_id":"userRole"]), "admin", true): All options with value 'admin' are selected in object 'Object Repository/1. Constant/01_id_field_id'  using regular expression

2022-06-23 16:19:03 - [MESSAGE][PASSED] - All options with value 'admin' are selected in object 'Object Repository/1. Constant/01_id_field_id'  using regular expression

2022-06-23 16:19:03 - [TEST_STEP][PASSED] - delay(1): Delayed 1 second(s)

2022-06-23 16:19:04 - [MESSAGE][PASSED] - Delayed 1 second(s)

2022-06-23 16:19:04 - [TEST_STEP][PASSED] - I.Pagedown(): Execute JavaScript 'window.scrollTo(0, document.body.scrollHeight)' successfully

2022-06-23 16:19:05 - [MESSAGE][PASSED] - Execute JavaScript 'window.scrollTo(0, document.body.scrollHeight)' successfully

2022-06-23 16:19:05 - [TEST_STEP][PASSED] - click(findTestObject("1. Constant/xpath", ["xpath":"//*[@id="CreateUser"]/div[3]/div/button[2]"])): Object: 'Object Repository/1. Constant/xpath' is clicked on

2022-06-23 16:19:05 - [MESSAGE][PASSED] - Object: 'Object Repository/1. Constant/xpath' is clicked on

2022-06-23 16:19:05 - [TEST_STEP][PASSED] - delay(1): Delayed 1 second(s)

2022-06-23 16:19:06 - [MESSAGE][PASSED] - Delayed 1 second(s)

2022-06-23 16:19:06 - [TEST_STEP][PASSED] - takeScreenshot(): Taking screenshot successfully

2022-06-23 16:19:06 - [MESSAGE][PASSED] - Taking screenshot successfully
[[ATTACHMENT|D:\\Projet Test Auto\\Mediabox Test Automation\\Reports\\20220623_161321\\03. Parallel Testing (Testing)\\TS -PT PART 3\\01.Tag_Sephora Login and Creation user\\20220623_161322\\1655993946381.png]]

2022-06-23 16:19:06 - [TEST_STEP][PASSED] - I.verifyErrormsg_toastr("Company", findTestObject("1. Constant/xpath", ["xpath":"//*[@id="toast-container"]/div/div[2]"]), "Company missing", log): Text of object 'Object Repository/1. Constant/xpath' is: 'Company missing'

2022-06-23 16:19:06 - [MESSAGE][PASSED] - Object 'Object Repository/1. Constant/xpath' is visible

2022-06-23 16:19:06 - [MESSAGE][PASSED] - Text of object 'Object Repository/1. Constant/xpath' is: 'Company missing'

2022-06-23 16:19:06 - [TEST_STEP][PASSED] - "SCENARIO 3: Last Name blank": null

2022-06-23 16:19:06 - [TEST_STEP][PASSED] - clearText(findTestObject("1. Constant/01_id_field_id", ["field_id":"userName"]), STOP_ON_FAILURE): Text of object 'Object Repository/1. Constant/01_id_field_id' is cleared

2022-06-23 16:19:07 - [MESSAGE][PASSED] - Text of object 'Object Repository/1. Constant/01_id_field_id' is cleared

2022-06-23 16:19:07 - [TEST_STEP][PASSED] - selectOptionByValue(findTestObject("1. Constant/01_id_field_id", ["field_id":"userCompany"]), "1", true): All options with value '1' are selected in object 'Object Repository/1. Constant/01_id_field_id'  using regular expression

2022-06-23 16:19:07 - [MESSAGE][PASSED] - All options with value '1' are selected in object 'Object Repository/1. Constant/01_id_field_id'  using regular expression

2022-06-23 16:19:07 - [TEST_STEP][PASSED] - delay(1): Delayed 1 second(s)

2022-06-23 16:19:08 - [MESSAGE][PASSED] - Delayed 1 second(s)

2022-06-23 16:19:08 - [TEST_STEP][PASSED] - I.Pagedown(): Execute JavaScript 'window.scrollTo(0, document.body.scrollHeight)' successfully

2022-06-23 16:19:08 - [MESSAGE][PASSED] - Execute JavaScript 'window.scrollTo(0, document.body.scrollHeight)' successfully

2022-06-23 16:19:08 - [TEST_STEP][PASSED] - click(findTestObject("1. Constant/xpath", ["xpath":"//*[@id="CreateUser"]/div[3]/div/button[2]"])): Object: 'Object Repository/1. Constant/xpath' is clicked on

2022-06-23 16:19:09 - [MESSAGE][PASSED] - Object: 'Object Repository/1. Constant/xpath' is clicked on

2022-06-23 16:19:09 - [TEST_STEP][PASSED] - delay(3): Delayed 3 second(s)

2022-06-23 16:19:12 - [MESSAGE][PASSED] - Delayed 3 second(s)

2022-06-23 16:19:12 - [TEST_STEP][PASSED] - takeScreenshot(): Taking screenshot successfully

2022-06-23 16:19:12 - [MESSAGE][PASSED] - Taking screenshot successfully
[[ATTACHMENT|D:\\Projet Test Auto\\Mediabox Test Automation\\Reports\\20220623_161321\\03. Parallel Testing (Testing)\\TS -PT PART 3\\01.Tag_Sephora Login and Creation user\\20220623_161322\\1655993952084.png]]

2022-06-23 16:19:12 - [TEST_STEP][PASSED] - I.verifyErrormsg_toastr("Company", findTestObject("1. Constant/xpath", ["xpath":"//*[@id="toast-container"]/div/div[2]"]), "Name missing", log): Text of object 'Object Repository/1. Constant/xpath' is: 'Name missing'

2022-06-23 16:19:12 - [MESSAGE][PASSED] - Object 'Object Repository/1. Constant/xpath' is visible

2022-06-23 16:19:12 - [MESSAGE][PASSED] - Text of object 'Object Repository/1. Constant/xpath' is: 'Name missing'

2022-06-23 16:19:12 - [TEST_STEP][PASSED] - "SCENARIO 4: First name blank": null

2022-06-23 16:19:12 - [TEST_STEP][PASSED] - clearText(findTestObject("1. Constant/01_id_field_id", ["field_id":"userFirstName"]), STOP_ON_FAILURE): Text of object 'Object Repository/1. Constant/01_id_field_id' is cleared

2022-06-23 16:19:12 - [MESSAGE][PASSED] - Text of object 'Object Repository/1. Constant/01_id_field_id' is cleared

2022-06-23 16:19:12 - [TEST_STEP][PASSED] - setText(findTestObject("1. Constant/01_id_field_id", ["field_id":"userName"]), Lastname): Text 'LNLQH161824' is set on object 'Object Repository/1. Constant/01_id_field_id'

2022-06-23 16:19:13 - [MESSAGE][PASSED] - Text 'LNLQH161824' is set on object 'Object Repository/1. Constant/01_id_field_id'

2022-06-23 16:19:13 - [TEST_STEP][PASSED] - delay(1): Delayed 1 second(s)

2022-06-23 16:19:14 - [MESSAGE][PASSED] - Delayed 1 second(s)

2022-06-23 16:19:14 - [TEST_STEP][PASSED] - I.Pagedown(): Execute JavaScript 'window.scrollTo(0, document.body.scrollHeight)' successfully

2022-06-23 16:19:14 - [MESSAGE][PASSED] - Execute JavaScript 'window.scrollTo(0, document.body.scrollHeight)' successfully

2022-06-23 16:19:14 - [TEST_STEP][PASSED] - click(findTestObject("1. Constant/xpath", ["xpath":"//*[@id="CreateUser"]/div[3]/div/button[2]"])): Object: 'Object Repository/1. Constant/xpath' is clicked on

2022-06-23 16:19:14 - [MESSAGE][PASSED] - Object: 'Object Repository/1. Constant/xpath' is clicked on

2022-06-23 16:19:14 - [TEST_STEP][PASSED] - delay(3): Delayed 3 second(s)

2022-06-23 16:19:17 - [MESSAGE][PASSED] - Delayed 3 second(s)

2022-06-23 16:19:17 - [TEST_STEP][PASSED] - takeScreenshot(): Taking screenshot successfully

2022-06-23 16:19:17 - [MESSAGE][PASSED] - Taking screenshot successfully
[[ATTACHMENT|D:\\Projet Test Auto\\Mediabox Test Automation\\Reports\\20220623_161321\\03. Parallel Testing (Testing)\\TS -PT PART 3\\01.Tag_Sephora Login and Creation user\\20220623_161322\\1655993957455.png]]

2022-06-23 16:19:17 - [TEST_STEP][PASSED] - I.verifyErrormsg_toastr("Company", findTestObject("1. Constant/xpath", ["xpath":"//*[@id="toast-container"]/div/div[2]"]), "First Name missing", log): Text of object 'Object Repository/1. Constant/xpath' is: 'First Name missing'

2022-06-23 16:19:18 - [MESSAGE][PASSED] - Object 'Object Repository/1. Constant/xpath' is visible

2022-06-23 16:19:18 - [MESSAGE][PASSED] - Text of object 'Object Repository/1. Constant/xpath' is: 'First Name missing'

2022-06-23 16:19:18 - [TEST_STEP][PASSED] - "SCENARIO 5A: Login blank": null

2022-06-23 16:19:18 - [TEST_STEP][PASSED] - click(findTestObject("1. Constant/xpath", ["xpath":"//*[@id="CreateUser"]/div[3]/div/a"])): Object: 'Object Repository/1. Constant/xpath' is clicked on

2022-06-23 16:19:27 - [MESSAGE][PASSED] - Object: 'Object Repository/1. Constant/xpath' is clicked on

2022-06-23 16:19:27 - [TEST_STEP][PASSED] - click(findTestObject("1. Constant/xpath", ["xpath":"//*[@id="kt_content"]/div[3]/div/div/div/div[1]/div/a[3]"])): Object: 'Object Repository/1. Constant/xpath' is clicked on

2022-06-23 16:19:30 - [MESSAGE][PASSED] - Object: 'Object Repository/1. Constant/xpath' is clicked on

2022-06-23 16:19:30 - [TEST_STEP][PASSED] - setText(findTestObject("1. Constant/01_id_field_id", ["field_id":"userName"]), Lastname): Text 'LNLQH161824' is set on object 'Object Repository/1. Constant/01_id_field_id'

2022-06-23 16:19:30 - [MESSAGE][PASSED] - Text 'LNLQH161824' is set on object 'Object Repository/1. Constant/01_id_field_id'

2022-06-23 16:19:30 - [TEST_STEP][PASSED] - setText(findTestObject("1. Constant/01_id_field_id", ["field_id":"userFirstName"]), FirstName): Text 'FNOoC' is set on object 'Object Repository/1. Constant/01_id_field_id'

2022-06-23 16:19:31 - [MESSAGE][PASSED] - Text 'FNOoC' is set on object 'Object Repository/1. Constant/01_id_field_id'

2022-06-23 16:19:31 - [TEST_STEP][PASSED] - setText(findTestObject("1. Constant/xpath", ["xpath":"//*[@id="userDetails"]/div[2]/div[4]/div/input"]), "TEST@TEST.com"): Text 'TEST@TEST.com' is set on object 'Object Repository/1. Constant/xpath'

2022-06-23 16:19:31 - [MESSAGE][PASSED] - Text 'TEST@TEST.com' is set on object 'Object Repository/1. Constant/xpath'

2022-06-23 16:19:31 - [TEST_STEP][PASSED] - selectOptionByValue(findTestObject("1. Constant/01_id_field_id", ["field_id":"userCompany"]), "1", true): All options with value '1' are selected in object 'Object Repository/1. Constant/01_id_field_id'  using regular expression

2022-06-23 16:19:32 - [MESSAGE][PASSED] - All options with value '1' are selected in object 'Object Repository/1. Constant/01_id_field_id'  using regular expression

2022-06-23 16:19:32 - [TEST_STEP][PASSED] - selectOptionByValue(findTestObject("1. Constant/01_id_field_id", ["field_id":"userRole"]), "admin", true): All options with value 'admin' are selected in object 'Object Repository/1. Constant/01_id_field_id'  using regular expression

2022-06-23 16:19:32 - [MESSAGE][PASSED] - All options with value 'admin' are selected in object 'Object Repository/1. Constant/01_id_field_id'  using regular expression

2022-06-23 16:19:32 - [TEST_STEP][PASSED] - clearText(findTestObject("1. Constant/01_id_field_id", ["field_id":"userLogin"]), STOP_ON_FAILURE): Text of object 'Object Repository/1. Constant/01_id_field_id' is cleared

2022-06-23 16:19:32 - [MESSAGE][PASSED] - Text of object 'Object Repository/1. Constant/01_id_field_id' is cleared

2022-06-23 16:19:32 - [TEST_STEP][PASSED] - delay(1): Delayed 1 second(s)

2022-06-23 16:19:33 - [MESSAGE][PASSED] - Delayed 1 second(s)

2022-06-23 16:19:33 - [TEST_STEP][PASSED] - I.Pagedown(): Execute JavaScript 'window.scrollTo(0, document.body.scrollHeight)' successfully

2022-06-23 16:19:34 - [MESSAGE][PASSED] - Execute JavaScript 'window.scrollTo(0, document.body.scrollHeight)' successfully

2022-06-23 16:19:34 - [TEST_STEP][PASSED] - click(findTestObject("1. Constant/xpath", ["xpath":"//*[@id="CreateUser"]/div[3]/div/button[2]"])): Object: 'Object Repository/1. Constant/xpath' is clicked on

2022-06-23 16:19:36 - [MESSAGE][PASSED] - Object: 'Object Repository/1. Constant/xpath' is clicked on

2022-06-23 16:19:36 - [TEST_STEP][PASSED] - delay(3): Delayed 3 second(s)

2022-06-23 16:19:39 - [MESSAGE][PASSED] - Delayed 3 second(s)

2022-06-23 16:19:39 - [TEST_STEP][PASSED] - takeScreenshot(): Taking screenshot successfully

2022-06-23 16:19:39 - [MESSAGE][PASSED] - Taking screenshot successfully
[[ATTACHMENT|D:\\Projet Test Auto\\Mediabox Test Automation\\Reports\\20220623_161321\\03. Parallel Testing (Testing)\\TS -PT PART 3\\01.Tag_Sephora Login and Creation user\\20220623_161322\\1655993979070.png]]

2022-06-23 16:19:39 - [TEST_STEP][PASSED] - I.verifyErrormsg_toastr("Login", findTestObject("1. Constant/xpath", ["xpath":"//*[@id="toast-container"]/div/div[2]"]), "This login must contain beetween 4 and 18 characters", log): Text of object 'Object Repository/1. Constant/xpath' is: 'Login error : This login must contain beetween 4 and 18 characters'

2022-06-23 16:19:39 - [MESSAGE][PASSED] - Object 'Object Repository/1. Constant/xpath' is visible

2022-06-23 16:19:39 - [MESSAGE][PASSED] - Text of object 'Object Repository/1. Constant/xpath' is: 'Login error : This login must contain beetween 4 and 18 characters'

2022-06-23 16:19:39 - [TEST_STEP][PASSED] - setText(findTestObject("1. Constant/01_id_field_id", ["field_id":"userLogin"]), "ter"): Text 'ter' is set on object 'Object Repository/1. Constant/01_id_field_id'

2022-06-23 16:19:39 - [MESSAGE][PASSED] - Text 'ter' is set on object 'Object Repository/1. Constant/01_id_field_id'

2022-06-23 16:19:39 - [TEST_STEP][PASSED] - click(findTestObject("1. Constant/xpath", ["xpath":"//*[@id="CreateUser"]/div[3]/div/button[2]"])): Object: 'Object Repository/1. Constant/xpath' is clicked on

2022-06-23 16:19:40 - [MESSAGE][PASSED] - Object: 'Object Repository/1. Constant/xpath' is clicked on

2022-06-23 16:19:40 - [TEST_STEP][PASSED] - takeScreenshot(): Taking screenshot successfully

2022-06-23 16:19:40 - [MESSAGE][PASSED] - Taking screenshot successfully
[[ATTACHMENT|D:\\Projet Test Auto\\Mediabox Test Automation\\Reports\\20220623_161321\\03. Parallel Testing (Testing)\\TS -PT PART 3\\01.Tag_Sephora Login and Creation user\\20220623_161322\\1655993980257.png]]

2022-06-23 16:19:40 - [TEST_STEP][PASSED] - I.verifyErrormsg_toastr("Login", findTestObject("1. Constant/xpath", ["xpath":"//*[@id="toast-container"]/div/div[2]"]), "This login must contain beetween 4 and 18 characters", log): Text of object 'Object Repository/1. Constant/xpath' is: 'Login error : This login must contain beetween 4 and 18 characters'

2022-06-23 16:19:40 - [MESSAGE][PASSED] - Object 'Object Repository/1. Constant/xpath' is visible

2022-06-23 16:19:40 - [MESSAGE][PASSED] - Text of object 'Object Repository/1. Constant/xpath' is: 'Login error : This login must contain beetween 4 and 18 characters'

2022-06-23 16:19:40 - [TEST_STEP][PASSED] - "SCENARIO 6A: EMAIL blank": null

2022-06-23 16:19:40 - [TEST_STEP][PASSED] - clearText(findTestObject("1. Constant/xpath", ["xpath":"//*[@id="userDetails"]/div[2]/div[4]/div/input"])): Text of object 'Object Repository/1. Constant/xpath' is cleared

2022-06-23 16:19:41 - [MESSAGE][PASSED] - Text of object 'Object Repository/1. Constant/xpath' is cleared

2022-06-23 16:19:41 - [TEST_STEP][PASSED] - setText(findTestObject("1. Constant/01_id_field_id", ["field_id":"userLogin"]), "ter12"): Text 'ter12' is set on object 'Object Repository/1. Constant/01_id_field_id'

2022-06-23 16:19:41 - [MESSAGE][PASSED] - Text 'ter12' is set on object 'Object Repository/1. Constant/01_id_field_id'

2022-06-23 16:19:41 - [TEST_STEP][PASSED] - click(findTestObject("1. Constant/xpath", ["xpath":"//*[@id="CreateUser"]/div[3]/div/button[2]"])): Object: 'Object Repository/1. Constant/xpath' is clicked on

2022-06-23 16:19:41 - [MESSAGE][PASSED] - Object: 'Object Repository/1. Constant/xpath' is clicked on

2022-06-23 16:19:41 - [TEST_STEP][PASSED] - delay(3): Delayed 3 second(s)

2022-06-23 16:19:44 - [MESSAGE][PASSED] - Delayed 3 second(s)

2022-06-23 16:19:44 - [TEST_STEP][PASSED] - takeScreenshot(): Taking screenshot successfully

2022-06-23 16:19:45 - [MESSAGE][PASSED] - Taking screenshot successfully
[[ATTACHMENT|D:\\Projet Test Auto\\Mediabox Test Automation\\Reports\\20220623_161321\\03. Parallel Testing (Testing)\\TS -PT PART 3\\01.Tag_Sephora Login and Creation user\\20220623_161322\\1655993984867.png]]

2022-06-23 16:19:45 - [TEST_STEP][PASSED] - I.verifyErrormsg_toastr("Email", findTestObject("1. Constant/xpath", ["xpath":"//*[@id="toast-container"]/div/div[2]"]), "Email missing", log): Text of object 'Object Repository/1. Constant/xpath' is: 'Email missing
Invalid email
Login error : This login is already used'

2022-06-23 16:19:45 - [MESSAGE][PASSED] - Object 'Object Repository/1. Constant/xpath' is visible

2022-06-23 16:19:45 - [MESSAGE][PASSED] - Text of object 'Object Repository/1. Constant/xpath' is: 'Email missing
Invalid email
Login error : This login is already used'

2022-06-23 16:19:45 - [TEST_STEP][PASSED] - "SCENARIO 6B: INVALID EMAIL": null

2022-06-23 16:19:45 - [TEST_STEP][PASSED] - setText(findTestObject("1. Constant/xpath", ["xpath":"//*[@id="userDetails"]/div[2]/div[4]/div/input"]), "TESTT.com"): Text 'TESTT.com' is set on object 'Object Repository/1. Constant/xpath'

2022-06-23 16:19:45 - [MESSAGE][PASSED] - Text 'TESTT.com' is set on object 'Object Repository/1. Constant/xpath'

2022-06-23 16:19:45 - [TEST_STEP][PASSED] - click(findTestObject("1. Constant/xpath", ["xpath":"//*[@id="CreateUser"]/div[3]/div/button[2]"])): Object: 'Object Repository/1. Constant/xpath' is clicked on

2022-06-23 16:19:46 - [MESSAGE][PASSED] - Object: 'Object Repository/1. Constant/xpath' is clicked on

2022-06-23 16:19:46 - [TEST_STEP][PASSED] - delay(3): Delayed 3 second(s)

2022-06-23 16:19:49 - [MESSAGE][PASSED] - Delayed 3 second(s)

2022-06-23 16:19:49 - [TEST_STEP][PASSED] - takeScreenshot(): Taking screenshot successfully

2022-06-23 16:19:49 - [MESSAGE][PASSED] - Taking screenshot successfully
[[ATTACHMENT|D:\\Projet Test Auto\\Mediabox Test Automation\\Reports\\20220623_161321\\03. Parallel Testing (Testing)\\TS -PT PART 3\\01.Tag_Sephora Login and Creation user\\20220623_161322\\1655993989423.png]]

2022-06-23 16:19:49 - [TEST_STEP][PASSED] - I.verifyErrormsg_toastr("Email", findTestObject("1. Constant/xpath", ["xpath":"//*[@id="toast-container"]/div/div[2]"]), "Invalid email", log): Text of object 'Object Repository/1. Constant/xpath' is: 'Invalid email
Login error : This login is already used'

2022-06-23 16:19:49 - [MESSAGE][PASSED] - Object 'Object Repository/1. Constant/xpath' is visible

2022-06-23 16:19:50 - [MESSAGE][PASSED] - Text of object 'Object Repository/1. Constant/xpath' is: 'Invalid email
Login error : This login is already used'

2022-06-23 16:19:50 - [TEST_STEP][PASSED] - clearText(findTestObject("1. Constant/xpath", ["xpath":"//*[@id="userDetails"]/div[2]/div[4]/div/input"])): Text of object 'Object Repository/1. Constant/xpath' is cleared

2022-06-23 16:19:50 - [MESSAGE][PASSED] - Text of object 'Object Repository/1. Constant/xpath' is cleared

2022-06-23 16:19:50 - [TEST_STEP][PASSED] - setText(findTestObject("1. Constant/xpath", ["xpath":"//*[@id="userDetails"]/div[2]/div[4]/div/input"]), "TESTT@test.com"): Text 'TESTT@test.com' is set on object 'Object Repository/1. Constant/xpath'

2022-06-23 16:19:50 - [MESSAGE][PASSED] - Text 'TESTT@test.com' is set on object 'Object Repository/1. Constant/xpath'

2022-06-23 16:19:50 - [TEST_STEP][PASSED] - selectOptionByValue(findTestObject("1. Constant/01_id_field_id", ["field_id":"userRole"]), "Commercial_support", true): All options with value 'Commercial_support' are selected in object 'Object Repository/1. Constant/01_id_field_id'  using regular expression

2022-06-23 16:19:51 - [MESSAGE][PASSED] - All options with value 'Commercial_support' are selected in object 'Object Repository/1. Constant/01_id_field_id'  using regular expression

2022-06-23 16:19:51 - [TEST_STEP][PASSED] - click(findTestObject("1. Constant/xpath", ["xpath":"//*[@id="CreateUser"]/div[3]/div/button[2]"])): Object: 'Object Repository/1. Constant/xpath' is clicked on

2022-06-23 16:19:53 - [MESSAGE][PASSED] - Object: 'Object Repository/1. Constant/xpath' is clicked on

2022-06-23 16:19:53 - [TEST_STEP][PASSED] - delay(3): Delayed 3 second(s)

2022-06-23 16:19:56 - [MESSAGE][PASSED] - Delayed 3 second(s)

2022-06-23 16:19:56 - [TEST_STEP][PASSED] - takeScreenshot(): Taking screenshot successfully

2022-06-23 16:19:57 - [MESSAGE][PASSED] - Taking screenshot successfully
[[ATTACHMENT|D:\\Projet Test Auto\\Mediabox Test Automation\\Reports\\20220623_161321\\03. Parallel Testing (Testing)\\TS -PT PART 3\\01.Tag_Sephora Login and Creation user\\20220623_161322\\1655993996873.png]]

2022-06-23 16:19:57 - [TEST_STEP][PASSED] - I.verifyErrormsg_toastr("Company", findTestObject("1. Constant/xpath", ["xpath":"//*[@id="toast-container"]/div/div[2]"]), "Brand missing", log): Text of object 'Object Repository/1. Constant/xpath' is: 'Brand missing

Login error : This login is already used'

2022-06-23 16:19:57 - [MESSAGE][PASSED] - Object 'Object Repository/1. Constant/xpath' is visible

2022-06-23 16:19:57 - [MESSAGE][PASSED] - Text of object 'Object Repository/1. Constant/xpath' is: 'Brand missing

Login error : This login is already used'

2022-06-23 16:19:57 - [TEST_STEP][PASSED] - selectOptionByValue(findTestObject("1. Constant/01_id_field_id", ["field_id":"userRole"]), "admin", true): All options with value 'admin' are selected in object 'Object Repository/1. Constant/01_id_field_id'  using regular expression

2022-06-23 16:19:58 - [MESSAGE][PASSED] - All options with value 'admin' are selected in object 'Object Repository/1. Constant/01_id_field_id'  using regular expression

2022-06-23 16:19:58 - [TEST_STEP][PASSED] - clearText(findTestObject("1. Constant/01_id_field_id", ["field_id":"userLogin"]), STOP_ON_FAILURE): Text of object 'Object Repository/1. Constant/01_id_field_id' is cleared

2022-06-23 16:19:58 - [MESSAGE][PASSED] - Text of object 'Object Repository/1. Constant/01_id_field_id' is cleared

2022-06-23 16:19:58 - [TEST_STEP][PASSED] - setText(findTestObject("1. Constant/01_id_field_id", ["field_id":"userLogin"]), "aherms"): Text 'aherms' is set on object 'Object Repository/1. Constant/01_id_field_id'

2022-06-23 16:19:59 - [MESSAGE][PASSED] - Text 'aherms' is set on object 'Object Repository/1. Constant/01_id_field_id'

2022-06-23 16:19:59 - [TEST_STEP][PASSED] - click(findTestObject("1. Constant/xpath", ["xpath":"//*[@id="CreateUser"]/div[3]/div/button[2]"])): Object: 'Object Repository/1. Constant/xpath' is clicked on

2022-06-23 16:19:59 - [MESSAGE][PASSED] - Object: 'Object Repository/1. Constant/xpath' is clicked on

2022-06-23 16:19:59 - [TEST_STEP][PASSED] - delay(3): Delayed 3 second(s)

2022-06-23 16:20:02 - [MESSAGE][PASSED] - Delayed 3 second(s)

2022-06-23 16:20:02 - [TEST_STEP][PASSED] - takeScreenshot(): Taking screenshot successfully

2022-06-23 16:20:03 - [MESSAGE][PASSED] - Taking screenshot successfully
[[ATTACHMENT|D:\\Projet Test Auto\\Mediabox Test Automation\\Reports\\20220623_161321\\03. Parallel Testing (Testing)\\TS -PT PART 3\\01.Tag_Sephora Login and Creation user\\20220623_161322\\1655994002758.png]]

2022-06-23 16:20:03 - [TEST_STEP][PASSED] - I.verifyErrormsg_toastr("Company", findTestObject("1. Constant/xpath", ["xpath":"//*[@id="toast-container"]/div/div[2]"]), " This login is already used", log): Text of object 'Object Repository/1. Constant/xpath' is: 'Login error : This login is already used'

2022-06-23 16:20:03 - [MESSAGE][PASSED] - Object 'Object Repository/1. Constant/xpath' is visible

2022-06-23 16:20:03 - [MESSAGE][PASSED] - Text of object 'Object Repository/1. Constant/xpath' is: 'Login error : This login is already used'

2022-06-23 16:20:03 - [TEST_STEP][PASSED] - closeBrowser(): Browser is closed

2022-06-23 16:20:04 - [MESSAGE][PASSED] - Browser is closed

2022-06-23 16:20:04 - [TEST_STEP][PASSED] - Start listener action : sampleAfterTestCase: null]]></system-out>
         <system-err><![CDATA[]]></system-err>
      </testcase>
      <testcase name="Test Cases/10. Tag Add Approver/10.01 Tag Add Approver (Existing Project _ admin)" time="150.275" classname="Test Cases/10. Tag Add Approver/10.01 Tag Add Approver (Existing Project _ admin)" status="PASSED">
         <system-out><![CDATA[2022-06-23 16:20:04 - [TEST_CASE][PASSED] - Test Cases/10. Tag Add Approver/10.01 Tag Add Approver (Existing Project _ admin): Test Cases/10. Tag Add Approver/10.01 Tag Add Approver (Existing Project _ admin)

2022-06-23 16:20:04 - [TEST_STEP][PASSED] - data_Tag = findTestData("Data Files/Username_Password/Tag"): null

2022-06-23 16:20:04 - [TEST_STEP][PASSED] - password_stest = data_Tag.getValue(3, 3): null

2022-06-23 16:20:04 - [TEST_STEP][PASSED] - password_kmullen = data_Tag.getValue(3, 35): null

2022-06-23 16:20:04 - [TEST_STEP][PASSED] - data_urlRELAUTO = findTestData("Data Files/URL/URL_relauto"): null

2022-06-23 16:20:04 - [TEST_STEP][PASSED] - Url_Tag = data_urlRELAUTO.getValue(2, 3): null

2022-06-23 16:20:04 - [TEST_STEP][PASSED] - Project_No = "MI003392": null

2022-06-23 16:20:04 - [TEST_STEP][PASSED] - refID = "24365": null

2022-06-23 16:20:04 - [TEST_STEP][PASSED] - openBrowser(Url_Tag): Browser is opened with url: 'http://mdb-release.diadeis.lan/MediaboxIndependence/?MBI_datasource=RELTESTAUTO_TAG'

2022-06-23 16:20:04 - [MESSAGE][INFO] - Starting 'Chrome (headless)' driver

2022-06-23 16:20:04 - [MESSAGE][INFO] - User set preference: ['args', '[--window-size=1920,1080, --headless]']

2022-06-23 16:20:04 - [MESSAGE][INFO] - Action delay is set to 0 milliseconds

2022-06-23 16:20:10 - [MESSAGE][PASSED] - Browser is opened with url: 'http://mdb-release.diadeis.lan/MediaboxIndependence/?MBI_datasource=RELTESTAUTO_TAG'

2022-06-23 16:20:10 - [TEST_STEP][PASSED] - maximizeWindow(): Current window maximized

2022-06-23 16:20:10 - [MESSAGE][PASSED] - Current window maximized

2022-06-23 16:20:10 - [TEST_STEP][PASSED] - takeScreenshot(): Taking screenshot successfully

2022-06-23 16:20:10 - [MESSAGE][PASSED] - Taking screenshot successfully
[[ATTACHMENT|D:\\Projet Test Auto\\Mediabox Test Automation\\Reports\\20220623_161321\\03. Parallel Testing (Testing)\\TS -PT PART 3\\01.Tag_Sephora Login and Creation user\\20220623_161322\\1655994010553.png]]

2022-06-23 16:20:10 - [TEST_STEP][PASSED] - I.Login_password("kmullen", password_kmullen): Object: 'Object Repository/1. Constant/xpath' is clicked on

2022-06-23 16:20:11 - [MESSAGE][PASSED] - Text 'kmullen' is set on object 'Object Repository/1. Constant/xpath'

2022-06-23 16:20:12 - [MESSAGE][PASSED] - Delayed 1 second(s)

2022-06-23 16:20:12 - [MESSAGE][PASSED] - Text 'dchi' is set on object 'Object Repository/1. Constant/xpath'

2022-06-23 16:20:13 - [MESSAGE][PASSED] - Delayed 1 second(s)

2022-06-23 16:20:20 - [MESSAGE][PASSED] - Object: 'Object Repository/1. Constant/xpath' is clicked on

2022-06-23 16:20:20 - [TEST_STEP][PASSED] - user1_bf = I.Get_Task_No("//*[@id="kt_header"]/div/div[2]/div[1]/div[1]"): Text of object 'Object Repository/1. Constant/xpath' is: ''

2022-06-23 16:20:21 - [MESSAGE][PASSED] - Text of object 'Object Repository/1. Constant/xpath' is: ''

2022-06-23 16:20:21 - [TEST_STEP][PASSED] - takeScreenshot(): Taking screenshot successfully

2022-06-23 16:20:21 - [MESSAGE][PASSED] - Taking screenshot successfully
[[ATTACHMENT|D:\\Projet Test Auto\\Mediabox Test Automation\\Reports\\20220623_161321\\03. Parallel Testing (Testing)\\TS -PT PART 3\\01.Tag_Sephora Login and Creation user\\20220623_161322\\1655994021237.png]]

2022-06-23 16:20:21 - [TEST_STEP][PASSED] - I.Logout(): Delayed 3 second(s)

2022-06-23 16:20:24 - [MESSAGE][PASSED] - Delayed 3 second(s)

2022-06-23 16:20:24 - [MESSAGE][PASSED] - Object: 'Object Repository/1. Constant/xpath' is clicked on

2022-06-23 16:20:27 - [MESSAGE][PASSED] - Delayed 3 second(s)

2022-06-23 16:20:29 - [MESSAGE][PASSED] - Object: 'Object Repository/1. Constant/xpath' is clicked on

2022-06-23 16:20:32 - [MESSAGE][PASSED] - Delayed 3 second(s)

2022-06-23 16:20:32 - [TEST_STEP][PASSED] - I.Login_password("stest", password_stest): Object: 'Object Repository/1. Constant/xpath' is clicked on

2022-06-23 16:20:32 - [MESSAGE][PASSED] - Text 'stest' is set on object 'Object Repository/1. Constant/xpath'

2022-06-23 16:20:33 - [MESSAGE][PASSED] - Delayed 1 second(s)

2022-06-23 16:20:34 - [MESSAGE][PASSED] - Text 'dchi' is set on object 'Object Repository/1. Constant/xpath'

2022-06-23 16:20:35 - [MESSAGE][PASSED] - Delayed 1 second(s)

2022-06-23 16:20:38 - [MESSAGE][PASSED] - Object: 'Object Repository/1. Constant/xpath' is clicked on

2022-06-23 16:20:38 - [TEST_STEP][PASSED] - click(findTestObject("1. Constant/02_LHSMenu_Projects")): Object: 'Object Repository/1. Constant/02_LHSMenu_Projects' is clicked on

2022-06-23 16:20:46 - [MESSAGE][PASSED] - Object: 'Object Repository/1. Constant/02_LHSMenu_Projects' is clicked on

2022-06-23 16:20:46 - [TEST_STEP][PASSED] - I.SearchProjectNo_xpath(Project_No, "//*[@id="keynum_project"]", "//*[@id="form_filters"]/div[4]/button"): Delayed 5 second(s)

2022-06-23 16:20:47 - [MESSAGE][PASSED] - Delayed 1 second(s)

2022-06-23 16:20:48 - [MESSAGE][PASSED] - Text 'MI003392' is set on object 'Object Repository/1. Constant/xpath'

2022-06-23 16:20:51 - [MESSAGE][PASSED] - Delayed 3 second(s)

2022-06-23 16:20:51 - [MESSAGE][PASSED] - Scroll to object 'Object Repository/1. Constant/xpath' successfully

2022-06-23 16:20:55 - [MESSAGE][PASSED] - Object: 'Object Repository/1. Constant/xpath' is clicked on

2022-06-23 16:21:00 - [MESSAGE][PASSED] - Delayed 5 second(s)

2022-06-23 16:21:00 - [TEST_STEP][PASSED] - takeScreenshot(): Taking screenshot successfully

2022-06-23 16:21:01 - [MESSAGE][PASSED] - Taking screenshot successfully
[[ATTACHMENT|D:\\Projet Test Auto\\Mediabox Test Automation\\Reports\\20220623_161321\\03. Parallel Testing (Testing)\\TS -PT PART 3\\01.Tag_Sephora Login and Creation user\\20220623_161322\\1655994060782.png]]

2022-06-23 16:21:01 - [TEST_STEP][PASSED] - delay(1): Delayed 1 second(s)

2022-06-23 16:21:02 - [MESSAGE][PASSED] - Delayed 1 second(s)

2022-06-23 16:21:02 - [TEST_STEP][PASSED] - click(findTestObject("1. Constant/xpath", ["xpath":"//*[@id="source_24365"]/td[8]/a"])): Object: 'Object Repository/1. Constant/xpath' is clicked on

2022-06-23 16:21:05 - [MESSAGE][PASSED] - Object: 'Object Repository/1. Constant/xpath' is clicked on

2022-06-23 16:21:05 - [TEST_STEP][PASSED] - click(findTestObject("1. Constant/xpath", ["xpath":"//*[@id="kt_content"]/div[3]/div/ul/li[2]/a"])): Object: 'Object Repository/1. Constant/xpath' is clicked on

2022-06-23 16:21:09 - [MESSAGE][PASSED] - Object: 'Object Repository/1. Constant/xpath' is clicked on

2022-06-23 16:21:09 - [TEST_STEP][PASSED] - delay(1): Delayed 1 second(s)

2022-06-23 16:21:10 - [MESSAGE][PASSED] - Delayed 1 second(s)

2022-06-23 16:21:10 - [TEST_STEP][PASSED] - takeScreenshot(): Taking screenshot successfully

2022-06-23 16:21:10 - [MESSAGE][PASSED] - Taking screenshot successfully
[[ATTACHMENT|D:\\Projet Test Auto\\Mediabox Test Automation\\Reports\\20220623_161321\\03. Parallel Testing (Testing)\\TS -PT PART 3\\01.Tag_Sephora Login and Creation user\\20220623_161322\\1655994070534.png]]

2022-06-23 16:21:10 - [TEST_STEP][PASSED] - click(findTestObject("1. Constant/xpath", ["xpath":"//*[@id="aff_doc_AW"]"])): Object: 'Object Repository/1. Constant/xpath' is clicked on

2022-06-23 16:21:11 - [MESSAGE][PASSED] - Object: 'Object Repository/1. Constant/xpath' is clicked on

2022-06-23 16:21:11 - [TEST_STEP][PASSED] - takeScreenshot(): Taking screenshot successfully

2022-06-23 16:21:11 - [MESSAGE][PASSED] - Taking screenshot successfully
[[ATTACHMENT|D:\\Projet Test Auto\\Mediabox Test Automation\\Reports\\20220623_161321\\03. Parallel Testing (Testing)\\TS -PT PART 3\\01.Tag_Sephora Login and Creation user\\20220623_161322\\1655994071455.png]]

2022-06-23 16:21:11 - [TEST_STEP][PASSED] - mouseOver(findTestObject("1. Constant/xpath", ["xpath":"//*[@id="level_apl_0"]/div[1]/div[2]/a[2]"])): Object: 'Object Repository/1. Constant/xpath' is hovered

2022-06-23 16:21:20 - [MESSAGE][PASSED] - Object: 'Object Repository/1. Constant/xpath' is hovered

2022-06-23 16:21:20 - [TEST_STEP][PASSED] - tooltip_adduser_actual = getText(findTestObject("1. Constant/xpath", ["xpath":"/html/body/div[9]/div[2]"])): Text of object 'Object Repository/1. Constant/xpath' is: 'Add approval users'

2022-06-23 16:21:22 - [MESSAGE][PASSED] - Text of object 'Object Repository/1. Constant/xpath' is: 'Add approval users'

2022-06-23 16:21:22 - [TEST_STEP][PASSED] - verifyMatch(tooltip_adduser_actual, "Add approval users", false): Actual text 'Add approval users' and expected text 'Add approval users' are matched 

2022-06-23 16:21:22 - [MESSAGE][PASSED] - Actual text 'Add approval users' and expected text 'Add approval users' are matched 

2022-06-23 16:21:22 - [TEST_STEP][PASSED] - click(findTestObject("1. Constant/xpath", ["xpath":"//*[@id="level_apl_0"]/div[1]/div[2]/a[2]"])): Object: 'Object Repository/1. Constant/xpath' is clicked on

2022-06-23 16:21:22 - [MESSAGE][PASSED] - Object: 'Object Repository/1. Constant/xpath' is clicked on

2022-06-23 16:21:22 - [TEST_STEP][PASSED] - takeScreenshot(): Taking screenshot successfully

2022-06-23 16:21:23 - [MESSAGE][PASSED] - Taking screenshot successfully
[[ATTACHMENT|D:\\Projet Test Auto\\Mediabox Test Automation\\Reports\\20220623_161321\\03. Parallel Testing (Testing)\\TS -PT PART 3\\01.Tag_Sephora Login and Creation user\\20220623_161322\\1655994082930.png]]

2022-06-23 16:21:23 - [TEST_STEP][PASSED] - delay(1): Delayed 1 second(s)

2022-06-23 16:21:24 - [MESSAGE][PASSED] - Delayed 1 second(s)

2022-06-23 16:21:24 - [TEST_STEP][PASSED] - click(findTestObject("1. Constant/xpath", ["xpath":"//*[@id="modal_addvalideur"]/div/div/div[3]/button[2]"])): Object: 'Object Repository/1. Constant/xpath' is clicked on

2022-06-23 16:21:24 - [MESSAGE][PASSED] - Object: 'Object Repository/1. Constant/xpath' is clicked on

2022-06-23 16:21:24 - [TEST_STEP][PASSED] - I.VerifyMatchToastrmsg("//*[@id="toast-container"]/div/div[2]", "Please select a group"): Actual text 'Please select a group' and expected text 'Please select a group' are matched 

2022-06-23 16:21:24 - [MESSAGE][PASSED] - Object 'Object Repository/1. Constant/xpath' is visible

2022-06-23 16:21:25 - [MESSAGE][PASSED] - Text of object 'Object Repository/1. Constant/xpath' is: 'Please select a group'

2022-06-23 16:21:25 - [MESSAGE][PASSED] - Taking screenshot successfully
[[ATTACHMENT|D:\\Projet Test Auto\\Mediabox Test Automation\\Reports\\20220623_161321\\03. Parallel Testing (Testing)\\TS -PT PART 3\\01.Tag_Sephora Login and Creation user\\20220623_161322\\1655994085153.png]]

2022-06-23 16:21:25 - [MESSAGE][PASSED] - Actual text 'Please select a group' and expected text 'Please select a group' are matched 

2022-06-23 16:21:25 - [TEST_STEP][PASSED] - takeScreenshot(): Taking screenshot successfully

2022-06-23 16:21:25 - [MESSAGE][PASSED] - Taking screenshot successfully
[[ATTACHMENT|D:\\Projet Test Auto\\Mediabox Test Automation\\Reports\\20220623_161321\\03. Parallel Testing (Testing)\\TS -PT PART 3\\01.Tag_Sephora Login and Creation user\\20220623_161322\\1655994085516.png]]

2022-06-23 16:21:25 - [TEST_STEP][PASSED] - I.SelectFromList_Value("//*[@id="added_group_approval"]", "23"): Delayed 2 second(s)

2022-06-23 16:21:26 - [MESSAGE][PASSED] - All options with value '23' are selected in object 'Object Repository/1. Constant/xpath' 

2022-06-23 16:21:28 - [MESSAGE][PASSED] - Delayed 2 second(s)

2022-06-23 16:21:28 - [TEST_STEP][PASSED] - click(findTestObject("1. Constant/xpath", ["xpath":"//*[@id="modal_addvalideur"]/div/div/div[3]/button[2]"])): Object: 'Object Repository/1. Constant/xpath' is clicked on

2022-06-23 16:21:28 - [MESSAGE][PASSED] - Object: 'Object Repository/1. Constant/xpath' is clicked on

2022-06-23 16:21:28 - [TEST_STEP][PASSED] - I.VerifyMatchToastrmsg("//*[@id="toast-container"]/div/div[2]", "Please select a new user approver"): Actual text 'Please select a new user approver' and expected text 'Please select a new user approver' are matched 

2022-06-23 16:21:28 - [MESSAGE][PASSED] - Object 'Object Repository/1. Constant/xpath' is visible

2022-06-23 16:21:28 - [MESSAGE][PASSED] - Text of object 'Object Repository/1. Constant/xpath' is: 'Please select a new user approver'

2022-06-23 16:21:29 - [MESSAGE][PASSED] - Taking screenshot successfully
[[ATTACHMENT|D:\\Projet Test Auto\\Mediabox Test Automation\\Reports\\20220623_161321\\03. Parallel Testing (Testing)\\TS -PT PART 3\\01.Tag_Sephora Login and Creation user\\20220623_161322\\1655994088783.png]]

2022-06-23 16:21:29 - [MESSAGE][PASSED] - Actual text 'Please select a new user approver' and expected text 'Please select a new user approver' are matched 

2022-06-23 16:21:29 - [TEST_STEP][PASSED] - takeScreenshot(): Taking screenshot successfully

2022-06-23 16:21:29 - [MESSAGE][PASSED] - Taking screenshot successfully
[[ATTACHMENT|D:\\Projet Test Auto\\Mediabox Test Automation\\Reports\\20220623_161321\\03. Parallel Testing (Testing)\\TS -PT PART 3\\01.Tag_Sephora Login and Creation user\\20220623_161322\\1655994089217.png]]

2022-06-23 16:21:29 - [TEST_STEP][PASSED] - I.SelectFromList_Value("//*[@id="added_group_approval"]", "23"): Delayed 2 second(s)

2022-06-23 16:21:29 - [MESSAGE][PASSED] - All options with value '23' are selected in object 'Object Repository/1. Constant/xpath' 

2022-06-23 16:21:31 - [MESSAGE][PASSED] - Delayed 2 second(s)

2022-06-23 16:21:31 - [TEST_STEP][PASSED] - click(findTestObject("1. Constant/xpath", ["xpath":"//*[@id="btnAddAll0"]"])): Object: 'Object Repository/1. Constant/xpath' is clicked on

2022-06-23 16:21:32 - [MESSAGE][PASSED] - Object: 'Object Repository/1. Constant/xpath' is clicked on

2022-06-23 16:21:32 - [TEST_STEP][PASSED] - takeScreenshot(): Taking screenshot successfully

2022-06-23 16:21:32 - [MESSAGE][PASSED] - Taking screenshot successfully
[[ATTACHMENT|D:\\Projet Test Auto\\Mediabox Test Automation\\Reports\\20220623_161321\\03. Parallel Testing (Testing)\\TS -PT PART 3\\01.Tag_Sephora Login and Creation user\\20220623_161322\\1655994092085.png]]

2022-06-23 16:21:32 - [TEST_STEP][PASSED] - click(findTestObject("1. Constant/xpath", ["xpath":"//*[@id="btnRemoveAll0"]"])): Object: 'Object Repository/1. Constant/xpath' is clicked on

2022-06-23 16:21:32 - [MESSAGE][PASSED] - Object: 'Object Repository/1. Constant/xpath' is clicked on

2022-06-23 16:21:32 - [TEST_STEP][PASSED] - takeScreenshot(): Taking screenshot successfully

2022-06-23 16:21:33 - [MESSAGE][PASSED] - Taking screenshot successfully
[[ATTACHMENT|D:\\Projet Test Auto\\Mediabox Test Automation\\Reports\\20220623_161321\\03. Parallel Testing (Testing)\\TS -PT PART 3\\01.Tag_Sephora Login and Creation user\\20220623_161322\\1655994092776.png]]

2022-06-23 16:21:33 - [TEST_STEP][PASSED] - delay(2): Delayed 2 second(s)

2022-06-23 16:21:35 - [MESSAGE][PASSED] - Delayed 2 second(s)

2022-06-23 16:21:35 - [TEST_STEP][PASSED] - verifyOptionPresentByValue(findTestObject("1. Constant/xpath", ["xpath":"//*[@id="selDestUsers"]"]), "", false, 20, OPTIONAL): There is no option with value '' present in object 'Object Repository/1. Constant/xpath'  (Root cause: com.kms.katalon.core.exception.StepFailedException: There is no option with value '' present in object 'Object Repository/1. Constant/xpath' 
	at com.kms.katalon.core.webui.keyword.internal.WebUIKeywordMain.stepFailed(WebUIKeywordMain.groovy:64)
	at com.kms.katalon.core.webui.keyword.builtin.VerifyOptionPresentByValueKeyword$_verifyOptionPresentByValue_closure1.doCall(VerifyOptionPresentByValueKeyword.groovy:91)
	at com.kms.katalon.core.webui.keyword.builtin.VerifyOptionPresentByValueKeyword$_verifyOptionPresentByValue_closure1.call(VerifyOptionPresentByValueKeyword.groovy)
	at com.kms.katalon.core.webui.keyword.internal.WebUIKeywordMain.runKeyword(WebUIKeywordMain.groovy:20)
	at com.kms.katalon.core.webui.keyword.builtin.VerifyOptionPresentByValueKeyword.verifyOptionPresentByValue(VerifyOptionPresentByValueKeyword.groovy:103)
	at com.kms.katalon.core.webui.keyword.builtin.VerifyOptionPresentByValueKeyword.execute(VerifyOptionPresentByValueKeyword.groovy:70)
	at com.kms.katalon.core.keyword.internal.KeywordExecutor.executeKeywordForPlatform(KeywordExecutor.groovy:74)
	at com.kms.katalon.core.webui.keyword.WebUiBuiltInKeywords.verifyOptionPresentByValue(WebUiBuiltInKeywords.groovy:2039)
	at com.kms.katalon.core.webui.keyword.WebUiBuiltInKeywords$verifyOptionPresentByValue$19.call(Unknown Source)
	at 10.01 Tag Add Approver (Existing Project _ admin).run(10.01 Tag Add Approver (Existing Project _ admin):156)
	at com.kms.katalon.core.main.ScriptEngine.run(ScriptEngine.java:194)
	at com.kms.katalon.core.main.ScriptEngine.runScriptAsRawText(ScriptEngine.java:119)
	at com.kms.katalon.core.main.TestCaseExecutor.runScript(TestCaseExecutor.java:445)
	at com.kms.katalon.core.main.TestCaseExecutor.doExecute(TestCaseExecutor.java:436)
	at com.kms.katalon.core.main.TestCaseExecutor.processExecutionPhase(TestCaseExecutor.java:415)
	at com.kms.katalon.core.main.TestCaseExecutor.accessMainPhase(TestCaseExecutor.java:407)
	at com.kms.katalon.core.main.TestCaseExecutor.execute(TestCaseExecutor.java:284)
	at com.kms.katalon.core.common.CommonExecutor.accessTestCaseMainPhase(CommonExecutor.java:65)
	at com.kms.katalon.core.main.TestSuiteExecutor.accessTestSuiteMainPhase(TestSuiteExecutor.java:144)
	at com.kms.katalon.core.main.TestSuiteExecutor.execute(TestSuiteExecutor.java:106)
	at com.kms.katalon.core.main.TestCaseMain.startTestSuite(TestCaseMain.java:185)
	at com.kms.katalon.core.main.TestCaseMain$startTestSuite$0.call(Unknown Source)
	at TempTestSuite1655993602591.run(TempTestSuite1655993602591.groovy:36)
)

2022-06-23 16:21:35 - [MESSAGE][WARNING] - There is no option with value '' present in object 'Object Repository/1. Constant/xpath'  (Root cause: com.kms.katalon.core.exception.StepFailedException: There is no option with value '' present in object 'Object Repository/1. Constant/xpath' 
	at com.kms.katalon.core.webui.keyword.internal.WebUIKeywordMain.stepFailed(WebUIKeywordMain.groovy:64)
	at com.kms.katalon.core.webui.keyword.builtin.VerifyOptionPresentByValueKeyword$_verifyOptionPresentByValue_closure1.doCall(VerifyOptionPresentByValueKeyword.groovy:91)
	at com.kms.katalon.core.webui.keyword.builtin.VerifyOptionPresentByValueKeyword$_verifyOptionPresentByValue_closure1.call(VerifyOptionPresentByValueKeyword.groovy)
	at com.kms.katalon.core.webui.keyword.internal.WebUIKeywordMain.runKeyword(WebUIKeywordMain.groovy:20)
	at com.kms.katalon.core.webui.keyword.builtin.VerifyOptionPresentByValueKeyword.verifyOptionPresentByValue(VerifyOptionPresentByValueKeyword.groovy:103)
	at com.kms.katalon.core.webui.keyword.builtin.VerifyOptionPresentByValueKeyword.execute(VerifyOptionPresentByValueKeyword.groovy:70)
	at com.kms.katalon.core.keyword.internal.KeywordExecutor.executeKeywordForPlatform(KeywordExecutor.groovy:74)
	at com.kms.katalon.core.webui.keyword.WebUiBuiltInKeywords.verifyOptionPresentByValue(WebUiBuiltInKeywords.groovy:2039)
	at com.kms.katalon.core.webui.keyword.WebUiBuiltInKeywords$verifyOptionPresentByValue$19.call(Unknown Source)
	at 10.01 Tag Add Approver (Existing Project _ admin).run(10.01 Tag Add Approver (Existing Project _ admin):156)
	at com.kms.katalon.core.main.ScriptEngine.run(ScriptEngine.java:194)
	at com.kms.katalon.core.main.ScriptEngine.runScriptAsRawText(ScriptEngine.java:119)
	at com.kms.katalon.core.main.TestCaseExecutor.runScript(TestCaseExecutor.java:445)
	at com.kms.katalon.core.main.TestCaseExecutor.doExecute(TestCaseExecutor.java:436)
	at com.kms.katalon.core.main.TestCaseExecutor.processExecutionPhase(TestCaseExecutor.java:415)
	at com.kms.katalon.core.main.TestCaseExecutor.accessMainPhase(TestCaseExecutor.java:407)
	at com.kms.katalon.core.main.TestCaseExecutor.execute(TestCaseExecutor.java:284)
	at com.kms.katalon.core.common.CommonExecutor.accessTestCaseMainPhase(CommonExecutor.java:65)
	at com.kms.katalon.core.main.TestSuiteExecutor.accessTestSuiteMainPhase(TestSuiteExecutor.java:144)
	at com.kms.katalon.core.main.TestSuiteExecutor.execute(TestSuiteExecutor.java:106)
	at com.kms.katalon.core.main.TestCaseMain.startTestSuite(TestCaseMain.java:185)
	at com.kms.katalon.core.main.TestCaseMain$startTestSuite$0.call(Unknown Source)
	at TempTestSuite1655993602591.run(TempTestSuite1655993602591.groovy:36)
)
[[ATTACHMENT|D:\\Projet Test Auto\\Mediabox Test Automation\\Reports\\20220623_161321\\03. Parallel Testing (Testing)\\TS -PT PART 3\\01.Tag_Sephora Login and Creation user\\20220623_161322\\1655994095311.png]]

2022-06-23 16:21:35 - [TEST_STEP][PASSED] - delay(2): Delayed 2 second(s)

2022-06-23 16:21:37 - [MESSAGE][PASSED] - Delayed 2 second(s)

2022-06-23 16:21:37 - [TEST_STEP][PASSED] - I.SelectFromList_Value("//*[@id="selSourceUsers"]", "kmullen"): Delayed 2 second(s)

2022-06-23 16:21:38 - [MESSAGE][PASSED] - All options with value 'kmullen' are selected in object 'Object Repository/1. Constant/xpath' 

2022-06-23 16:21:40 - [MESSAGE][PASSED] - Delayed 2 second(s)

2022-06-23 16:21:40 - [TEST_STEP][PASSED] - I.select_multiplelist("//*[@id="selSourceUsers"]", "//*[@id="btnAdd0"]", "adouglas"): Delayed 1 second(s)

2022-06-23 16:21:41 - [MESSAGE][PASSED] - Delayed 1 second(s)

2022-06-23 16:21:41 - [MESSAGE][PASSED] - All options with value 'adouglas' are selected in object 'Object Repository/1. Constant/xpath' 

2022-06-23 16:21:43 - [MESSAGE][PASSED] - Delayed 2 second(s)

2022-06-23 16:21:43 - [MESSAGE][PASSED] - Object: 'Object Repository/1. Constant/xpath' is clicked on

2022-06-23 16:21:44 - [MESSAGE][PASSED] - Delayed 1 second(s)

2022-06-23 16:21:44 - [TEST_STEP][PASSED] - delay(1): Delayed 1 second(s)

2022-06-23 16:21:45 - [MESSAGE][PASSED] - Delayed 1 second(s)

2022-06-23 16:21:45 - [TEST_STEP][PASSED] - takeScreenshot(): Taking screenshot successfully

2022-06-23 16:21:45 - [MESSAGE][PASSED] - Taking screenshot successfully
[[ATTACHMENT|D:\\Projet Test Auto\\Mediabox Test Automation\\Reports\\20220623_161321\\03. Parallel Testing (Testing)\\TS -PT PART 3\\01.Tag_Sephora Login and Creation user\\20220623_161322\\1655994105530.png]]

2022-06-23 16:21:45 - [TEST_STEP][PASSED] - I.select_multiplelist("//*[@id="selDestUsers"]", "//*[@id="btnRemove0"]", "adouglas"): Delayed 1 second(s)

2022-06-23 16:21:46 - [MESSAGE][PASSED] - Delayed 1 second(s)

2022-06-23 16:21:47 - [MESSAGE][PASSED] - All options with value 'adouglas' are selected in object 'Object Repository/1. Constant/xpath' 

2022-06-23 16:21:49 - [MESSAGE][PASSED] - Delayed 2 second(s)

2022-06-23 16:21:49 - [MESSAGE][PASSED] - Object: 'Object Repository/1. Constant/xpath' is clicked on

2022-06-23 16:21:50 - [MESSAGE][PASSED] - Delayed 1 second(s)

2022-06-23 16:21:50 - [TEST_STEP][PASSED] - takeScreenshot(): Taking screenshot successfully

2022-06-23 16:21:50 - [MESSAGE][PASSED] - Taking screenshot successfully
[[ATTACHMENT|D:\\Projet Test Auto\\Mediabox Test Automation\\Reports\\20220623_161321\\03. Parallel Testing (Testing)\\TS -PT PART 3\\01.Tag_Sephora Login and Creation user\\20220623_161322\\1655994110405.png]]

2022-06-23 16:21:50 - [TEST_STEP][PASSED] - click(findTestObject("1. Constant/xpath", ["xpath":"//*[@id="modal_addvalideur"]/div/div/div[3]/button[2]"])): Object: 'Object Repository/1. Constant/xpath' is clicked on

2022-06-23 16:21:58 - [MESSAGE][PASSED] - Object: 'Object Repository/1. Constant/xpath' is clicked on

2022-06-23 16:21:58 - [TEST_STEP][PASSED] - I.Logout(): Delayed 3 second(s)

2022-06-23 16:22:01 - [MESSAGE][PASSED] - Delayed 3 second(s)

2022-06-23 16:22:02 - [MESSAGE][PASSED] - Object: 'Object Repository/1. Constant/xpath' is clicked on

2022-06-23 16:22:05 - [MESSAGE][PASSED] - Delayed 3 second(s)

2022-06-23 16:22:07 - [MESSAGE][PASSED] - Object: 'Object Repository/1. Constant/xpath' is clicked on

2022-06-23 16:22:10 - [MESSAGE][PASSED] - Delayed 3 second(s)

2022-06-23 16:22:10 - [TEST_STEP][PASSED] - I.Login_password("kmullen", password_kmullen): Object: 'Object Repository/1. Constant/xpath' is clicked on

2022-06-23 16:22:10 - [MESSAGE][PASSED] - Text 'kmullen' is set on object 'Object Repository/1. Constant/xpath'

2022-06-23 16:22:11 - [MESSAGE][PASSED] - Delayed 1 second(s)

2022-06-23 16:22:11 - [MESSAGE][PASSED] - Text 'dchi' is set on object 'Object Repository/1. Constant/xpath'

2022-06-23 16:22:12 - [MESSAGE][PASSED] - Delayed 1 second(s)

2022-06-23 16:22:21 - [MESSAGE][PASSED] - Object: 'Object Repository/1. Constant/xpath' is clicked on

2022-06-23 16:22:21 - [TEST_STEP][PASSED] - user1_af = I.Get_Task_No("//*[@id="kt_header"]/div/div[2]/div[1]/div[1]"): Text of object 'Object Repository/1. Constant/xpath' is: '1'

2022-06-23 16:22:21 - [MESSAGE][PASSED] - Text of object 'Object Repository/1. Constant/xpath' is: '1'

2022-06-23 16:22:21 - [TEST_STEP][PASSED] - takeScreenshot(): Taking screenshot successfully

2022-06-23 16:22:21 - [MESSAGE][PASSED] - Taking screenshot successfully
[[ATTACHMENT|D:\\Projet Test Auto\\Mediabox Test Automation\\Reports\\20220623_161321\\03. Parallel Testing (Testing)\\TS -PT PART 3\\01.Tag_Sephora Login and Creation user\\20220623_161322\\1655994141500.png]]

2022-06-23 16:22:21 - [TEST_STEP][PASSED] - I.Logout(): Delayed 3 second(s)

2022-06-23 16:22:24 - [MESSAGE][PASSED] - Delayed 3 second(s)

2022-06-23 16:22:25 - [MESSAGE][PASSED] - Object: 'Object Repository/1. Constant/xpath' is clicked on

2022-06-23 16:22:28 - [MESSAGE][PASSED] - Delayed 3 second(s)

2022-06-23 16:22:30 - [MESSAGE][PASSED] - Object: 'Object Repository/1. Constant/xpath' is clicked on

2022-06-23 16:22:33 - [MESSAGE][PASSED] - Delayed 3 second(s)

2022-06-23 16:22:33 - [TEST_STEP][PASSED] - verifyEqual(user1_af, user1_bf + 1): Actual object '1' and expected object '1' are equal

2022-06-23 16:22:33 - [MESSAGE][PASSED] - Actual object '1' and expected object '1' are equal

2022-06-23 16:22:33 - [TEST_STEP][PASSED] - closeBrowser(): Browser is closed

2022-06-23 16:22:34 - [MESSAGE][PASSED] - Browser is closed

2022-06-23 16:22:34 - [TEST_STEP][PASSED] - Start listener action : sampleAfterTestCase: null]]></system-out>
         <system-err><![CDATA[]]></system-err>
      </testcase>
      <testcase name="Test Cases/01. Sephora _StarPack Login_Logout Connexion-Deconnexion/1.01 Login (Chrome)" time="77.316" classname="Test Cases/01. Sephora _StarPack Login_Logout Connexion-Deconnexion/1.01 Login (Chrome)" status="PASSED">
         <system-out><![CDATA[2022-06-23 16:22:34 - [TEST_CASE][PASSED] - Test Cases/01. Sephora _StarPack Login_Logout Connexion-Deconnexion/1.01 Login (Chrome): Test Cases/01. Sephora _StarPack Login_Logout Connexion-Deconnexion/1.01 Login (Chrome)

2022-06-23 16:22:34 - [TEST_STEP][PASSED] - data_Sephora = findTestData("Data Files/Username_Password/Sephora"): null

2022-06-23 16:22:34 - [TEST_STEP][PASSED] - password_aalbeaux = data_Sephora.getValue(2, 7): null

2022-06-23 16:22:34 - [TEST_STEP][PASSED] - data_urlRELAUTO = findTestData("Data Files/URL/URL_relauto"): null

2022-06-23 16:22:34 - [TEST_STEP][PASSED] - Url_Sephora = data_urlRELAUTO.getValue(2, 1): null

2022-06-23 16:22:34 - [TEST_STEP][PASSED] - log = new com.kms.katalon.core.logging.KeywordLogger(): null

2022-06-23 16:22:34 - [TEST_STEP][PASSED] - openBrowser(Url_Sephora): Browser is opened with url: 'http://mdb-release.diadeis.lan/MediaboxIndependence/?MBI_datasource=RELTESTAUTO_SEPHORA'

2022-06-23 16:22:34 - [MESSAGE][INFO] - Starting 'Chrome (headless)' driver

2022-06-23 16:22:34 - [MESSAGE][INFO] - User set preference: ['args', '[--window-size=1920,1080, --headless]']

2022-06-23 16:22:34 - [MESSAGE][INFO] - Action delay is set to 0 milliseconds

2022-06-23 16:22:40 - [MESSAGE][PASSED] - Browser is opened with url: 'http://mdb-release.diadeis.lan/MediaboxIndependence/?MBI_datasource=RELTESTAUTO_SEPHORA'

2022-06-23 16:22:40 - [TEST_STEP][PASSED] - maximizeWindow(): Current window maximized

2022-06-23 16:22:40 - [MESSAGE][PASSED] - Current window maximized

2022-06-23 16:22:40 - [TEST_STEP][PASSED] - I.Login_password("fake_user", "dchi"): Object: 'Object Repository/1. Constant/xpath' is clicked on

2022-06-23 16:22:40 - [MESSAGE][PASSED] - Text 'fake_user' is set on object 'Object Repository/1. Constant/xpath'

2022-06-23 16:22:41 - [MESSAGE][PASSED] - Delayed 1 second(s)

2022-06-23 16:22:42 - [MESSAGE][PASSED] - Text 'dchi' is set on object 'Object Repository/1. Constant/xpath'

2022-06-23 16:22:43 - [MESSAGE][PASSED] - Delayed 1 second(s)

2022-06-23 16:22:48 - [MESSAGE][PASSED] - Object: 'Object Repository/1. Constant/xpath' is clicked on

2022-06-23 16:22:48 - [TEST_STEP][PASSED] - verifyElementVisible(findTestObject("1. Constant/xpath", ["xpath":"//*[@id="errorline"]"])): Object 'Object Repository/1. Constant/xpath' is visible

2022-06-23 16:22:48 - [MESSAGE][PASSED] - Object 'Object Repository/1. Constant/xpath' is visible

2022-06-23 16:22:48 - [TEST_STEP][FAILED] - I.verifymsg(findTestObject("1. Constant/xpath", ["xpath":"//*[@id="errorline"]"]), "Access denied", log): Warning! Incorrect messageAccès refusé- Test KO

2022-06-23 16:22:48 - [MESSAGE][PASSED] - Text of object 'Object Repository/1. Constant/xpath' is: 'Accès refusé'

2022-06-23 16:22:48 - [MESSAGE][FAILED] - Warning! Incorrect messageAccès refusé- Test KO

2022-06-23 16:22:48 - [TEST_STEP][PASSED] - takeScreenshot(): Taking screenshot successfully

2022-06-23 16:22:48 - [MESSAGE][PASSED] - Taking screenshot successfully
[[ATTACHMENT|D:\\Projet Test Auto\\Mediabox Test Automation\\Reports\\20220623_161321\\03. Parallel Testing (Testing)\\TS -PT PART 3\\01.Tag_Sephora Login and Creation user\\20220623_161322\\1655994168602.png]]

2022-06-23 16:22:48 - [TEST_STEP][PASSED] - delay(2): Delayed 2 second(s)

2022-06-23 16:22:50 - [MESSAGE][PASSED] - Delayed 2 second(s)

2022-06-23 16:22:50 - [TEST_STEP][PASSED] - I.ClearLoginandPasswordField(): Text of object 'Object Repository/1. Constant/xpath' is cleared

2022-06-23 16:22:51 - [MESSAGE][PASSED] - Text of object 'Object Repository/1. Constant/xpath' is cleared

2022-06-23 16:22:52 - [MESSAGE][PASSED] - Delayed 1 second(s)

2022-06-23 16:22:52 - [MESSAGE][PASSED] - Text of object 'Object Repository/1. Constant/xpath' is cleared

2022-06-23 16:22:52 - [TEST_STEP][PASSED] - ts1 = System.currentTimeMillis(): null

2022-06-23 16:22:52 - [TEST_STEP][PASSED] - I.Login_password("aalbeaux", password_aalbeaux): Object: 'Object Repository/1. Constant/xpath' is clicked on

2022-06-23 16:22:52 - [MESSAGE][PASSED] - Text 'aalbeaux' is set on object 'Object Repository/1. Constant/xpath'

2022-06-23 16:22:53 - [MESSAGE][PASSED] - Delayed 1 second(s)

2022-06-23 16:22:54 - [MESSAGE][PASSED] - Text 'dchi2' is set on object 'Object Repository/1. Constant/xpath'

2022-06-23 16:22:55 - [MESSAGE][PASSED] - Delayed 1 second(s)

2022-06-23 16:23:02 - [MESSAGE][PASSED] - Object: 'Object Repository/1. Constant/xpath' is clicked on

2022-06-23 16:23:02 - [TEST_STEP][PASSED] - waitForPageLoad(60): Wait for page load successfully

2022-06-23 16:23:03 - [MESSAGE][PASSED] - Wait for page load successfully

2022-06-23 16:23:03 - [TEST_STEP][PASSED] - I.verifymsg(findTestObject("1. Constant/xpath", ["xpath":"//*[@id="kt_content"]/div[3]/div/h1/span[1]"]), "Aline", log): Text of object 'Object Repository/1. Constant/xpath' is: 'Aline'

2022-06-23 16:23:03 - [MESSAGE][PASSED] - Text of object 'Object Repository/1. Constant/xpath' is: 'Aline'

2022-06-23 16:23:03 - [TEST_STEP][PASSED] - ts2 = System.currentTimeMillis(): null

2022-06-23 16:23:03 - [TEST_STEP][PASSED] - println("Login duration: " + ts2 - ts1 + " miliseconds."): null

2022-06-23 16:23:03 - [TEST_STEP][PASSED] - takeScreenshot(): Taking screenshot successfully

2022-06-23 16:23:03 - [MESSAGE][PASSED] - Taking screenshot successfully
[[ATTACHMENT|D:\\Projet Test Auto\\Mediabox Test Automation\\Reports\\20220623_161321\\03. Parallel Testing (Testing)\\TS -PT PART 3\\01.Tag_Sephora Login and Creation user\\20220623_161322\\1655994183299.png]]

2022-06-23 16:23:03 - [TEST_STEP][PASSED] - delay(2): Delayed 2 second(s)

2022-06-23 16:23:05 - [MESSAGE][PASSED] - Delayed 2 second(s)

2022-06-23 16:23:05 - [TEST_STEP][PASSED] - waitForPageLoad(30): Wait for page load successfully

2022-06-23 16:23:05 - [MESSAGE][PASSED] - Wait for page load successfully

2022-06-23 16:23:05 - [TEST_STEP][PASSED] - I.Logout(): Delayed 3 second(s)

2022-06-23 16:23:08 - [MESSAGE][PASSED] - Delayed 3 second(s)

2022-06-23 16:23:08 - [MESSAGE][PASSED] - Object: 'Object Repository/1. Constant/xpath' is clicked on

2022-06-23 16:23:11 - [MESSAGE][PASSED] - Delayed 3 second(s)

2022-06-23 16:23:13 - [MESSAGE][PASSED] - Object: 'Object Repository/1. Constant/xpath' is clicked on

2022-06-23 16:23:16 - [MESSAGE][PASSED] - Delayed 3 second(s)

2022-06-23 16:23:16 - [TEST_STEP][PASSED] - verifyElementVisible(findTestObject("Object Repository/HL Full Lifecycle/1 LoginPage_input_Login_field")): Object 'Object Repository/HL Full Lifecycle/1 LoginPage_input_Login_field' is visible

2022-06-23 16:23:16 - [MESSAGE][PASSED] - Object 'Object Repository/HL Full Lifecycle/1 LoginPage_input_Login_field' is visible

2022-06-23 16:23:16 - [TEST_STEP][PASSED] - takeScreenshot(): Taking screenshot successfully

2022-06-23 16:23:16 - [MESSAGE][PASSED] - Taking screenshot successfully
[[ATTACHMENT|D:\\Projet Test Auto\\Mediabox Test Automation\\Reports\\20220623_161321\\03. Parallel Testing (Testing)\\TS -PT PART 3\\01.Tag_Sephora Login and Creation user\\20220623_161322\\1655994196594.png]]

2022-06-23 16:23:16 - [TEST_STEP][PASSED] - delay(2): Delayed 2 second(s)

2022-06-23 16:23:18 - [MESSAGE][PASSED] - Delayed 2 second(s)

2022-06-23 16:23:18 - [TEST_STEP][PASSED] - I.Login_password("aalbeaux", "yoo"): Object: 'Object Repository/1. Constant/xpath' is clicked on

2022-06-23 16:23:19 - [MESSAGE][PASSED] - Text 'aalbeaux' is set on object 'Object Repository/1. Constant/xpath'

2022-06-23 16:23:20 - [MESSAGE][PASSED] - Delayed 1 second(s)

2022-06-23 16:23:20 - [MESSAGE][PASSED] - Text 'yoo' is set on object 'Object Repository/1. Constant/xpath'

2022-06-23 16:23:21 - [MESSAGE][PASSED] - Delayed 1 second(s)

2022-06-23 16:23:23 - [MESSAGE][PASSED] - Object: 'Object Repository/1. Constant/xpath' is clicked on

2022-06-23 16:23:23 - [TEST_STEP][PASSED] - verifyElementVisible(findTestObject("1. Constant/xpath", ["xpath":"//*[@id="errorline"]"])): Object 'Object Repository/1. Constant/xpath' is visible

2022-06-23 16:23:23 - [MESSAGE][PASSED] - Object 'Object Repository/1. Constant/xpath' is visible

2022-06-23 16:23:23 - [TEST_STEP][FAILED] - I.verifymsg(findTestObject("1. Constant/xpath", ["xpath":"//*[@id="errorline"]"]), "Access denied", log): Warning! Incorrect messageAccès refusé- Test KO

2022-06-23 16:23:23 - [MESSAGE][PASSED] - Text of object 'Object Repository/1. Constant/xpath' is: 'Accès refusé'

2022-06-23 16:23:23 - [MESSAGE][FAILED] - Warning! Incorrect messageAccès refusé- Test KO

2022-06-23 16:23:23 - [TEST_STEP][PASSED] - takeScreenshot(): Taking screenshot successfully

2022-06-23 16:23:23 - [MESSAGE][PASSED] - Taking screenshot successfully
[[ATTACHMENT|D:\\Projet Test Auto\\Mediabox Test Automation\\Reports\\20220623_161321\\03. Parallel Testing (Testing)\\TS -PT PART 3\\01.Tag_Sephora Login and Creation user\\20220623_161322\\1655994203641.png]]

2022-06-23 16:23:23 - [TEST_STEP][PASSED] - delay(2): Delayed 2 second(s)

2022-06-23 16:23:25 - [MESSAGE][PASSED] - Delayed 2 second(s)

2022-06-23 16:23:25 - [TEST_STEP][PASSED] - I.ClearLoginandPasswordField(): Text of object 'Object Repository/1. Constant/xpath' is cleared

2022-06-23 16:23:26 - [MESSAGE][PASSED] - Text of object 'Object Repository/1. Constant/xpath' is cleared

2022-06-23 16:23:27 - [MESSAGE][PASSED] - Delayed 1 second(s)

2022-06-23 16:23:27 - [MESSAGE][PASSED] - Text of object 'Object Repository/1. Constant/xpath' is cleared

2022-06-23 16:23:27 - [TEST_STEP][PASSED] - I.Login_password("aalbeaux", ""): Object: 'Object Repository/1. Constant/xpath' is clicked on

2022-06-23 16:23:27 - [MESSAGE][PASSED] - Text 'aalbeaux' is set on object 'Object Repository/1. Constant/xpath'

2022-06-23 16:23:28 - [MESSAGE][PASSED] - Delayed 1 second(s)

2022-06-23 16:23:28 - [MESSAGE][PASSED] - Text '' is set on object 'Object Repository/1. Constant/xpath'

2022-06-23 16:23:29 - [MESSAGE][PASSED] - Delayed 1 second(s)

2022-06-23 16:23:31 - [MESSAGE][PASSED] - Object: 'Object Repository/1. Constant/xpath' is clicked on

2022-06-23 16:23:31 - [TEST_STEP][PASSED] - verifyElementVisible(findTestObject("1. Constant/xpath", ["xpath":"//*[@id="errorline"]"])): Object 'Object Repository/1. Constant/xpath' is visible

2022-06-23 16:23:31 - [MESSAGE][PASSED] - Object 'Object Repository/1. Constant/xpath' is visible

2022-06-23 16:23:31 - [TEST_STEP][FAILED] - I.verifymsg(findTestObject("1. Constant/xpath", ["xpath":"//*[@id="errorline"]"]), "Access denied", log): Warning! Incorrect messageAccès refusé- Test KO

2022-06-23 16:23:31 - [MESSAGE][PASSED] - Text of object 'Object Repository/1. Constant/xpath' is: 'Accès refusé'

2022-06-23 16:23:31 - [MESSAGE][FAILED] - Warning! Incorrect messageAccès refusé- Test KO

2022-06-23 16:23:31 - [TEST_STEP][PASSED] - takeScreenshot(): Taking screenshot successfully

2022-06-23 16:23:32 - [MESSAGE][PASSED] - Taking screenshot successfully
[[ATTACHMENT|D:\\Projet Test Auto\\Mediabox Test Automation\\Reports\\20220623_161321\\03. Parallel Testing (Testing)\\TS -PT PART 3\\01.Tag_Sephora Login and Creation user\\20220623_161322\\1655994211881.png]]

2022-06-23 16:23:32 - [TEST_STEP][PASSED] - delay(2): Delayed 2 second(s)

2022-06-23 16:23:34 - [MESSAGE][PASSED] - Delayed 2 second(s)

2022-06-23 16:23:34 - [TEST_STEP][PASSED] - I.ClearLoginandPasswordField(): Text of object 'Object Repository/1. Constant/xpath' is cleared

2022-06-23 16:23:34 - [MESSAGE][PASSED] - Text of object 'Object Repository/1. Constant/xpath' is cleared

2022-06-23 16:23:35 - [MESSAGE][PASSED] - Delayed 1 second(s)

2022-06-23 16:23:35 - [MESSAGE][PASSED] - Text of object 'Object Repository/1. Constant/xpath' is cleared

2022-06-23 16:23:35 - [TEST_STEP][PASSED] - I.Login_password("", "diadeis"): Object: 'Object Repository/1. Constant/xpath' is clicked on

2022-06-23 16:23:35 - [MESSAGE][PASSED] - Text '' is set on object 'Object Repository/1. Constant/xpath'

2022-06-23 16:23:36 - [MESSAGE][PASSED] - Delayed 1 second(s)

2022-06-23 16:23:37 - [MESSAGE][PASSED] - Text 'diadeis' is set on object 'Object Repository/1. Constant/xpath'

2022-06-23 16:23:38 - [MESSAGE][PASSED] - Delayed 1 second(s)

2022-06-23 16:23:39 - [MESSAGE][PASSED] - Object: 'Object Repository/1. Constant/xpath' is clicked on

2022-06-23 16:23:39 - [TEST_STEP][PASSED] - verifyElementVisible(findTestObject("1. Constant/xpath", ["xpath":"//*[@id="errorline"]"])): Object 'Object Repository/1. Constant/xpath' is visible

2022-06-23 16:23:39 - [MESSAGE][PASSED] - Object 'Object Repository/1. Constant/xpath' is visible

2022-06-23 16:23:39 - [TEST_STEP][FAILED] - I.verifymsg(findTestObject("1. Constant/xpath", ["xpath":"//*[@id="errorline"]"]), "Access denied", log): Warning! Incorrect messageAccès refusé- Test KO

2022-06-23 16:23:39 - [MESSAGE][PASSED] - Text of object 'Object Repository/1. Constant/xpath' is: 'Accès refusé'

2022-06-23 16:23:39 - [MESSAGE][FAILED] - Warning! Incorrect messageAccès refusé- Test KO

2022-06-23 16:23:39 - [TEST_STEP][PASSED] - delay(2): Delayed 2 second(s)

2022-06-23 16:23:41 - [MESSAGE][PASSED] - Delayed 2 second(s)

2022-06-23 16:23:41 - [TEST_STEP][PASSED] - I.ClearLoginandPasswordField(): Text of object 'Object Repository/1. Constant/xpath' is cleared

2022-06-23 16:23:41 - [MESSAGE][PASSED] - Text of object 'Object Repository/1. Constant/xpath' is cleared

2022-06-23 16:23:42 - [MESSAGE][PASSED] - Delayed 1 second(s)

2022-06-23 16:23:43 - [MESSAGE][PASSED] - Text of object 'Object Repository/1. Constant/xpath' is cleared

2022-06-23 16:23:43 - [TEST_STEP][PASSED] - I.Login_password("", ""): Object: 'Object Repository/1. Constant/xpath' is clicked on

2022-06-23 16:23:43 - [MESSAGE][PASSED] - Text '' is set on object 'Object Repository/1. Constant/xpath'

2022-06-23 16:23:44 - [MESSAGE][PASSED] - Delayed 1 second(s)

2022-06-23 16:23:44 - [MESSAGE][PASSED] - Text '' is set on object 'Object Repository/1. Constant/xpath'

2022-06-23 16:23:45 - [MESSAGE][PASSED] - Delayed 1 second(s)

2022-06-23 16:23:47 - [MESSAGE][PASSED] - Object: 'Object Repository/1. Constant/xpath' is clicked on

2022-06-23 16:23:47 - [TEST_STEP][PASSED] - verifyElementVisible(findTestObject("1. Constant/xpath", ["xpath":"//*[@id="errorline"]"])): Object 'Object Repository/1. Constant/xpath' is visible

2022-06-23 16:23:47 - [MESSAGE][PASSED] - Object 'Object Repository/1. Constant/xpath' is visible

2022-06-23 16:23:47 - [TEST_STEP][FAILED] - I.verifymsg(findTestObject("1. Constant/xpath", ["xpath":"//*[@id="errorline"]"]), "Access denied", log): Warning! Incorrect messageAccès refusé- Test KO

2022-06-23 16:23:47 - [MESSAGE][PASSED] - Text of object 'Object Repository/1. Constant/xpath' is: 'Accès refusé'

2022-06-23 16:23:47 - [MESSAGE][FAILED] - Warning! Incorrect messageAccès refusé- Test KO

2022-06-23 16:23:47 - [TEST_STEP][PASSED] - takeScreenshot(): Taking screenshot successfully

2022-06-23 16:23:47 - [MESSAGE][PASSED] - Taking screenshot successfully
[[ATTACHMENT|D:\\Projet Test Auto\\Mediabox Test Automation\\Reports\\20220623_161321\\03. Parallel Testing (Testing)\\TS -PT PART 3\\01.Tag_Sephora Login and Creation user\\20220623_161322\\1655994227541.png]]

2022-06-23 16:23:47 - [TEST_STEP][PASSED] - delay(2): Delayed 2 second(s)

2022-06-23 16:23:49 - [MESSAGE][PASSED] - Delayed 2 second(s)

2022-06-23 16:23:49 - [TEST_STEP][PASSED] - closeBrowser(): Browser is closed

2022-06-23 16:23:51 - [MESSAGE][PASSED] - Browser is closed

2022-06-23 16:23:51 - [TEST_STEP][PASSED] - Start listener action : sampleAfterTestCase: null]]></system-out>
         <system-err><![CDATA[]]></system-err>
      </testcase>
      <testcase name="Test Cases/01. Sephora _StarPack Login_Logout Connexion-Deconnexion/1.02 StatPack Reset Password (Need to verify email 6.02)" time="37.13" classname="Test Cases/01. Sephora _StarPack Login_Logout Connexion-Deconnexion/1.02 StatPack Reset Password (Need to verify email 6.02)" status="PASSED">
         <system-out><![CDATA[2022-06-23 16:23:51 - [TEST_CASE][PASSED] - Test Cases/01. Sephora _StarPack Login_Logout Connexion-Deconnexion/1.02 StatPack Reset Password (Need to verify email 6.02): Test Cases/01. Sephora _StarPack Login_Logout Connexion-Deconnexion/1.02 StatPack Reset Password (Need to verify email 6.02)

2022-06-23 16:23:52 - [TEST_STEP][PASSED] - data = findTestData("Data Files/Username_Password/Starpack (10June2021)"): null

2022-06-23 16:23:52 - [TEST_STEP][PASSED] - password_suser = data.getValue(2, 1): null

2022-06-23 16:23:52 - [TEST_STEP][PASSED] - data_urlRELAUTO = findTestData("Data Files/URL/URL_relauto"): null

2022-06-23 16:23:52 - [TEST_STEP][PASSED] - Url_Starpack = data_urlRELAUTO.getValue(2, 2): null

2022-06-23 16:23:52 - [TEST_STEP][PASSED] - login = "flndhx162043": null

2022-06-23 16:23:52 - [TEST_STEP][PASSED] - password_mediaboxCreation = "Diadeis*1": null

2022-06-23 16:23:52 - [TEST_STEP][PASSED] - openBrowser(Url_Starpack): Browser is opened with url: 'http://mdb-release.diadeis.lan/MediaboxIndependence/?MBI_datasource=RELTESTAUTO_STARPACK'

2022-06-23 16:23:52 - [MESSAGE][INFO] - Starting 'Chrome (headless)' driver

2022-06-23 16:23:52 - [MESSAGE][INFO] - User set preference: ['args', '[--window-size=1920,1080, --headless]']

2022-06-23 16:23:52 - [MESSAGE][INFO] - Action delay is set to 0 milliseconds

2022-06-23 16:23:57 - [MESSAGE][PASSED] - Browser is opened with url: 'http://mdb-release.diadeis.lan/MediaboxIndependence/?MBI_datasource=RELTESTAUTO_STARPACK'

2022-06-23 16:23:57 - [TEST_STEP][PASSED] - maximizeWindow(): Current window maximized

2022-06-23 16:23:57 - [MESSAGE][PASSED] - Current window maximized

2022-06-23 16:23:57 - [TEST_STEP][PASSED] - waitForPageLoad(30): Wait for page load successfully

2022-06-23 16:23:57 - [MESSAGE][PASSED] - Wait for page load successfully

2022-06-23 16:23:57 - [TEST_STEP][PASSED] - I.Login_password("suser", password_suser): Object: 'Object Repository/1. Constant/xpath' is clicked on

2022-06-23 16:23:57 - [MESSAGE][PASSED] - Text 'suser' is set on object 'Object Repository/1. Constant/xpath'

2022-06-23 16:23:58 - [MESSAGE][PASSED] - Delayed 1 second(s)

2022-06-23 16:23:59 - [MESSAGE][PASSED] - Text 'dchi2' is set on object 'Object Repository/1. Constant/xpath'

2022-06-23 16:24:00 - [MESSAGE][PASSED] - Delayed 1 second(s)

2022-06-23 16:24:04 - [MESSAGE][PASSED] - Object: 'Object Repository/1. Constant/xpath' is clicked on

2022-06-23 16:24:04 - [TEST_STEP][PASSED] - takeScreenshot(): Taking screenshot successfully

2022-06-23 16:24:05 - [MESSAGE][PASSED] - Taking screenshot successfully
[[ATTACHMENT|D:\\Projet Test Auto\\Mediabox Test Automation\\Reports\\20220623_161321\\03. Parallel Testing (Testing)\\TS -PT PART 3\\01.Tag_Sephora Login and Creation user\\20220623_161322\\1655994244977.png]]

2022-06-23 16:24:05 - [TEST_STEP][PASSED] - click(findTestObject("1. Constant/xpath", ["xpath":"//*[@id="kt_aside_menu"]/ul/li[11]/a/span[2]"])): Object: 'Object Repository/1. Constant/xpath' is clicked on

2022-06-23 16:24:05 - [MESSAGE][PASSED] - Object: 'Object Repository/1. Constant/xpath' is clicked on

2022-06-23 16:24:05 - [TEST_STEP][PASSED] - takeScreenshot(): Taking screenshot successfully

2022-06-23 16:24:05 - [MESSAGE][PASSED] - Taking screenshot successfully
[[ATTACHMENT|D:\\Projet Test Auto\\Mediabox Test Automation\\Reports\\20220623_161321\\03. Parallel Testing (Testing)\\TS -PT PART 3\\01.Tag_Sephora Login and Creation user\\20220623_161322\\1655994245605.png]]

2022-06-23 16:24:05 - [TEST_STEP][PASSED] - delay(3): Delayed 3 second(s)

2022-06-23 16:24:08 - [MESSAGE][PASSED] - Delayed 3 second(s)

2022-06-23 16:24:08 - [TEST_STEP][PASSED] - click(findTestObject("1. Constant/xpath", ["xpath":"//*[@id="kt_aside_menu"]/ul/li[11]/div/ul/li[2]/a/span"])): Object: 'Object Repository/1. Constant/xpath' is clicked on

2022-06-23 16:24:20 - [MESSAGE][PASSED] - Object: 'Object Repository/1. Constant/xpath' is clicked on

2022-06-23 16:24:20 - [TEST_STEP][PASSED] - delay(1): Delayed 1 second(s)

2022-06-23 16:24:21 - [MESSAGE][PASSED] - Delayed 1 second(s)

2022-06-23 16:24:21 - [TEST_STEP][PASSED] - setText(findTestObject("1. Constant/xpath", ["xpath":"//*[@id="users_table_filter"]/label/input"]), login): Text 'flndhx162043' is set on object 'Object Repository/1. Constant/xpath'

2022-06-23 16:24:22 - [MESSAGE][PASSED] - Text 'flndhx162043' is set on object 'Object Repository/1. Constant/xpath'

2022-06-23 16:24:22 - [TEST_STEP][PASSED] - delay(1): Delayed 1 second(s)

2022-06-23 16:24:23 - [MESSAGE][PASSED] - Delayed 1 second(s)

2022-06-23 16:24:23 - [TEST_STEP][PASSED] - takeScreenshot(): Taking screenshot successfully

2022-06-23 16:24:23 - [MESSAGE][PASSED] - Taking screenshot successfully
[[ATTACHMENT|D:\\Projet Test Auto\\Mediabox Test Automation\\Reports\\20220623_161321\\03. Parallel Testing (Testing)\\TS -PT PART 3\\01.Tag_Sephora Login and Creation user\\20220623_161322\\1655994263315.png]]

2022-06-23 16:24:23 - [TEST_STEP][PASSED] - delay(1): Delayed 1 second(s)

2022-06-23 16:24:24 - [MESSAGE][PASSED] - Delayed 1 second(s)

2022-06-23 16:24:24 - [TEST_STEP][PASSED] - click(findTestObject("1. Constant/xpath", ["xpath":"//*[@id="flndhx162043"]/td[14]/a"])): Object: 'Object Repository/1. Constant/xpath' is clicked on

2022-06-23 16:24:24 - [MESSAGE][PASSED] - Object: 'Object Repository/1. Constant/xpath' is clicked on

2022-06-23 16:24:24 - [TEST_STEP][PASSED] - takeScreenshot(): Taking screenshot successfully

2022-06-23 16:24:25 - [MESSAGE][PASSED] - Taking screenshot successfully
[[ATTACHMENT|D:\\Projet Test Auto\\Mediabox Test Automation\\Reports\\20220623_161321\\03. Parallel Testing (Testing)\\TS -PT PART 3\\01.Tag_Sephora Login and Creation user\\20220623_161322\\1655994265237.png]]

2022-06-23 16:24:25 - [TEST_STEP][PASSED] - actualmsg = getText(findTestObject("1. Constant/xpath", ["xpath":"//*[@id="toast-container"]/div/div[2]"])): Text of object 'Object Repository/1. Constant/xpath' is: 'Login information email sent to flndhx162043'

2022-06-23 16:24:25 - [MESSAGE][PASSED] - Text of object 'Object Repository/1. Constant/xpath' is: 'Login information email sent to flndhx162043'

2022-06-23 16:24:25 - [TEST_STEP][PASSED] - Expectedmsg = "Login information email sent to " + login: null

2022-06-23 16:24:25 - [TEST_STEP][PASSED] - verifyEqual(actualmsg, Expectedmsg): Actual object 'Login information email sent to flndhx162043' and expected object 'Login information email sent to flndhx162043' are equal

2022-06-23 16:24:25 - [MESSAGE][PASSED] - Actual object 'Login information email sent to flndhx162043' and expected object 'Login information email sent to flndhx162043' are equal

2022-06-23 16:24:25 - [TEST_STEP][PASSED] - closeBrowser(): Browser is closed

2022-06-23 16:24:28 - [MESSAGE][PASSED] - Browser is closed

2022-06-23 16:24:28 - [TEST_STEP][PASSED] - Start listener action : sampleAfterTestCase: null]]></system-out>
         <system-err><![CDATA[]]></system-err>
      </testcase>
      <testcase name="Test Cases/02. Sephora_Starpack User management/2.01 Création de compte - annuler la creation (Chrome)" time="70.723" classname="Test Cases/02. Sephora_Starpack User management/2.01 Création de compte - annuler la creation (Chrome)" status="PASSED">
         <system-out><![CDATA[2022-06-23 16:24:28 - [TEST_CASE][PASSED] - Test Cases/02. Sephora_Starpack User management/2.01 Création de compte - annuler la creation (Chrome): Test Cases/02. Sephora_Starpack User management/2.01 Création de compte - annuler la creation (Chrome)

2022-06-23 16:24:29 - [TEST_STEP][PASSED] - data = findTestData("Data Files/Username_Password/Starpack (10June2021)"): null

2022-06-23 16:24:29 - [TEST_STEP][PASSED] - password_suser = data.getValue(2, 1): null

2022-06-23 16:24:29 - [TEST_STEP][PASSED] - data_urlRELAUTO = findTestData("Data Files/URL/URL_relauto"): null

2022-06-23 16:24:29 - [TEST_STEP][PASSED] - Url_Starpack = data_urlRELAUTO.getValue(2, 2): null

2022-06-23 16:24:29 - [TEST_STEP][PASSED] - password_gmailcancel = "Diadeis*1": null

2022-06-23 16:24:29 - [TEST_STEP][PASSED] - log = new com.kms.katalon.core.logging.KeywordLogger(): null

2022-06-23 16:24:29 - [TEST_STEP][PASSED] - openBrowser(Url_Starpack): Browser is opened with url: 'http://mdb-release.diadeis.lan/MediaboxIndependence/?MBI_datasource=RELTESTAUTO_STARPACK'

2022-06-23 16:24:29 - [MESSAGE][INFO] - Starting 'Chrome (headless)' driver

2022-06-23 16:24:29 - [MESSAGE][INFO] - User set preference: ['args', '[--window-size=1920,1080, --headless]']

2022-06-23 16:24:29 - [MESSAGE][INFO] - Action delay is set to 0 milliseconds

2022-06-23 16:24:35 - [MESSAGE][PASSED] - Browser is opened with url: 'http://mdb-release.diadeis.lan/MediaboxIndependence/?MBI_datasource=RELTESTAUTO_STARPACK'

2022-06-23 16:24:35 - [TEST_STEP][PASSED] - maximizeWindow(): Current window maximized

2022-06-23 16:24:36 - [MESSAGE][PASSED] - Current window maximized

2022-06-23 16:24:36 - [TEST_STEP][PASSED] - I.Login_password("suser", password_suser): Object: 'Object Repository/1. Constant/xpath' is clicked on

2022-06-23 16:24:38 - [MESSAGE][PASSED] - Text 'suser' is set on object 'Object Repository/1. Constant/xpath'

2022-06-23 16:24:39 - [MESSAGE][PASSED] - Delayed 1 second(s)

2022-06-23 16:24:40 - [MESSAGE][PASSED] - Text 'dchi2' is set on object 'Object Repository/1. Constant/xpath'

2022-06-23 16:24:41 - [MESSAGE][PASSED] - Delayed 1 second(s)

2022-06-23 16:24:46 - [MESSAGE][PASSED] - Object: 'Object Repository/1. Constant/xpath' is clicked on

2022-06-23 16:24:46 - [TEST_STEP][PASSED] - takeScreenshot(): Taking screenshot successfully

2022-06-23 16:24:47 - [MESSAGE][PASSED] - Taking screenshot successfully
[[ATTACHMENT|D:\\Projet Test Auto\\Mediabox Test Automation\\Reports\\20220623_161321\\03. Parallel Testing (Testing)\\TS -PT PART 3\\01.Tag_Sephora Login and Creation user\\20220623_161322\\1655994286862.png]]

2022-06-23 16:24:47 - [TEST_STEP][PASSED] - waitForPageLoad(30): Wait for page load successfully

2022-06-23 16:24:47 - [MESSAGE][PASSED] - Wait for page load successfully

2022-06-23 16:24:47 - [TEST_STEP][PASSED] - verifyElementVisible(findTestObject("1. Constant/xpath", ["xpath":"//*[@id="kt_aside_menu"]/ul/li[11]/a/span[2]"])): Object 'Object Repository/1. Constant/xpath' is visible

2022-06-23 16:24:47 - [MESSAGE][PASSED] - Object 'Object Repository/1. Constant/xpath' is visible

2022-06-23 16:24:47 - [TEST_STEP][PASSED] - click(findTestObject("1. Constant/xpath", ["xpath":"//*[@id="kt_aside_menu"]/ul/li[11]/a/span[2]"])): Object: 'Object Repository/1. Constant/xpath' is clicked on

2022-06-23 16:24:47 - [MESSAGE][PASSED] - Object: 'Object Repository/1. Constant/xpath' is clicked on

2022-06-23 16:24:47 - [TEST_STEP][PASSED] - takeScreenshot(): Taking screenshot successfully

2022-06-23 16:24:47 - [MESSAGE][PASSED] - Taking screenshot successfully
[[ATTACHMENT|D:\\Projet Test Auto\\Mediabox Test Automation\\Reports\\20220623_161321\\03. Parallel Testing (Testing)\\TS -PT PART 3\\01.Tag_Sephora Login and Creation user\\20220623_161322\\1655994287571.png]]

2022-06-23 16:24:47 - [TEST_STEP][PASSED] - delay(3): Delayed 3 second(s)

2022-06-23 16:24:50 - [MESSAGE][PASSED] - Delayed 3 second(s)

2022-06-23 16:24:50 - [TEST_STEP][PASSED] - verifyElementVisible(findTestObject("1. Constant/xpath", ["xpath":"//*[@id="kt_aside_menu"]/ul/li[11]/div/ul/li[2]/a/span"])): Object 'Object Repository/1. Constant/xpath' is visible

2022-06-23 16:24:51 - [MESSAGE][PASSED] - Object 'Object Repository/1. Constant/xpath' is visible

2022-06-23 16:24:51 - [TEST_STEP][PASSED] - click(findTestObject("1. Constant/xpath", ["xpath":"//*[@id="kt_aside_menu"]/ul/li[11]/div/ul/li[2]/a/span"])): Object: 'Object Repository/1. Constant/xpath' is clicked on

2022-06-23 16:25:04 - [MESSAGE][PASSED] - Object: 'Object Repository/1. Constant/xpath' is clicked on

2022-06-23 16:25:04 - [TEST_STEP][PASSED] - waitForPageLoad(30): Wait for page load successfully

2022-06-23 16:25:05 - [MESSAGE][PASSED] - Wait for page load successfully

2022-06-23 16:25:05 - [TEST_STEP][PASSED] - click(findTestObject("1. Constant/xpath", ["xpath":"//*[@id="kt_content"]/div[3]/div/div/div/div[1]/div/a[3]"])): Object: 'Object Repository/1. Constant/xpath' is clicked on

2022-06-23 16:25:06 - [MESSAGE][PASSED] - Object: 'Object Repository/1. Constant/xpath' is clicked on

2022-06-23 16:25:06 - [TEST_STEP][PASSED] - waitForPageLoad(30): Wait for page load successfully

2022-06-23 16:25:06 - [MESSAGE][PASSED] - Wait for page load successfully

2022-06-23 16:25:06 - [TEST_STEP][PASSED] - takeScreenshot(): Taking screenshot successfully

2022-06-23 16:25:07 - [MESSAGE][PASSED] - Taking screenshot successfully
[[ATTACHMENT|D:\\Projet Test Auto\\Mediabox Test Automation\\Reports\\20220623_161321\\03. Parallel Testing (Testing)\\TS -PT PART 3\\01.Tag_Sephora Login and Creation user\\20220623_161322\\1655994307042.png]]

2022-06-23 16:25:07 - [TEST_STEP][PASSED] - setText(findTestObject("1. Constant/01_id_field_id", ["field_id":"userName"]), "ancell"): Text 'ancell' is set on object 'Object Repository/1. Constant/01_id_field_id'

2022-06-23 16:25:07 - [MESSAGE][PASSED] - Text 'ancell' is set on object 'Object Repository/1. Constant/01_id_field_id'

2022-06-23 16:25:07 - [TEST_STEP][PASSED] - setText(findTestObject("1. Constant/01_id_field_id", ["field_id":"userFirstName"]), "c"): Text 'c' is set on object 'Object Repository/1. Constant/01_id_field_id'

2022-06-23 16:25:08 - [MESSAGE][PASSED] - Text 'c' is set on object 'Object Repository/1. Constant/01_id_field_id'

2022-06-23 16:25:08 - [TEST_STEP][PASSED] - setText(findTestObject("1. Constant/xpath", ["xpath":"//*[@id="userDetails"]/div[2]/div[4]/div/input"]), "Mediabox.cancel@gmail.com"): Text 'Mediabox.cancel@gmail.com' is set on object 'Object Repository/1. Constant/xpath'

2022-06-23 16:25:08 - [MESSAGE][PASSED] - Text 'Mediabox.cancel@gmail.com' is set on object 'Object Repository/1. Constant/xpath'

2022-06-23 16:25:08 - [TEST_STEP][PASSED] - selectOptionByValue(findTestObject("1. Constant/01_id_field_id", ["field_id":"userCompany"]), "1", true): All options with value '1' are selected in object 'Object Repository/1. Constant/01_id_field_id'  using regular expression

2022-06-23 16:25:08 - [MESSAGE][PASSED] - All options with value '1' are selected in object 'Object Repository/1. Constant/01_id_field_id'  using regular expression

2022-06-23 16:25:08 - [TEST_STEP][PASSED] - selectOptionByValue(findTestObject("1. Constant/01_id_field_id", ["field_id":"userRole"]), "Commercial_support", true): All options with value 'Commercial_support' are selected in object 'Object Repository/1. Constant/01_id_field_id'  using regular expression

2022-06-23 16:25:09 - [MESSAGE][PASSED] - All options with value 'Commercial_support' are selected in object 'Object Repository/1. Constant/01_id_field_id'  using regular expression

2022-06-23 16:25:09 - [TEST_STEP][PASSED] - delay(1): Delayed 1 second(s)

2022-06-23 16:25:10 - [MESSAGE][PASSED] - Delayed 1 second(s)

2022-06-23 16:25:10 - [TEST_STEP][PASSED] - I.Pagedown(): Execute JavaScript 'window.scrollTo(0, document.body.scrollHeight)' successfully

2022-06-23 16:25:10 - [MESSAGE][PASSED] - Execute JavaScript 'window.scrollTo(0, document.body.scrollHeight)' successfully

2022-06-23 16:25:10 - [TEST_STEP][PASSED] - selectOptionByValue(findTestObject("1. Constant/01_id_field_id", ["field_id":"selSource_Brand"]), "122", true): All options with value '122' are selected in object 'Object Repository/1. Constant/01_id_field_id'  using regular expression

2022-06-23 16:25:10 - [MESSAGE][PASSED] - All options with value '122' are selected in object 'Object Repository/1. Constant/01_id_field_id'  using regular expression

2022-06-23 16:25:10 - [TEST_STEP][PASSED] - click(findTestObject("1. Constant/xpath", ["xpath":"//*[@id="userRoleParams_block"]/div/div/table/tbody/tr/td[2]/input[1]"])): Object: 'Object Repository/1. Constant/xpath' is clicked on

2022-06-23 16:25:11 - [MESSAGE][PASSED] - Object: 'Object Repository/1. Constant/xpath' is clicked on

2022-06-23 16:25:11 - [TEST_STEP][PASSED] - verifyElementAttributeValue(findTestObject("1. Constant/01_id_field_id", ["field_id":"userLogin"]), "value", "cancell", 20): Object 'Object Repository/1. Constant/01_id_field_id' has attribute 'value' with value 'cancell'

2022-06-23 16:25:11 - [MESSAGE][PASSED] - Object 'Object Repository/1. Constant/01_id_field_id' has attribute 'value' with value 'cancell'

2022-06-23 16:25:11 - [TEST_STEP][PASSED] - waitForPageLoad(30): Wait for page load successfully

2022-06-23 16:25:11 - [MESSAGE][PASSED] - Wait for page load successfully

2022-06-23 16:25:11 - [TEST_STEP][PASSED] - click(findTestObject("1. Constant/xpath", ["xpath":"//*[@id="CreateUser"]/div[3]/div/a"])): Object: 'Object Repository/1. Constant/xpath' is clicked on

2022-06-23 16:25:21 - [MESSAGE][PASSED] - Object: 'Object Repository/1. Constant/xpath' is clicked on

2022-06-23 16:25:21 - [TEST_STEP][PASSED] - delay(3): Delayed 3 second(s)

2022-06-23 16:25:24 - [MESSAGE][PASSED] - Delayed 3 second(s)

2022-06-23 16:25:24 - [TEST_STEP][PASSED] - setText(findTestObject("1. Constant/xpath", ["xpath":"//*[@id="users_table_filter"]/label/input"]), "cancel@testautodiadeis.com"): Text 'cancel@testautodiadeis.com' is set on object 'Object Repository/1. Constant/xpath'

2022-06-23 16:25:25 - [MESSAGE][PASSED] - Text 'cancel@testautodiadeis.com' is set on object 'Object Repository/1. Constant/xpath'

2022-06-23 16:25:25 - [TEST_STEP][PASSED] - delay(1): Delayed 1 second(s)

2022-06-23 16:25:26 - [MESSAGE][PASSED] - Delayed 1 second(s)

2022-06-23 16:25:26 - [TEST_STEP][PASSED] - CT = getText(findTestObject("1. Constant/xpath", ["xpath":"//*[@id="users_table"]/tbody/tr/td"])): Text of object 'Object Repository/1. Constant/xpath' is: 'No matching records found'

2022-06-23 16:25:26 - [MESSAGE][PASSED] - Text of object 'Object Repository/1. Constant/xpath' is: 'No matching records found'

2022-06-23 16:25:26 - [TEST_STEP][PASSED] - I.print(CT): null

2022-06-23 16:25:26 - [TEST_STEP][PASSED] - I.verifymsg(findTestObject("1. Constant/xpath", ["xpath":"//*[@id="users_table"]/tbody/tr/td"]), "No matching records found", log): Text of object 'Object Repository/1. Constant/xpath' is: 'No matching records found'

2022-06-23 16:25:26 - [MESSAGE][PASSED] - Text of object 'Object Repository/1. Constant/xpath' is: 'No matching records found'

2022-06-23 16:25:26 - [TEST_STEP][PASSED] - takeScreenshot(): Taking screenshot successfully

2022-06-23 16:25:26 - [MESSAGE][PASSED] - Taking screenshot successfully
[[ATTACHMENT|D:\\Projet Test Auto\\Mediabox Test Automation\\Reports\\20220623_161321\\03. Parallel Testing (Testing)\\TS -PT PART 3\\01.Tag_Sephora Login and Creation user\\20220623_161322\\1655994326602.png]]

2022-06-23 16:25:26 - [TEST_STEP][PASSED] - I.Logout(): Delayed 3 second(s)

2022-06-23 16:25:29 - [MESSAGE][PASSED] - Delayed 3 second(s)

2022-06-23 16:25:30 - [MESSAGE][PASSED] - Object: 'Object Repository/1. Constant/xpath' is clicked on

2022-06-23 16:25:33 - [MESSAGE][PASSED] - Delayed 3 second(s)

2022-06-23 16:25:35 - [MESSAGE][PASSED] - Object: 'Object Repository/1. Constant/xpath' is clicked on

2022-06-23 16:25:38 - [MESSAGE][PASSED] - Delayed 3 second(s)

2022-06-23 16:25:38 - [TEST_STEP][PASSED] - closeBrowser(): Browser is closed

2022-06-23 16:25:39 - [MESSAGE][PASSED] - Browser is closed

2022-06-23 16:25:39 - [TEST_STEP][PASSED] - Start listener action : sampleAfterTestCase: null]]></system-out>
         <system-err><![CDATA[]]></system-err>
      </testcase>
      <testcase name="Test Cases/02. Sephora_Starpack User management/2.03 Création de compte (normal)" time="104.919" classname="Test Cases/02. Sephora_Starpack User management/2.03 Création de compte (normal)" status="PASSED">
         <system-out><![CDATA[2022-06-23 16:25:39 - [TEST_CASE][PASSED] - Test Cases/02. Sephora_Starpack User management/2.03 Création de compte (normal): Test Cases/02. Sephora_Starpack User management/2.03 Création de compte (normal)

2022-06-23 16:25:40 - [TEST_STEP][PASSED] - data = findTestData("Data Files/Username_Password/Starpack (10June2021)"): null

2022-06-23 16:25:40 - [TEST_STEP][PASSED] - password_suser = data.getValue(2, 1): null

2022-06-23 16:25:40 - [TEST_STEP][PASSED] - data_urlRELAUTO = findTestData("Data Files/URL/URL_relauto"): null

2022-06-23 16:25:40 - [TEST_STEP][PASSED] - Url_Starpack = data_urlRELAUTO.getValue(2, 2): null

2022-06-23 16:25:40 - [TEST_STEP][PASSED] - log = new com.kms.katalon.core.logging.KeywordLogger(): null

2022-06-23 16:25:40 - [TEST_STEP][PASSED] - password_mediaboxCreation = "Diadeis*1": null

2022-06-23 16:25:40 - [TEST_STEP][PASSED] - openBrowser(Url_Starpack): Browser is opened with url: 'http://mdb-release.diadeis.lan/MediaboxIndependence/?MBI_datasource=RELTESTAUTO_STARPACK'

2022-06-23 16:25:40 - [MESSAGE][INFO] - Starting 'Chrome (headless)' driver

2022-06-23 16:25:40 - [MESSAGE][INFO] - User set preference: ['args', '[--window-size=1920,1080, --headless]']

2022-06-23 16:25:40 - [MESSAGE][INFO] - Action delay is set to 0 milliseconds

2022-06-23 16:25:46 - [MESSAGE][PASSED] - Browser is opened with url: 'http://mdb-release.diadeis.lan/MediaboxIndependence/?MBI_datasource=RELTESTAUTO_STARPACK'

2022-06-23 16:25:46 - [TEST_STEP][PASSED] - maximizeWindow(): Current window maximized

2022-06-23 16:25:46 - [MESSAGE][PASSED] - Current window maximized

2022-06-23 16:25:46 - [TEST_STEP][PASSED] - waitForPageLoad(30): Wait for page load successfully

2022-06-23 16:25:46 - [MESSAGE][PASSED] - Wait for page load successfully

2022-06-23 16:25:46 - [TEST_STEP][PASSED] - takeScreenshot(): Taking screenshot successfully

2022-06-23 16:25:47 - [MESSAGE][PASSED] - Taking screenshot successfully
[[ATTACHMENT|D:\\Projet Test Auto\\Mediabox Test Automation\\Reports\\20220623_161321\\03. Parallel Testing (Testing)\\TS -PT PART 3\\01.Tag_Sephora Login and Creation user\\20220623_161322\\1655994346778.png]]

2022-06-23 16:25:47 - [TEST_STEP][PASSED] - "SCENARIO : User has the rights to see Usermanagement": null

2022-06-23 16:25:47 - [TEST_STEP][PASSED] - I.Login_password("suser", password_suser): Object: 'Object Repository/1. Constant/xpath' is clicked on

2022-06-23 16:25:47 - [MESSAGE][PASSED] - Text 'suser' is set on object 'Object Repository/1. Constant/xpath'

2022-06-23 16:25:48 - [MESSAGE][PASSED] - Delayed 1 second(s)

2022-06-23 16:25:48 - [MESSAGE][PASSED] - Text 'dchi2' is set on object 'Object Repository/1. Constant/xpath'

2022-06-23 16:25:49 - [MESSAGE][PASSED] - Delayed 1 second(s)

2022-06-23 16:25:55 - [MESSAGE][PASSED] - Object: 'Object Repository/1. Constant/xpath' is clicked on

2022-06-23 16:25:55 - [TEST_STEP][PASSED] - takeScreenshot(): Taking screenshot successfully

2022-06-23 16:25:55 - [MESSAGE][PASSED] - Taking screenshot successfully
[[ATTACHMENT|D:\\Projet Test Auto\\Mediabox Test Automation\\Reports\\20220623_161321\\03. Parallel Testing (Testing)\\TS -PT PART 3\\01.Tag_Sephora Login and Creation user\\20220623_161322\\1655994355232.png]]

2022-06-23 16:25:55 - [TEST_STEP][PASSED] - waitForPageLoad(30): Wait for page load successfully

2022-06-23 16:25:55 - [MESSAGE][PASSED] - Wait for page load successfully

2022-06-23 16:25:55 - [TEST_STEP][PASSED] - click(findTestObject("1. Constant/xpath", ["xpath":"//*[@id="kt_aside_menu"]/ul/li[11]/a/span[2]"])): Object: 'Object Repository/1. Constant/xpath' is clicked on

2022-06-23 16:25:55 - [MESSAGE][PASSED] - Object: 'Object Repository/1. Constant/xpath' is clicked on

2022-06-23 16:25:55 - [TEST_STEP][PASSED] - takeScreenshot(): Taking screenshot successfully

2022-06-23 16:25:56 - [MESSAGE][PASSED] - Taking screenshot successfully
[[ATTACHMENT|D:\\Projet Test Auto\\Mediabox Test Automation\\Reports\\20220623_161321\\03. Parallel Testing (Testing)\\TS -PT PART 3\\01.Tag_Sephora Login and Creation user\\20220623_161322\\1655994355985.png]]

2022-06-23 16:25:56 - [TEST_STEP][PASSED] - delay(3): Delayed 3 second(s)

2022-06-23 16:25:59 - [MESSAGE][PASSED] - Delayed 3 second(s)

2022-06-23 16:25:59 - [TEST_STEP][PASSED] - click(findTestObject("1. Constant/xpath", ["xpath":"//*[@id="kt_aside_menu"]/ul/li[11]/div/ul/li[2]/a/span"])): Object: 'Object Repository/1. Constant/xpath' is clicked on

2022-06-23 16:26:12 - [MESSAGE][PASSED] - Object: 'Object Repository/1. Constant/xpath' is clicked on

2022-06-23 16:26:12 - [TEST_STEP][PASSED] - waitForPageLoad(30): Wait for page load successfully

2022-06-23 16:26:14 - [MESSAGE][PASSED] - Wait for page load successfully

2022-06-23 16:26:14 - [TEST_STEP][PASSED] - click(findTestObject("1. Constant/xpath", ["xpath":"//*[@id="kt_content"]/div[3]/div/div/div/div[1]/div/a[3]"])): Object: 'Object Repository/1. Constant/xpath' is clicked on

2022-06-23 16:26:15 - [MESSAGE][PASSED] - Object: 'Object Repository/1. Constant/xpath' is clicked on

2022-06-23 16:26:15 - [TEST_STEP][PASSED] - waitForPageLoad(30): Wait for page load successfully

2022-06-23 16:26:15 - [MESSAGE][PASSED] - Wait for page load successfully

2022-06-23 16:26:15 - [TEST_STEP][PASSED] - takeScreenshot(): Taking screenshot successfully

2022-06-23 16:26:15 - [MESSAGE][PASSED] - Taking screenshot successfully
[[ATTACHMENT|D:\\Projet Test Auto\\Mediabox Test Automation\\Reports\\20220623_161321\\03. Parallel Testing (Testing)\\TS -PT PART 3\\01.Tag_Sephora Login and Creation user\\20220623_161322\\1655994375493.png]]

2022-06-23 16:26:15 - [TEST_STEP][PASSED] - today = new java.util.Date(): null

2022-06-23 16:26:15 - [TEST_STEP][PASSED] - Lastname = "LN" + RandomStringUtils.randomAlphanumeric(3) + today.format("HHmmss"): null

2022-06-23 16:26:15 - [TEST_STEP][PASSED] - FirstName = "FN" + RandomStringUtils.randomAlphanumeric(3): null

2022-06-23 16:26:15 - [TEST_STEP][PASSED] - setText(findTestObject("1. Constant/01_id_field_id", ["field_id":"userName"]), Lastname): Text 'LNN3a162615' is set on object 'Object Repository/1. Constant/01_id_field_id'

2022-06-23 16:26:16 - [MESSAGE][PASSED] - Text 'LNN3a162615' is set on object 'Object Repository/1. Constant/01_id_field_id'

2022-06-23 16:26:16 - [TEST_STEP][PASSED] - setText(findTestObject("1. Constant/01_id_field_id", ["field_id":"userFirstName"]), FirstName): Text 'FNvuy' is set on object 'Object Repository/1. Constant/01_id_field_id'

2022-06-23 16:26:16 - [MESSAGE][PASSED] - Text 'FNvuy' is set on object 'Object Repository/1. Constant/01_id_field_id'

2022-06-23 16:26:16 - [TEST_STEP][PASSED] - setText(findTestObject("1. Constant/xpath", ["xpath":"//*[@id="userDetails"]/div[2]/div[4]/div/input"]), "Mediabox.Creation@gmail.com"): Text 'Mediabox.Creation@gmail.com' is set on object 'Object Repository/1. Constant/xpath'

2022-06-23 16:26:16 - [MESSAGE][PASSED] - Text 'Mediabox.Creation@gmail.com' is set on object 'Object Repository/1. Constant/xpath'

2022-06-23 16:26:16 - [TEST_STEP][PASSED] - selectOptionByValue(findTestObject("1. Constant/01_id_field_id", ["field_id":"userCompany"]), "1", true): All options with value '1' are selected in object 'Object Repository/1. Constant/01_id_field_id'  using regular expression

2022-06-23 16:26:17 - [MESSAGE][PASSED] - All options with value '1' are selected in object 'Object Repository/1. Constant/01_id_field_id'  using regular expression

2022-06-23 16:26:17 - [TEST_STEP][PASSED] - selectOptionByValue(findTestObject("1. Constant/01_id_field_id", ["field_id":"userRole"]), "admin", true): All options with value 'admin' are selected in object 'Object Repository/1. Constant/01_id_field_id'  using regular expression

2022-06-23 16:26:17 - [MESSAGE][PASSED] - All options with value 'admin' are selected in object 'Object Repository/1. Constant/01_id_field_id'  using regular expression

2022-06-23 16:26:17 - [TEST_STEP][PASSED] - click(findTestObject("1. Constant/01_id_field_id", ["field_id":"userTrackClick"])): Object: 'Object Repository/1. Constant/01_id_field_id' is clicked on

2022-06-23 16:26:18 - [MESSAGE][PASSED] - Object: 'Object Repository/1. Constant/01_id_field_id' is clicked on

2022-06-23 16:26:18 - [TEST_STEP][PASSED] - delay(1): Delayed 1 second(s)

2022-06-23 16:26:19 - [MESSAGE][PASSED] - Delayed 1 second(s)

2022-06-23 16:26:19 - [TEST_STEP][PASSED] - I.Pagedown(): Execute JavaScript 'window.scrollTo(0, document.body.scrollHeight)' successfully

2022-06-23 16:26:19 - [MESSAGE][PASSED] - Execute JavaScript 'window.scrollTo(0, document.body.scrollHeight)' successfully

2022-06-23 16:26:19 - [TEST_STEP][PASSED] - login = getAttribute(findTestObject("1. Constant/01_id_field_id", ["field_id":"userLogin"]), "value"): Attribute 'value' of object 'Object Repository/1. Constant/01_id_field_id' is: 'flnn3a162615'

2022-06-23 16:26:19 - [MESSAGE][PASSED] - Attribute 'value' of object 'Object Repository/1. Constant/01_id_field_id' is: 'flnn3a162615'

2022-06-23 16:26:19 - [TEST_STEP][PASSED] - I.print(login): null

2022-06-23 16:26:19 - [TEST_STEP][PASSED] - waitForPageLoad(30): Wait for page load successfully

2022-06-23 16:26:19 - [MESSAGE][PASSED] - Wait for page load successfully

2022-06-23 16:26:19 - [TEST_STEP][PASSED] - click(findTestObject("1. Constant/xpath", ["xpath":"//*[@id="CreateUser"]/div[3]/div/button[1]"])): Object: 'Object Repository/1. Constant/xpath' is clicked on

2022-06-23 16:27:06 - [MESSAGE][PASSED] - Object: 'Object Repository/1. Constant/xpath' is clicked on

2022-06-23 16:27:06 - [TEST_STEP][PASSED] - delay(3): Delayed 3 second(s)

2022-06-23 16:27:09 - [MESSAGE][PASSED] - Delayed 3 second(s)

2022-06-23 16:27:09 - [TEST_STEP][PASSED] - setText(findTestObject("1. Constant/xpath", ["xpath":"//*[@id="users_table_filter"]/label/input"]), login): Text 'flnn3a162615' is set on object 'Object Repository/1. Constant/xpath'

2022-06-23 16:27:11 - [MESSAGE][PASSED] - Text 'flnn3a162615' is set on object 'Object Repository/1. Constant/xpath'

2022-06-23 16:27:11 - [TEST_STEP][PASSED] - delay(1): Delayed 1 second(s)

2022-06-23 16:27:12 - [MESSAGE][PASSED] - Delayed 1 second(s)

2022-06-23 16:27:12 - [TEST_STEP][PASSED] - I.verifymsg(findTestObject("1. Constant/xpath", ["xpath":"//*[@id='" + login + "']/td[5]"]), login, log): Text of object 'Object Repository/1. Constant/xpath' is: 'flnn3a162615'

2022-06-23 16:27:12 - [MESSAGE][PASSED] - Text of object 'Object Repository/1. Constant/xpath' is: 'flnn3a162615'

2022-06-23 16:27:12 - [TEST_STEP][PASSED] - takeScreenshot(): Taking screenshot successfully

2022-06-23 16:27:12 - [MESSAGE][PASSED] - Taking screenshot successfully
[[ATTACHMENT|D:\\Projet Test Auto\\Mediabox Test Automation\\Reports\\20220623_161321\\03. Parallel Testing (Testing)\\TS -PT PART 3\\01.Tag_Sephora Login and Creation user\\20220623_161322\\1655994432580.png]]

2022-06-23 16:27:12 - [TEST_STEP][PASSED] - I.Logout(): Delayed 3 second(s)

2022-06-23 16:27:15 - [MESSAGE][PASSED] - Delayed 3 second(s)

2022-06-23 16:27:16 - [MESSAGE][PASSED] - Object: 'Object Repository/1. Constant/xpath' is clicked on

2022-06-23 16:27:19 - [MESSAGE][PASSED] - Delayed 3 second(s)

2022-06-23 16:27:21 - [MESSAGE][PASSED] - Object: 'Object Repository/1. Constant/xpath' is clicked on

2022-06-23 16:27:24 - [MESSAGE][PASSED] - Delayed 3 second(s)

2022-06-23 16:27:24 - [TEST_STEP][PASSED] - Start listener action : sampleAfterTestCase: null]]></system-out>
         <system-err><![CDATA[]]></system-err>
      </testcase>
      <system-out><![CDATA[2022-06-23 16:13:35 - [TEST_SUITE][PASSED] - 01.Tag_Sephora Login and Creation user: Test Cases/02. Sephora_Starpack User management/2.03 Création de compte (normal)]]></system-out>
      <system-err><![CDATA[]]></system-err>
   </testsuite>
</testsuites>
