<?xml version="1.0" encoding="UTF-8"?>
<testsuites name="04 Tag Simulateneous" time="782.916" tests="4" failures="1" errors="0">
   <testsuite name="04 Tag Simulateneous" tests="4" failures="1" errors="0" time="782.916" skipped="0" timestamp="2022-06-23 18:17:57" hostname="lamhe - DPF-MBI-VERIF.ad.sgsco.int" id="Test Suites/03. Parallel Testing (Testing)/TS -PT PART 3/04 Tag Simulateneous">
      <properties>
         <property name="deviceName" value=""/>
         <property name="devicePlatform" value=""/>
         <property name="logFolder" value="D:\\Projet Test Auto\\Mediabox Test Automation\\Reports\\20220623_181745\\03. Parallel Testing (Testing)\\TS -PT PART 3\\04 Tag Simulateneous\\20220623_181746"/>
         <property name="logFiles" value="D:\\Projet Test Auto\\Mediabox Test Automation\\Reports\\20220623_181745\\03. Parallel Testing (Testing)\\TS -PT PART 3\\04 Tag Simulateneous\\20220623_181746\\execution0.log"/>
         <property name="attachments" value="D:\\Projet Test Auto\\Mediabox Test Automation\\Reports\\20220623_181745\\03. Parallel Testing (Testing)\\TS -PT PART 3\\04 Tag Simulateneous\\20220623_181746\\1656001099844.png, D:\\Projet Test Auto\\Mediabox Test Automation\\Reports\\20220623_181745\\03. Parallel Testing (Testing)\\TS -PT PART 3\\04 Tag Simulateneous\\20220623_181746\\1656001119491.png, D:\\Projet Test Auto\\Mediabox Test Automation\\Reports\\20220623_181745\\03. Parallel Testing (Testing)\\TS -PT PART 3\\04 Tag Simulateneous\\20220623_181746\\1656001134879.png, D:\\Projet Test Auto\\Mediabox Test Automation\\Reports\\20220623_181745\\03. Parallel Testing (Testing)\\TS -PT PART 3\\04 Tag Simulateneous\\20220623_181746\\1656001217769.png, D:\\Projet Test Auto\\Mediabox Test Automation\\Reports\\20220623_181745\\03. Parallel Testing (Testing)\\TS -PT PART 3\\04 Tag Simulateneous\\20220623_181746\\1656001222379.png, D:\\Projet Test Auto\\Mediabox Test Automation\\Reports\\20220623_181745\\03. Parallel Testing (Testing)\\TS -PT PART 3\\04 Tag Simulateneous\\20220623_181746\\1656001290037.png, D:\\Projet Test Auto\\Mediabox Test Automation\\Reports\\20220623_181745\\03. Parallel Testing (Testing)\\TS -PT PART 3\\04 Tag Simulateneous\\20220623_181746\\1656001336397.png, D:\\Projet Test Auto\\Mediabox Test Automation\\Reports\\20220623_181745\\03. Parallel Testing (Testing)\\TS -PT PART 3\\04 Tag Simulateneous\\20220623_181746\\1656001341133.png, D:\\Projet Test Auto\\Mediabox Test Automation\\Reports\\20220623_181745\\03. Parallel Testing (Testing)\\TS -PT PART 3\\04 Tag Simulateneous\\20220623_181746\\1656001423860.png, D:\\Projet Test Auto\\Mediabox Test Automation\\Reports\\20220623_181745\\03. Parallel Testing (Testing)\\TS -PT PART 3\\04 Tag Simulateneous\\20220623_181746\\1656001496584.png, D:\\Projet Test Auto\\Mediabox Test Automation\\Reports\\20220623_181745\\03. Parallel Testing (Testing)\\TS -PT PART 3\\04 Tag Simulateneous\\20220623_181746\\1656001527448.png, D:\\Projet Test Auto\\Mediabox Test Automation\\Reports\\20220623_181745\\03. Parallel Testing (Testing)\\TS -PT PART 3\\04 Tag Simulateneous\\20220623_181746\\1656001534317.png, D:\\Projet Test Auto\\Mediabox Test Automation\\Reports\\20220623_181745\\03. Parallel Testing (Testing)\\TS -PT PART 3\\04 Tag Simulateneous\\20220623_181746\\1656001534956.png, D:\\Projet Test Auto\\Mediabox Test Automation\\Reports\\20220623_181745\\03. Parallel Testing (Testing)\\TS -PT PART 3\\04 Tag Simulateneous\\20220623_181746\\1656001537730.png, D:\\Projet Test Auto\\Mediabox Test Automation\\Reports\\20220623_181745\\03. Parallel Testing (Testing)\\TS -PT PART 3\\04 Tag Simulateneous\\20220623_181746\\1656001580368.png, D:\\Projet Test Auto\\Mediabox Test Automation\\Reports\\20220623_181745\\03. Parallel Testing (Testing)\\TS -PT PART 3\\04 Tag Simulateneous\\20220623_181746\\1656001626660.png, D:\\Projet Test Auto\\Mediabox Test Automation\\Reports\\20220623_181745\\03. Parallel Testing (Testing)\\TS -PT PART 3\\04 Tag Simulateneous\\20220623_181746\\1656001678395.png, D:\\Projet Test Auto\\Mediabox Test Automation\\Reports\\20220623_181745\\03. Parallel Testing (Testing)\\TS -PT PART 3\\04 Tag Simulateneous\\20220623_181746\\1656001698099.png, D:\\Projet Test Auto\\Mediabox Test Automation\\Reports\\20220623_181745\\03. Parallel Testing (Testing)\\TS -PT PART 3\\04 Tag Simulateneous\\20220623_181746\\1656001719720.png, D:\\Projet Test Auto\\Mediabox Test Automation\\Reports\\20220623_181745\\03. Parallel Testing (Testing)\\TS -PT PART 3\\04 Tag Simulateneous\\20220623_181746\\1656001727495.png, D:\\Projet Test Auto\\Mediabox Test Automation\\Reports\\20220623_181745\\03. Parallel Testing (Testing)\\TS -PT PART 3\\04 Tag Simulateneous\\20220623_181746\\1656001728205.png, D:\\Projet Test Auto\\Mediabox Test Automation\\Reports\\20220623_181745\\03. Parallel Testing (Testing)\\TS -PT PART 3\\04 Tag Simulateneous\\20220623_181746\\1656001734329.png, D:\\Projet Test Auto\\Mediabox Test Automation\\Reports\\20220623_181745\\03. Parallel Testing (Testing)\\TS -PT PART 3\\04 Tag Simulateneous\\20220623_181746\\1656001859297.png"/>
         <property name="hostName" value="lamhe - DPF-MBI-VERIF.ad.sgsco.int"/>
         <property name="os" value="Windows 10 64bit"/>
         <property name="katalonVersion" value="8.3.0.208"/>
         <property name="browser" value="Chrome 102.0.5005.115"/>
         <property name="hostAddress" value="10.15.10.53"/>
         <property name="sessionId" value="4f73751620fe532151921e8a36cc79ae"/>
         <property name="seleniumVersion" value="3.141.59"/>
         <property name="proxyInformation" value="ProxyInformation { proxyOption=NO_PROXY, proxyServerType=HTTP, username=, password=********, proxyServerAddress=, proxyServerPort=0, executionList=&quot;&quot;, isApplyToDesiredCapabilities=true }"/>
         <property name="platform" value="Windows 10"/>
      </properties>
      <testcase name="Test Cases/11. Tag Simultaneous Modification of ref (P1 - P4 consecutive)/11.1 Tag Simultaneous Modif of ref (super edit) PART 1" time="303.407" classname="Test Cases/11. Tag Simultaneous Modification of ref (P1 - P4 consecutive)/11.1 Tag Simultaneous Modif of ref (super edit) PART 1" status="PASSED">
         <system-out><![CDATA[2022-06-23 18:17:58 - [TEST_CASE][PASSED] - Test Cases/11. Tag Simultaneous Modification of ref (P1 - P4 consecutive)/11.1 Tag Simultaneous Modif of ref (super edit) PART 1: Test Cases/11. Tag Simultaneous Modification of ref (P1 - P4 consecutive)/11.1 Tag Simultaneous Modif of ref (super edit) PART 1

2022-06-23 18:18:00 - [TEST_STEP][PASSED] - data_Tag = findTestData("Data Files/Username_Password/Tag"): null

2022-06-23 18:18:01 - [TEST_STEP][PASSED] - password_jedun = data_Tag.getValue(3, 1): null

2022-06-23 18:18:01 - [TEST_STEP][PASSED] - password_tliu = data_Tag.getValue(3, 8): null

2022-06-23 18:18:01 - [TEST_STEP][PASSED] - I.clearnotepad("D:\Upoad_File\Projet_ Login\Tag\11.01 Tag Project_No\11.01_Tag_ProjectNo.txt"): null

2022-06-23 18:18:01 - [TEST_STEP][PASSED] - I.clearnotepad("D:\Upoad_File\Projet_ Login\Tag\11.01 Tag Project_No\11.01_Tag_refID.txt"): null

2022-06-23 18:18:01 - [TEST_STEP][PASSED] - data_urlRELAUTO = findTestData("Data Files/URL/URL_relauto"): null

2022-06-23 18:18:02 - [TEST_STEP][PASSED] - Url_Tag = data_urlRELAUTO.getValue(2, 3): null

2022-06-23 18:18:02 - [TEST_STEP][PASSED] - System.setProperty("webdriver.chrome.driver", "D:\Katalon_Studio\configuration\resources\drivers\chromedriver_win32\chromedriver.exe"): null

2022-06-23 18:18:02 - [TEST_STEP][PASSED] - driver1 = new org.openqa.selenium.chrome.ChromeDriver(): null

2022-06-23 18:18:08 - [TEST_STEP][PASSED] - changeWebDriver(driver1): null

2022-06-23 18:18:08 - [TEST_STEP][PASSED] - navigateToUrl(Url_Tag): Navigate to 'http://mdb-release.diadeis.lan/MediaboxIndependence/?MBI_datasource=RELTESTAUTO_TAG' successfully

2022-06-23 18:18:18 - [MESSAGE][PASSED] - Navigate to 'http://mdb-release.diadeis.lan/MediaboxIndependence/?MBI_datasource=RELTESTAUTO_TAG' successfully

2022-06-23 18:18:18 - [TEST_STEP][PASSED] - maximizeWindow(): Current window maximized

2022-06-23 18:18:19 - [MESSAGE][PASSED] - Current window maximized

2022-06-23 18:18:19 - [TEST_STEP][PASSED] - waitForPageLoad(30): Wait for page load successfully

2022-06-23 18:18:19 - [MESSAGE][PASSED] - Wait for page load successfully

2022-06-23 18:18:19 - [TEST_STEP][PASSED] - takeScreenshot(): Taking screenshot successfully

2022-06-23 18:18:20 - [MESSAGE][PASSED] - Taking screenshot successfully
[[ATTACHMENT|D:\\Projet Test Auto\\Mediabox Test Automation\\Reports\\20220623_181745\\03. Parallel Testing (Testing)\\TS -PT PART 3\\04 Tag Simulateneous\\20220623_181746\\1656001099844.png]]

2022-06-23 18:18:20 - [TEST_STEP][PASSED] - I.Login_password("jedun", password_jedun): Object: 'Object Repository/1. Constant/xpath' is clicked on

2022-06-23 18:18:20 - [MESSAGE][PASSED] - Text 'jedun' is set on object 'Object Repository/1. Constant/xpath'

2022-06-23 18:18:21 - [MESSAGE][PASSED] - Delayed 1 second(s)

2022-06-23 18:18:22 - [MESSAGE][PASSED] - Text 'dchi' is set on object 'Object Repository/1. Constant/xpath'

2022-06-23 18:18:23 - [MESSAGE][PASSED] - Delayed 1 second(s)

2022-06-23 18:18:29 - [MESSAGE][PASSED] - Object: 'Object Repository/1. Constant/xpath' is clicked on

2022-06-23 18:18:29 - [TEST_STEP][PASSED] - click(findTestObject("1. Constant/02_LHSMenu_Projects")): Object: 'Object Repository/1. Constant/02_LHSMenu_Projects' is clicked on

2022-06-23 18:18:36 - [MESSAGE][PASSED] - Object: 'Object Repository/1. Constant/02_LHSMenu_Projects' is clicked on

2022-06-23 18:18:36 - [TEST_STEP][PASSED] - click(findTestObject("1. Constant/xpath", ["xpath":"//*[@id="kt_content"]/div[3]/div/div/div[1]/div[2]/a[1]"])): Object: 'Object Repository/1. Constant/xpath' is clicked on

2022-06-23 18:18:38 - [MESSAGE][PASSED] - Object: 'Object Repository/1. Constant/xpath' is clicked on

2022-06-23 18:18:38 - [TEST_STEP][PASSED] - delay(1): Delayed 1 second(s)

2022-06-23 18:18:39 - [MESSAGE][PASSED] - Delayed 1 second(s)

2022-06-23 18:18:39 - [TEST_STEP][PASSED] - takeScreenshot(): Taking screenshot successfully

2022-06-23 18:18:39 - [MESSAGE][PASSED] - Taking screenshot successfully
[[ATTACHMENT|D:\\Projet Test Auto\\Mediabox Test Automation\\Reports\\20220623_181745\\03. Parallel Testing (Testing)\\TS -PT PART 3\\04 Tag Simulateneous\\20220623_181746\\1656001119491.png]]

2022-06-23 18:18:39 - [TEST_STEP][PASSED] - I.SelectFromList_Value("//*[@id="project_template"]", "11"): Delayed 2 second(s)

2022-06-23 18:18:40 - [MESSAGE][PASSED] - All options with value '11' are selected in object 'Object Repository/1. Constant/xpath' 

2022-06-23 18:18:42 - [MESSAGE][PASSED] - Delayed 2 second(s)

2022-06-23 18:18:42 - [TEST_STEP][PASSED] - click(findTestObject("1. Constant/xpath", ["xpath":"//*[@id="ModifFiche"]/div[3]/div/button"])): Object: 'Object Repository/1. Constant/xpath' is clicked on

2022-06-23 18:18:51 - [MESSAGE][PASSED] - Object: 'Object Repository/1. Constant/xpath' is clicked on

2022-06-23 18:18:51 - [TEST_STEP][PASSED] - delay(2): Delayed 2 second(s)

2022-06-23 18:18:53 - [MESSAGE][PASSED] - Delayed 2 second(s)

2022-06-23 18:18:53 - [TEST_STEP][PASSED] - takeScreenshot(): Taking screenshot successfully

2022-06-23 18:18:55 - [MESSAGE][PASSED] - Taking screenshot successfully
[[ATTACHMENT|D:\\Projet Test Auto\\Mediabox Test Automation\\Reports\\20220623_181745\\03. Parallel Testing (Testing)\\TS -PT PART 3\\04 Tag Simulateneous\\20220623_181746\\1656001134879.png]]

2022-06-23 18:18:55 - [TEST_STEP][PASSED] - Project_name = "AutoTest_Tag_SimultaneousRef_" + RandomStringUtils.randomAlphanumeric(10) + "_" + I.gettimedate(): null

2022-06-23 18:18:55 - [TEST_STEP][PASSED] - setText(findTestObject("1. Constant/xpath", ["xpath":"//*[@id="var_141"]"]), Project_name): Text 'AutoTest_Tag_SimultaneousRef_YB3SxIY4DR_juin232022_181855' is set on object 'Object Repository/1. Constant/xpath'

2022-06-23 18:18:58 - [MESSAGE][PASSED] - Text 'AutoTest_Tag_SimultaneousRef_YB3SxIY4DR_juin232022_181855' is set on object 'Object Repository/1. Constant/xpath'

2022-06-23 18:18:58 - [TEST_STEP][PASSED] - I.SelectFromList_Value("//*[@id="var_12"]", "1025"): Delayed 2 second(s)

2022-06-23 18:18:58 - [MESSAGE][PASSED] - All options with value '1025' are selected in object 'Object Repository/1. Constant/xpath' 

2022-06-23 18:19:00 - [MESSAGE][PASSED] - Delayed 2 second(s)

2022-06-23 18:19:00 - [TEST_STEP][PASSED] - I.SelectFromList_Value("//*[@id="var_116"]", "1070"): Delayed 2 second(s)

2022-06-23 18:19:01 - [MESSAGE][PASSED] - All options with value '1070' are selected in object 'Object Repository/1. Constant/xpath' 

2022-06-23 18:19:03 - [MESSAGE][PASSED] - Delayed 2 second(s)

2022-06-23 18:19:03 - [TEST_STEP][PASSED] - I.SelectFromList_Value("//*[@id="var_262"]", "16352"): Delayed 2 second(s)

2022-06-23 18:19:05 - [MESSAGE][PASSED] - All options with value '16352' are selected in object 'Object Repository/1. Constant/xpath' 

2022-06-23 18:19:07 - [MESSAGE][PASSED] - Delayed 2 second(s)

2022-06-23 18:19:07 - [TEST_STEP][PASSED] - setText(findTestObject("1. Constant/xpath", ["xpath":"//*[@id="var_14"]"]), "10/10/2020"): Text '10/10/2020' is set on object 'Object Repository/1. Constant/xpath'

2022-06-23 18:19:07 - [MESSAGE][PASSED] - Text '10/10/2020' is set on object 'Object Repository/1. Constant/xpath'

2022-06-23 18:19:07 - [TEST_STEP][PASSED] - I.SelectFromList_Value("//*[@id="var_15"]", "57"): Delayed 2 second(s)

2022-06-23 18:19:08 - [MESSAGE][PASSED] - All options with value '57' are selected in object 'Object Repository/1. Constant/xpath' 

2022-06-23 18:19:10 - [MESSAGE][PASSED] - Delayed 2 second(s)

2022-06-23 18:19:10 - [TEST_STEP][PASSED] - delay(2): Delayed 2 second(s)

2022-06-23 18:19:12 - [MESSAGE][PASSED] - Delayed 2 second(s)

2022-06-23 18:19:12 - [TEST_STEP][PASSED] - I.SelectFromList_Value("//*[@id="var_16"]", "46"): Delayed 2 second(s)

2022-06-23 18:19:13 - [MESSAGE][PASSED] - All options with value '46' are selected in object 'Object Repository/1. Constant/xpath' 

2022-06-23 18:19:15 - [MESSAGE][PASSED] - Delayed 2 second(s)

2022-06-23 18:19:15 - [TEST_STEP][PASSED] - delay(2): Delayed 2 second(s)

2022-06-23 18:19:17 - [MESSAGE][PASSED] - Delayed 2 second(s)

2022-06-23 18:19:17 - [TEST_STEP][PASSED] - I.SelectFromList_Value("//*[@id="var_17"]", "12174"): Delayed 2 second(s)

2022-06-23 18:19:17 - [MESSAGE][PASSED] - All options with value '12174' are selected in object 'Object Repository/1. Constant/xpath' 

2022-06-23 18:19:19 - [MESSAGE][PASSED] - Delayed 2 second(s)

2022-06-23 18:19:19 - [TEST_STEP][PASSED] - delay(2): Delayed 2 second(s)

2022-06-23 18:19:21 - [MESSAGE][PASSED] - Delayed 2 second(s)

2022-06-23 18:19:21 - [TEST_STEP][PASSED] - I.SelectFromList_Value("//*[@id="var_18"]", "12414"): Delayed 2 second(s)

2022-06-23 18:19:22 - [MESSAGE][PASSED] - All options with value '12414' are selected in object 'Object Repository/1. Constant/xpath' 

2022-06-23 18:19:24 - [MESSAGE][PASSED] - Delayed 2 second(s)

2022-06-23 18:19:24 - [TEST_STEP][PASSED] - delay(2): Delayed 2 second(s)

2022-06-23 18:19:26 - [MESSAGE][PASSED] - Delayed 2 second(s)

2022-06-23 18:19:26 - [TEST_STEP][PASSED] - I.SelectFromList_Value("//*[@id="var_20"]", "3773"): Delayed 2 second(s)

2022-06-23 18:19:26 - [MESSAGE][PASSED] - All options with value '3773' are selected in object 'Object Repository/1. Constant/xpath' 

2022-06-23 18:19:28 - [MESSAGE][PASSED] - Delayed 2 second(s)

2022-06-23 18:19:28 - [TEST_STEP][PASSED] - delay(2): Delayed 2 second(s)

2022-06-23 18:19:30 - [MESSAGE][PASSED] - Delayed 2 second(s)

2022-06-23 18:19:30 - [TEST_STEP][PASSED] - I.SelectFromList_Value("//*[@id="var_21"]", "246"): Delayed 2 second(s)

2022-06-23 18:19:31 - [MESSAGE][PASSED] - All options with value '246' are selected in object 'Object Repository/1. Constant/xpath' 

2022-06-23 18:19:33 - [MESSAGE][PASSED] - Delayed 2 second(s)

2022-06-23 18:19:33 - [TEST_STEP][PASSED] - delay(2): Delayed 2 second(s)

2022-06-23 18:19:35 - [MESSAGE][PASSED] - Delayed 2 second(s)

2022-06-23 18:19:35 - [TEST_STEP][PASSED] - I.SelectFromList_Value("//*[@id="var_22"]", "3853"): Delayed 2 second(s)

2022-06-23 18:19:36 - [MESSAGE][PASSED] - All options with value '3853' are selected in object 'Object Repository/1. Constant/xpath' 

2022-06-23 18:19:38 - [MESSAGE][PASSED] - Delayed 2 second(s)

2022-06-23 18:19:38 - [TEST_STEP][PASSED] - I.SelectFromList_Value("//*[@id="selSource_23"]", "achatin"): Delayed 2 second(s)

2022-06-23 18:19:38 - [MESSAGE][PASSED] - All options with value 'achatin' are selected in object 'Object Repository/1. Constant/xpath' 

2022-06-23 18:19:40 - [MESSAGE][PASSED] - Delayed 2 second(s)

2022-06-23 18:19:40 - [TEST_STEP][PASSED] - I.select_multiplelist("//*[@id="selSource_23"]", "//*[@id="btnAdd_23"]", "tliu"): Delayed 1 second(s)

2022-06-23 18:19:41 - [MESSAGE][PASSED] - Delayed 1 second(s)

2022-06-23 18:19:42 - [MESSAGE][PASSED] - All options with value 'tliu' are selected in object 'Object Repository/1. Constant/xpath' 

2022-06-23 18:19:44 - [MESSAGE][PASSED] - Delayed 2 second(s)

2022-06-23 18:19:44 - [MESSAGE][PASSED] - Object: 'Object Repository/1. Constant/xpath' is clicked on

2022-06-23 18:19:45 - [MESSAGE][PASSED] - Delayed 1 second(s)

2022-06-23 18:19:45 - [TEST_STEP][PASSED] - delay(1): Delayed 1 second(s)

2022-06-23 18:19:46 - [MESSAGE][PASSED] - Delayed 1 second(s)

2022-06-23 18:19:46 - [TEST_STEP][PASSED] - I.select_multiplelist("//*[@id="selSource_24"]", "//*[@id="btnAdd_24"]", "asamyn"): Delayed 1 second(s)

2022-06-23 18:19:47 - [MESSAGE][PASSED] - Delayed 1 second(s)

2022-06-23 18:19:48 - [MESSAGE][PASSED] - All options with value 'asamyn' are selected in object 'Object Repository/1. Constant/xpath' 

2022-06-23 18:19:50 - [MESSAGE][PASSED] - Delayed 2 second(s)

2022-06-23 18:19:50 - [MESSAGE][PASSED] - Object: 'Object Repository/1. Constant/xpath' is clicked on

2022-06-23 18:19:51 - [MESSAGE][PASSED] - Delayed 1 second(s)

2022-06-23 18:19:51 - [TEST_STEP][PASSED] - delay(3): Delayed 3 second(s)

2022-06-23 18:19:54 - [MESSAGE][PASSED] - Delayed 3 second(s)

2022-06-23 18:19:54 - [TEST_STEP][PASSED] - click(findTestObject("HL Full Lifecycle/5 ModifyProjPage_button_Update")): Object: 'Object Repository/HL Full Lifecycle/5 ModifyProjPage_button_Update' is clicked on

2022-06-23 18:20:02 - [MESSAGE][PASSED] - Object: 'Object Repository/HL Full Lifecycle/5 ModifyProjPage_button_Update' is clicked on

2022-06-23 18:20:02 - [TEST_STEP][PASSED] - delay(10): Delayed 10 second(s)

2022-06-23 18:20:12 - [MESSAGE][PASSED] - Delayed 10 second(s)

2022-06-23 18:20:12 - [TEST_STEP][PASSED] - Project_No = I.ProjectNo(): Current window's url is: 'http://mdb-release.diadeis.lan/MediaboxIndependence/Base/ExecAction?IDSession=MBI%21RELTESTAUTO_TAG%21IQFZWZ4KND7VUALOUJ8ERIPC6XAX204BSSGKL6GG&default_action=AfficheFichesProjet&id_project=MI003402'

2022-06-23 18:20:17 - [MESSAGE][PASSED] - Delayed 5 second(s)

2022-06-23 18:20:17 - [MESSAGE][PASSED] - Current window's url is: 'http://mdb-release.diadeis.lan/MediaboxIndependence/Base/ExecAction?IDSession=MBI%21RELTESTAUTO_TAG%21IQFZWZ4KND7VUALOUJ8ERIPC6XAX204BSSGKL6GG&default_action=AfficheFichesProjet&id_project=MI003402'

2022-06-23 18:20:17 - [TEST_STEP][PASSED] - takeScreenshot(): Taking screenshot successfully

2022-06-23 18:20:18 - [MESSAGE][PASSED] - Taking screenshot successfully
[[ATTACHMENT|D:\\Projet Test Auto\\Mediabox Test Automation\\Reports\\20220623_181745\\03. Parallel Testing (Testing)\\TS -PT PART 3\\04 Tag Simulateneous\\20220623_181746\\1656001217769.png]]

2022-06-23 18:20:18 - [TEST_STEP][PASSED] - click(findTestObject("1. Constant/xpath", ["xpath":"//*[@id="create_ref_btn"]/button"])): Object: 'Object Repository/1. Constant/xpath' is clicked on

2022-06-23 18:20:18 - [MESSAGE][PASSED] - Object: 'Object Repository/1. Constant/xpath' is clicked on

2022-06-23 18:20:18 - [TEST_STEP][PASSED] - click(findTestObject("1. Constant/xpath", ["xpath":"//*[@id="create_ref_btn"]/div/a[1]"])): Object: 'Object Repository/1. Constant/xpath' is clicked on

2022-06-23 18:20:22 - [MESSAGE][PASSED] - Object: 'Object Repository/1. Constant/xpath' is clicked on

2022-06-23 18:20:22 - [TEST_STEP][PASSED] - takeScreenshot(): Taking screenshot successfully

2022-06-23 18:20:22 - [MESSAGE][PASSED] - Taking screenshot successfully
[[ATTACHMENT|D:\\Projet Test Auto\\Mediabox Test Automation\\Reports\\20220623_181745\\03. Parallel Testing (Testing)\\TS -PT PART 3\\04 Tag Simulateneous\\20220623_181746\\1656001222379.png]]

2022-06-23 18:20:22 - [TEST_STEP][PASSED] - I.SelectFromList_Value("//*[@id="ref_type"]", "5"): Delayed 2 second(s)

2022-06-23 18:20:25 - [MESSAGE][PASSED] - All options with value '5' are selected in object 'Object Repository/1. Constant/xpath' 

2022-06-23 18:20:27 - [MESSAGE][PASSED] - Delayed 2 second(s)

2022-06-23 18:20:27 - [TEST_STEP][PASSED] - click(findTestObject("1. Constant/xpath", ["xpath":"//*[@id="ModifFiche"]/div[1]/div/button"])): Object: 'Object Repository/1. Constant/xpath' is clicked on

2022-06-23 18:20:45 - [MESSAGE][PASSED] - Object: 'Object Repository/1. Constant/xpath' is clicked on

2022-06-23 18:20:45 - [TEST_STEP][PASSED] - delay(1): Delayed 1 second(s)

2022-06-23 18:20:46 - [MESSAGE][PASSED] - Delayed 1 second(s)

2022-06-23 18:20:46 - [TEST_STEP][PASSED] - refID = I.RefID_tag(): Current window's url is: 'http://mdb-release.diadeis.lan/MediaboxIndependence/Base/ExecAction?IDSession=MBI%21RELTESTAUTO_TAG%21IQFZWZ4KND7VUALOUJ8ERIPC6XAX204BSSGKL6GG&default_action=ModifierRef&id_project=MI003402&id_ref=24424&action_from=create_ref'

2022-06-23 18:20:51 - [MESSAGE][PASSED] - Delayed 5 second(s)

2022-06-23 18:20:51 - [MESSAGE][PASSED] - Current window's url is: 'http://mdb-release.diadeis.lan/MediaboxIndependence/Base/ExecAction?IDSession=MBI%21RELTESTAUTO_TAG%21IQFZWZ4KND7VUALOUJ8ERIPC6XAX204BSSGKL6GG&default_action=ModifierRef&id_project=MI003402&id_ref=24424&action_from=create_ref'

2022-06-23 18:20:51 - [TEST_STEP][PASSED] - click(findTestObject("1. Constant/xpath", ["xpath":"//*[@id="ModifFiche"]/div[1]/div[1]/a"])): Object: 'Object Repository/1. Constant/xpath' is clicked on

2022-06-23 18:20:57 - [MESSAGE][PASSED] - Object: 'Object Repository/1. Constant/xpath' is clicked on

2022-06-23 18:20:57 - [TEST_STEP][PASSED] - delay(1): Delayed 1 second(s)

2022-06-23 18:20:58 - [MESSAGE][PASSED] - Delayed 1 second(s)

2022-06-23 18:20:58 - [TEST_STEP][PASSED] - I.writenotepad("D:\Upoad_File\Projet_ Login\Tag\11.01 Tag Project_No\11.01_Tag_ProjectNo.txt", Project_No): null

2022-06-23 18:20:58 - [TEST_STEP][PASSED] - I.writenotepad("D:\Upoad_File\Projet_ Login\Tag\11.01 Tag Project_No\11.01_Tag_refID.txt", refID): null

2022-06-23 18:20:58 - [TEST_STEP][PASSED] - I.superedit_ref(findTestObject("1. Constant/xpath", ["xpath":"//*[@id="source_" + refID + ""]/td[15]/div[2]/button"]), findTestObject("1. Constant/xpath", ["xpath":"//*[@id="source_" + refID + ""]/td[15]/div[2]/div/a[4]"])): Object: 'Object Repository/1. Constant/xpath' is clicked on

2022-06-23 18:20:58 - [MESSAGE][PASSED] - Object: 'Object Repository/1. Constant/xpath' is clicked on

2022-06-23 18:21:01 - [MESSAGE][PASSED] - Delayed 3 second(s)

2022-06-23 18:21:06 - [MESSAGE][PASSED] - Object: 'Object Repository/1. Constant/xpath' is clicked on

2022-06-23 18:21:06 - [TEST_STEP][PASSED] - delay(1): Delayed 1 second(s)

2022-06-23 18:21:07 - [MESSAGE][PASSED] - Delayed 1 second(s)

2022-06-23 18:21:07 - [TEST_STEP][PASSED] - setText(findTestObject("1. Constant/xpath", ["xpath":"//*[@id="var_117"]"]), "W1_SUPER_EDIT_JEDUN"): Text 'W1_SUPER_EDIT_JEDUN' is set on object 'Object Repository/1. Constant/xpath'

2022-06-23 18:21:09 - [MESSAGE][PASSED] - Text 'W1_SUPER_EDIT_JEDUN' is set on object 'Object Repository/1. Constant/xpath'

2022-06-23 18:21:09 - [TEST_STEP][PASSED] - currentWindow = getWindowIndex(): Current window's index is: 0

2022-06-23 18:21:09 - [MESSAGE][PASSED] - Current window's index is: 0

2022-06-23 18:21:09 - [TEST_STEP][PASSED] - driver2 = new org.openqa.selenium.chrome.ChromeDriver(): null

2022-06-23 18:21:12 - [TEST_STEP][PASSED] - changeWebDriver(driver2): null

2022-06-23 18:21:12 - [TEST_STEP][PASSED] - maximizeWindow(): Current window maximized

2022-06-23 18:21:13 - [MESSAGE][PASSED] - Current window maximized

2022-06-23 18:21:13 - [TEST_STEP][PASSED] - navigateToUrl(Url_Tag): Navigate to 'http://mdb-release.diadeis.lan/MediaboxIndependence/?MBI_datasource=RELTESTAUTO_TAG' successfully

2022-06-23 18:21:21 - [MESSAGE][PASSED] - Navigate to 'http://mdb-release.diadeis.lan/MediaboxIndependence/?MBI_datasource=RELTESTAUTO_TAG' successfully

2022-06-23 18:21:21 - [TEST_STEP][PASSED] - waitForPageLoad(30): Wait for page load successfully

2022-06-23 18:21:21 - [MESSAGE][PASSED] - Wait for page load successfully

2022-06-23 18:21:21 - [TEST_STEP][PASSED] - I.Login_password("tliu", password_tliu): Object: 'Object Repository/1. Constant/xpath' is clicked on

2022-06-23 18:21:22 - [MESSAGE][PASSED] - Text 'tliu' is set on object 'Object Repository/1. Constant/xpath'

2022-06-23 18:21:23 - [MESSAGE][PASSED] - Delayed 1 second(s)

2022-06-23 18:21:23 - [MESSAGE][PASSED] - Text 'dchi' is set on object 'Object Repository/1. Constant/xpath'

2022-06-23 18:21:24 - [MESSAGE][PASSED] - Delayed 1 second(s)

2022-06-23 18:21:29 - [MESSAGE][PASSED] - Object: 'Object Repository/1. Constant/xpath' is clicked on

2022-06-23 18:21:29 - [TEST_STEP][PASSED] - takeScreenshot(): Taking screenshot successfully

2022-06-23 18:21:30 - [MESSAGE][PASSED] - Taking screenshot successfully
[[ATTACHMENT|D:\\Projet Test Auto\\Mediabox Test Automation\\Reports\\20220623_181745\\03. Parallel Testing (Testing)\\TS -PT PART 3\\04 Tag Simulateneous\\20220623_181746\\1656001290037.png]]

2022-06-23 18:21:30 - [TEST_STEP][PASSED] - click(findTestObject("1. Constant/02_LHSMenu_Projects")): Object: 'Object Repository/1. Constant/02_LHSMenu_Projects' is clicked on

2022-06-23 18:21:38 - [MESSAGE][PASSED] - Object: 'Object Repository/1. Constant/02_LHSMenu_Projects' is clicked on

2022-06-23 18:21:38 - [TEST_STEP][PASSED] - I.SearchProjectNo_xpath(Project_No, "//*[@id="keynum_project"]", "//*[@id="form_filters"]/div[4]/button"): Delayed 5 second(s)

2022-06-23 18:21:39 - [MESSAGE][PASSED] - Delayed 1 second(s)

2022-06-23 18:21:40 - [MESSAGE][PASSED] - Text 'MI003402' is set on object 'Object Repository/1. Constant/xpath'

2022-06-23 18:21:43 - [MESSAGE][PASSED] - Delayed 3 second(s)

2022-06-23 18:21:44 - [MESSAGE][PASSED] - Scroll to object 'Object Repository/1. Constant/xpath' successfully

2022-06-23 18:21:51 - [MESSAGE][PASSED] - Object: 'Object Repository/1. Constant/xpath' is clicked on

2022-06-23 18:21:56 - [MESSAGE][PASSED] - Delayed 5 second(s)

2022-06-23 18:21:56 - [TEST_STEP][PASSED] - delay(3): Delayed 3 second(s)

2022-06-23 18:21:59 - [MESSAGE][PASSED] - Delayed 3 second(s)

2022-06-23 18:21:59 - [TEST_STEP][PASSED] - I.superedit_ref(findTestObject("1. Constant/xpath", ["xpath":"//*[@id="source_" + refID + ""]/td[13]/div/button"]), findTestObject("1. Constant/xpath", ["xpath":"//*[@id="source_" + refID + ""]/td[13]/div/div/a[4]"])): Object: 'Object Repository/1. Constant/xpath' is clicked on

2022-06-23 18:22:00 - [MESSAGE][PASSED] - Object: 'Object Repository/1. Constant/xpath' is clicked on

2022-06-23 18:22:03 - [MESSAGE][PASSED] - Delayed 3 second(s)

2022-06-23 18:22:06 - [MESSAGE][PASSED] - Object: 'Object Repository/1. Constant/xpath' is clicked on

2022-06-23 18:22:06 - [TEST_STEP][PASSED] - delay(1): Delayed 1 second(s)

2022-06-23 18:22:07 - [MESSAGE][PASSED] - Delayed 1 second(s)

2022-06-23 18:22:07 - [TEST_STEP][PASSED] - setText(findTestObject("1. Constant/xpath", ["xpath":"//*[@id="var_117"]"]), "W2_SUPER_EDIT_TINA"): Text 'W2_SUPER_EDIT_TINA' is set on object 'Object Repository/1. Constant/xpath'

2022-06-23 18:22:08 - [MESSAGE][PASSED] - Text 'W2_SUPER_EDIT_TINA' is set on object 'Object Repository/1. Constant/xpath'

2022-06-23 18:22:08 - [TEST_STEP][PASSED] - click(findTestObject("1. Constant/xpath", ["xpath":"//*[@id="ModifFiche"]/div[1]/div/button"])): Object: 'Object Repository/1. Constant/xpath' is clicked on

2022-06-23 18:22:15 - [MESSAGE][PASSED] - Object: 'Object Repository/1. Constant/xpath' is clicked on

2022-06-23 18:22:15 - [TEST_STEP][PASSED] - I.VerifyMatchToastrmsg("//*[@id="toast-container"]/div/div[2]", "Modifications of the reference W2_SUPER_EDIT_TINA____ have been saved"): Actual text 'Modifications of the reference W2_SUPER_EDIT_TINA____ have been saved' and expected text 'Modifications of the reference W2_SUPER_EDIT_TINA____ have been saved' are matched 

2022-06-23 18:22:15 - [MESSAGE][PASSED] - Object 'Object Repository/1. Constant/xpath' is visible

2022-06-23 18:22:16 - [MESSAGE][PASSED] - Text of object 'Object Repository/1. Constant/xpath' is: 'Modifications of the reference W2_SUPER_EDIT_TINA____ have been saved'

2022-06-23 18:22:16 - [MESSAGE][PASSED] - Taking screenshot successfully
[[ATTACHMENT|D:\\Projet Test Auto\\Mediabox Test Automation\\Reports\\20220623_181745\\03. Parallel Testing (Testing)\\TS -PT PART 3\\04 Tag Simulateneous\\20220623_181746\\1656001336397.png]]

2022-06-23 18:22:16 - [MESSAGE][PASSED] - Actual text 'Modifications of the reference W2_SUPER_EDIT_TINA____ have been saved' and expected text 'Modifications of the reference W2_SUPER_EDIT_TINA____ have been saved' are matched 

2022-06-23 18:22:16 - [TEST_STEP][PASSED] - changeWebDriver(driver1): null

2022-06-23 18:22:16 - [TEST_STEP][PASSED] - I.click_button_javascript(findTestObject("1. Constant/xpath", ["xpath":"//*[@id="ModifFiche"]/div[1]/div/button"])): Execute JavaScript 'arguments[0].click()' successfully

2022-06-23 18:22:18 - [MESSAGE][PASSED] - Execute JavaScript 'arguments[0].click()' successfully

2022-06-23 18:22:18 - [TEST_STEP][PASSED] - I.VerifyMatchToastrmsg("//*[@id="toast-container"]/div/div[2]", "Your changes can't be saved because another user updated values in this form in the meantime. Please reload the page to display them."): Actual text 'Your changes can't be saved because another user updated values in this form in the meantime. Please reload the page to display them.' and expected text 'Your changes can't be saved because another user updated values in this form in the meantime. Please reload the page to display them.' are matched 

2022-06-23 18:22:19 - [MESSAGE][PASSED] - Object 'Object Repository/1. Constant/xpath' is visible

2022-06-23 18:22:20 - [MESSAGE][PASSED] - Text of object 'Object Repository/1. Constant/xpath' is: 'Your changes can't be saved because another user updated values in this form in the meantime. Please reload the page to display them.'

2022-06-23 18:22:21 - [MESSAGE][PASSED] - Taking screenshot successfully
[[ATTACHMENT|D:\\Projet Test Auto\\Mediabox Test Automation\\Reports\\20220623_181745\\03. Parallel Testing (Testing)\\TS -PT PART 3\\04 Tag Simulateneous\\20220623_181746\\1656001341133.png]]

2022-06-23 18:22:21 - [MESSAGE][PASSED] - Actual text 'Your changes can't be saved because another user updated values in this form in the meantime. Please reload the page to display them.' and expected text 'Your changes can't be saved because another user updated values in this form in the meantime. Please reload the page to display them.' are matched 

2022-06-23 18:22:21 - [TEST_STEP][PASSED] - I.click_button_javascript(findTestObject("1. Constant/xpath", ["xpath":"//*[@id="ModifFiche"]/div[1]/div/a"])): Execute JavaScript 'arguments[0].click()' successfully

2022-06-23 18:22:27 - [MESSAGE][PASSED] - Execute JavaScript 'arguments[0].click()' successfully

2022-06-23 18:22:27 - [TEST_STEP][PASSED] - delay(1): Delayed 1 second(s)

2022-06-23 18:22:28 - [MESSAGE][PASSED] - Delayed 1 second(s)

2022-06-23 18:22:28 - [TEST_STEP][PASSED] - click(findTestObject("1. Constant/xpath", ["xpath":"//*[@id="source_" + refID + ""]/td[6]/a"])): Object: 'Object Repository/1. Constant/xpath' is clicked on

2022-06-23 18:22:36 - [MESSAGE][PASSED] - Object: 'Object Repository/1. Constant/xpath' is clicked on

2022-06-23 18:22:36 - [TEST_STEP][PASSED] - delay(1): Delayed 1 second(s)

2022-06-23 18:22:37 - [MESSAGE][PASSED] - Delayed 1 second(s)

2022-06-23 18:22:37 - [TEST_STEP][PASSED] - I.VerifyMatchText("/html/body/div[1]/div[2]/div[8]/div[3]/div/div[3]/div[1]/div/div[1]/div/div[2]/div[2]/div[1]/div[2]/div[1]/div/span", "W2_SUPER_EDIT_TINA"): Actual text 'W2_SUPER_EDIT_TINA' and expected text 'W2_SUPER_EDIT_TINA' are matched 

2022-06-23 18:22:37 - [MESSAGE][PASSED] - Text of object 'Object Repository/1. Constant/xpath' is: 'W2_SUPER_EDIT_TINA'

2022-06-23 18:22:38 - [MESSAGE][PASSED] - Delayed 1 second(s)

2022-06-23 18:22:38 - [MESSAGE][PASSED] - Actual text 'W2_SUPER_EDIT_TINA' and expected text 'W2_SUPER_EDIT_TINA' are matched 

2022-06-23 18:22:38 - [TEST_STEP][PASSED] - closeBrowser(): Browser is closed

2022-06-23 18:22:58 - [MESSAGE][PASSED] - Browser is closed

2022-06-23 18:22:58 - [TEST_STEP][PASSED] - changeWebDriver(driver2): null

2022-06-23 18:22:58 - [TEST_STEP][PASSED] - closeBrowser(): Browser is closed

2022-06-23 18:23:02 - [MESSAGE][PASSED] - Browser is closed

2022-06-23 18:23:02 - [TEST_STEP][PASSED] - Start listener action : sampleAfterTestCase: null]]></system-out>
         <system-err><![CDATA[]]></system-err>
      </testcase>
      <testcase name="Test Cases/11. Tag Simultaneous Modification of ref (P1 - P4 consecutive)/11.2 Tag Simultaneous Modification of Ref (Update) PART 2" time="180.357" classname="Test Cases/11. Tag Simultaneous Modification of ref (P1 - P4 consecutive)/11.2 Tag Simultaneous Modification of Ref (Update) PART 2" status="PASSED">
         <system-out><![CDATA[2022-06-23 18:23:02 - [TEST_CASE][PASSED] - Test Cases/11. Tag Simultaneous Modification of ref (P1 - P4 consecutive)/11.2 Tag Simultaneous Modification of Ref (Update) PART 2: Test Cases/11. Tag Simultaneous Modification of ref (P1 - P4 consecutive)/11.2 Tag Simultaneous Modification of Ref (Update) PART 2

2022-06-23 18:23:04 - [TEST_STEP][PASSED] - data_Tag = findTestData("Data Files/Username_Password/Tag"): null

2022-06-23 18:23:04 - [TEST_STEP][PASSED] - password_jedun = data_Tag.getValue(3, 1): null

2022-06-23 18:23:04 - [TEST_STEP][PASSED] - password_tliu = data_Tag.getValue(3, 8): null

2022-06-23 18:23:04 - [TEST_STEP][PASSED] - data_urlRELAUTO = findTestData("Data Files/URL/URL_relauto"): null

2022-06-23 18:23:04 - [TEST_STEP][PASSED] - Url_Tag = data_urlRELAUTO.getValue(2, 3): null

2022-06-23 18:23:04 - [TEST_STEP][PASSED] - Project_No = I.readnotepad("D:\Upoad_File\Projet_ Login\Tag\11.01 Tag Project_No\11.01_Tag_ProjectNo.txt"): null

2022-06-23 18:23:04 - [TEST_STEP][PASSED] - refID = I.readnotepad("D:\Upoad_File\Projet_ Login\Tag\11.01 Tag Project_No\11.01_Tag_refID.txt"): null

2022-06-23 18:23:04 - [TEST_STEP][PASSED] - System.setProperty("webdriver.chrome.driver", "D:\Katalon_Studio\configuration\resources\drivers\chromedriver_win32\chromedriver.exe"): null

2022-06-23 18:23:04 - [TEST_STEP][PASSED] - driver1 = new org.openqa.selenium.chrome.ChromeDriver(): null

2022-06-23 18:23:16 - [TEST_STEP][PASSED] - changeWebDriver(driver1): null

2022-06-23 18:23:16 - [TEST_STEP][PASSED] - delay(1): Delayed 1 second(s)

2022-06-23 18:23:17 - [MESSAGE][PASSED] - Delayed 1 second(s)

2022-06-23 18:23:17 - [TEST_STEP][PASSED] - navigateToUrl(Url_Tag): Navigate to 'http://mdb-release.diadeis.lan/MediaboxIndependence/?MBI_datasource=RELTESTAUTO_TAG' successfully

2022-06-23 18:23:43 - [MESSAGE][PASSED] - Navigate to 'http://mdb-release.diadeis.lan/MediaboxIndependence/?MBI_datasource=RELTESTAUTO_TAG' successfully

2022-06-23 18:23:43 - [TEST_STEP][PASSED] - maximizeWindow(): Current window maximized

2022-06-23 18:23:43 - [MESSAGE][PASSED] - Current window maximized

2022-06-23 18:23:43 - [TEST_STEP][PASSED] - waitForPageLoad(30): Wait for page load successfully

2022-06-23 18:23:43 - [MESSAGE][PASSED] - Wait for page load successfully

2022-06-23 18:23:43 - [TEST_STEP][PASSED] - takeScreenshot(): Taking screenshot successfully

2022-06-23 18:23:44 - [MESSAGE][PASSED] - Taking screenshot successfully
[[ATTACHMENT|D:\\Projet Test Auto\\Mediabox Test Automation\\Reports\\20220623_181745\\03. Parallel Testing (Testing)\\TS -PT PART 3\\04 Tag Simulateneous\\20220623_181746\\1656001423860.png]]

2022-06-23 18:23:44 - [TEST_STEP][PASSED] - I.Login_password("jedun", password_jedun): Object: 'Object Repository/1. Constant/xpath' is clicked on

2022-06-23 18:23:44 - [MESSAGE][PASSED] - Text 'jedun' is set on object 'Object Repository/1. Constant/xpath'

2022-06-23 18:23:45 - [MESSAGE][PASSED] - Delayed 1 second(s)

2022-06-23 18:23:45 - [MESSAGE][PASSED] - Text 'dchi' is set on object 'Object Repository/1. Constant/xpath'

2022-06-23 18:23:46 - [MESSAGE][PASSED] - Delayed 1 second(s)

2022-06-23 18:23:56 - [MESSAGE][PASSED] - Object: 'Object Repository/1. Constant/xpath' is clicked on

2022-06-23 18:23:56 - [TEST_STEP][PASSED] - click(findTestObject("1. Constant/02_LHSMenu_Projects")): Object: 'Object Repository/1. Constant/02_LHSMenu_Projects' is clicked on

2022-06-23 18:24:02 - [MESSAGE][PASSED] - Object: 'Object Repository/1. Constant/02_LHSMenu_Projects' is clicked on

2022-06-23 18:24:02 - [TEST_STEP][PASSED] - I.SearchProjectNo_xpath(Project_No, "//*[@id="keynum_project"]", "//*[@id="form_filters"]/div[7]/button"): Delayed 5 second(s)

2022-06-23 18:24:03 - [MESSAGE][PASSED] - Delayed 1 second(s)

2022-06-23 18:24:04 - [MESSAGE][PASSED] - Text 'MI003402' is set on object 'Object Repository/1. Constant/xpath'

2022-06-23 18:24:07 - [MESSAGE][PASSED] - Delayed 3 second(s)

2022-06-23 18:24:07 - [MESSAGE][PASSED] - Scroll to object 'Object Repository/1. Constant/xpath' successfully

2022-06-23 18:24:13 - [MESSAGE][PASSED] - Object: 'Object Repository/1. Constant/xpath' is clicked on

2022-06-23 18:24:18 - [MESSAGE][PASSED] - Delayed 5 second(s)

2022-06-23 18:24:18 - [TEST_STEP][PASSED] - click(findTestObject("1. Constant/xpath", ["xpath":"//*[@id="source_" + refID + ""]/td[15]/a[3]"])): Object: 'Object Repository/1. Constant/xpath' is clicked on

2022-06-23 18:24:24 - [MESSAGE][PASSED] - Object: 'Object Repository/1. Constant/xpath' is clicked on

2022-06-23 18:24:24 - [TEST_STEP][PASSED] - delay(1): Delayed 1 second(s)

2022-06-23 18:24:25 - [MESSAGE][PASSED] - Delayed 1 second(s)

2022-06-23 18:24:25 - [TEST_STEP][PASSED] - setText(findTestObject("1. Constant/xpath", ["xpath":"//*[@id="var_143"]"]), "W1_UPDATE_JEDUN_PART2"): Text 'W1_UPDATE_JEDUN_PART2' is set on object 'Object Repository/1. Constant/xpath'

2022-06-23 18:24:27 - [MESSAGE][PASSED] - Text 'W1_UPDATE_JEDUN_PART2' is set on object 'Object Repository/1. Constant/xpath'

2022-06-23 18:24:27 - [TEST_STEP][PASSED] - driver2 = new org.openqa.selenium.chrome.ChromeDriver(): null

2022-06-23 18:24:31 - [TEST_STEP][PASSED] - changeWebDriver(driver2): null

2022-06-23 18:24:32 - [TEST_STEP][PASSED] - maximizeWindow(): Current window maximized

2022-06-23 18:24:32 - [MESSAGE][PASSED] - Current window maximized

2022-06-23 18:24:32 - [TEST_STEP][PASSED] - delay(1): Delayed 1 second(s)

2022-06-23 18:24:33 - [MESSAGE][PASSED] - Delayed 1 second(s)

2022-06-23 18:24:33 - [TEST_STEP][PASSED] - navigateToUrl(Url_Tag): Navigate to 'http://mdb-release.diadeis.lan/MediaboxIndependence/?MBI_datasource=RELTESTAUTO_TAG' successfully

2022-06-23 18:24:47 - [MESSAGE][PASSED] - Navigate to 'http://mdb-release.diadeis.lan/MediaboxIndependence/?MBI_datasource=RELTESTAUTO_TAG' successfully

2022-06-23 18:24:47 - [TEST_STEP][PASSED] - waitForPageLoad(30): Wait for page load successfully

2022-06-23 18:24:47 - [MESSAGE][PASSED] - Wait for page load successfully

2022-06-23 18:24:47 - [TEST_STEP][PASSED] - I.Login_password("tliu", password_tliu): Object: 'Object Repository/1. Constant/xpath' is clicked on

2022-06-23 18:24:48 - [MESSAGE][PASSED] - Text 'tliu' is set on object 'Object Repository/1. Constant/xpath'

2022-06-23 18:24:49 - [MESSAGE][PASSED] - Delayed 1 second(s)

2022-06-23 18:24:49 - [MESSAGE][PASSED] - Text 'dchi' is set on object 'Object Repository/1. Constant/xpath'

2022-06-23 18:24:50 - [MESSAGE][PASSED] - Delayed 1 second(s)

2022-06-23 18:24:56 - [MESSAGE][PASSED] - Object: 'Object Repository/1. Constant/xpath' is clicked on

2022-06-23 18:24:56 - [TEST_STEP][PASSED] - takeScreenshot(): Taking screenshot successfully

2022-06-23 18:24:57 - [MESSAGE][PASSED] - Taking screenshot successfully
[[ATTACHMENT|D:\\Projet Test Auto\\Mediabox Test Automation\\Reports\\20220623_181745\\03. Parallel Testing (Testing)\\TS -PT PART 3\\04 Tag Simulateneous\\20220623_181746\\1656001496584.png]]

2022-06-23 18:24:57 - [TEST_STEP][PASSED] - click(findTestObject("1. Constant/02_LHSMenu_Projects")): Object: 'Object Repository/1. Constant/02_LHSMenu_Projects' is clicked on

2022-06-23 18:25:01 - [MESSAGE][PASSED] - Object: 'Object Repository/1. Constant/02_LHSMenu_Projects' is clicked on

2022-06-23 18:25:01 - [TEST_STEP][PASSED] - I.SearchProjectNo_xpath(Project_No, "//*[@id="keynum_project"]", "//*[@id="form_filters"]/div[4]/button"): Delayed 5 second(s)

2022-06-23 18:25:02 - [MESSAGE][PASSED] - Delayed 1 second(s)

2022-06-23 18:25:03 - [MESSAGE][PASSED] - Text 'MI003402' is set on object 'Object Repository/1. Constant/xpath'

2022-06-23 18:25:06 - [MESSAGE][PASSED] - Delayed 3 second(s)

2022-06-23 18:25:07 - [MESSAGE][PASSED] - Scroll to object 'Object Repository/1. Constant/xpath' successfully

2022-06-23 18:25:15 - [MESSAGE][PASSED] - Object: 'Object Repository/1. Constant/xpath' is clicked on

2022-06-23 18:25:20 - [MESSAGE][PASSED] - Delayed 5 second(s)

2022-06-23 18:25:20 - [TEST_STEP][PASSED] - click(findTestObject("1. Constant/xpath", ["xpath":"//*[@id="source_" + refID + ""]/td[13]/a[3]"])): Object: 'Object Repository/1. Constant/xpath' is clicked on

2022-06-23 18:25:25 - [MESSAGE][PASSED] - Object: 'Object Repository/1. Constant/xpath' is clicked on

2022-06-23 18:25:25 - [TEST_STEP][PASSED] - delay(1): Delayed 1 second(s)

2022-06-23 18:25:26 - [MESSAGE][PASSED] - Delayed 1 second(s)

2022-06-23 18:25:26 - [TEST_STEP][PASSED] - setText(findTestObject("1. Constant/xpath", ["xpath":"//*[@id="var_143"]"]), "W2_UPDATE_TLIU_PART2"): Text 'W2_UPDATE_TLIU_PART2' is set on object 'Object Repository/1. Constant/xpath'

2022-06-23 18:25:27 - [MESSAGE][PASSED] - Text 'W2_UPDATE_TLIU_PART2' is set on object 'Object Repository/1. Constant/xpath'

2022-06-23 18:25:27 - [TEST_STEP][PASSED] - takeScreenshot(): Taking screenshot successfully

2022-06-23 18:25:27 - [MESSAGE][PASSED] - Taking screenshot successfully
[[ATTACHMENT|D:\\Projet Test Auto\\Mediabox Test Automation\\Reports\\20220623_181745\\03. Parallel Testing (Testing)\\TS -PT PART 3\\04 Tag Simulateneous\\20220623_181746\\1656001527448.png]]

2022-06-23 18:25:27 - [TEST_STEP][PASSED] - I.click_button_javascript(findTestObject("1. Constant/xpath", ["xpath":"//*[@id="ModifFiche"]/div[1]/div/button[1]"])): Execute JavaScript 'arguments[0].click()' successfully

2022-06-23 18:25:32 - [MESSAGE][PASSED] - Execute JavaScript 'arguments[0].click()' successfully

2022-06-23 18:25:32 - [TEST_STEP][PASSED] - delay(1): Delayed 1 second(s)

2022-06-23 18:25:33 - [MESSAGE][PASSED] - Delayed 1 second(s)

2022-06-23 18:25:33 - [TEST_STEP][PASSED] - verifyTextPresent("References List", false): Text 'References List' is present on page 

2022-06-23 18:25:34 - [MESSAGE][PASSED] - Text 'References List' is present on page 

2022-06-23 18:25:34 - [TEST_STEP][PASSED] - takeScreenshot(): Taking screenshot successfully

2022-06-23 18:25:34 - [MESSAGE][PASSED] - Taking screenshot successfully
[[ATTACHMENT|D:\\Projet Test Auto\\Mediabox Test Automation\\Reports\\20220623_181745\\03. Parallel Testing (Testing)\\TS -PT PART 3\\04 Tag Simulateneous\\20220623_181746\\1656001534317.png]]

2022-06-23 18:25:34 - [TEST_STEP][PASSED] - changeWebDriver(driver1): null

2022-06-23 18:25:34 - [TEST_STEP][PASSED] - takeScreenshot(): Taking screenshot successfully

2022-06-23 18:25:35 - [MESSAGE][PASSED] - Taking screenshot successfully
[[ATTACHMENT|D:\\Projet Test Auto\\Mediabox Test Automation\\Reports\\20220623_181745\\03. Parallel Testing (Testing)\\TS -PT PART 3\\04 Tag Simulateneous\\20220623_181746\\1656001534956.png]]

2022-06-23 18:25:35 - [TEST_STEP][PASSED] - I.click_button_javascript(findTestObject("1. Constant/xpath", ["xpath":"//*[@id="ModifFiche"]/div[1]/div/button[1]"])): Execute JavaScript 'arguments[0].click()' successfully

2022-06-23 18:25:36 - [MESSAGE][PASSED] - Execute JavaScript 'arguments[0].click()' successfully

2022-06-23 18:25:36 - [TEST_STEP][PASSED] - I.VerifyMatchToastrmsg("//*[@id="toast-container"]/div/div[2]", "Your changes can't be saved because another user updated values in this form in the meantime. Please reload the page to display them."): Actual text 'Your changes can't be saved because another user updated values in this form in the meantime. Please reload the page to display them.' and expected text 'Your changes can't be saved because another user updated values in this form in the meantime. Please reload the page to display them.' are matched 

2022-06-23 18:25:37 - [MESSAGE][PASSED] - Object 'Object Repository/1. Constant/xpath' is visible

2022-06-23 18:25:37 - [MESSAGE][PASSED] - Text of object 'Object Repository/1. Constant/xpath' is: 'Your changes can't be saved because another user updated values in this form in the meantime. Please reload the page to display them.'

2022-06-23 18:25:38 - [MESSAGE][PASSED] - Taking screenshot successfully
[[ATTACHMENT|D:\\Projet Test Auto\\Mediabox Test Automation\\Reports\\20220623_181745\\03. Parallel Testing (Testing)\\TS -PT PART 3\\04 Tag Simulateneous\\20220623_181746\\1656001537730.png]]

2022-06-23 18:25:38 - [MESSAGE][PASSED] - Actual text 'Your changes can't be saved because another user updated values in this form in the meantime. Please reload the page to display them.' and expected text 'Your changes can't be saved because another user updated values in this form in the meantime. Please reload the page to display them.' are matched 

2022-06-23 18:25:38 - [TEST_STEP][PASSED] - I.click_button_javascript(findTestObject("1. Constant/xpath", ["xpath":"//*[@id="ModifFiche"]/div[1]/div/a"])): Execute JavaScript 'arguments[0].click()' successfully

2022-06-23 18:25:46 - [MESSAGE][PASSED] - Execute JavaScript 'arguments[0].click()' successfully

2022-06-23 18:25:46 - [TEST_STEP][PASSED] - delay(1): Delayed 1 second(s)

2022-06-23 18:25:47 - [MESSAGE][PASSED] - Delayed 1 second(s)

2022-06-23 18:25:47 - [TEST_STEP][PASSED] - click(findTestObject("1. Constant/xpath", ["xpath":"//*[@id="source_" + refID + ""]/td[6]/a"])): Object: 'Object Repository/1. Constant/xpath' is clicked on

2022-06-23 18:25:51 - [MESSAGE][PASSED] - Object: 'Object Repository/1. Constant/xpath' is clicked on

2022-06-23 18:25:51 - [TEST_STEP][PASSED] - delay(1): Delayed 1 second(s)

2022-06-23 18:25:52 - [MESSAGE][PASSED] - Delayed 1 second(s)

2022-06-23 18:25:52 - [TEST_STEP][PASSED] - text = getText(findTestObject("1. Constant/xpath", ["xpath":"/html/body/div[1]/div[2]/div[8]/div[3]/div/div[3]/div[1]/div/div[1]/div/div[2]/div[2]/div[1]/div[2]/div[8]/div"])): Text of object 'Object Repository/1. Constant/xpath' is: 'W2_UPDATE_TLIU_PART2'

2022-06-23 18:25:52 - [MESSAGE][PASSED] - Text of object 'Object Repository/1. Constant/xpath' is: 'W2_UPDATE_TLIU_PART2'

2022-06-23 18:25:52 - [TEST_STEP][PASSED] - verifyMatch(text, "W2_UPDATE_TLIU_PART2", false): Actual text 'W2_UPDATE_TLIU_PART2' and expected text 'W2_UPDATE_TLIU_PART2' are matched 

2022-06-23 18:25:52 - [MESSAGE][PASSED] - Actual text 'W2_UPDATE_TLIU_PART2' and expected text 'W2_UPDATE_TLIU_PART2' are matched 

2022-06-23 18:25:52 - [TEST_STEP][PASSED] - closeBrowser(): Browser is closed

2022-06-23 18:25:55 - [MESSAGE][PASSED] - Browser is closed

2022-06-23 18:25:55 - [TEST_STEP][PASSED] - changeWebDriver(driver2): null

2022-06-23 18:25:56 - [TEST_STEP][PASSED] - closeBrowser(): Browser is closed

2022-06-23 18:26:02 - [MESSAGE][PASSED] - Browser is closed

2022-06-23 18:26:02 - [TEST_STEP][PASSED] - Start listener action : sampleAfterTestCase: null]]></system-out>
         <system-err><![CDATA[]]></system-err>
      </testcase>
      <testcase name="Test Cases/11. Tag Simultaneous Modification of ref (P1 - P4 consecutive)/11.3 Tag Simultaneous Modif of ref (Edit) PART 3" time="207.642" classname="Test Cases/11. Tag Simultaneous Modification of ref (P1 - P4 consecutive)/11.3 Tag Simultaneous Modif of ref (Edit) PART 3" status="PASSED">
         <system-out><![CDATA[2022-06-23 18:26:02 - [TEST_CASE][PASSED] - Test Cases/11. Tag Simultaneous Modification of ref (P1 - P4 consecutive)/11.3 Tag Simultaneous Modif of ref (Edit) PART 3: Test Cases/11. Tag Simultaneous Modification of ref (P1 - P4 consecutive)/11.3 Tag Simultaneous Modif of ref (Edit) PART 3

2022-06-23 18:26:03 - [TEST_STEP][PASSED] - data_Tag = findTestData("Data Files/Username_Password/Tag"): null

2022-06-23 18:26:03 - [TEST_STEP][PASSED] - password_jedun = data_Tag.getValue(3, 1): null

2022-06-23 18:26:03 - [TEST_STEP][PASSED] - password_tliu = data_Tag.getValue(3, 8): null

2022-06-23 18:26:03 - [TEST_STEP][PASSED] - data_urlRELAUTO = findTestData("Data Files/URL/URL_relauto"): null

2022-06-23 18:26:03 - [TEST_STEP][PASSED] - Url_Tag = data_urlRELAUTO.getValue(2, 3): null

2022-06-23 18:26:03 - [TEST_STEP][PASSED] - Project_No = I.readnotepad("D:\Upoad_File\Projet_ Login\Tag\11.01 Tag Project_No\11.01_Tag_ProjectNo.txt"): null

2022-06-23 18:26:03 - [TEST_STEP][PASSED] - refID = I.readnotepad("D:\Upoad_File\Projet_ Login\Tag\11.01 Tag Project_No\11.01_Tag_refID.txt"): null

2022-06-23 18:26:03 - [TEST_STEP][PASSED] - System.setProperty("webdriver.chrome.driver", "D:\Katalon_Studio\configuration\resources\drivers\chromedriver_win32\chromedriver.exe"): null

2022-06-23 18:26:03 - [TEST_STEP][PASSED] - driver1 = new org.openqa.selenium.chrome.ChromeDriver(): null

2022-06-23 18:26:08 - [TEST_STEP][PASSED] - changeWebDriver(driver1): null

2022-06-23 18:26:08 - [TEST_STEP][PASSED] - navigateToUrl(Url_Tag): Navigate to 'http://mdb-release.diadeis.lan/MediaboxIndependence/?MBI_datasource=RELTESTAUTO_TAG' successfully

2022-06-23 18:26:20 - [MESSAGE][PASSED] - Navigate to 'http://mdb-release.diadeis.lan/MediaboxIndependence/?MBI_datasource=RELTESTAUTO_TAG' successfully

2022-06-23 18:26:20 - [TEST_STEP][PASSED] - maximizeWindow(): Current window maximized

2022-06-23 18:26:20 - [MESSAGE][PASSED] - Current window maximized

2022-06-23 18:26:20 - [TEST_STEP][PASSED] - waitForPageLoad(30): Wait for page load successfully

2022-06-23 18:26:20 - [MESSAGE][PASSED] - Wait for page load successfully

2022-06-23 18:26:20 - [TEST_STEP][PASSED] - takeScreenshot(): Taking screenshot successfully

2022-06-23 18:26:20 - [MESSAGE][PASSED] - Taking screenshot successfully
[[ATTACHMENT|D:\\Projet Test Auto\\Mediabox Test Automation\\Reports\\20220623_181745\\03. Parallel Testing (Testing)\\TS -PT PART 3\\04 Tag Simulateneous\\20220623_181746\\1656001580368.png]]

2022-06-23 18:26:20 - [TEST_STEP][PASSED] - I.Login_password("jedun", password_jedun): Object: 'Object Repository/1. Constant/xpath' is clicked on

2022-06-23 18:26:20 - [MESSAGE][PASSED] - Text 'jedun' is set on object 'Object Repository/1. Constant/xpath'

2022-06-23 18:26:21 - [MESSAGE][PASSED] - Delayed 1 second(s)

2022-06-23 18:26:22 - [MESSAGE][PASSED] - Text 'dchi' is set on object 'Object Repository/1. Constant/xpath'

2022-06-23 18:26:23 - [MESSAGE][PASSED] - Delayed 1 second(s)

2022-06-23 18:26:28 - [MESSAGE][PASSED] - Object: 'Object Repository/1. Constant/xpath' is clicked on

2022-06-23 18:26:28 - [TEST_STEP][PASSED] - click(findTestObject("1. Constant/02_LHSMenu_Projects")): Object: 'Object Repository/1. Constant/02_LHSMenu_Projects' is clicked on

2022-06-23 18:26:34 - [MESSAGE][PASSED] - Object: 'Object Repository/1. Constant/02_LHSMenu_Projects' is clicked on

2022-06-23 18:26:34 - [TEST_STEP][PASSED] - I.SearchProjectNo_xpath(Project_No, "//*[@id="keynum_project"]", "//*[@id="form_filters"]/div[7]/button"): Delayed 5 second(s)

2022-06-23 18:26:35 - [MESSAGE][PASSED] - Delayed 1 second(s)

2022-06-23 18:26:36 - [MESSAGE][PASSED] - Text 'MI003402' is set on object 'Object Repository/1. Constant/xpath'

2022-06-23 18:26:39 - [MESSAGE][PASSED] - Delayed 3 second(s)

2022-06-23 18:26:39 - [MESSAGE][PASSED] - Scroll to object 'Object Repository/1. Constant/xpath' successfully

2022-06-23 18:26:45 - [MESSAGE][PASSED] - Object: 'Object Repository/1. Constant/xpath' is clicked on

2022-06-23 18:26:50 - [MESSAGE][PASSED] - Delayed 5 second(s)

2022-06-23 18:26:50 - [TEST_STEP][PASSED] - click(findTestObject("1. Constant/xpath", ["xpath":"//*[@id="source_" + refID + ""]/td[6]/a"])): Object: 'Object Repository/1. Constant/xpath' is clicked on

2022-06-23 18:27:04 - [MESSAGE][PASSED] - Object: 'Object Repository/1. Constant/xpath' is clicked on

2022-06-23 18:27:04 - [TEST_STEP][PASSED] - delay(1): Delayed 1 second(s)

2022-06-23 18:27:05 - [MESSAGE][PASSED] - Delayed 1 second(s)

2022-06-23 18:27:05 - [TEST_STEP][PASSED] - click(findTestObject("1. Constant/xpath", ["xpath":"//*[@id="tab_brief_phase"]/div/div[1]/div/div[1]/button"])): Object: 'Object Repository/1. Constant/xpath' is clicked on

2022-06-23 18:27:06 - [MESSAGE][PASSED] - Object: 'Object Repository/1. Constant/xpath' is clicked on

2022-06-23 18:27:06 - [TEST_STEP][PASSED] - takeScreenshot(): Taking screenshot successfully

2022-06-23 18:27:07 - [MESSAGE][PASSED] - Taking screenshot successfully
[[ATTACHMENT|D:\\Projet Test Auto\\Mediabox Test Automation\\Reports\\20220623_181745\\03. Parallel Testing (Testing)\\TS -PT PART 3\\04 Tag Simulateneous\\20220623_181746\\1656001626660.png]]

2022-06-23 18:27:07 - [TEST_STEP][PASSED] - delay(1): Delayed 1 second(s)

2022-06-23 18:27:08 - [MESSAGE][PASSED] - Delayed 1 second(s)

2022-06-23 18:27:08 - [TEST_STEP][PASSED] - click(findTestObject("1. Constant/xpath", ["xpath":"//*[@id="btn_edit_phase_brief"]"])): Object: 'Object Repository/1. Constant/xpath' is clicked on

2022-06-23 18:27:13 - [MESSAGE][PASSED] - Object: 'Object Repository/1. Constant/xpath' is clicked on

2022-06-23 18:27:13 - [TEST_STEP][PASSED] - delay(1): Delayed 1 second(s)

2022-06-23 18:27:14 - [MESSAGE][PASSED] - Delayed 1 second(s)

2022-06-23 18:27:14 - [TEST_STEP][PASSED] - setText(findTestObject("1. Constant/xpath", ["xpath":"//*[@id="var_35"]"]), "W1_EDIT_JEDUN_PART3"): Text 'W1_EDIT_JEDUN_PART3' is set on object 'Object Repository/1. Constant/xpath'

2022-06-23 18:27:16 - [MESSAGE][PASSED] - Text 'W1_EDIT_JEDUN_PART3' is set on object 'Object Repository/1. Constant/xpath'

2022-06-23 18:27:16 - [TEST_STEP][PASSED] - driver2 = new org.openqa.selenium.chrome.ChromeDriver(): null

2022-06-23 18:27:22 - [TEST_STEP][PASSED] - changeWebDriver(driver2): null

2022-06-23 18:27:22 - [TEST_STEP][PASSED] - maximizeWindow(): Current window maximized

2022-06-23 18:27:23 - [MESSAGE][PASSED] - Current window maximized

2022-06-23 18:27:23 - [TEST_STEP][PASSED] - navigateToUrl(Url_Tag): Navigate to 'http://mdb-release.diadeis.lan/MediaboxIndependence/?MBI_datasource=RELTESTAUTO_TAG' successfully

2022-06-23 18:27:48 - [MESSAGE][PASSED] - Navigate to 'http://mdb-release.diadeis.lan/MediaboxIndependence/?MBI_datasource=RELTESTAUTO_TAG' successfully

2022-06-23 18:27:48 - [TEST_STEP][PASSED] - waitForPageLoad(30): Wait for page load successfully

2022-06-23 18:27:48 - [MESSAGE][PASSED] - Wait for page load successfully

2022-06-23 18:27:48 - [TEST_STEP][PASSED] - I.Login_password("tliu", password_tliu): Object: 'Object Repository/1. Constant/xpath' is clicked on

2022-06-23 18:27:48 - [MESSAGE][PASSED] - Text 'tliu' is set on object 'Object Repository/1. Constant/xpath'

2022-06-23 18:27:49 - [MESSAGE][PASSED] - Delayed 1 second(s)

2022-06-23 18:27:50 - [MESSAGE][PASSED] - Text 'dchi' is set on object 'Object Repository/1. Constant/xpath'

2022-06-23 18:27:51 - [MESSAGE][PASSED] - Delayed 1 second(s)

2022-06-23 18:27:58 - [MESSAGE][PASSED] - Object: 'Object Repository/1. Constant/xpath' is clicked on

2022-06-23 18:27:58 - [TEST_STEP][PASSED] - takeScreenshot(): Taking screenshot successfully

2022-06-23 18:27:59 - [MESSAGE][PASSED] - Taking screenshot successfully
[[ATTACHMENT|D:\\Projet Test Auto\\Mediabox Test Automation\\Reports\\20220623_181745\\03. Parallel Testing (Testing)\\TS -PT PART 3\\04 Tag Simulateneous\\20220623_181746\\1656001678395.png]]

2022-06-23 18:27:59 - [TEST_STEP][PASSED] - click(findTestObject("1. Constant/02_LHSMenu_Projects")): Object: 'Object Repository/1. Constant/02_LHSMenu_Projects' is clicked on

2022-06-23 18:28:03 - [MESSAGE][PASSED] - Object: 'Object Repository/1. Constant/02_LHSMenu_Projects' is clicked on

2022-06-23 18:28:03 - [TEST_STEP][PASSED] - I.SearchProjectNo_xpath(Project_No, "//*[@id="keynum_project"]", "//*[@id="form_filters"]/div[4]/button"): Delayed 5 second(s)

2022-06-23 18:28:04 - [MESSAGE][PASSED] - Delayed 1 second(s)

2022-06-23 18:28:04 - [MESSAGE][PASSED] - Text 'MI003402' is set on object 'Object Repository/1. Constant/xpath'

2022-06-23 18:28:07 - [MESSAGE][PASSED] - Delayed 3 second(s)

2022-06-23 18:28:08 - [MESSAGE][PASSED] - Scroll to object 'Object Repository/1. Constant/xpath' successfully

2022-06-23 18:28:12 - [MESSAGE][PASSED] - Object: 'Object Repository/1. Constant/xpath' is clicked on

2022-06-23 18:28:17 - [MESSAGE][PASSED] - Delayed 5 second(s)

2022-06-23 18:28:17 - [TEST_STEP][PASSED] - takeScreenshot(): Taking screenshot successfully

2022-06-23 18:28:18 - [MESSAGE][PASSED] - Taking screenshot successfully
[[ATTACHMENT|D:\\Projet Test Auto\\Mediabox Test Automation\\Reports\\20220623_181745\\03. Parallel Testing (Testing)\\TS -PT PART 3\\04 Tag Simulateneous\\20220623_181746\\1656001698099.png]]

2022-06-23 18:28:18 - [TEST_STEP][PASSED] - click(findTestObject("1. Constant/xpath", ["xpath":"//*[@id="source_" + refID + ""]/td[6]/a"])): Object: 'Object Repository/1. Constant/xpath' is clicked on

2022-06-23 18:28:30 - [MESSAGE][PASSED] - Object: 'Object Repository/1. Constant/xpath' is clicked on

2022-06-23 18:28:30 - [TEST_STEP][PASSED] - click(findTestObject("1. Constant/xpath", ["xpath":"//*[@id="tab_brief_phase"]/div/div[1]/div/div[1]/button"])): Object: 'Object Repository/1. Constant/xpath' is clicked on

2022-06-23 18:28:32 - [MESSAGE][PASSED] - Object: 'Object Repository/1. Constant/xpath' is clicked on

2022-06-23 18:28:32 - [TEST_STEP][PASSED] - delay(1): Delayed 1 second(s)

2022-06-23 18:28:33 - [MESSAGE][PASSED] - Delayed 1 second(s)

2022-06-23 18:28:33 - [TEST_STEP][PASSED] - click(findTestObject("1. Constant/xpath", ["xpath":"//*[@id="btn_edit_phase_brief"]"])): Object: 'Object Repository/1. Constant/xpath' is clicked on

2022-06-23 18:28:37 - [MESSAGE][PASSED] - Object: 'Object Repository/1. Constant/xpath' is clicked on

2022-06-23 18:28:37 - [TEST_STEP][PASSED] - delay(1): Delayed 1 second(s)

2022-06-23 18:28:38 - [MESSAGE][PASSED] - Delayed 1 second(s)

2022-06-23 18:28:38 - [TEST_STEP][PASSED] - setText(findTestObject("1. Constant/xpath", ["xpath":"//*[@id="var_35"]"]), "W2_EDIT_TLIUM_PART3"): Text 'W2_EDIT_TLIUM_PART3' is set on object 'Object Repository/1. Constant/xpath'

2022-06-23 18:28:39 - [MESSAGE][PASSED] - Text 'W2_EDIT_TLIUM_PART3' is set on object 'Object Repository/1. Constant/xpath'

2022-06-23 18:28:39 - [TEST_STEP][PASSED] - takeScreenshot(): Taking screenshot successfully

2022-06-23 18:28:40 - [MESSAGE][PASSED] - Taking screenshot successfully
[[ATTACHMENT|D:\\Projet Test Auto\\Mediabox Test Automation\\Reports\\20220623_181745\\03. Parallel Testing (Testing)\\TS -PT PART 3\\04 Tag Simulateneous\\20220623_181746\\1656001719720.png]]

2022-06-23 18:28:40 - [TEST_STEP][PASSED] - I.click_button_javascript(findTestObject("1. Constant/xpath", ["xpath":"//*[@id="type_save"]"])): Execute JavaScript 'arguments[0].click()' successfully

2022-06-23 18:28:44 - [MESSAGE][PASSED] - Execute JavaScript 'arguments[0].click()' successfully

2022-06-23 18:28:44 - [TEST_STEP][PASSED] - delay(1): Delayed 1 second(s)

2022-06-23 18:28:45 - [MESSAGE][PASSED] - Delayed 1 second(s)

2022-06-23 18:28:45 - [TEST_STEP][PASSED] - verifyTextPresent("References List", false): Text 'References List' is present on page 

2022-06-23 18:28:47 - [MESSAGE][PASSED] - Text 'References List' is present on page 

2022-06-23 18:28:47 - [TEST_STEP][PASSED] - takeScreenshot(): Taking screenshot successfully

2022-06-23 18:28:47 - [MESSAGE][PASSED] - Taking screenshot successfully
[[ATTACHMENT|D:\\Projet Test Auto\\Mediabox Test Automation\\Reports\\20220623_181745\\03. Parallel Testing (Testing)\\TS -PT PART 3\\04 Tag Simulateneous\\20220623_181746\\1656001727495.png]]

2022-06-23 18:28:47 - [TEST_STEP][PASSED] - changeWebDriver(driver1): null

2022-06-23 18:28:48 - [TEST_STEP][PASSED] - takeScreenshot(): Taking screenshot successfully

2022-06-23 18:28:49 - [MESSAGE][PASSED] - Taking screenshot successfully
[[ATTACHMENT|D:\\Projet Test Auto\\Mediabox Test Automation\\Reports\\20220623_181745\\03. Parallel Testing (Testing)\\TS -PT PART 3\\04 Tag Simulateneous\\20220623_181746\\1656001728205.png]]

2022-06-23 18:28:49 - [TEST_STEP][PASSED] - I.click_button_javascript(findTestObject("1. Constant/xpath", ["xpath":"//*[@id="type_save"]"])): Execute JavaScript 'arguments[0].click()' successfully

2022-06-23 18:28:52 - [MESSAGE][PASSED] - Execute JavaScript 'arguments[0].click()' successfully

2022-06-23 18:28:52 - [TEST_STEP][PASSED] - I.VerifyMatchToastrmsg("//*[@id="toast-container"]/div/div[2]", "Your changes can't be saved because another user updated values in this form in the meantime. Please reload the page to display them."): Actual text 'Your changes can't be saved because another user updated values in this form in the meantime. Please reload the page to display them.' and expected text 'Your changes can't be saved because another user updated values in this form in the meantime. Please reload the page to display them.' are matched 

2022-06-23 18:28:53 - [MESSAGE][PASSED] - Object 'Object Repository/1. Constant/xpath' is visible

2022-06-23 18:28:54 - [MESSAGE][PASSED] - Text of object 'Object Repository/1. Constant/xpath' is: 'Your changes can't be saved because another user updated values in this form in the meantime. Please reload the page to display them.'

2022-06-23 18:28:54 - [MESSAGE][PASSED] - Taking screenshot successfully
[[ATTACHMENT|D:\\Projet Test Auto\\Mediabox Test Automation\\Reports\\20220623_181745\\03. Parallel Testing (Testing)\\TS -PT PART 3\\04 Tag Simulateneous\\20220623_181746\\1656001734329.png]]

2022-06-23 18:28:54 - [MESSAGE][PASSED] - Actual text 'Your changes can't be saved because another user updated values in this form in the meantime. Please reload the page to display them.' and expected text 'Your changes can't be saved because another user updated values in this form in the meantime. Please reload the page to display them.' are matched 

2022-06-23 18:28:54 - [TEST_STEP][PASSED] - I.click_button_javascript(findTestObject("1. Constant/xpath", ["xpath":"//*[@id="ModifFiche"]/div[1]/div/a"])): Execute JavaScript 'arguments[0].click()' successfully

2022-06-23 18:28:59 - [MESSAGE][PASSED] - Execute JavaScript 'arguments[0].click()' successfully

2022-06-23 18:28:59 - [TEST_STEP][PASSED] - delay(1): Delayed 1 second(s)

2022-06-23 18:29:00 - [MESSAGE][PASSED] - Delayed 1 second(s)

2022-06-23 18:29:00 - [TEST_STEP][PASSED] - click(findTestObject("1. Constant/xpath", ["xpath":"//*[@id="source_" + refID + ""]/td[6]/a"])): Object: 'Object Repository/1. Constant/xpath' is clicked on

2022-06-23 18:29:04 - [MESSAGE][PASSED] - Object: 'Object Repository/1. Constant/xpath' is clicked on

2022-06-23 18:29:04 - [TEST_STEP][PASSED] - delay(1): Delayed 1 second(s)

2022-06-23 18:29:05 - [MESSAGE][PASSED] - Delayed 1 second(s)

2022-06-23 18:29:05 - [TEST_STEP][PASSED] - I.VerifyMatchText("/html/body/div[1]/div[2]/div[8]/div[3]/div/div[3]/div[1]/div/div[1]/div/div[2]/div[2]/div[2]/div[2]/div[2]/div", "W2_EDIT_TLIUM_PART3"): Actual text 'W2_EDIT_TLIUM_PART3' and expected text 'W2_EDIT_TLIUM_PART3' are matched 

2022-06-23 18:29:07 - [MESSAGE][PASSED] - Text of object 'Object Repository/1. Constant/xpath' is: 'W2_EDIT_TLIUM_PART3'

2022-06-23 18:29:08 - [MESSAGE][PASSED] - Delayed 1 second(s)

2022-06-23 18:29:08 - [MESSAGE][PASSED] - Actual text 'W2_EDIT_TLIUM_PART3' and expected text 'W2_EDIT_TLIUM_PART3' are matched 

2022-06-23 18:29:08 - [TEST_STEP][PASSED] - closeBrowser(): Browser is closed

2022-06-23 18:29:26 - [MESSAGE][PASSED] - Browser is closed

2022-06-23 18:29:26 - [TEST_STEP][PASSED] - changeWebDriver(driver2): null

2022-06-23 18:29:26 - [TEST_STEP][PASSED] - closeBrowser(): Browser is closed

2022-06-23 18:29:30 - [MESSAGE][PASSED] - Browser is closed

2022-06-23 18:29:30 - [TEST_STEP][PASSED] - Start listener action : sampleAfterTestCase: null]]></system-out>
         <system-err><![CDATA[]]></system-err>
      </testcase>
      <testcase name="Test Cases/11. Tag Simultaneous Modification of ref (P1 - P4 consecutive)/11.4 Simultaneous Modif of Ref (Submit) PART 4" time="90.287" classname="Test Cases/11. Tag Simultaneous Modification of ref (P1 - P4 consecutive)/11.4 Simultaneous Modif of Ref (Submit) PART 4" status="FAILED">
         <failure type="FAILED" message="Test Cases/11. Tag Simultaneous Modification of ref (P1 - P4 consecutive)/11.4 Simultaneous Modif of Ref (Submit) PART 4 FAILED.
Reason:
com.kms.katalon.core.exception.StepFailedException: Unable to navigate to 'http://mdb-release.diadeis.lan/MediaboxIndependence/?MBI_datasource=RELTESTAUTO_TAG'
	at com.kms.katalon.core.webui.keyword.internal.WebUIKeywordMain.stepFailed(WebUIKeywordMain.groovy:64)
	at com.kms.katalon.core.webui.keyword.internal.WebUIKeywordMain.runKeyword(WebUIKeywordMain.groovy:26)
	at com.kms.katalon.core.webui.keyword.builtin.NavigateToUrlKeyword.navigateToUrl(NavigateToUrlKeyword.groovy:83)
	at com.kms.katalon.core.webui.keyword.builtin.NavigateToUrlKeyword.execute(NavigateToUrlKeyword.groovy:67)
	at com.kms.katalon.core.keyword.internal.KeywordExecutor.executeKeywordForPlatform(KeywordExecutor.groovy:74)
	at com.kms.katalon.core.webui.keyword.WebUiBuiltInKeywords.navigateToUrl(WebUiBuiltInKeywords.groovy:187)
	at com.kms.katalon.core.webui.keyword.WebUiBuiltInKeywords$navigateToUrl.call(Unknown Source)
	at 11.4 Simultaneous Modif of Ref (Submit) PART 4.run(11.4 Simultaneous Modif of Ref (Submit) PART 4:57)
	at com.kms.katalon.core.main.ScriptEngine.run(ScriptEngine.java:194)
	at com.kms.katalon.core.main.ScriptEngine.runScriptAsRawText(ScriptEngine.java:119)
	at com.kms.katalon.core.main.TestCaseExecutor.runScript(TestCaseExecutor.java:445)
	at com.kms.katalon.core.main.TestCaseExecutor.doExecute(TestCaseExecutor.java:436)
	at com.kms.katalon.core.main.TestCaseExecutor.processExecutionPhase(TestCaseExecutor.java:415)
	at com.kms.katalon.core.main.TestCaseExecutor.accessMainPhase(TestCaseExecutor.java:407)
	at com.kms.katalon.core.main.TestCaseExecutor.execute(TestCaseExecutor.java:284)
	at com.kms.katalon.core.common.CommonExecutor.accessTestCaseMainPhase(CommonExecutor.java:65)
	at com.kms.katalon.core.main.TestSuiteExecutor.accessTestSuiteMainPhase(TestSuiteExecutor.java:144)
	at com.kms.katalon.core.main.TestSuiteExecutor.execute(TestSuiteExecutor.java:106)
	at com.kms.katalon.core.main.TestCaseMain.startTestSuite(TestCaseMain.java:185)
	at com.kms.katalon.core.main.TestCaseMain$startTestSuite$0.call(Unknown Source)
	at TempTestSuite1656001066742.run(TempTestSuite1656001066742.groovy:36)
Caused by: org.openqa.selenium.WebDriverException: unknown error: cannot determine loading status
from target frame detached
  (Session info: chrome=102.0.5005.115)
Build info: version: '3.141.59', revision: 'e82be7d358', time: '2018-11-14T08:25:53'
System info: host: 'DPF-MBI-VERIF', ip: '10.15.10.53', os.name: 'Windows 10', os.arch: 'amd64', os.version: '10.0', java.version: '1.8.0_181'
Driver info: org.openqa.selenium.chrome.ChromeDriver
Capabilities {acceptInsecureCerts: false, browserName: chrome, browserVersion: 102.0.5005.115, chrome: {chromedriverVersion: 101.0.4951.41 (93c720db8323..., userDataDir: C:\Users\lamhe\AppData\Loca...}, goog:chromeOptions: {debuggerAddress: localhost:54593}, javascriptEnabled: true, networkConnectionEnabled: false, pageLoadStrategy: normal, platform: WINDOWS, platformName: WINDOWS, proxy: Proxy(), setWindowRect: true, strictFileInteractability: false, timeouts: {implicit: 0, pageLoad: 300000, script: 30000}, unhandledPromptBehavior: dismiss and notify, webauthn:extension:credBlob: true, webauthn:extension:largeBlob: true, webauthn:virtualAuthenticators: true}
Session ID: 4f73751620fe532151921e8a36cc79ae
	at org.openqa.selenium.remote.http.W3CHttpResponseCodec.createException(W3CHttpResponseCodec.java:187)
	at org.openqa.selenium.remote.http.W3CHttpResponseCodec.decode(W3CHttpResponseCodec.java:122)
	at org.openqa.selenium.remote.http.W3CHttpResponseCodec.decode(W3CHttpResponseCodec.java:49)
	at org.openqa.selenium.remote.HttpCommandExecutor.execute(HttpCommandExecutor.java:158)
	at org.openqa.selenium.remote.service.DriverCommandExecutor.execute(DriverCommandExecutor.java:83)
	at org.openqa.selenium.remote.RemoteWebDriver.execute(RemoteWebDriver.java:552)
	at org.openqa.selenium.remote.RemoteWebDriver.get(RemoteWebDriver.java:277)
	at org.openqa.selenium.remote.RemoteWebDriver$RemoteNavigation.to(RemoteWebDriver.java:857)
	at org.openqa.selenium.support.events.EventFiringWebDriver$EventFiringNavigation.to(EventFiringWebDriver.java:569)
	at com.kms.katalon.core.webui.keyword.builtin.NavigateToUrlKeyword$_navigateToUrl_closure1.doCall(NavigateToUrlKeyword.groovy:81)
	at com.kms.katalon.core.webui.keyword.builtin.NavigateToUrlKeyword$_navigateToUrl_closure1.call(NavigateToUrlKeyword.groovy)
	at com.kms.katalon.core.webui.keyword.internal.WebUIKeywordMain.runKeyword(WebUIKeywordMain.groovy:20)
	... 19 more
"/>
         <system-out><![CDATA[2022-06-23 18:29:30 - [TEST_CASE][FAILED] - Test Cases/11. Tag Simultaneous Modification of ref (P1 - P4 consecutive)/11.4 Simultaneous Modif of Ref (Submit) PART 4: Test Cases/11. Tag Simultaneous Modification of ref (P1 - P4 consecutive)/11.4 Simultaneous Modif of Ref (Submit) PART 4 FAILED.
Reason:
com.kms.katalon.core.exception.StepFailedException: Unable to navigate to 'http://mdb-release.diadeis.lan/MediaboxIndependence/?MBI_datasource=RELTESTAUTO_TAG'
	at com.kms.katalon.core.webui.keyword.internal.WebUIKeywordMain.stepFailed(WebUIKeywordMain.groovy:64)
	at com.kms.katalon.core.webui.keyword.internal.WebUIKeywordMain.runKeyword(WebUIKeywordMain.groovy:26)
	at com.kms.katalon.core.webui.keyword.builtin.NavigateToUrlKeyword.navigateToUrl(NavigateToUrlKeyword.groovy:83)
	at com.kms.katalon.core.webui.keyword.builtin.NavigateToUrlKeyword.execute(NavigateToUrlKeyword.groovy:67)
	at com.kms.katalon.core.keyword.internal.KeywordExecutor.executeKeywordForPlatform(KeywordExecutor.groovy:74)
	at com.kms.katalon.core.webui.keyword.WebUiBuiltInKeywords.navigateToUrl(WebUiBuiltInKeywords.groovy:187)
	at com.kms.katalon.core.webui.keyword.WebUiBuiltInKeywords$navigateToUrl.call(Unknown Source)
	at 11.4 Simultaneous Modif of Ref (Submit) PART 4.run(11.4 Simultaneous Modif of Ref (Submit) PART 4:57)
	at com.kms.katalon.core.main.ScriptEngine.run(ScriptEngine.java:194)
	at com.kms.katalon.core.main.ScriptEngine.runScriptAsRawText(ScriptEngine.java:119)
	at com.kms.katalon.core.main.TestCaseExecutor.runScript(TestCaseExecutor.java:445)
	at com.kms.katalon.core.main.TestCaseExecutor.doExecute(TestCaseExecutor.java:436)
	at com.kms.katalon.core.main.TestCaseExecutor.processExecutionPhase(TestCaseExecutor.java:415)
	at com.kms.katalon.core.main.TestCaseExecutor.accessMainPhase(TestCaseExecutor.java:407)
	at com.kms.katalon.core.main.TestCaseExecutor.execute(TestCaseExecutor.java:284)
	at com.kms.katalon.core.common.CommonExecutor.accessTestCaseMainPhase(CommonExecutor.java:65)
	at com.kms.katalon.core.main.TestSuiteExecutor.accessTestSuiteMainPhase(TestSuiteExecutor.java:144)
	at com.kms.katalon.core.main.TestSuiteExecutor.execute(TestSuiteExecutor.java:106)
	at com.kms.katalon.core.main.TestCaseMain.startTestSuite(TestCaseMain.java:185)
	at com.kms.katalon.core.main.TestCaseMain$startTestSuite$0.call(Unknown Source)
	at TempTestSuite1656001066742.run(TempTestSuite1656001066742.groovy:36)
Caused by: org.openqa.selenium.WebDriverException: unknown error: cannot determine loading status
from target frame detached
  (Session info: chrome=102.0.5005.115)
Build info: version: '3.141.59', revision: 'e82be7d358', time: '2018-11-14T08:25:53'
System info: host: 'DPF-MBI-VERIF', ip: '10.15.10.53', os.name: 'Windows 10', os.arch: 'amd64', os.version: '10.0', java.version: '1.8.0_181'
Driver info: org.openqa.selenium.chrome.ChromeDriver
Capabilities {acceptInsecureCerts: false, browserName: chrome, browserVersion: 102.0.5005.115, chrome: {chromedriverVersion: 101.0.4951.41 (93c720db8323..., userDataDir: C:\Users\lamhe\AppData\Loca...}, goog:chromeOptions: {debuggerAddress: localhost:54593}, javascriptEnabled: true, networkConnectionEnabled: false, pageLoadStrategy: normal, platform: WINDOWS, platformName: WINDOWS, proxy: Proxy(), setWindowRect: true, strictFileInteractability: false, timeouts: {implicit: 0, pageLoad: 300000, script: 30000}, unhandledPromptBehavior: dismiss and notify, webauthn:extension:credBlob: true, webauthn:extension:largeBlob: true, webauthn:virtualAuthenticators: true}
Session ID: 4f73751620fe532151921e8a36cc79ae
	at org.openqa.selenium.remote.http.W3CHttpResponseCodec.createException(W3CHttpResponseCodec.java:187)
	at org.openqa.selenium.remote.http.W3CHttpResponseCodec.decode(W3CHttpResponseCodec.java:122)
	at org.openqa.selenium.remote.http.W3CHttpResponseCodec.decode(W3CHttpResponseCodec.java:49)
	at org.openqa.selenium.remote.HttpCommandExecutor.execute(HttpCommandExecutor.java:158)
	at org.openqa.selenium.remote.service.DriverCommandExecutor.execute(DriverCommandExecutor.java:83)
	at org.openqa.selenium.remote.RemoteWebDriver.execute(RemoteWebDriver.java:552)
	at org.openqa.selenium.remote.RemoteWebDriver.get(RemoteWebDriver.java:277)
	at org.openqa.selenium.remote.RemoteWebDriver$RemoteNavigation.to(RemoteWebDriver.java:857)
	at org.openqa.selenium.support.events.EventFiringWebDriver$EventFiringNavigation.to(EventFiringWebDriver.java:569)
	at com.kms.katalon.core.webui.keyword.builtin.NavigateToUrlKeyword$_navigateToUrl_closure1.doCall(NavigateToUrlKeyword.groovy:81)
	at com.kms.katalon.core.webui.keyword.builtin.NavigateToUrlKeyword$_navigateToUrl_closure1.call(NavigateToUrlKeyword.groovy)
	at com.kms.katalon.core.webui.keyword.internal.WebUIKeywordMain.runKeyword(WebUIKeywordMain.groovy:20)
	... 19 more


2022-06-23 18:29:31 - [TEST_STEP][PASSED] - data_Tag = findTestData("Data Files/Username_Password/Tag"): null

2022-06-23 18:29:31 - [TEST_STEP][PASSED] - password_jedun = data_Tag.getValue(3, 1): null

2022-06-23 18:29:31 - [TEST_STEP][PASSED] - password_tliu = data_Tag.getValue(3, 8): null

2022-06-23 18:29:31 - [TEST_STEP][PASSED] - data_urlRELAUTO = findTestData("Data Files/URL/URL_relauto"): null

2022-06-23 18:29:31 - [TEST_STEP][PASSED] - Url_Tag = data_urlRELAUTO.getValue(2, 3): null

2022-06-23 18:29:31 - [TEST_STEP][PASSED] - Project_No = I.readnotepad("D:\Upoad_File\Projet_ Login\Tag\11.01 Tag Project_No\11.01_Tag_ProjectNo.txt"): null

2022-06-23 18:29:31 - [TEST_STEP][PASSED] - refID = I.readnotepad("D:\Upoad_File\Projet_ Login\Tag\11.01 Tag Project_No\11.01_Tag_refID.txt"): null

2022-06-23 18:29:31 - [TEST_STEP][PASSED] - System.setProperty("webdriver.chrome.driver", "D:\Katalon_Studio\configuration\resources\drivers\chromedriver_win32\chromedriver.exe"): null

2022-06-23 18:29:31 - [TEST_STEP][PASSED] - driver1 = new org.openqa.selenium.chrome.ChromeDriver(): null

2022-06-23 18:29:43 - [TEST_STEP][PASSED] - changeWebDriver(driver1): null

2022-06-23 18:29:43 - [TEST_STEP][FAILED] - navigateToUrl(Url_Tag): Unable to navigate to 'http://mdb-release.diadeis.lan/MediaboxIndependence/?MBI_datasource=RELTESTAUTO_TAG' (Root cause: com.kms.katalon.core.exception.StepFailedException: Unable to navigate to 'http://mdb-release.diadeis.lan/MediaboxIndependence/?MBI_datasource=RELTESTAUTO_TAG'
	at com.kms.katalon.core.webui.keyword.internal.WebUIKeywordMain.stepFailed(WebUIKeywordMain.groovy:64)
	at com.kms.katalon.core.webui.keyword.internal.WebUIKeywordMain.runKeyword(WebUIKeywordMain.groovy:26)
	at com.kms.katalon.core.webui.keyword.builtin.NavigateToUrlKeyword.navigateToUrl(NavigateToUrlKeyword.groovy:83)
	at com.kms.katalon.core.webui.keyword.builtin.NavigateToUrlKeyword.execute(NavigateToUrlKeyword.groovy:67)
	at com.kms.katalon.core.keyword.internal.KeywordExecutor.executeKeywordForPlatform(KeywordExecutor.groovy:74)
	at com.kms.katalon.core.webui.keyword.WebUiBuiltInKeywords.navigateToUrl(WebUiBuiltInKeywords.groovy:187)
	at com.kms.katalon.core.webui.keyword.WebUiBuiltInKeywords$navigateToUrl.call(Unknown Source)
	at 11.4 Simultaneous Modif of Ref (Submit) PART 4.run(11.4 Simultaneous Modif of Ref (Submit) PART 4:57)
	at com.kms.katalon.core.main.ScriptEngine.run(ScriptEngine.java:194)
	at com.kms.katalon.core.main.ScriptEngine.runScriptAsRawText(ScriptEngine.java:119)
	at com.kms.katalon.core.main.TestCaseExecutor.runScript(TestCaseExecutor.java:445)
	at com.kms.katalon.core.main.TestCaseExecutor.doExecute(TestCaseExecutor.java:436)
	at com.kms.katalon.core.main.TestCaseExecutor.processExecutionPhase(TestCaseExecutor.java:415)
	at com.kms.katalon.core.main.TestCaseExecutor.accessMainPhase(TestCaseExecutor.java:407)
	at com.kms.katalon.core.main.TestCaseExecutor.execute(TestCaseExecutor.java:284)
	at com.kms.katalon.core.common.CommonExecutor.accessTestCaseMainPhase(CommonExecutor.java:65)
	at com.kms.katalon.core.main.TestSuiteExecutor.accessTestSuiteMainPhase(TestSuiteExecutor.java:144)
	at com.kms.katalon.core.main.TestSuiteExecutor.execute(TestSuiteExecutor.java:106)
	at com.kms.katalon.core.main.TestCaseMain.startTestSuite(TestCaseMain.java:185)
	at com.kms.katalon.core.main.TestCaseMain$startTestSuite$0.call(Unknown Source)
	at TempTestSuite1656001066742.run(TempTestSuite1656001066742.groovy:36)
Caused by: org.openqa.selenium.WebDriverException: unknown error: cannot determine loading status
from target frame detached
  (Session info: chrome=102.0.5005.115)
Build info: version: '3.141.59', revision: 'e82be7d358', time: '2018-11-14T08:25:53'
System info: host: 'DPF-MBI-VERIF', ip: '10.15.10.53', os.name: 'Windows 10', os.arch: 'amd64', os.version: '10.0', java.version: '1.8.0_181'
Driver info: org.openqa.selenium.chrome.ChromeDriver
Capabilities {acceptInsecureCerts: false, browserName: chrome, browserVersion: 102.0.5005.115, chrome: {chromedriverVersion: 101.0.4951.41 (93c720db8323..., userDataDir: C:\Users\lamhe\AppData\Loca...}, goog:chromeOptions: {debuggerAddress: localhost:54593}, javascriptEnabled: true, networkConnectionEnabled: false, pageLoadStrategy: normal, platform: WINDOWS, platformName: WINDOWS, proxy: Proxy(), setWindowRect: true, strictFileInteractability: false, timeouts: {implicit: 0, pageLoad: 300000, script: 30000}, unhandledPromptBehavior: dismiss and notify, webauthn:extension:credBlob: true, webauthn:extension:largeBlob: true, webauthn:virtualAuthenticators: true}
Session ID: 4f73751620fe532151921e8a36cc79ae
	at org.openqa.selenium.remote.http.W3CHttpResponseCodec.createException(W3CHttpResponseCodec.java:187)
	at org.openqa.selenium.remote.http.W3CHttpResponseCodec.decode(W3CHttpResponseCodec.java:122)
	at org.openqa.selenium.remote.http.W3CHttpResponseCodec.decode(W3CHttpResponseCodec.java:49)
	at org.openqa.selenium.remote.HttpCommandExecutor.execute(HttpCommandExecutor.java:158)
	at org.openqa.selenium.remote.service.DriverCommandExecutor.execute(DriverCommandExecutor.java:83)
	at org.openqa.selenium.remote.RemoteWebDriver.execute(RemoteWebDriver.java:552)
	at org.openqa.selenium.remote.RemoteWebDriver.get(RemoteWebDriver.java:277)
	at org.openqa.selenium.remote.RemoteWebDriver$RemoteNavigation.to(RemoteWebDriver.java:857)
	at org.openqa.selenium.support.events.EventFiringWebDriver$EventFiringNavigation.to(EventFiringWebDriver.java:569)
	at com.kms.katalon.core.webui.keyword.builtin.NavigateToUrlKeyword$_navigateToUrl_closure1.doCall(NavigateToUrlKeyword.groovy:81)
	at com.kms.katalon.core.webui.keyword.builtin.NavigateToUrlKeyword$_navigateToUrl_closure1.call(NavigateToUrlKeyword.groovy)
	at com.kms.katalon.core.webui.keyword.internal.WebUIKeywordMain.runKeyword(WebUIKeywordMain.groovy:20)
	at com.kms.katalon.core.webui.keyword.builtin.NavigateToUrlKeyword.navigateToUrl(NavigateToUrlKeyword.groovy:83)
	at com.kms.katalon.core.webui.keyword.builtin.NavigateToUrlKeyword.execute(NavigateToUrlKeyword.groovy:67)
	at com.kms.katalon.core.keyword.internal.KeywordExecutor.executeKeywordForPlatform(KeywordExecutor.groovy:74)
	at com.kms.katalon.core.webui.keyword.WebUiBuiltInKeywords.navigateToUrl(WebUiBuiltInKeywords.groovy:187)
	at com.kms.katalon.core.webui.keyword.WebUiBuiltInKeywords$navigateToUrl.call(Unknown Source)
	at Script1638871773273.run(Script1638871773273.groovy:57)
	... 13 more
)

2022-06-23 18:31:00 - [MESSAGE][FAILED] - Unable to navigate to 'http://mdb-release.diadeis.lan/MediaboxIndependence/?MBI_datasource=RELTESTAUTO_TAG' (Root cause: com.kms.katalon.core.exception.StepFailedException: Unable to navigate to 'http://mdb-release.diadeis.lan/MediaboxIndependence/?MBI_datasource=RELTESTAUTO_TAG'
	at com.kms.katalon.core.webui.keyword.internal.WebUIKeywordMain.stepFailed(WebUIKeywordMain.groovy:64)
	at com.kms.katalon.core.webui.keyword.internal.WebUIKeywordMain.runKeyword(WebUIKeywordMain.groovy:26)
	at com.kms.katalon.core.webui.keyword.builtin.NavigateToUrlKeyword.navigateToUrl(NavigateToUrlKeyword.groovy:83)
	at com.kms.katalon.core.webui.keyword.builtin.NavigateToUrlKeyword.execute(NavigateToUrlKeyword.groovy:67)
	at com.kms.katalon.core.keyword.internal.KeywordExecutor.executeKeywordForPlatform(KeywordExecutor.groovy:74)
	at com.kms.katalon.core.webui.keyword.WebUiBuiltInKeywords.navigateToUrl(WebUiBuiltInKeywords.groovy:187)
	at com.kms.katalon.core.webui.keyword.WebUiBuiltInKeywords$navigateToUrl.call(Unknown Source)
	at 11.4 Simultaneous Modif of Ref (Submit) PART 4.run(11.4 Simultaneous Modif of Ref (Submit) PART 4:57)
	at com.kms.katalon.core.main.ScriptEngine.run(ScriptEngine.java:194)
	at com.kms.katalon.core.main.ScriptEngine.runScriptAsRawText(ScriptEngine.java:119)
	at com.kms.katalon.core.main.TestCaseExecutor.runScript(TestCaseExecutor.java:445)
	at com.kms.katalon.core.main.TestCaseExecutor.doExecute(TestCaseExecutor.java:436)
	at com.kms.katalon.core.main.TestCaseExecutor.processExecutionPhase(TestCaseExecutor.java:415)
	at com.kms.katalon.core.main.TestCaseExecutor.accessMainPhase(TestCaseExecutor.java:407)
	at com.kms.katalon.core.main.TestCaseExecutor.execute(TestCaseExecutor.java:284)
	at com.kms.katalon.core.common.CommonExecutor.accessTestCaseMainPhase(CommonExecutor.java:65)
	at com.kms.katalon.core.main.TestSuiteExecutor.accessTestSuiteMainPhase(TestSuiteExecutor.java:144)
	at com.kms.katalon.core.main.TestSuiteExecutor.execute(TestSuiteExecutor.java:106)
	at com.kms.katalon.core.main.TestCaseMain.startTestSuite(TestCaseMain.java:185)
	at com.kms.katalon.core.main.TestCaseMain$startTestSuite$0.call(Unknown Source)
	at TempTestSuite1656001066742.run(TempTestSuite1656001066742.groovy:36)
Caused by: org.openqa.selenium.WebDriverException: unknown error: cannot determine loading status
from target frame detached
  (Session info: chrome=102.0.5005.115)
Build info: version: '3.141.59', revision: 'e82be7d358', time: '2018-11-14T08:25:53'
System info: host: 'DPF-MBI-VERIF', ip: '10.15.10.53', os.name: 'Windows 10', os.arch: 'amd64', os.version: '10.0', java.version: '1.8.0_181'
Driver info: org.openqa.selenium.chrome.ChromeDriver
Capabilities {acceptInsecureCerts: false, browserName: chrome, browserVersion: 102.0.5005.115, chrome: {chromedriverVersion: 101.0.4951.41 (93c720db8323..., userDataDir: C:\Users\lamhe\AppData\Loca...}, goog:chromeOptions: {debuggerAddress: localhost:54593}, javascriptEnabled: true, networkConnectionEnabled: false, pageLoadStrategy: normal, platform: WINDOWS, platformName: WINDOWS, proxy: Proxy(), setWindowRect: true, strictFileInteractability: false, timeouts: {implicit: 0, pageLoad: 300000, script: 30000}, unhandledPromptBehavior: dismiss and notify, webauthn:extension:credBlob: true, webauthn:extension:largeBlob: true, webauthn:virtualAuthenticators: true}
Session ID: 4f73751620fe532151921e8a36cc79ae
	at org.openqa.selenium.remote.http.W3CHttpResponseCodec.createException(W3CHttpResponseCodec.java:187)
	at org.openqa.selenium.remote.http.W3CHttpResponseCodec.decode(W3CHttpResponseCodec.java:122)
	at org.openqa.selenium.remote.http.W3CHttpResponseCodec.decode(W3CHttpResponseCodec.java:49)
	at org.openqa.selenium.remote.HttpCommandExecutor.execute(HttpCommandExecutor.java:158)
	at org.openqa.selenium.remote.service.DriverCommandExecutor.execute(DriverCommandExecutor.java:83)
	at org.openqa.selenium.remote.RemoteWebDriver.execute(RemoteWebDriver.java:552)
	at org.openqa.selenium.remote.RemoteWebDriver.get(RemoteWebDriver.java:277)
	at org.openqa.selenium.remote.RemoteWebDriver$RemoteNavigation.to(RemoteWebDriver.java:857)
	at org.openqa.selenium.support.events.EventFiringWebDriver$EventFiringNavigation.to(EventFiringWebDriver.java:569)
	at com.kms.katalon.core.webui.keyword.builtin.NavigateToUrlKeyword$_navigateToUrl_closure1.doCall(NavigateToUrlKeyword.groovy:81)
	at com.kms.katalon.core.webui.keyword.builtin.NavigateToUrlKeyword$_navigateToUrl_closure1.call(NavigateToUrlKeyword.groovy)
	at com.kms.katalon.core.webui.keyword.internal.WebUIKeywordMain.runKeyword(WebUIKeywordMain.groovy:20)
	at com.kms.katalon.core.webui.keyword.builtin.NavigateToUrlKeyword.navigateToUrl(NavigateToUrlKeyword.groovy:83)
	at com.kms.katalon.core.webui.keyword.builtin.NavigateToUrlKeyword.execute(NavigateToUrlKeyword.groovy:67)
	at com.kms.katalon.core.keyword.internal.KeywordExecutor.executeKeywordForPlatform(KeywordExecutor.groovy:74)
	at com.kms.katalon.core.webui.keyword.WebUiBuiltInKeywords.navigateToUrl(WebUiBuiltInKeywords.groovy:187)
	at com.kms.katalon.core.webui.keyword.WebUiBuiltInKeywords$navigateToUrl.call(Unknown Source)
	at Script1638871773273.run(Script1638871773273.groovy:57)
	... 13 more
)
[[ATTACHMENT|D:\\Projet Test Auto\\Mediabox Test Automation\\Reports\\20220623_181745\\03. Parallel Testing (Testing)\\TS -PT PART 3\\04 Tag Simulateneous\\20220623_181746\\1656001859297.png]]

2022-06-23 18:31:00 - [TEST_STEP][PASSED] - Start listener action : sampleAfterTestCase: null]]></system-out>
         <system-err><![CDATA[2022-06-23 18:29:30 - [TEST_CASE][FAILED] - Test Cases/11. Tag Simultaneous Modification of ref (P1 - P4 consecutive)/11.4 Simultaneous Modif of Ref (Submit) PART 4: Test Cases/11. Tag Simultaneous Modification of ref (P1 - P4 consecutive)/11.4 Simultaneous Modif of Ref (Submit) PART 4 FAILED.
Reason:
com.kms.katalon.core.exception.StepFailedException: Unable to navigate to 'http://mdb-release.diadeis.lan/MediaboxIndependence/?MBI_datasource=RELTESTAUTO_TAG'
	at com.kms.katalon.core.webui.keyword.internal.WebUIKeywordMain.stepFailed(WebUIKeywordMain.groovy:64)
	at com.kms.katalon.core.webui.keyword.internal.WebUIKeywordMain.runKeyword(WebUIKeywordMain.groovy:26)
	at com.kms.katalon.core.webui.keyword.builtin.NavigateToUrlKeyword.navigateToUrl(NavigateToUrlKeyword.groovy:83)
	at com.kms.katalon.core.webui.keyword.builtin.NavigateToUrlKeyword.execute(NavigateToUrlKeyword.groovy:67)
	at com.kms.katalon.core.keyword.internal.KeywordExecutor.executeKeywordForPlatform(KeywordExecutor.groovy:74)
	at com.kms.katalon.core.webui.keyword.WebUiBuiltInKeywords.navigateToUrl(WebUiBuiltInKeywords.groovy:187)
	at com.kms.katalon.core.webui.keyword.WebUiBuiltInKeywords$navigateToUrl.call(Unknown Source)
	at 11.4 Simultaneous Modif of Ref (Submit) PART 4.run(11.4 Simultaneous Modif of Ref (Submit) PART 4:57)
	at com.kms.katalon.core.main.ScriptEngine.run(ScriptEngine.java:194)
	at com.kms.katalon.core.main.ScriptEngine.runScriptAsRawText(ScriptEngine.java:119)
	at com.kms.katalon.core.main.TestCaseExecutor.runScript(TestCaseExecutor.java:445)
	at com.kms.katalon.core.main.TestCaseExecutor.doExecute(TestCaseExecutor.java:436)
	at com.kms.katalon.core.main.TestCaseExecutor.processExecutionPhase(TestCaseExecutor.java:415)
	at com.kms.katalon.core.main.TestCaseExecutor.accessMainPhase(TestCaseExecutor.java:407)
	at com.kms.katalon.core.main.TestCaseExecutor.execute(TestCaseExecutor.java:284)
	at com.kms.katalon.core.common.CommonExecutor.accessTestCaseMainPhase(CommonExecutor.java:65)
	at com.kms.katalon.core.main.TestSuiteExecutor.accessTestSuiteMainPhase(TestSuiteExecutor.java:144)
	at com.kms.katalon.core.main.TestSuiteExecutor.execute(TestSuiteExecutor.java:106)
	at com.kms.katalon.core.main.TestCaseMain.startTestSuite(TestCaseMain.java:185)
	at com.kms.katalon.core.main.TestCaseMain$startTestSuite$0.call(Unknown Source)
	at TempTestSuite1656001066742.run(TempTestSuite1656001066742.groovy:36)
Caused by: org.openqa.selenium.WebDriverException: unknown error: cannot determine loading status
from target frame detached
  (Session info: chrome=102.0.5005.115)
Build info: version: '3.141.59', revision: 'e82be7d358', time: '2018-11-14T08:25:53'
System info: host: 'DPF-MBI-VERIF', ip: '10.15.10.53', os.name: 'Windows 10', os.arch: 'amd64', os.version: '10.0', java.version: '1.8.0_181'
Driver info: org.openqa.selenium.chrome.ChromeDriver
Capabilities {acceptInsecureCerts: false, browserName: chrome, browserVersion: 102.0.5005.115, chrome: {chromedriverVersion: 101.0.4951.41 (93c720db8323..., userDataDir: C:\Users\lamhe\AppData\Loca...}, goog:chromeOptions: {debuggerAddress: localhost:54593}, javascriptEnabled: true, networkConnectionEnabled: false, pageLoadStrategy: normal, platform: WINDOWS, platformName: WINDOWS, proxy: Proxy(), setWindowRect: true, strictFileInteractability: false, timeouts: {implicit: 0, pageLoad: 300000, script: 30000}, unhandledPromptBehavior: dismiss and notify, webauthn:extension:credBlob: true, webauthn:extension:largeBlob: true, webauthn:virtualAuthenticators: true}
Session ID: 4f73751620fe532151921e8a36cc79ae
	at org.openqa.selenium.remote.http.W3CHttpResponseCodec.createException(W3CHttpResponseCodec.java:187)
	at org.openqa.selenium.remote.http.W3CHttpResponseCodec.decode(W3CHttpResponseCodec.java:122)
	at org.openqa.selenium.remote.http.W3CHttpResponseCodec.decode(W3CHttpResponseCodec.java:49)
	at org.openqa.selenium.remote.HttpCommandExecutor.execute(HttpCommandExecutor.java:158)
	at org.openqa.selenium.remote.service.DriverCommandExecutor.execute(DriverCommandExecutor.java:83)
	at org.openqa.selenium.remote.RemoteWebDriver.execute(RemoteWebDriver.java:552)
	at org.openqa.selenium.remote.RemoteWebDriver.get(RemoteWebDriver.java:277)
	at org.openqa.selenium.remote.RemoteWebDriver$RemoteNavigation.to(RemoteWebDriver.java:857)
	at org.openqa.selenium.support.events.EventFiringWebDriver$EventFiringNavigation.to(EventFiringWebDriver.java:569)
	at com.kms.katalon.core.webui.keyword.builtin.NavigateToUrlKeyword$_navigateToUrl_closure1.doCall(NavigateToUrlKeyword.groovy:81)
	at com.kms.katalon.core.webui.keyword.builtin.NavigateToUrlKeyword$_navigateToUrl_closure1.call(NavigateToUrlKeyword.groovy)
	at com.kms.katalon.core.webui.keyword.internal.WebUIKeywordMain.runKeyword(WebUIKeywordMain.groovy:20)
	... 19 more]]></system-err>
      </testcase>
      <system-out><![CDATA[2022-06-23 18:17:57 - [TEST_SUITE][FAILED] - 04 Tag Simulateneous: Test Cases/11. Tag Simultaneous Modification of ref (P1 - P4 consecutive)/11.4 Simultaneous Modif of Ref (Submit) PART 4 FAILED.
Reason:
com.kms.katalon.core.exception.StepFailedException: Unable to navigate to 'http://mdb-release.diadeis.lan/MediaboxIndependence/?MBI_datasource=RELTESTAUTO_TAG'
	at com.kms.katalon.core.webui.keyword.internal.WebUIKeywordMain.stepFailed(WebUIKeywordMain.groovy:64)
	at com.kms.katalon.core.webui.keyword.internal.WebUIKeywordMain.runKeyword(WebUIKeywordMain.groovy:26)
	at com.kms.katalon.core.webui.keyword.builtin.NavigateToUrlKeyword.navigateToUrl(NavigateToUrlKeyword.groovy:83)
	at com.kms.katalon.core.webui.keyword.builtin.NavigateToUrlKeyword.execute(NavigateToUrlKeyword.groovy:67)
	at com.kms.katalon.core.keyword.internal.KeywordExecutor.executeKeywordForPlatform(KeywordExecutor.groovy:74)
	at com.kms.katalon.core.webui.keyword.WebUiBuiltInKeywords.navigateToUrl(WebUiBuiltInKeywords.groovy:187)
	at com.kms.katalon.core.webui.keyword.WebUiBuiltInKeywords$navigateToUrl.call(Unknown Source)
	at 11.4 Simultaneous Modif of Ref (Submit) PART 4.run(11.4 Simultaneous Modif of Ref (Submit) PART 4:57)
	at com.kms.katalon.core.main.ScriptEngine.run(ScriptEngine.java:194)
	at com.kms.katalon.core.main.ScriptEngine.runScriptAsRawText(ScriptEngine.java:119)
	at com.kms.katalon.core.main.TestCaseExecutor.runScript(TestCaseExecutor.java:445)
	at com.kms.katalon.core.main.TestCaseExecutor.doExecute(TestCaseExecutor.java:436)
	at com.kms.katalon.core.main.TestCaseExecutor.processExecutionPhase(TestCaseExecutor.java:415)
	at com.kms.katalon.core.main.TestCaseExecutor.accessMainPhase(TestCaseExecutor.java:407)
	at com.kms.katalon.core.main.TestCaseExecutor.execute(TestCaseExecutor.java:284)
	at com.kms.katalon.core.common.CommonExecutor.accessTestCaseMainPhase(CommonExecutor.java:65)
	at com.kms.katalon.core.main.TestSuiteExecutor.accessTestSuiteMainPhase(TestSuiteExecutor.java:144)
	at com.kms.katalon.core.main.TestSuiteExecutor.execute(TestSuiteExecutor.java:106)
	at com.kms.katalon.core.main.TestCaseMain.startTestSuite(TestCaseMain.java:185)
	at com.kms.katalon.core.main.TestCaseMain$startTestSuite$0.call(Unknown Source)
	at TempTestSuite1656001066742.run(TempTestSuite1656001066742.groovy:36)
Caused by: org.openqa.selenium.WebDriverException: unknown error: cannot determine loading status
from target frame detached
  (Session info: chrome=102.0.5005.115)
Build info: version: '3.141.59', revision: 'e82be7d358', time: '2018-11-14T08:25:53'
System info: host: 'DPF-MBI-VERIF', ip: '10.15.10.53', os.name: 'Windows 10', os.arch: 'amd64', os.version: '10.0', java.version: '1.8.0_181'
Driver info: org.openqa.selenium.chrome.ChromeDriver
Capabilities {acceptInsecureCerts: false, browserName: chrome, browserVersion: 102.0.5005.115, chrome: {chromedriverVersion: 101.0.4951.41 (93c720db8323..., userDataDir: C:\Users\lamhe\AppData\Loca...}, goog:chromeOptions: {debuggerAddress: localhost:54593}, javascriptEnabled: true, networkConnectionEnabled: false, pageLoadStrategy: normal, platform: WINDOWS, platformName: WINDOWS, proxy: Proxy(), setWindowRect: true, strictFileInteractability: false, timeouts: {implicit: 0, pageLoad: 300000, script: 30000}, unhandledPromptBehavior: dismiss and notify, webauthn:extension:credBlob: true, webauthn:extension:largeBlob: true, webauthn:virtualAuthenticators: true}
Session ID: 4f73751620fe532151921e8a36cc79ae
	at org.openqa.selenium.remote.http.W3CHttpResponseCodec.createException(W3CHttpResponseCodec.java:187)
	at org.openqa.selenium.remote.http.W3CHttpResponseCodec.decode(W3CHttpResponseCodec.java:122)
	at org.openqa.selenium.remote.http.W3CHttpResponseCodec.decode(W3CHttpResponseCodec.java:49)
	at org.openqa.selenium.remote.HttpCommandExecutor.execute(HttpCommandExecutor.java:158)
	at org.openqa.selenium.remote.service.DriverCommandExecutor.execute(DriverCommandExecutor.java:83)
	at org.openqa.selenium.remote.RemoteWebDriver.execute(RemoteWebDriver.java:552)
	at org.openqa.selenium.remote.RemoteWebDriver.get(RemoteWebDriver.java:277)
	at org.openqa.selenium.remote.RemoteWebDriver$RemoteNavigation.to(RemoteWebDriver.java:857)
	at org.openqa.selenium.support.events.EventFiringWebDriver$EventFiringNavigation.to(EventFiringWebDriver.java:569)
	at com.kms.katalon.core.webui.keyword.builtin.NavigateToUrlKeyword$_navigateToUrl_closure1.doCall(NavigateToUrlKeyword.groovy:81)
	at com.kms.katalon.core.webui.keyword.builtin.NavigateToUrlKeyword$_navigateToUrl_closure1.call(NavigateToUrlKeyword.groovy)
	at com.kms.katalon.core.webui.keyword.internal.WebUIKeywordMain.runKeyword(WebUIKeywordMain.groovy:20)
	... 19 more]]></system-out>
      <system-err><![CDATA[2022-06-23 18:17:57 - [TEST_SUITE][FAILED] - 04 Tag Simulateneous: Test Cases/11. Tag Simultaneous Modification of ref (P1 - P4 consecutive)/11.4 Simultaneous Modif of Ref (Submit) PART 4 FAILED.
Reason:
com.kms.katalon.core.exception.StepFailedException: Unable to navigate to 'http://mdb-release.diadeis.lan/MediaboxIndependence/?MBI_datasource=RELTESTAUTO_TAG'
	at com.kms.katalon.core.webui.keyword.internal.WebUIKeywordMain.stepFailed(WebUIKeywordMain.groovy:64)
	at com.kms.katalon.core.webui.keyword.internal.WebUIKeywordMain.runKeyword(WebUIKeywordMain.groovy:26)
	at com.kms.katalon.core.webui.keyword.builtin.NavigateToUrlKeyword.navigateToUrl(NavigateToUrlKeyword.groovy:83)
	at com.kms.katalon.core.webui.keyword.builtin.NavigateToUrlKeyword.execute(NavigateToUrlKeyword.groovy:67)
	at com.kms.katalon.core.keyword.internal.KeywordExecutor.executeKeywordForPlatform(KeywordExecutor.groovy:74)
	at com.kms.katalon.core.webui.keyword.WebUiBuiltInKeywords.navigateToUrl(WebUiBuiltInKeywords.groovy:187)
	at com.kms.katalon.core.webui.keyword.WebUiBuiltInKeywords$navigateToUrl.call(Unknown Source)
	at 11.4 Simultaneous Modif of Ref (Submit) PART 4.run(11.4 Simultaneous Modif of Ref (Submit) PART 4:57)
	at com.kms.katalon.core.main.ScriptEngine.run(ScriptEngine.java:194)
	at com.kms.katalon.core.main.ScriptEngine.runScriptAsRawText(ScriptEngine.java:119)
	at com.kms.katalon.core.main.TestCaseExecutor.runScript(TestCaseExecutor.java:445)
	at com.kms.katalon.core.main.TestCaseExecutor.doExecute(TestCaseExecutor.java:436)
	at com.kms.katalon.core.main.TestCaseExecutor.processExecutionPhase(TestCaseExecutor.java:415)
	at com.kms.katalon.core.main.TestCaseExecutor.accessMainPhase(TestCaseExecutor.java:407)
	at com.kms.katalon.core.main.TestCaseExecutor.execute(TestCaseExecutor.java:284)
	at com.kms.katalon.core.common.CommonExecutor.accessTestCaseMainPhase(CommonExecutor.java:65)
	at com.kms.katalon.core.main.TestSuiteExecutor.accessTestSuiteMainPhase(TestSuiteExecutor.java:144)
	at com.kms.katalon.core.main.TestSuiteExecutor.execute(TestSuiteExecutor.java:106)
	at com.kms.katalon.core.main.TestCaseMain.startTestSuite(TestCaseMain.java:185)
	at com.kms.katalon.core.main.TestCaseMain$startTestSuite$0.call(Unknown Source)
	at TempTestSuite1656001066742.run(TempTestSuite1656001066742.groovy:36)
Caused by: org.openqa.selenium.WebDriverException: unknown error: cannot determine loading status
from target frame detached
  (Session info: chrome=102.0.5005.115)
Build info: version: '3.141.59', revision: 'e82be7d358', time: '2018-11-14T08:25:53'
System info: host: 'DPF-MBI-VERIF', ip: '10.15.10.53', os.name: 'Windows 10', os.arch: 'amd64', os.version: '10.0', java.version: '1.8.0_181'
Driver info: org.openqa.selenium.chrome.ChromeDriver
Capabilities {acceptInsecureCerts: false, browserName: chrome, browserVersion: 102.0.5005.115, chrome: {chromedriverVersion: 101.0.4951.41 (93c720db8323..., userDataDir: C:\Users\lamhe\AppData\Loca...}, goog:chromeOptions: {debuggerAddress: localhost:54593}, javascriptEnabled: true, networkConnectionEnabled: false, pageLoadStrategy: normal, platform: WINDOWS, platformName: WINDOWS, proxy: Proxy(), setWindowRect: true, strictFileInteractability: false, timeouts: {implicit: 0, pageLoad: 300000, script: 30000}, unhandledPromptBehavior: dismiss and notify, webauthn:extension:credBlob: true, webauthn:extension:largeBlob: true, webauthn:virtualAuthenticators: true}
Session ID: 4f73751620fe532151921e8a36cc79ae
	at org.openqa.selenium.remote.http.W3CHttpResponseCodec.createException(W3CHttpResponseCodec.java:187)
	at org.openqa.selenium.remote.http.W3CHttpResponseCodec.decode(W3CHttpResponseCodec.java:122)
	at org.openqa.selenium.remote.http.W3CHttpResponseCodec.decode(W3CHttpResponseCodec.java:49)
	at org.openqa.selenium.remote.HttpCommandExecutor.execute(HttpCommandExecutor.java:158)
	at org.openqa.selenium.remote.service.DriverCommandExecutor.execute(DriverCommandExecutor.java:83)
	at org.openqa.selenium.remote.RemoteWebDriver.execute(RemoteWebDriver.java:552)
	at org.openqa.selenium.remote.RemoteWebDriver.get(RemoteWebDriver.java:277)
	at org.openqa.selenium.remote.RemoteWebDriver$RemoteNavigation.to(RemoteWebDriver.java:857)
	at org.openqa.selenium.support.events.EventFiringWebDriver$EventFiringNavigation.to(EventFiringWebDriver.java:569)
	at com.kms.katalon.core.webui.keyword.builtin.NavigateToUrlKeyword$_navigateToUrl_closure1.doCall(NavigateToUrlKeyword.groovy:81)
	at com.kms.katalon.core.webui.keyword.builtin.NavigateToUrlKeyword$_navigateToUrl_closure1.call(NavigateToUrlKeyword.groovy)
	at com.kms.katalon.core.webui.keyword.internal.WebUIKeywordMain.runKeyword(WebUIKeywordMain.groovy:20)
	... 19 more]]></system-err>
   </testsuite>
</testsuites>
