<?xml version="1.0" encoding="UTF-8"?>
<testsuites name="04 Tag Simulateneous" time="834.819" tests="4" failures="1" errors="0">
   <testsuite name="04 Tag Simulateneous" tests="4" failures="1" errors="0" time="834.819" skipped="0" timestamp="2022-06-09 18:12:12" hostname="lamhe - DPF-MBI-VERIF.ad.sgsco.int" id="Test Suites/03. Parallel Testing (Testing)/TS -PT PART 3/04 Tag Simulateneous">
      <properties>
         <property name="deviceName" value=""/>
         <property name="devicePlatform" value=""/>
         <property name="logFolder" value="D:\\Projet Test Auto\\Mediabox Test Automation\\Reports\\20220609_181011\\03. Parallel Testing (Testing)\\TS -PT PART 3\\04 Tag Simulateneous\\20220609_181037"/>
         <property name="logFiles" value="D:\\Projet Test Auto\\Mediabox Test Automation\\Reports\\20220609_181011\\03. Parallel Testing (Testing)\\TS -PT PART 3\\04 Tag Simulateneous\\20220609_181037\\execution0.log"/>
         <property name="attachments" value="D:\\Projet Test Auto\\Mediabox Test Automation\\Reports\\20220609_181011\\03. Parallel Testing (Testing)\\TS -PT PART 3\\04 Tag Simulateneous\\20220609_181037\\1654791159095.png, D:\\Projet Test Auto\\Mediabox Test Automation\\Reports\\20220609_181011\\03. Parallel Testing (Testing)\\TS -PT PART 3\\04 Tag Simulateneous\\20220609_181037\\1654791188749.png, D:\\Projet Test Auto\\Mediabox Test Automation\\Reports\\20220609_181011\\03. Parallel Testing (Testing)\\TS -PT PART 3\\04 Tag Simulateneous\\20220609_181037\\1654791204549.png, D:\\Projet Test Auto\\Mediabox Test Automation\\Reports\\20220609_181011\\03. Parallel Testing (Testing)\\TS -PT PART 3\\04 Tag Simulateneous\\20220609_181037\\1654791288041.png, D:\\Projet Test Auto\\Mediabox Test Automation\\Reports\\20220609_181011\\03. Parallel Testing (Testing)\\TS -PT PART 3\\04 Tag Simulateneous\\20220609_181037\\1654791294831.png, D:\\Projet Test Auto\\Mediabox Test Automation\\Reports\\20220609_181011\\03. Parallel Testing (Testing)\\TS -PT PART 3\\04 Tag Simulateneous\\20220609_181037\\1654791361090.png, D:\\Projet Test Auto\\Mediabox Test Automation\\Reports\\20220609_181011\\03. Parallel Testing (Testing)\\TS -PT PART 3\\04 Tag Simulateneous\\20220609_181037\\1654791405773.png, D:\\Projet Test Auto\\Mediabox Test Automation\\Reports\\20220609_181011\\03. Parallel Testing (Testing)\\TS -PT PART 3\\04 Tag Simulateneous\\20220609_181037\\1654791409473.png, D:\\Projet Test Auto\\Mediabox Test Automation\\Reports\\20220609_181011\\03. Parallel Testing (Testing)\\TS -PT PART 3\\04 Tag Simulateneous\\20220609_181037\\1654791449877.png, D:\\Projet Test Auto\\Mediabox Test Automation\\Reports\\20220609_181011\\03. Parallel Testing (Testing)\\TS -PT PART 3\\04 Tag Simulateneous\\20220609_181037\\1654791525283.png, D:\\Projet Test Auto\\Mediabox Test Automation\\Reports\\20220609_181011\\03. Parallel Testing (Testing)\\TS -PT PART 3\\04 Tag Simulateneous\\20220609_181037\\1654791548533.png, D:\\Projet Test Auto\\Mediabox Test Automation\\Reports\\20220609_181011\\03. Parallel Testing (Testing)\\TS -PT PART 3\\04 Tag Simulateneous\\20220609_181037\\1654791555593.png, D:\\Projet Test Auto\\Mediabox Test Automation\\Reports\\20220609_181011\\03. Parallel Testing (Testing)\\TS -PT PART 3\\04 Tag Simulateneous\\20220609_181037\\1654791556058.png, D:\\Projet Test Auto\\Mediabox Test Automation\\Reports\\20220609_181011\\03. Parallel Testing (Testing)\\TS -PT PART 3\\04 Tag Simulateneous\\20220609_181037\\1654791557188.png, D:\\Projet Test Auto\\Mediabox Test Automation\\Reports\\20220609_181011\\03. Parallel Testing (Testing)\\TS -PT PART 3\\04 Tag Simulateneous\\20220609_181037\\1654791599774.png, D:\\Projet Test Auto\\Mediabox Test Automation\\Reports\\20220609_181011\\03. Parallel Testing (Testing)\\TS -PT PART 3\\04 Tag Simulateneous\\20220609_181037\\1654791644844.png, D:\\Projet Test Auto\\Mediabox Test Automation\\Reports\\20220609_181011\\03. Parallel Testing (Testing)\\TS -PT PART 3\\04 Tag Simulateneous\\20220609_181037\\1654791681242.png, D:\\Projet Test Auto\\Mediabox Test Automation\\Reports\\20220609_181011\\03. Parallel Testing (Testing)\\TS -PT PART 3\\04 Tag Simulateneous\\20220609_181037\\1654791700470.png, D:\\Projet Test Auto\\Mediabox Test Automation\\Reports\\20220609_181011\\03. Parallel Testing (Testing)\\TS -PT PART 3\\04 Tag Simulateneous\\20220609_181037\\1654791717460.png, D:\\Projet Test Auto\\Mediabox Test Automation\\Reports\\20220609_181011\\03. Parallel Testing (Testing)\\TS -PT PART 3\\04 Tag Simulateneous\\20220609_181037\\1654791725827.png, D:\\Projet Test Auto\\Mediabox Test Automation\\Reports\\20220609_181011\\03. Parallel Testing (Testing)\\TS -PT PART 3\\04 Tag Simulateneous\\20220609_181037\\1654791726777.png, D:\\Projet Test Auto\\Mediabox Test Automation\\Reports\\20220609_181011\\03. Parallel Testing (Testing)\\TS -PT PART 3\\04 Tag Simulateneous\\20220609_181037\\1654791765181.png, D:\\Projet Test Auto\\Mediabox Test Automation\\Reports\\20220609_181011\\03. Parallel Testing (Testing)\\TS -PT PART 3\\04 Tag Simulateneous\\20220609_181037\\1654791783126.png, D:\\Projet Test Auto\\Mediabox Test Automation\\Reports\\20220609_181011\\03. Parallel Testing (Testing)\\TS -PT PART 3\\04 Tag Simulateneous\\20220609_181037\\1654791829513.png, D:\\Projet Test Auto\\Mediabox Test Automation\\Reports\\20220609_181011\\03. Parallel Testing (Testing)\\TS -PT PART 3\\04 Tag Simulateneous\\20220609_181037\\1654791859168.png, D:\\Projet Test Auto\\Mediabox Test Automation\\Reports\\20220609_181011\\03. Parallel Testing (Testing)\\TS -PT PART 3\\04 Tag Simulateneous\\20220609_181037\\1654791877607.png, D:\\Projet Test Auto\\Mediabox Test Automation\\Reports\\20220609_181011\\03. Parallel Testing (Testing)\\TS -PT PART 3\\04 Tag Simulateneous\\20220609_181037\\1654791881939.png, D:\\Projet Test Auto\\Mediabox Test Automation\\Reports\\20220609_181011\\03. Parallel Testing (Testing)\\TS -PT PART 3\\04 Tag Simulateneous\\20220609_181037\\1654791915485.png, D:\\Projet Test Auto\\Mediabox Test Automation\\Reports\\20220609_181011\\03. Parallel Testing (Testing)\\TS -PT PART 3\\04 Tag Simulateneous\\20220609_181037\\1654791916072.png, D:\\Projet Test Auto\\Mediabox Test Automation\\Reports\\20220609_181011\\03. Parallel Testing (Testing)\\TS -PT PART 3\\04 Tag Simulateneous\\20220609_181037\\1654791920862.png"/>
         <property name="hostName" value="lamhe - DPF-MBI-VERIF.ad.sgsco.int"/>
         <property name="os" value="Windows 10 64bit"/>
         <property name="katalonVersion" value="8.3.0.208"/>
         <property name="browser" value="Chrome 102.0.5005.63"/>
         <property name="hostAddress" value="10.15.10.53"/>
         <property name="sessionId" value="424e3ff2cc849081f6146c798aa7e82a"/>
         <property name="seleniumVersion" value="3.141.59"/>
         <property name="proxyInformation" value="ProxyInformation { proxyOption=NO_PROXY, proxyServerType=HTTP, username=, password=********, proxyServerAddress=, proxyServerPort=0, executionList=&quot;&quot;, isApplyToDesiredCapabilities=true }"/>
         <property name="platform" value="Windows 10"/>
      </properties>
      <testcase name="Test Cases/11. Tag Simultaneous Modification of ref (P1 - P4 consecutive)/11.1 Tag Simultaneous Modif of ref (super edit) PART 1" time="305.266" classname="Test Cases/11. Tag Simultaneous Modification of ref (P1 - P4 consecutive)/11.1 Tag Simultaneous Modif of ref (super edit) PART 1" status="PASSED">
         <system-out><![CDATA[2022-06-09 18:12:13 - [TEST_CASE][PASSED] - Test Cases/11. Tag Simultaneous Modification of ref (P1 - P4 consecutive)/11.1 Tag Simultaneous Modif of ref (super edit) PART 1: Test Cases/11. Tag Simultaneous Modification of ref (P1 - P4 consecutive)/11.1 Tag Simultaneous Modif of ref (super edit) PART 1

2022-06-09 18:12:16 - [TEST_STEP][PASSED] - data_Tag = findTestData("Data Files/Username_Password/Tag"): null

2022-06-09 18:12:16 - [TEST_STEP][PASSED] - password_jedun = data_Tag.getValue(3, 1): null

2022-06-09 18:12:16 - [TEST_STEP][PASSED] - password_tliu = data_Tag.getValue(3, 8): null

2022-06-09 18:12:16 - [TEST_STEP][PASSED] - I.clearnotepad("D:\Upoad_File\Projet_ Login\Tag\11.01 Tag Project_No\11.01_Tag_ProjectNo.txt"): null

2022-06-09 18:12:16 - [TEST_STEP][PASSED] - I.clearnotepad("D:\Upoad_File\Projet_ Login\Tag\11.01 Tag Project_No\11.01_Tag_refID.txt"): null

2022-06-09 18:12:16 - [TEST_STEP][PASSED] - data_urlRELAUTO = findTestData("Data Files/URL/URL_relauto"): null

2022-06-09 18:12:16 - [TEST_STEP][PASSED] - Url_Tag = data_urlRELAUTO.getValue(2, 3): null

2022-06-09 18:12:16 - [TEST_STEP][PASSED] - System.setProperty("webdriver.chrome.driver", "D:\Katalon_Studio\configuration\resources\drivers\chromedriver_win32\chromedriver.exe"): null

2022-06-09 18:12:16 - [TEST_STEP][PASSED] - driver1 = new org.openqa.selenium.chrome.ChromeDriver(): null

2022-06-09 18:12:24 - [TEST_STEP][PASSED] - changeWebDriver(driver1): null

2022-06-09 18:12:25 - [TEST_STEP][PASSED] - navigateToUrl(Url_Tag): Navigate to 'http://mdb-release.diadeis.lan/MediaboxIndependence/?MBI_datasource=RELTESTAUTO_TAG' successfully

2022-06-09 18:12:37 - [MESSAGE][PASSED] - Navigate to 'http://mdb-release.diadeis.lan/MediaboxIndependence/?MBI_datasource=RELTESTAUTO_TAG' successfully

2022-06-09 18:12:37 - [TEST_STEP][PASSED] - maximizeWindow(): Current window maximized

2022-06-09 18:12:38 - [MESSAGE][PASSED] - Current window maximized

2022-06-09 18:12:38 - [TEST_STEP][PASSED] - waitForPageLoad(30): Wait for page load successfully

2022-06-09 18:12:38 - [MESSAGE][PASSED] - Wait for page load successfully

2022-06-09 18:12:38 - [TEST_STEP][PASSED] - takeScreenshot(): Taking screenshot successfully

2022-06-09 18:12:39 - [MESSAGE][PASSED] - Taking screenshot successfully
[[ATTACHMENT|D:\\Projet Test Auto\\Mediabox Test Automation\\Reports\\20220609_181011\\03. Parallel Testing (Testing)\\TS -PT PART 3\\04 Tag Simulateneous\\20220609_181037\\1654791159095.png]]

2022-06-09 18:12:39 - [TEST_STEP][PASSED] - I.Login_password("jedun", password_jedun): Object: 'Object Repository/1. Constant/xpath' is clicked on

2022-06-09 18:12:40 - [MESSAGE][PASSED] - Text 'jedun' is set on object 'Object Repository/1. Constant/xpath'

2022-06-09 18:12:41 - [MESSAGE][PASSED] - Delayed 1 second(s)

2022-06-09 18:12:41 - [MESSAGE][PASSED] - Text 'dchi' is set on object 'Object Repository/1. Constant/xpath'

2022-06-09 18:12:42 - [MESSAGE][PASSED] - Delayed 1 second(s)

2022-06-09 18:12:57 - [MESSAGE][PASSED] - Object: 'Object Repository/1. Constant/xpath' is clicked on

2022-06-09 18:12:57 - [TEST_STEP][PASSED] - click(findTestObject("1. Constant/02_LHSMenu_Projects")): Object: 'Object Repository/1. Constant/02_LHSMenu_Projects' is clicked on

2022-06-09 18:13:04 - [MESSAGE][PASSED] - Object: 'Object Repository/1. Constant/02_LHSMenu_Projects' is clicked on

2022-06-09 18:13:04 - [TEST_STEP][PASSED] - click(findTestObject("1. Constant/xpath", ["xpath":"//*[@id="kt_content"]/div[3]/div/div/div[1]/div[2]/a[1]"])): Object: 'Object Repository/1. Constant/xpath' is clicked on

2022-06-09 18:13:07 - [MESSAGE][PASSED] - Object: 'Object Repository/1. Constant/xpath' is clicked on

2022-06-09 18:13:07 - [TEST_STEP][PASSED] - delay(1): Delayed 1 second(s)

2022-06-09 18:13:08 - [MESSAGE][PASSED] - Delayed 1 second(s)

2022-06-09 18:13:08 - [TEST_STEP][PASSED] - takeScreenshot(): Taking screenshot successfully

2022-06-09 18:13:09 - [MESSAGE][PASSED] - Taking screenshot successfully
[[ATTACHMENT|D:\\Projet Test Auto\\Mediabox Test Automation\\Reports\\20220609_181011\\03. Parallel Testing (Testing)\\TS -PT PART 3\\04 Tag Simulateneous\\20220609_181037\\1654791188749.png]]

2022-06-09 18:13:09 - [TEST_STEP][PASSED] - I.SelectFromList_Value("//*[@id="project_template"]", "11"): Delayed 2 second(s)

2022-06-09 18:13:12 - [MESSAGE][PASSED] - All options with value '11' are selected in object 'Object Repository/1. Constant/xpath' 

2022-06-09 18:13:14 - [MESSAGE][PASSED] - Delayed 2 second(s)

2022-06-09 18:13:14 - [TEST_STEP][PASSED] - click(findTestObject("1. Constant/xpath", ["xpath":"//*[@id="ModifFiche"]/div[3]/div/button"])): Object: 'Object Repository/1. Constant/xpath' is clicked on

2022-06-09 18:13:22 - [MESSAGE][PASSED] - Object: 'Object Repository/1. Constant/xpath' is clicked on

2022-06-09 18:13:22 - [TEST_STEP][PASSED] - delay(2): Delayed 2 second(s)

2022-06-09 18:13:24 - [MESSAGE][PASSED] - Delayed 2 second(s)

2022-06-09 18:13:24 - [TEST_STEP][PASSED] - takeScreenshot(): Taking screenshot successfully

2022-06-09 18:13:24 - [MESSAGE][PASSED] - Taking screenshot successfully
[[ATTACHMENT|D:\\Projet Test Auto\\Mediabox Test Automation\\Reports\\20220609_181011\\03. Parallel Testing (Testing)\\TS -PT PART 3\\04 Tag Simulateneous\\20220609_181037\\1654791204549.png]]

2022-06-09 18:13:24 - [TEST_STEP][PASSED] - Project_name = "AutoTest_Tag_SimultaneousRef_" + RandomStringUtils.randomAlphanumeric(10) + "_" + I.gettimedate(): null

2022-06-09 18:13:25 - [TEST_STEP][PASSED] - setText(findTestObject("1. Constant/xpath", ["xpath":"//*[@id="var_141"]"]), Project_name): Text 'AutoTest_Tag_SimultaneousRef_CCcNwsDwOK_juin092022_181324' is set on object 'Object Repository/1. Constant/xpath'

2022-06-09 18:13:26 - [MESSAGE][PASSED] - Text 'AutoTest_Tag_SimultaneousRef_CCcNwsDwOK_juin092022_181324' is set on object 'Object Repository/1. Constant/xpath'

2022-06-09 18:13:26 - [TEST_STEP][PASSED] - I.SelectFromList_Value("//*[@id="var_12"]", "1025"): Delayed 2 second(s)

2022-06-09 18:13:27 - [MESSAGE][PASSED] - All options with value '1025' are selected in object 'Object Repository/1. Constant/xpath' 

2022-06-09 18:13:29 - [MESSAGE][PASSED] - Delayed 2 second(s)

2022-06-09 18:13:29 - [TEST_STEP][PASSED] - I.SelectFromList_Value("//*[@id="var_116"]", "1070"): Delayed 2 second(s)

2022-06-09 18:13:30 - [MESSAGE][PASSED] - All options with value '1070' are selected in object 'Object Repository/1. Constant/xpath' 

2022-06-09 18:13:32 - [MESSAGE][PASSED] - Delayed 2 second(s)

2022-06-09 18:13:32 - [TEST_STEP][PASSED] - I.SelectFromList_Value("//*[@id="var_262"]", "16352"): Delayed 2 second(s)

2022-06-09 18:13:34 - [MESSAGE][PASSED] - All options with value '16352' are selected in object 'Object Repository/1. Constant/xpath' 

2022-06-09 18:13:36 - [MESSAGE][PASSED] - Delayed 2 second(s)

2022-06-09 18:13:36 - [TEST_STEP][PASSED] - setText(findTestObject("1. Constant/xpath", ["xpath":"//*[@id="var_14"]"]), "10/10/2020"): Text '10/10/2020' is set on object 'Object Repository/1. Constant/xpath'

2022-06-09 18:13:37 - [MESSAGE][PASSED] - Text '10/10/2020' is set on object 'Object Repository/1. Constant/xpath'

2022-06-09 18:13:37 - [TEST_STEP][PASSED] - I.SelectFromList_Value("//*[@id="var_15"]", "57"): Delayed 2 second(s)

2022-06-09 18:13:38 - [MESSAGE][PASSED] - All options with value '57' are selected in object 'Object Repository/1. Constant/xpath' 

2022-06-09 18:13:40 - [MESSAGE][PASSED] - Delayed 2 second(s)

2022-06-09 18:13:40 - [TEST_STEP][PASSED] - delay(2): Delayed 2 second(s)

2022-06-09 18:13:42 - [MESSAGE][PASSED] - Delayed 2 second(s)

2022-06-09 18:13:42 - [TEST_STEP][PASSED] - I.SelectFromList_Value("//*[@id="var_16"]", "46"): Delayed 2 second(s)

2022-06-09 18:13:43 - [MESSAGE][PASSED] - All options with value '46' are selected in object 'Object Repository/1. Constant/xpath' 

2022-06-09 18:13:45 - [MESSAGE][PASSED] - Delayed 2 second(s)

2022-06-09 18:13:45 - [TEST_STEP][PASSED] - delay(2): Delayed 2 second(s)

2022-06-09 18:13:47 - [MESSAGE][PASSED] - Delayed 2 second(s)

2022-06-09 18:13:47 - [TEST_STEP][PASSED] - I.SelectFromList_Value("//*[@id="var_17"]", "12174"): Delayed 2 second(s)

2022-06-09 18:13:47 - [MESSAGE][PASSED] - All options with value '12174' are selected in object 'Object Repository/1. Constant/xpath' 

2022-06-09 18:13:49 - [MESSAGE][PASSED] - Delayed 2 second(s)

2022-06-09 18:13:49 - [TEST_STEP][PASSED] - delay(2): Delayed 2 second(s)

2022-06-09 18:13:51 - [MESSAGE][PASSED] - Delayed 2 second(s)

2022-06-09 18:13:51 - [TEST_STEP][PASSED] - I.SelectFromList_Value("//*[@id="var_18"]", "12414"): Delayed 2 second(s)

2022-06-09 18:13:52 - [MESSAGE][PASSED] - All options with value '12414' are selected in object 'Object Repository/1. Constant/xpath' 

2022-06-09 18:13:54 - [MESSAGE][PASSED] - Delayed 2 second(s)

2022-06-09 18:13:54 - [TEST_STEP][PASSED] - delay(2): Delayed 2 second(s)

2022-06-09 18:13:56 - [MESSAGE][PASSED] - Delayed 2 second(s)

2022-06-09 18:13:56 - [TEST_STEP][PASSED] - I.SelectFromList_Value("//*[@id="var_20"]", "3773"): Delayed 2 second(s)

2022-06-09 18:13:57 - [MESSAGE][PASSED] - All options with value '3773' are selected in object 'Object Repository/1. Constant/xpath' 

2022-06-09 18:13:59 - [MESSAGE][PASSED] - Delayed 2 second(s)

2022-06-09 18:13:59 - [TEST_STEP][PASSED] - delay(2): Delayed 2 second(s)

2022-06-09 18:14:01 - [MESSAGE][PASSED] - Delayed 2 second(s)

2022-06-09 18:14:01 - [TEST_STEP][PASSED] - I.SelectFromList_Value("//*[@id="var_21"]", "246"): Delayed 2 second(s)

2022-06-09 18:14:01 - [MESSAGE][PASSED] - All options with value '246' are selected in object 'Object Repository/1. Constant/xpath' 

2022-06-09 18:14:03 - [MESSAGE][PASSED] - Delayed 2 second(s)

2022-06-09 18:14:03 - [TEST_STEP][PASSED] - delay(2): Delayed 2 second(s)

2022-06-09 18:14:05 - [MESSAGE][PASSED] - Delayed 2 second(s)

2022-06-09 18:14:05 - [TEST_STEP][PASSED] - I.SelectFromList_Value("//*[@id="var_22"]", "3853"): Delayed 2 second(s)

2022-06-09 18:14:05 - [MESSAGE][PASSED] - All options with value '3853' are selected in object 'Object Repository/1. Constant/xpath' 

2022-06-09 18:14:07 - [MESSAGE][PASSED] - Delayed 2 second(s)

2022-06-09 18:14:07 - [TEST_STEP][PASSED] - I.SelectFromList_Value("//*[@id="selSource_23"]", "achatin"): Delayed 2 second(s)

2022-06-09 18:14:09 - [MESSAGE][PASSED] - All options with value 'achatin' are selected in object 'Object Repository/1. Constant/xpath' 

2022-06-09 18:14:11 - [MESSAGE][PASSED] - Delayed 2 second(s)

2022-06-09 18:14:11 - [TEST_STEP][PASSED] - I.select_multiplelist("//*[@id="selSource_23"]", "//*[@id="btnAdd_23"]", "tliu"): Delayed 1 second(s)

2022-06-09 18:14:12 - [MESSAGE][PASSED] - Delayed 1 second(s)

2022-06-09 18:14:14 - [MESSAGE][PASSED] - All options with value 'tliu' are selected in object 'Object Repository/1. Constant/xpath' 

2022-06-09 18:14:16 - [MESSAGE][PASSED] - Delayed 2 second(s)

2022-06-09 18:14:16 - [MESSAGE][PASSED] - Object: 'Object Repository/1. Constant/xpath' is clicked on

2022-06-09 18:14:17 - [MESSAGE][PASSED] - Delayed 1 second(s)

2022-06-09 18:14:17 - [TEST_STEP][PASSED] - delay(1): Delayed 1 second(s)

2022-06-09 18:14:18 - [MESSAGE][PASSED] - Delayed 1 second(s)

2022-06-09 18:14:18 - [TEST_STEP][PASSED] - I.select_multiplelist("//*[@id="selSource_24"]", "//*[@id="btnAdd_24"]", "asamyn"): Delayed 1 second(s)

2022-06-09 18:14:19 - [MESSAGE][PASSED] - Delayed 1 second(s)

2022-06-09 18:14:20 - [MESSAGE][PASSED] - All options with value 'asamyn' are selected in object 'Object Repository/1. Constant/xpath' 

2022-06-09 18:14:22 - [MESSAGE][PASSED] - Delayed 2 second(s)

2022-06-09 18:14:23 - [MESSAGE][PASSED] - Object: 'Object Repository/1. Constant/xpath' is clicked on

2022-06-09 18:14:24 - [MESSAGE][PASSED] - Delayed 1 second(s)

2022-06-09 18:14:24 - [TEST_STEP][PASSED] - delay(3): Delayed 3 second(s)

2022-06-09 18:14:27 - [MESSAGE][PASSED] - Delayed 3 second(s)

2022-06-09 18:14:27 - [TEST_STEP][PASSED] - click(findTestObject("HL Full Lifecycle/5 ModifyProjPage_button_Update")): Object: 'Object Repository/HL Full Lifecycle/5 ModifyProjPage_button_Update' is clicked on

2022-06-09 18:14:32 - [MESSAGE][PASSED] - Object: 'Object Repository/HL Full Lifecycle/5 ModifyProjPage_button_Update' is clicked on

2022-06-09 18:14:32 - [TEST_STEP][PASSED] - delay(10): Delayed 10 second(s)

2022-06-09 18:14:42 - [MESSAGE][PASSED] - Delayed 10 second(s)

2022-06-09 18:14:42 - [TEST_STEP][PASSED] - Project_No = I.ProjectNo(): Current window's url is: 'http://mdb-release.diadeis.lan/MediaboxIndependence/Base/ExecAction?IDSession=MBI%21RELTESTAUTO_TAG%21TCEWE5H5K2ELB8EN2R3LH1PL6JQRKJDHKZ42JTVB&default_action=AfficheFichesProjet&id_project=MI003403'

2022-06-09 18:14:47 - [MESSAGE][PASSED] - Delayed 5 second(s)

2022-06-09 18:14:48 - [MESSAGE][PASSED] - Current window's url is: 'http://mdb-release.diadeis.lan/MediaboxIndependence/Base/ExecAction?IDSession=MBI%21RELTESTAUTO_TAG%21TCEWE5H5K2ELB8EN2R3LH1PL6JQRKJDHKZ42JTVB&default_action=AfficheFichesProjet&id_project=MI003403'

2022-06-09 18:14:48 - [TEST_STEP][PASSED] - takeScreenshot(): Taking screenshot successfully

2022-06-09 18:14:48 - [MESSAGE][PASSED] - Taking screenshot successfully
[[ATTACHMENT|D:\\Projet Test Auto\\Mediabox Test Automation\\Reports\\20220609_181011\\03. Parallel Testing (Testing)\\TS -PT PART 3\\04 Tag Simulateneous\\20220609_181037\\1654791288041.png]]

2022-06-09 18:14:48 - [TEST_STEP][PASSED] - click(findTestObject("1. Constant/xpath", ["xpath":"//*[@id="create_ref_btn"]/button"])): Object: 'Object Repository/1. Constant/xpath' is clicked on

2022-06-09 18:14:48 - [MESSAGE][PASSED] - Object: 'Object Repository/1. Constant/xpath' is clicked on

2022-06-09 18:14:48 - [TEST_STEP][PASSED] - click(findTestObject("1. Constant/xpath", ["xpath":"//*[@id="create_ref_btn"]/div/a[1]"])): Object: 'Object Repository/1. Constant/xpath' is clicked on

2022-06-09 18:14:54 - [MESSAGE][PASSED] - Object: 'Object Repository/1. Constant/xpath' is clicked on

2022-06-09 18:14:54 - [TEST_STEP][PASSED] - takeScreenshot(): Taking screenshot successfully

2022-06-09 18:14:55 - [MESSAGE][PASSED] - Taking screenshot successfully
[[ATTACHMENT|D:\\Projet Test Auto\\Mediabox Test Automation\\Reports\\20220609_181011\\03. Parallel Testing (Testing)\\TS -PT PART 3\\04 Tag Simulateneous\\20220609_181037\\1654791294831.png]]

2022-06-09 18:14:55 - [TEST_STEP][PASSED] - I.SelectFromList_Value("//*[@id="ref_type"]", "5"): Delayed 2 second(s)

2022-06-09 18:14:58 - [MESSAGE][PASSED] - All options with value '5' are selected in object 'Object Repository/1. Constant/xpath' 

2022-06-09 18:15:00 - [MESSAGE][PASSED] - Delayed 2 second(s)

2022-06-09 18:15:00 - [TEST_STEP][PASSED] - click(findTestObject("1. Constant/xpath", ["xpath":"//*[@id="ModifFiche"]/div[1]/div/button"])): Object: 'Object Repository/1. Constant/xpath' is clicked on

2022-06-09 18:15:07 - [MESSAGE][PASSED] - Object: 'Object Repository/1. Constant/xpath' is clicked on

2022-06-09 18:15:07 - [TEST_STEP][PASSED] - delay(1): Delayed 1 second(s)

2022-06-09 18:15:08 - [MESSAGE][PASSED] - Delayed 1 second(s)

2022-06-09 18:15:08 - [TEST_STEP][PASSED] - refID = I.RefID_tag(): Current window's url is: 'http://mdb-release.diadeis.lan/MediaboxIndependence/Base/ExecAction?IDSession=MBI%21RELTESTAUTO_TAG%21TCEWE5H5K2ELB8EN2R3LH1PL6JQRKJDHKZ42JTVB&default_action=ModifierRef&id_project=MI003403&id_ref=24425&action_from=create_ref'

2022-06-09 18:15:13 - [MESSAGE][PASSED] - Delayed 5 second(s)

2022-06-09 18:15:14 - [MESSAGE][PASSED] - Current window's url is: 'http://mdb-release.diadeis.lan/MediaboxIndependence/Base/ExecAction?IDSession=MBI%21RELTESTAUTO_TAG%21TCEWE5H5K2ELB8EN2R3LH1PL6JQRKJDHKZ42JTVB&default_action=ModifierRef&id_project=MI003403&id_ref=24425&action_from=create_ref'

2022-06-09 18:15:14 - [TEST_STEP][PASSED] - click(findTestObject("1. Constant/xpath", ["xpath":"//*[@id="ModifFiche"]/div[1]/div[1]/a"])): Object: 'Object Repository/1. Constant/xpath' is clicked on

2022-06-09 18:15:17 - [MESSAGE][PASSED] - Object: 'Object Repository/1. Constant/xpath' is clicked on

2022-06-09 18:15:17 - [TEST_STEP][PASSED] - delay(1): Delayed 1 second(s)

2022-06-09 18:15:18 - [MESSAGE][PASSED] - Delayed 1 second(s)

2022-06-09 18:15:18 - [TEST_STEP][PASSED] - I.writenotepad("D:\Upoad_File\Projet_ Login\Tag\11.01 Tag Project_No\11.01_Tag_ProjectNo.txt", Project_No): null

2022-06-09 18:15:18 - [TEST_STEP][PASSED] - I.writenotepad("D:\Upoad_File\Projet_ Login\Tag\11.01 Tag Project_No\11.01_Tag_refID.txt", refID): null

2022-06-09 18:15:18 - [TEST_STEP][PASSED] - I.superedit_ref(findTestObject("1. Constant/xpath", ["xpath":"//*[@id="source_" + refID + ""]/td[15]/div[2]/button"]), findTestObject("1. Constant/xpath", ["xpath":"//*[@id="source_" + refID + ""]/td[15]/div[2]/div/a[4]"])): Object: 'Object Repository/1. Constant/xpath' is clicked on

2022-06-09 18:15:19 - [MESSAGE][PASSED] - Object: 'Object Repository/1. Constant/xpath' is clicked on

2022-06-09 18:15:22 - [MESSAGE][PASSED] - Delayed 3 second(s)

2022-06-09 18:15:31 - [MESSAGE][PASSED] - Object: 'Object Repository/1. Constant/xpath' is clicked on

2022-06-09 18:15:31 - [TEST_STEP][PASSED] - delay(1): Delayed 1 second(s)

2022-06-09 18:15:32 - [MESSAGE][PASSED] - Delayed 1 second(s)

2022-06-09 18:15:32 - [TEST_STEP][PASSED] - setText(findTestObject("1. Constant/xpath", ["xpath":"//*[@id="var_117"]"]), "W1_SUPER_EDIT_JEDUN"): Text 'W1_SUPER_EDIT_JEDUN' is set on object 'Object Repository/1. Constant/xpath'

2022-06-09 18:15:34 - [MESSAGE][PASSED] - Text 'W1_SUPER_EDIT_JEDUN' is set on object 'Object Repository/1. Constant/xpath'

2022-06-09 18:15:34 - [TEST_STEP][PASSED] - currentWindow = getWindowIndex(): Current window's index is: 0

2022-06-09 18:15:34 - [MESSAGE][PASSED] - Current window's index is: 0

2022-06-09 18:15:34 - [TEST_STEP][PASSED] - driver2 = new org.openqa.selenium.chrome.ChromeDriver(): null

2022-06-09 18:15:39 - [TEST_STEP][PASSED] - changeWebDriver(driver2): null

2022-06-09 18:15:39 - [TEST_STEP][PASSED] - maximizeWindow(): Current window maximized

2022-06-09 18:15:39 - [MESSAGE][PASSED] - Current window maximized

2022-06-09 18:15:39 - [TEST_STEP][PASSED] - navigateToUrl(Url_Tag): Navigate to 'http://mdb-release.diadeis.lan/MediaboxIndependence/?MBI_datasource=RELTESTAUTO_TAG' successfully

2022-06-09 18:15:45 - [MESSAGE][PASSED] - Navigate to 'http://mdb-release.diadeis.lan/MediaboxIndependence/?MBI_datasource=RELTESTAUTO_TAG' successfully

2022-06-09 18:15:45 - [TEST_STEP][PASSED] - waitForPageLoad(30): Wait for page load successfully

2022-06-09 18:15:45 - [MESSAGE][PASSED] - Wait for page load successfully

2022-06-09 18:15:45 - [TEST_STEP][PASSED] - I.Login_password("tliu", password_tliu): Object: 'Object Repository/1. Constant/xpath' is clicked on

2022-06-09 18:15:45 - [MESSAGE][PASSED] - Text 'tliu' is set on object 'Object Repository/1. Constant/xpath'

2022-06-09 18:15:46 - [MESSAGE][PASSED] - Delayed 1 second(s)

2022-06-09 18:15:47 - [MESSAGE][PASSED] - Text 'dchi' is set on object 'Object Repository/1. Constant/xpath'

2022-06-09 18:15:48 - [MESSAGE][PASSED] - Delayed 1 second(s)

2022-06-09 18:16:00 - [MESSAGE][PASSED] - Object: 'Object Repository/1. Constant/xpath' is clicked on

2022-06-09 18:16:00 - [TEST_STEP][PASSED] - takeScreenshot(): Taking screenshot successfully

2022-06-09 18:16:01 - [MESSAGE][PASSED] - Taking screenshot successfully
[[ATTACHMENT|D:\\Projet Test Auto\\Mediabox Test Automation\\Reports\\20220609_181011\\03. Parallel Testing (Testing)\\TS -PT PART 3\\04 Tag Simulateneous\\20220609_181037\\1654791361090.png]]

2022-06-09 18:16:01 - [TEST_STEP][PASSED] - click(findTestObject("1. Constant/02_LHSMenu_Projects")): Object: 'Object Repository/1. Constant/02_LHSMenu_Projects' is clicked on

2022-06-09 18:16:05 - [MESSAGE][PASSED] - Object: 'Object Repository/1. Constant/02_LHSMenu_Projects' is clicked on

2022-06-09 18:16:05 - [TEST_STEP][PASSED] - I.SearchProjectNo_xpath(Project_No, "//*[@id="keynum_project"]", "//*[@id="form_filters"]/div[4]/button"): Delayed 5 second(s)

2022-06-09 18:16:06 - [MESSAGE][PASSED] - Delayed 1 second(s)

2022-06-09 18:16:08 - [MESSAGE][PASSED] - Text 'MI003403' is set on object 'Object Repository/1. Constant/xpath'

2022-06-09 18:16:11 - [MESSAGE][PASSED] - Delayed 3 second(s)

2022-06-09 18:16:11 - [MESSAGE][PASSED] - Scroll to object 'Object Repository/1. Constant/xpath' successfully

2022-06-09 18:16:17 - [MESSAGE][PASSED] - Object: 'Object Repository/1. Constant/xpath' is clicked on

2022-06-09 18:16:22 - [MESSAGE][PASSED] - Delayed 5 second(s)

2022-06-09 18:16:22 - [TEST_STEP][PASSED] - delay(3): Delayed 3 second(s)

2022-06-09 18:16:25 - [MESSAGE][PASSED] - Delayed 3 second(s)

2022-06-09 18:16:25 - [TEST_STEP][PASSED] - I.superedit_ref(findTestObject("1. Constant/xpath", ["xpath":"//*[@id="source_" + refID + ""]/td[13]/div/button"]), findTestObject("1. Constant/xpath", ["xpath":"//*[@id="source_" + refID + ""]/td[13]/div/div/a[4]"])): Object: 'Object Repository/1. Constant/xpath' is clicked on

2022-06-09 18:16:28 - [MESSAGE][PASSED] - Object: 'Object Repository/1. Constant/xpath' is clicked on

2022-06-09 18:16:31 - [MESSAGE][PASSED] - Delayed 3 second(s)

2022-06-09 18:16:35 - [MESSAGE][PASSED] - Object: 'Object Repository/1. Constant/xpath' is clicked on

2022-06-09 18:16:35 - [TEST_STEP][PASSED] - delay(1): Delayed 1 second(s)

2022-06-09 18:16:36 - [MESSAGE][PASSED] - Delayed 1 second(s)

2022-06-09 18:16:36 - [TEST_STEP][PASSED] - setText(findTestObject("1. Constant/xpath", ["xpath":"//*[@id="var_117"]"]), "W2_SUPER_EDIT_TINA"): Text 'W2_SUPER_EDIT_TINA' is set on object 'Object Repository/1. Constant/xpath'

2022-06-09 18:16:38 - [MESSAGE][PASSED] - Text 'W2_SUPER_EDIT_TINA' is set on object 'Object Repository/1. Constant/xpath'

2022-06-09 18:16:38 - [TEST_STEP][PASSED] - click(findTestObject("1. Constant/xpath", ["xpath":"//*[@id="ModifFiche"]/div[1]/div/button"])): Object: 'Object Repository/1. Constant/xpath' is clicked on

2022-06-09 18:16:44 - [MESSAGE][PASSED] - Object: 'Object Repository/1. Constant/xpath' is clicked on

2022-06-09 18:16:44 - [TEST_STEP][PASSED] - I.VerifyMatchToastrmsg("//*[@id="toast-container"]/div/div[2]", "Modifications of the reference W2_SUPER_EDIT_TINA____ have been saved"): Actual text 'Modifications of the reference W2_SUPER_EDIT_TINA____ have been saved' and expected text 'Modifications of the reference W2_SUPER_EDIT_TINA____ have been saved' are matched 

2022-06-09 18:16:45 - [MESSAGE][PASSED] - Object 'Object Repository/1. Constant/xpath' is visible

2022-06-09 18:16:45 - [MESSAGE][PASSED] - Text of object 'Object Repository/1. Constant/xpath' is: 'Modifications of the reference W2_SUPER_EDIT_TINA____ have been saved'

2022-06-09 18:16:46 - [MESSAGE][PASSED] - Taking screenshot successfully
[[ATTACHMENT|D:\\Projet Test Auto\\Mediabox Test Automation\\Reports\\20220609_181011\\03. Parallel Testing (Testing)\\TS -PT PART 3\\04 Tag Simulateneous\\20220609_181037\\1654791405773.png]]

2022-06-09 18:16:46 - [MESSAGE][PASSED] - Actual text 'Modifications of the reference W2_SUPER_EDIT_TINA____ have been saved' and expected text 'Modifications of the reference W2_SUPER_EDIT_TINA____ have been saved' are matched 

2022-06-09 18:16:46 - [TEST_STEP][PASSED] - changeWebDriver(driver1): null

2022-06-09 18:16:46 - [TEST_STEP][PASSED] - I.click_button_javascript(findTestObject("1. Constant/xpath", ["xpath":"//*[@id="ModifFiche"]/div[1]/div/button"])): Execute JavaScript 'arguments[0].click()' successfully

2022-06-09 18:16:47 - [MESSAGE][PASSED] - Execute JavaScript 'arguments[0].click()' successfully

2022-06-09 18:16:47 - [TEST_STEP][PASSED] - I.VerifyMatchToastrmsg("//*[@id="toast-container"]/div/div[2]", "Your changes can't be saved because another user updated values in this form in the meantime. Please reload the page to display them."): Actual text 'Your changes can't be saved because another user updated values in this form in the meantime. Please reload the page to display them.' and expected text 'Your changes can't be saved because another user updated values in this form in the meantime. Please reload the page to display them.' are matched 

2022-06-09 18:16:48 - [MESSAGE][PASSED] - Object 'Object Repository/1. Constant/xpath' is visible

2022-06-09 18:16:49 - [MESSAGE][PASSED] - Text of object 'Object Repository/1. Constant/xpath' is: 'Your changes can't be saved because another user updated values in this form in the meantime. Please reload the page to display them.'

2022-06-09 18:16:49 - [MESSAGE][PASSED] - Taking screenshot successfully
[[ATTACHMENT|D:\\Projet Test Auto\\Mediabox Test Automation\\Reports\\20220609_181011\\03. Parallel Testing (Testing)\\TS -PT PART 3\\04 Tag Simulateneous\\20220609_181037\\1654791409473.png]]

2022-06-09 18:16:49 - [MESSAGE][PASSED] - Actual text 'Your changes can't be saved because another user updated values in this form in the meantime. Please reload the page to display them.' and expected text 'Your changes can't be saved because another user updated values in this form in the meantime. Please reload the page to display them.' are matched 

2022-06-09 18:16:49 - [TEST_STEP][PASSED] - I.click_button_javascript(findTestObject("1. Constant/xpath", ["xpath":"//*[@id="ModifFiche"]/div[1]/div/a"])): Execute JavaScript 'arguments[0].click()' successfully

2022-06-09 18:16:53 - [MESSAGE][PASSED] - Execute JavaScript 'arguments[0].click()' successfully

2022-06-09 18:16:53 - [TEST_STEP][PASSED] - delay(1): Delayed 1 second(s)

2022-06-09 18:16:54 - [MESSAGE][PASSED] - Delayed 1 second(s)

2022-06-09 18:16:54 - [TEST_STEP][PASSED] - click(findTestObject("1. Constant/xpath", ["xpath":"//*[@id="source_" + refID + ""]/td[6]/a"])): Object: 'Object Repository/1. Constant/xpath' is clicked on

2022-06-09 18:17:00 - [MESSAGE][PASSED] - Object: 'Object Repository/1. Constant/xpath' is clicked on

2022-06-09 18:17:00 - [TEST_STEP][PASSED] - delay(1): Delayed 1 second(s)

2022-06-09 18:17:01 - [MESSAGE][PASSED] - Delayed 1 second(s)

2022-06-09 18:17:01 - [TEST_STEP][PASSED] - I.VerifyMatchText("/html/body/div[1]/div[2]/div[8]/div[3]/div/div[3]/div[1]/div/div[1]/div/div[2]/div[2]/div[1]/div[2]/div[1]/div/span", "W2_SUPER_EDIT_TINA"): Actual text 'W2_SUPER_EDIT_TINA' and expected text 'W2_SUPER_EDIT_TINA' are matched 

2022-06-09 18:17:02 - [MESSAGE][PASSED] - Text of object 'Object Repository/1. Constant/xpath' is: 'W2_SUPER_EDIT_TINA'

2022-06-09 18:17:03 - [MESSAGE][PASSED] - Delayed 1 second(s)

2022-06-09 18:17:03 - [MESSAGE][PASSED] - Actual text 'W2_SUPER_EDIT_TINA' and expected text 'W2_SUPER_EDIT_TINA' are matched 

2022-06-09 18:17:03 - [TEST_STEP][PASSED] - closeBrowser(): Browser is closed

2022-06-09 18:17:15 - [MESSAGE][PASSED] - Browser is closed

2022-06-09 18:17:15 - [TEST_STEP][PASSED] - changeWebDriver(driver2): null

2022-06-09 18:17:16 - [TEST_STEP][PASSED] - closeBrowser(): Browser is closed

2022-06-09 18:17:18 - [MESSAGE][PASSED] - Browser is closed

2022-06-09 18:17:18 - [TEST_STEP][PASSED] - Start listener action : sampleAfterTestCase: null]]></system-out>
         <system-err><![CDATA[]]></system-err>
      </testcase>
      <testcase name="Test Cases/11. Tag Simultaneous Modification of ref (P1 - P4 consecutive)/11.2 Tag Simultaneous Modification of Ref (Update) PART 2" time="149.682" classname="Test Cases/11. Tag Simultaneous Modification of ref (P1 - P4 consecutive)/11.2 Tag Simultaneous Modification of Ref (Update) PART 2" status="PASSED">
         <system-out><![CDATA[2022-06-09 18:17:18 - [TEST_CASE][PASSED] - Test Cases/11. Tag Simultaneous Modification of ref (P1 - P4 consecutive)/11.2 Tag Simultaneous Modification of Ref (Update) PART 2: Test Cases/11. Tag Simultaneous Modification of ref (P1 - P4 consecutive)/11.2 Tag Simultaneous Modification of Ref (Update) PART 2

2022-06-09 18:17:19 - [TEST_STEP][PASSED] - data_Tag = findTestData("Data Files/Username_Password/Tag"): null

2022-06-09 18:17:19 - [TEST_STEP][PASSED] - password_jedun = data_Tag.getValue(3, 1): null

2022-06-09 18:17:19 - [TEST_STEP][PASSED] - password_tliu = data_Tag.getValue(3, 8): null

2022-06-09 18:17:19 - [TEST_STEP][PASSED] - data_urlRELAUTO = findTestData("Data Files/URL/URL_relauto"): null

2022-06-09 18:17:19 - [TEST_STEP][PASSED] - Url_Tag = data_urlRELAUTO.getValue(2, 3): null

2022-06-09 18:17:19 - [TEST_STEP][PASSED] - Project_No = I.readnotepad("D:\Upoad_File\Projet_ Login\Tag\11.01 Tag Project_No\11.01_Tag_ProjectNo.txt"): null

2022-06-09 18:17:19 - [TEST_STEP][PASSED] - refID = I.readnotepad("D:\Upoad_File\Projet_ Login\Tag\11.01 Tag Project_No\11.01_Tag_refID.txt"): null

2022-06-09 18:17:19 - [TEST_STEP][PASSED] - System.setProperty("webdriver.chrome.driver", "D:\Katalon_Studio\configuration\resources\drivers\chromedriver_win32\chromedriver.exe"): null

2022-06-09 18:17:19 - [TEST_STEP][PASSED] - driver1 = new org.openqa.selenium.chrome.ChromeDriver(): null

2022-06-09 18:17:24 - [TEST_STEP][PASSED] - changeWebDriver(driver1): null

2022-06-09 18:17:24 - [TEST_STEP][PASSED] - delay(1): Delayed 1 second(s)

2022-06-09 18:17:25 - [MESSAGE][PASSED] - Delayed 1 second(s)

2022-06-09 18:17:25 - [TEST_STEP][PASSED] - navigateToUrl(Url_Tag): Navigate to 'http://mdb-release.diadeis.lan/MediaboxIndependence/?MBI_datasource=RELTESTAUTO_TAG' successfully

2022-06-09 18:17:29 - [MESSAGE][PASSED] - Navigate to 'http://mdb-release.diadeis.lan/MediaboxIndependence/?MBI_datasource=RELTESTAUTO_TAG' successfully

2022-06-09 18:17:29 - [TEST_STEP][PASSED] - maximizeWindow(): Current window maximized

2022-06-09 18:17:29 - [MESSAGE][PASSED] - Current window maximized

2022-06-09 18:17:29 - [TEST_STEP][PASSED] - waitForPageLoad(30): Wait for page load successfully

2022-06-09 18:17:29 - [MESSAGE][PASSED] - Wait for page load successfully

2022-06-09 18:17:29 - [TEST_STEP][PASSED] - takeScreenshot(): Taking screenshot successfully

2022-06-09 18:17:30 - [MESSAGE][PASSED] - Taking screenshot successfully
[[ATTACHMENT|D:\\Projet Test Auto\\Mediabox Test Automation\\Reports\\20220609_181011\\03. Parallel Testing (Testing)\\TS -PT PART 3\\04 Tag Simulateneous\\20220609_181037\\1654791449877.png]]

2022-06-09 18:17:30 - [TEST_STEP][PASSED] - I.Login_password("jedun", password_jedun): Object: 'Object Repository/1. Constant/xpath' is clicked on

2022-06-09 18:17:30 - [MESSAGE][PASSED] - Text 'jedun' is set on object 'Object Repository/1. Constant/xpath'

2022-06-09 18:17:31 - [MESSAGE][PASSED] - Delayed 1 second(s)

2022-06-09 18:17:32 - [MESSAGE][PASSED] - Text 'dchi' is set on object 'Object Repository/1. Constant/xpath'

2022-06-09 18:17:33 - [MESSAGE][PASSED] - Delayed 1 second(s)

2022-06-09 18:17:40 - [MESSAGE][PASSED] - Object: 'Object Repository/1. Constant/xpath' is clicked on

2022-06-09 18:17:40 - [TEST_STEP][PASSED] - click(findTestObject("1. Constant/02_LHSMenu_Projects")): Object: 'Object Repository/1. Constant/02_LHSMenu_Projects' is clicked on

2022-06-09 18:17:47 - [MESSAGE][PASSED] - Object: 'Object Repository/1. Constant/02_LHSMenu_Projects' is clicked on

2022-06-09 18:17:47 - [TEST_STEP][PASSED] - I.SearchProjectNo_xpath(Project_No, "//*[@id="keynum_project"]", "//*[@id="form_filters"]/div[7]/button"): Delayed 5 second(s)

2022-06-09 18:17:48 - [MESSAGE][PASSED] - Delayed 1 second(s)

2022-06-09 18:17:48 - [MESSAGE][PASSED] - Text 'MI003403' is set on object 'Object Repository/1. Constant/xpath'

2022-06-09 18:17:51 - [MESSAGE][PASSED] - Delayed 3 second(s)

2022-06-09 18:17:52 - [MESSAGE][PASSED] - Scroll to object 'Object Repository/1. Constant/xpath' successfully

2022-06-09 18:17:57 - [MESSAGE][PASSED] - Object: 'Object Repository/1. Constant/xpath' is clicked on

2022-06-09 18:18:02 - [MESSAGE][PASSED] - Delayed 5 second(s)

2022-06-09 18:18:02 - [TEST_STEP][PASSED] - click(findTestObject("1. Constant/xpath", ["xpath":"//*[@id="source_" + refID + ""]/td[15]/a[3]"])): Object: 'Object Repository/1. Constant/xpath' is clicked on

2022-06-09 18:18:07 - [MESSAGE][PASSED] - Object: 'Object Repository/1. Constant/xpath' is clicked on

2022-06-09 18:18:07 - [TEST_STEP][PASSED] - delay(1): Delayed 1 second(s)

2022-06-09 18:18:08 - [MESSAGE][PASSED] - Delayed 1 second(s)

2022-06-09 18:18:08 - [TEST_STEP][PASSED] - setText(findTestObject("1. Constant/xpath", ["xpath":"//*[@id="var_143"]"]), "W1_UPDATE_JEDUN_PART2"): Text 'W1_UPDATE_JEDUN_PART2' is set on object 'Object Repository/1. Constant/xpath'

2022-06-09 18:18:11 - [MESSAGE][PASSED] - Text 'W1_UPDATE_JEDUN_PART2' is set on object 'Object Repository/1. Constant/xpath'

2022-06-09 18:18:11 - [TEST_STEP][PASSED] - driver2 = new org.openqa.selenium.chrome.ChromeDriver(): null

2022-06-09 18:18:15 - [TEST_STEP][PASSED] - changeWebDriver(driver2): null

2022-06-09 18:18:15 - [TEST_STEP][PASSED] - maximizeWindow(): Current window maximized

2022-06-09 18:18:15 - [MESSAGE][PASSED] - Current window maximized

2022-06-09 18:18:15 - [TEST_STEP][PASSED] - delay(1): Delayed 1 second(s)

2022-06-09 18:18:16 - [MESSAGE][PASSED] - Delayed 1 second(s)

2022-06-09 18:18:16 - [TEST_STEP][PASSED] - navigateToUrl(Url_Tag): Navigate to 'http://mdb-release.diadeis.lan/MediaboxIndependence/?MBI_datasource=RELTESTAUTO_TAG' successfully

2022-06-09 18:18:26 - [MESSAGE][PASSED] - Navigate to 'http://mdb-release.diadeis.lan/MediaboxIndependence/?MBI_datasource=RELTESTAUTO_TAG' successfully

2022-06-09 18:18:26 - [TEST_STEP][PASSED] - waitForPageLoad(30): Wait for page load successfully

2022-06-09 18:18:26 - [MESSAGE][PASSED] - Wait for page load successfully

2022-06-09 18:18:26 - [TEST_STEP][PASSED] - I.Login_password("tliu", password_tliu): Object: 'Object Repository/1. Constant/xpath' is clicked on

2022-06-09 18:18:26 - [MESSAGE][PASSED] - Text 'tliu' is set on object 'Object Repository/1. Constant/xpath'

2022-06-09 18:18:27 - [MESSAGE][PASSED] - Delayed 1 second(s)

2022-06-09 18:18:27 - [MESSAGE][PASSED] - Text 'dchi' is set on object 'Object Repository/1. Constant/xpath'

2022-06-09 18:18:28 - [MESSAGE][PASSED] - Delayed 1 second(s)

2022-06-09 18:18:44 - [MESSAGE][PASSED] - Object: 'Object Repository/1. Constant/xpath' is clicked on

2022-06-09 18:18:44 - [TEST_STEP][PASSED] - takeScreenshot(): Taking screenshot successfully

2022-06-09 18:18:46 - [MESSAGE][PASSED] - Taking screenshot successfully
[[ATTACHMENT|D:\\Projet Test Auto\\Mediabox Test Automation\\Reports\\20220609_181011\\03. Parallel Testing (Testing)\\TS -PT PART 3\\04 Tag Simulateneous\\20220609_181037\\1654791525283.png]]

2022-06-09 18:18:46 - [TEST_STEP][PASSED] - click(findTestObject("1. Constant/02_LHSMenu_Projects")): Object: 'Object Repository/1. Constant/02_LHSMenu_Projects' is clicked on

2022-06-09 18:18:50 - [MESSAGE][PASSED] - Object: 'Object Repository/1. Constant/02_LHSMenu_Projects' is clicked on

2022-06-09 18:18:50 - [TEST_STEP][PASSED] - I.SearchProjectNo_xpath(Project_No, "//*[@id="keynum_project"]", "//*[@id="form_filters"]/div[4]/button"): Delayed 5 second(s)

2022-06-09 18:18:51 - [MESSAGE][PASSED] - Delayed 1 second(s)

2022-06-09 18:18:52 - [MESSAGE][PASSED] - Text 'MI003403' is set on object 'Object Repository/1. Constant/xpath'

2022-06-09 18:18:55 - [MESSAGE][PASSED] - Delayed 3 second(s)

2022-06-09 18:18:55 - [MESSAGE][PASSED] - Scroll to object 'Object Repository/1. Constant/xpath' successfully

2022-06-09 18:18:59 - [MESSAGE][PASSED] - Object: 'Object Repository/1. Constant/xpath' is clicked on

2022-06-09 18:19:04 - [MESSAGE][PASSED] - Delayed 5 second(s)

2022-06-09 18:19:04 - [TEST_STEP][PASSED] - click(findTestObject("1. Constant/xpath", ["xpath":"//*[@id="source_" + refID + ""]/td[13]/a[3]"])): Object: 'Object Repository/1. Constant/xpath' is clicked on

2022-06-09 18:19:06 - [MESSAGE][PASSED] - Object: 'Object Repository/1. Constant/xpath' is clicked on

2022-06-09 18:19:06 - [TEST_STEP][PASSED] - delay(1): Delayed 1 second(s)

2022-06-09 18:19:07 - [MESSAGE][PASSED] - Delayed 1 second(s)

2022-06-09 18:19:07 - [TEST_STEP][PASSED] - setText(findTestObject("1. Constant/xpath", ["xpath":"//*[@id="var_143"]"]), "W2_UPDATE_TLIU_PART2"): Text 'W2_UPDATE_TLIU_PART2' is set on object 'Object Repository/1. Constant/xpath'

2022-06-09 18:19:08 - [MESSAGE][PASSED] - Text 'W2_UPDATE_TLIU_PART2' is set on object 'Object Repository/1. Constant/xpath'

2022-06-09 18:19:08 - [TEST_STEP][PASSED] - takeScreenshot(): Taking screenshot successfully

2022-06-09 18:19:08 - [MESSAGE][PASSED] - Taking screenshot successfully
[[ATTACHMENT|D:\\Projet Test Auto\\Mediabox Test Automation\\Reports\\20220609_181011\\03. Parallel Testing (Testing)\\TS -PT PART 3\\04 Tag Simulateneous\\20220609_181037\\1654791548533.png]]

2022-06-09 18:19:08 - [TEST_STEP][PASSED] - I.click_button_javascript(findTestObject("1. Constant/xpath", ["xpath":"//*[@id="ModifFiche"]/div[1]/div/button[1]"])): Execute JavaScript 'arguments[0].click()' successfully

2022-06-09 18:19:13 - [MESSAGE][PASSED] - Execute JavaScript 'arguments[0].click()' successfully

2022-06-09 18:19:13 - [TEST_STEP][PASSED] - delay(1): Delayed 1 second(s)

2022-06-09 18:19:14 - [MESSAGE][PASSED] - Delayed 1 second(s)

2022-06-09 18:19:14 - [TEST_STEP][PASSED] - verifyTextPresent("References List", false): Text 'References List' is present on page 

2022-06-09 18:19:15 - [MESSAGE][PASSED] - Text 'References List' is present on page 

2022-06-09 18:19:15 - [TEST_STEP][PASSED] - takeScreenshot(): Taking screenshot successfully

2022-06-09 18:19:15 - [MESSAGE][PASSED] - Taking screenshot successfully
[[ATTACHMENT|D:\\Projet Test Auto\\Mediabox Test Automation\\Reports\\20220609_181011\\03. Parallel Testing (Testing)\\TS -PT PART 3\\04 Tag Simulateneous\\20220609_181037\\1654791555593.png]]

2022-06-09 18:19:15 - [TEST_STEP][PASSED] - changeWebDriver(driver1): null

2022-06-09 18:19:15 - [TEST_STEP][PASSED] - takeScreenshot(): Taking screenshot successfully

2022-06-09 18:19:16 - [MESSAGE][PASSED] - Taking screenshot successfully
[[ATTACHMENT|D:\\Projet Test Auto\\Mediabox Test Automation\\Reports\\20220609_181011\\03. Parallel Testing (Testing)\\TS -PT PART 3\\04 Tag Simulateneous\\20220609_181037\\1654791556058.png]]

2022-06-09 18:19:16 - [TEST_STEP][PASSED] - I.click_button_javascript(findTestObject("1. Constant/xpath", ["xpath":"//*[@id="ModifFiche"]/div[1]/div/button[1]"])): Execute JavaScript 'arguments[0].click()' successfully

2022-06-09 18:19:16 - [MESSAGE][PASSED] - Execute JavaScript 'arguments[0].click()' successfully

2022-06-09 18:19:16 - [TEST_STEP][PASSED] - I.VerifyMatchToastrmsg("//*[@id="toast-container"]/div/div[2]", "Your changes can't be saved because another user updated values in this form in the meantime. Please reload the page to display them."): Actual text 'Your changes can't be saved because another user updated values in this form in the meantime. Please reload the page to display them.' and expected text 'Your changes can't be saved because another user updated values in this form in the meantime. Please reload the page to display them.' are matched 

2022-06-09 18:19:16 - [MESSAGE][PASSED] - Object 'Object Repository/1. Constant/xpath' is visible

2022-06-09 18:19:17 - [MESSAGE][PASSED] - Text of object 'Object Repository/1. Constant/xpath' is: 'Your changes can't be saved because another user updated values in this form in the meantime. Please reload the page to display them.'

2022-06-09 18:19:17 - [MESSAGE][PASSED] - Taking screenshot successfully
[[ATTACHMENT|D:\\Projet Test Auto\\Mediabox Test Automation\\Reports\\20220609_181011\\03. Parallel Testing (Testing)\\TS -PT PART 3\\04 Tag Simulateneous\\20220609_181037\\1654791557188.png]]

2022-06-09 18:19:17 - [MESSAGE][PASSED] - Actual text 'Your changes can't be saved because another user updated values in this form in the meantime. Please reload the page to display them.' and expected text 'Your changes can't be saved because another user updated values in this form in the meantime. Please reload the page to display them.' are matched 

2022-06-09 18:19:17 - [TEST_STEP][PASSED] - I.click_button_javascript(findTestObject("1. Constant/xpath", ["xpath":"//*[@id="ModifFiche"]/div[1]/div/a"])): Execute JavaScript 'arguments[0].click()' successfully

2022-06-09 18:19:21 - [MESSAGE][PASSED] - Execute JavaScript 'arguments[0].click()' successfully

2022-06-09 18:19:21 - [TEST_STEP][PASSED] - delay(1): Delayed 1 second(s)

2022-06-09 18:19:22 - [MESSAGE][PASSED] - Delayed 1 second(s)

2022-06-09 18:19:22 - [TEST_STEP][PASSED] - click(findTestObject("1. Constant/xpath", ["xpath":"//*[@id="source_" + refID + ""]/td[6]/a"])): Object: 'Object Repository/1. Constant/xpath' is clicked on

2022-06-09 18:19:31 - [MESSAGE][PASSED] - Object: 'Object Repository/1. Constant/xpath' is clicked on

2022-06-09 18:19:31 - [TEST_STEP][PASSED] - delay(1): Delayed 1 second(s)

2022-06-09 18:19:32 - [MESSAGE][PASSED] - Delayed 1 second(s)

2022-06-09 18:19:32 - [TEST_STEP][PASSED] - text = getText(findTestObject("1. Constant/xpath", ["xpath":"/html/body/div[1]/div[2]/div[8]/div[3]/div/div[3]/div[1]/div/div[1]/div/div[2]/div[2]/div[1]/div[2]/div[8]/div"])): Text of object 'Object Repository/1. Constant/xpath' is: 'W2_UPDATE_TLIU_PART2'

2022-06-09 18:19:33 - [MESSAGE][PASSED] - Text of object 'Object Repository/1. Constant/xpath' is: 'W2_UPDATE_TLIU_PART2'

2022-06-09 18:19:33 - [TEST_STEP][PASSED] - verifyMatch(text, "W2_UPDATE_TLIU_PART2", false): Actual text 'W2_UPDATE_TLIU_PART2' and expected text 'W2_UPDATE_TLIU_PART2' are matched 

2022-06-09 18:19:33 - [MESSAGE][PASSED] - Actual text 'W2_UPDATE_TLIU_PART2' and expected text 'W2_UPDATE_TLIU_PART2' are matched 

2022-06-09 18:19:33 - [TEST_STEP][PASSED] - closeBrowser(): Browser is closed

2022-06-09 18:19:36 - [MESSAGE][PASSED] - Browser is closed

2022-06-09 18:19:36 - [TEST_STEP][PASSED] - changeWebDriver(driver2): null

2022-06-09 18:19:36 - [TEST_STEP][PASSED] - closeBrowser(): Browser is closed

2022-06-09 18:19:48 - [MESSAGE][PASSED] - Browser is closed

2022-06-09 18:19:48 - [TEST_STEP][PASSED] - Start listener action : sampleAfterTestCase: null]]></system-out>
         <system-err><![CDATA[]]></system-err>
      </testcase>
      <testcase name="Test Cases/11. Tag Simultaneous Modification of ref (P1 - P4 consecutive)/11.3 Tag Simultaneous Modif of ref (Edit) PART 3" time="177.11" classname="Test Cases/11. Tag Simultaneous Modification of ref (P1 - P4 consecutive)/11.3 Tag Simultaneous Modif of ref (Edit) PART 3" status="FAILED">
         <failure type="FAILED" message="Test Cases/11. Tag Simultaneous Modification of ref (P1 - P4 consecutive)/11.3 Tag Simultaneous Modif of ref (Edit) PART 3 FAILED.
Reason:
com.kms.katalon.core.exception.StepFailedException: Unable to get text of object 'Object Repository/1. Constant/xpath'
	at com.kms.katalon.core.webui.keyword.internal.WebUIKeywordMain.stepFailed(WebUIKeywordMain.groovy:64)
	at com.kms.katalon.core.webui.keyword.internal.WebUIKeywordMain.runKeyword(WebUIKeywordMain.groovy:26)
	at com.kms.katalon.core.webui.keyword.builtin.GetTextKeyword.getText(GetTextKeyword.groovy:88)
	at com.kms.katalon.core.webui.keyword.builtin.GetTextKeyword.execute(GetTextKeyword.groovy:67)
	at com.kms.katalon.core.keyword.internal.KeywordExecutor.executeKeywordForPlatform(KeywordExecutor.groovy:74)
	at com.kms.katalon.core.webui.keyword.WebUiBuiltInKeywords.getText(WebUiBuiltInKeywords.groovy:918)
	at com.kms.katalon.core.webui.keyword.WebUiBuiltInKeywords$getText$11.call(Unknown Source)
	at functions.I.VerifyMatchToastrmsg(I.groovy:453)
	at functions.I$VerifyMatchToastrmsg$8.call(Unknown Source)
	at 11.3 Tag Simultaneous Modif of ref (Edit) PART 3.run(11.3 Tag Simultaneous Modif of ref (Edit) PART 3:173)
	at com.kms.katalon.core.main.ScriptEngine.run(ScriptEngine.java:194)
	at com.kms.katalon.core.main.ScriptEngine.runScriptAsRawText(ScriptEngine.java:119)
	at com.kms.katalon.core.main.TestCaseExecutor.runScript(TestCaseExecutor.java:445)
	at com.kms.katalon.core.main.TestCaseExecutor.doExecute(TestCaseExecutor.java:436)
	at com.kms.katalon.core.main.TestCaseExecutor.processExecutionPhase(TestCaseExecutor.java:415)
	at com.kms.katalon.core.main.TestCaseExecutor.accessMainPhase(TestCaseExecutor.java:407)
	at com.kms.katalon.core.main.TestCaseExecutor.execute(TestCaseExecutor.java:284)
	at com.kms.katalon.core.common.CommonExecutor.accessTestCaseMainPhase(CommonExecutor.java:65)
	at com.kms.katalon.core.main.TestSuiteExecutor.accessTestSuiteMainPhase(TestSuiteExecutor.java:144)
	at com.kms.katalon.core.main.TestSuiteExecutor.execute(TestSuiteExecutor.java:106)
	at com.kms.katalon.core.main.TestCaseMain.startTestSuite(TestCaseMain.java:185)
	at com.kms.katalon.core.main.TestCaseMain$startTestSuite$0.call(Unknown Source)
	at TempTestSuite1654791037754.run(TempTestSuite1654791037754.groovy:36)
Caused by: com.kms.katalon.core.webui.exception.WebElementNotFoundException: Web element with id: 'Object Repository/1. Constant/xpath' located by '//*[@id=&quot;toast-container&quot;]/div/div[2]' not found
	at com.kms.katalon.core.webui.common.WebUiCommonHelper.findWebElement(WebUiCommonHelper.java:1370)
	at com.kms.katalon.core.webui.keyword.internal.WebUIAbstractKeyword.findWebElement(WebUIAbstractKeyword.groovy:27)
	at com.kms.katalon.core.webui.keyword.internal.WebUIAbstractKeyword.findWebElement(WebUIAbstractKeyword.groovy:26)
	at com.kms.katalon.core.webui.keyword.builtin.GetTextKeyword$_getText_closure1.doCall(GetTextKeyword.groovy:78)
	at com.kms.katalon.core.webui.keyword.builtin.GetTextKeyword$_getText_closure1.call(GetTextKeyword.groovy)
	at com.kms.katalon.core.webui.keyword.internal.WebUIKeywordMain.runKeyword(WebUIKeywordMain.groovy:20)
	... 21 more
"/>
         <system-out><![CDATA[2022-06-09 18:19:48 - [TEST_CASE][FAILED] - Test Cases/11. Tag Simultaneous Modification of ref (P1 - P4 consecutive)/11.3 Tag Simultaneous Modif of ref (Edit) PART 3: Test Cases/11. Tag Simultaneous Modification of ref (P1 - P4 consecutive)/11.3 Tag Simultaneous Modif of ref (Edit) PART 3 FAILED.
Reason:
com.kms.katalon.core.exception.StepFailedException: Unable to get text of object 'Object Repository/1. Constant/xpath'
	at com.kms.katalon.core.webui.keyword.internal.WebUIKeywordMain.stepFailed(WebUIKeywordMain.groovy:64)
	at com.kms.katalon.core.webui.keyword.internal.WebUIKeywordMain.runKeyword(WebUIKeywordMain.groovy:26)
	at com.kms.katalon.core.webui.keyword.builtin.GetTextKeyword.getText(GetTextKeyword.groovy:88)
	at com.kms.katalon.core.webui.keyword.builtin.GetTextKeyword.execute(GetTextKeyword.groovy:67)
	at com.kms.katalon.core.keyword.internal.KeywordExecutor.executeKeywordForPlatform(KeywordExecutor.groovy:74)
	at com.kms.katalon.core.webui.keyword.WebUiBuiltInKeywords.getText(WebUiBuiltInKeywords.groovy:918)
	at com.kms.katalon.core.webui.keyword.WebUiBuiltInKeywords$getText$11.call(Unknown Source)
	at functions.I.VerifyMatchToastrmsg(I.groovy:453)
	at functions.I$VerifyMatchToastrmsg$8.call(Unknown Source)
	at 11.3 Tag Simultaneous Modif of ref (Edit) PART 3.run(11.3 Tag Simultaneous Modif of ref (Edit) PART 3:173)
	at com.kms.katalon.core.main.ScriptEngine.run(ScriptEngine.java:194)
	at com.kms.katalon.core.main.ScriptEngine.runScriptAsRawText(ScriptEngine.java:119)
	at com.kms.katalon.core.main.TestCaseExecutor.runScript(TestCaseExecutor.java:445)
	at com.kms.katalon.core.main.TestCaseExecutor.doExecute(TestCaseExecutor.java:436)
	at com.kms.katalon.core.main.TestCaseExecutor.processExecutionPhase(TestCaseExecutor.java:415)
	at com.kms.katalon.core.main.TestCaseExecutor.accessMainPhase(TestCaseExecutor.java:407)
	at com.kms.katalon.core.main.TestCaseExecutor.execute(TestCaseExecutor.java:284)
	at com.kms.katalon.core.common.CommonExecutor.accessTestCaseMainPhase(CommonExecutor.java:65)
	at com.kms.katalon.core.main.TestSuiteExecutor.accessTestSuiteMainPhase(TestSuiteExecutor.java:144)
	at com.kms.katalon.core.main.TestSuiteExecutor.execute(TestSuiteExecutor.java:106)
	at com.kms.katalon.core.main.TestCaseMain.startTestSuite(TestCaseMain.java:185)
	at com.kms.katalon.core.main.TestCaseMain$startTestSuite$0.call(Unknown Source)
	at TempTestSuite1654791037754.run(TempTestSuite1654791037754.groovy:36)
Caused by: com.kms.katalon.core.webui.exception.WebElementNotFoundException: Web element with id: 'Object Repository/1. Constant/xpath' located by '//*[@id="toast-container"]/div/div[2]' not found
	at com.kms.katalon.core.webui.common.WebUiCommonHelper.findWebElement(WebUiCommonHelper.java:1370)
	at com.kms.katalon.core.webui.keyword.internal.WebUIAbstractKeyword.findWebElement(WebUIAbstractKeyword.groovy:27)
	at com.kms.katalon.core.webui.keyword.internal.WebUIAbstractKeyword.findWebElement(WebUIAbstractKeyword.groovy:26)
	at com.kms.katalon.core.webui.keyword.builtin.GetTextKeyword$_getText_closure1.doCall(GetTextKeyword.groovy:78)
	at com.kms.katalon.core.webui.keyword.builtin.GetTextKeyword$_getText_closure1.call(GetTextKeyword.groovy)
	at com.kms.katalon.core.webui.keyword.internal.WebUIKeywordMain.runKeyword(WebUIKeywordMain.groovy:20)
	... 21 more


2022-06-09 18:19:49 - [TEST_STEP][PASSED] - data_Tag = findTestData("Data Files/Username_Password/Tag"): null

2022-06-09 18:19:49 - [TEST_STEP][PASSED] - password_jedun = data_Tag.getValue(3, 1): null

2022-06-09 18:19:49 - [TEST_STEP][PASSED] - password_tliu = data_Tag.getValue(3, 8): null

2022-06-09 18:19:49 - [TEST_STEP][PASSED] - data_urlRELAUTO = findTestData("Data Files/URL/URL_relauto"): null

2022-06-09 18:19:49 - [TEST_STEP][PASSED] - Url_Tag = data_urlRELAUTO.getValue(2, 3): null

2022-06-09 18:19:49 - [TEST_STEP][PASSED] - Project_No = I.readnotepad("D:\Upoad_File\Projet_ Login\Tag\11.01 Tag Project_No\11.01_Tag_ProjectNo.txt"): null

2022-06-09 18:19:49 - [TEST_STEP][PASSED] - refID = I.readnotepad("D:\Upoad_File\Projet_ Login\Tag\11.01 Tag Project_No\11.01_Tag_refID.txt"): null

2022-06-09 18:19:49 - [TEST_STEP][PASSED] - System.setProperty("webdriver.chrome.driver", "D:\Katalon_Studio\configuration\resources\drivers\chromedriver_win32\chromedriver.exe"): null

2022-06-09 18:19:49 - [TEST_STEP][PASSED] - driver1 = new org.openqa.selenium.chrome.ChromeDriver(): null

2022-06-09 18:19:52 - [TEST_STEP][PASSED] - changeWebDriver(driver1): null

2022-06-09 18:19:52 - [TEST_STEP][PASSED] - navigateToUrl(Url_Tag): Navigate to 'http://mdb-release.diadeis.lan/MediaboxIndependence/?MBI_datasource=RELTESTAUTO_TAG' successfully

2022-06-09 18:19:59 - [MESSAGE][PASSED] - Navigate to 'http://mdb-release.diadeis.lan/MediaboxIndependence/?MBI_datasource=RELTESTAUTO_TAG' successfully

2022-06-09 18:19:59 - [TEST_STEP][PASSED] - maximizeWindow(): Current window maximized

2022-06-09 18:19:59 - [MESSAGE][PASSED] - Current window maximized

2022-06-09 18:19:59 - [TEST_STEP][PASSED] - waitForPageLoad(30): Wait for page load successfully

2022-06-09 18:19:59 - [MESSAGE][PASSED] - Wait for page load successfully

2022-06-09 18:19:59 - [TEST_STEP][PASSED] - takeScreenshot(): Taking screenshot successfully

2022-06-09 18:20:00 - [MESSAGE][PASSED] - Taking screenshot successfully
[[ATTACHMENT|D:\\Projet Test Auto\\Mediabox Test Automation\\Reports\\20220609_181011\\03. Parallel Testing (Testing)\\TS -PT PART 3\\04 Tag Simulateneous\\20220609_181037\\1654791599774.png]]

2022-06-09 18:20:00 - [TEST_STEP][PASSED] - I.Login_password("jedun", password_jedun): Object: 'Object Repository/1. Constant/xpath' is clicked on

2022-06-09 18:20:00 - [MESSAGE][PASSED] - Text 'jedun' is set on object 'Object Repository/1. Constant/xpath'

2022-06-09 18:20:01 - [MESSAGE][PASSED] - Delayed 1 second(s)

2022-06-09 18:20:02 - [MESSAGE][PASSED] - Text 'dchi' is set on object 'Object Repository/1. Constant/xpath'

2022-06-09 18:20:03 - [MESSAGE][PASSED] - Delayed 1 second(s)

2022-06-09 18:20:13 - [MESSAGE][PASSED] - Object: 'Object Repository/1. Constant/xpath' is clicked on

2022-06-09 18:20:13 - [TEST_STEP][PASSED] - click(findTestObject("1. Constant/02_LHSMenu_Projects")): Object: 'Object Repository/1. Constant/02_LHSMenu_Projects' is clicked on

2022-06-09 18:20:22 - [MESSAGE][PASSED] - Object: 'Object Repository/1. Constant/02_LHSMenu_Projects' is clicked on

2022-06-09 18:20:22 - [TEST_STEP][PASSED] - I.SearchProjectNo_xpath(Project_No, "//*[@id="keynum_project"]", "//*[@id="form_filters"]/div[7]/button"): Delayed 5 second(s)

2022-06-09 18:20:23 - [MESSAGE][PASSED] - Delayed 1 second(s)

2022-06-09 18:20:24 - [MESSAGE][PASSED] - Text 'MI003403' is set on object 'Object Repository/1. Constant/xpath'

2022-06-09 18:20:27 - [MESSAGE][PASSED] - Delayed 3 second(s)

2022-06-09 18:20:28 - [MESSAGE][PASSED] - Scroll to object 'Object Repository/1. Constant/xpath' successfully

2022-06-09 18:20:33 - [MESSAGE][PASSED] - Object: 'Object Repository/1. Constant/xpath' is clicked on

2022-06-09 18:20:38 - [MESSAGE][PASSED] - Delayed 5 second(s)

2022-06-09 18:20:38 - [TEST_STEP][PASSED] - click(findTestObject("1. Constant/xpath", ["xpath":"//*[@id="source_" + refID + ""]/td[6]/a"])): Object: 'Object Repository/1. Constant/xpath' is clicked on

2022-06-09 18:20:43 - [MESSAGE][PASSED] - Object: 'Object Repository/1. Constant/xpath' is clicked on

2022-06-09 18:20:43 - [TEST_STEP][PASSED] - delay(1): Delayed 1 second(s)

2022-06-09 18:20:44 - [MESSAGE][PASSED] - Delayed 1 second(s)

2022-06-09 18:20:44 - [TEST_STEP][PASSED] - click(findTestObject("1. Constant/xpath", ["xpath":"//*[@id="tab_brief_phase"]/div/div[1]/div/div[1]/button"])): Object: 'Object Repository/1. Constant/xpath' is clicked on

2022-06-09 18:20:44 - [MESSAGE][PASSED] - Object: 'Object Repository/1. Constant/xpath' is clicked on

2022-06-09 18:20:44 - [TEST_STEP][PASSED] - takeScreenshot(): Taking screenshot successfully

2022-06-09 18:20:45 - [MESSAGE][PASSED] - Taking screenshot successfully
[[ATTACHMENT|D:\\Projet Test Auto\\Mediabox Test Automation\\Reports\\20220609_181011\\03. Parallel Testing (Testing)\\TS -PT PART 3\\04 Tag Simulateneous\\20220609_181037\\1654791644844.png]]

2022-06-09 18:20:45 - [TEST_STEP][PASSED] - delay(1): Delayed 1 second(s)

2022-06-09 18:20:46 - [MESSAGE][PASSED] - Delayed 1 second(s)

2022-06-09 18:20:46 - [TEST_STEP][PASSED] - click(findTestObject("1. Constant/xpath", ["xpath":"//*[@id="btn_edit_phase_brief"]"])): Object: 'Object Repository/1. Constant/xpath' is clicked on

2022-06-09 18:20:51 - [MESSAGE][PASSED] - Object: 'Object Repository/1. Constant/xpath' is clicked on

2022-06-09 18:20:51 - [TEST_STEP][PASSED] - delay(1): Delayed 1 second(s)

2022-06-09 18:20:52 - [MESSAGE][PASSED] - Delayed 1 second(s)

2022-06-09 18:20:52 - [TEST_STEP][PASSED] - setText(findTestObject("1. Constant/xpath", ["xpath":"//*[@id="var_35"]"]), "W1_EDIT_JEDUN_PART3"): Text 'W1_EDIT_JEDUN_PART3' is set on object 'Object Repository/1. Constant/xpath'

2022-06-09 18:20:53 - [MESSAGE][PASSED] - Text 'W1_EDIT_JEDUN_PART3' is set on object 'Object Repository/1. Constant/xpath'

2022-06-09 18:20:53 - [TEST_STEP][PASSED] - driver2 = new org.openqa.selenium.chrome.ChromeDriver(): null

2022-06-09 18:21:00 - [TEST_STEP][PASSED] - changeWebDriver(driver2): null

2022-06-09 18:21:00 - [TEST_STEP][PASSED] - maximizeWindow(): Current window maximized

2022-06-09 18:21:00 - [MESSAGE][PASSED] - Current window maximized

2022-06-09 18:21:00 - [TEST_STEP][PASSED] - navigateToUrl(Url_Tag): Navigate to 'http://mdb-release.diadeis.lan/MediaboxIndependence/?MBI_datasource=RELTESTAUTO_TAG' successfully

2022-06-09 18:21:08 - [MESSAGE][PASSED] - Navigate to 'http://mdb-release.diadeis.lan/MediaboxIndependence/?MBI_datasource=RELTESTAUTO_TAG' successfully

2022-06-09 18:21:08 - [TEST_STEP][PASSED] - waitForPageLoad(30): Wait for page load successfully

2022-06-09 18:21:08 - [MESSAGE][PASSED] - Wait for page load successfully

2022-06-09 18:21:08 - [TEST_STEP][PASSED] - I.Login_password("tliu", password_tliu): Object: 'Object Repository/1. Constant/xpath' is clicked on

2022-06-09 18:21:08 - [MESSAGE][PASSED] - Text 'tliu' is set on object 'Object Repository/1. Constant/xpath'

2022-06-09 18:21:09 - [MESSAGE][PASSED] - Delayed 1 second(s)

2022-06-09 18:21:09 - [MESSAGE][PASSED] - Text 'dchi' is set on object 'Object Repository/1. Constant/xpath'

2022-06-09 18:21:10 - [MESSAGE][PASSED] - Delayed 1 second(s)

2022-06-09 18:21:21 - [MESSAGE][PASSED] - Object: 'Object Repository/1. Constant/xpath' is clicked on

2022-06-09 18:21:21 - [TEST_STEP][PASSED] - takeScreenshot(): Taking screenshot successfully

2022-06-09 18:21:21 - [MESSAGE][PASSED] - Taking screenshot successfully
[[ATTACHMENT|D:\\Projet Test Auto\\Mediabox Test Automation\\Reports\\20220609_181011\\03. Parallel Testing (Testing)\\TS -PT PART 3\\04 Tag Simulateneous\\20220609_181037\\1654791681242.png]]

2022-06-09 18:21:21 - [TEST_STEP][PASSED] - click(findTestObject("1. Constant/02_LHSMenu_Projects")): Object: 'Object Repository/1. Constant/02_LHSMenu_Projects' is clicked on

2022-06-09 18:21:27 - [MESSAGE][PASSED] - Object: 'Object Repository/1. Constant/02_LHSMenu_Projects' is clicked on

2022-06-09 18:21:27 - [TEST_STEP][PASSED] - I.SearchProjectNo_xpath(Project_No, "//*[@id="keynum_project"]", "//*[@id="form_filters"]/div[4]/button"): Delayed 5 second(s)

2022-06-09 18:21:28 - [MESSAGE][PASSED] - Delayed 1 second(s)

2022-06-09 18:21:29 - [MESSAGE][PASSED] - Text 'MI003403' is set on object 'Object Repository/1. Constant/xpath'

2022-06-09 18:21:32 - [MESSAGE][PASSED] - Delayed 3 second(s)

2022-06-09 18:21:32 - [MESSAGE][PASSED] - Scroll to object 'Object Repository/1. Constant/xpath' successfully

2022-06-09 18:21:35 - [MESSAGE][PASSED] - Object: 'Object Repository/1. Constant/xpath' is clicked on

2022-06-09 18:21:40 - [MESSAGE][PASSED] - Delayed 5 second(s)

2022-06-09 18:21:40 - [TEST_STEP][PASSED] - takeScreenshot(): Taking screenshot successfully

2022-06-09 18:21:40 - [MESSAGE][PASSED] - Taking screenshot successfully
[[ATTACHMENT|D:\\Projet Test Auto\\Mediabox Test Automation\\Reports\\20220609_181011\\03. Parallel Testing (Testing)\\TS -PT PART 3\\04 Tag Simulateneous\\20220609_181037\\1654791700470.png]]

2022-06-09 18:21:40 - [TEST_STEP][PASSED] - click(findTestObject("1. Constant/xpath", ["xpath":"//*[@id="source_" + refID + ""]/td[6]/a"])): Object: 'Object Repository/1. Constant/xpath' is clicked on

2022-06-09 18:21:46 - [MESSAGE][PASSED] - Object: 'Object Repository/1. Constant/xpath' is clicked on

2022-06-09 18:21:46 - [TEST_STEP][PASSED] - click(findTestObject("1. Constant/xpath", ["xpath":"//*[@id="tab_brief_phase"]/div/div[1]/div/div[1]/button"])): Object: 'Object Repository/1. Constant/xpath' is clicked on

2022-06-09 18:21:48 - [MESSAGE][PASSED] - Object: 'Object Repository/1. Constant/xpath' is clicked on

2022-06-09 18:21:48 - [TEST_STEP][PASSED] - delay(1): Delayed 1 second(s)

2022-06-09 18:21:49 - [MESSAGE][PASSED] - Delayed 1 second(s)

2022-06-09 18:21:49 - [TEST_STEP][PASSED] - click(findTestObject("1. Constant/xpath", ["xpath":"//*[@id="btn_edit_phase_brief"]"])): Object: 'Object Repository/1. Constant/xpath' is clicked on

2022-06-09 18:21:54 - [MESSAGE][PASSED] - Object: 'Object Repository/1. Constant/xpath' is clicked on

2022-06-09 18:21:54 - [TEST_STEP][PASSED] - delay(1): Delayed 1 second(s)

2022-06-09 18:21:55 - [MESSAGE][PASSED] - Delayed 1 second(s)

2022-06-09 18:21:55 - [TEST_STEP][PASSED] - setText(findTestObject("1. Constant/xpath", ["xpath":"//*[@id="var_35"]"]), "W2_EDIT_TLIUM_PART3"): Text 'W2_EDIT_TLIUM_PART3' is set on object 'Object Repository/1. Constant/xpath'

2022-06-09 18:21:57 - [MESSAGE][PASSED] - Text 'W2_EDIT_TLIUM_PART3' is set on object 'Object Repository/1. Constant/xpath'

2022-06-09 18:21:57 - [TEST_STEP][PASSED] - takeScreenshot(): Taking screenshot successfully

2022-06-09 18:21:57 - [MESSAGE][PASSED] - Taking screenshot successfully
[[ATTACHMENT|D:\\Projet Test Auto\\Mediabox Test Automation\\Reports\\20220609_181011\\03. Parallel Testing (Testing)\\TS -PT PART 3\\04 Tag Simulateneous\\20220609_181037\\1654791717460.png]]

2022-06-09 18:21:57 - [TEST_STEP][PASSED] - I.click_button_javascript(findTestObject("1. Constant/xpath", ["xpath":"//*[@id="type_save"]"])): Execute JavaScript 'arguments[0].click()' successfully

2022-06-09 18:22:04 - [MESSAGE][PASSED] - Execute JavaScript 'arguments[0].click()' successfully

2022-06-09 18:22:04 - [TEST_STEP][PASSED] - delay(1): Delayed 1 second(s)

2022-06-09 18:22:05 - [MESSAGE][PASSED] - Delayed 1 second(s)

2022-06-09 18:22:05 - [TEST_STEP][PASSED] - verifyTextPresent("References List", false): Text 'References List' is present on page 

2022-06-09 18:22:05 - [MESSAGE][PASSED] - Text 'References List' is present on page 

2022-06-09 18:22:05 - [TEST_STEP][PASSED] - takeScreenshot(): Taking screenshot successfully

2022-06-09 18:22:06 - [MESSAGE][PASSED] - Taking screenshot successfully
[[ATTACHMENT|D:\\Projet Test Auto\\Mediabox Test Automation\\Reports\\20220609_181011\\03. Parallel Testing (Testing)\\TS -PT PART 3\\04 Tag Simulateneous\\20220609_181037\\1654791725827.png]]

2022-06-09 18:22:06 - [TEST_STEP][PASSED] - changeWebDriver(driver1): null

2022-06-09 18:22:06 - [TEST_STEP][PASSED] - takeScreenshot(): Taking screenshot successfully

2022-06-09 18:22:07 - [MESSAGE][PASSED] - Taking screenshot successfully
[[ATTACHMENT|D:\\Projet Test Auto\\Mediabox Test Automation\\Reports\\20220609_181011\\03. Parallel Testing (Testing)\\TS -PT PART 3\\04 Tag Simulateneous\\20220609_181037\\1654791726777.png]]

2022-06-09 18:22:07 - [TEST_STEP][PASSED] - I.click_button_javascript(findTestObject("1. Constant/xpath", ["xpath":"//*[@id="type_save"]"])): Execute JavaScript 'arguments[0].click()' successfully

2022-06-09 18:22:07 - [MESSAGE][PASSED] - Execute JavaScript 'arguments[0].click()' successfully

2022-06-09 18:22:07 - [TEST_STEP][FAILED] - I.VerifyMatchToastrmsg("//*[@id="toast-container"]/div/div[2]", "Your changes can't be saved because another user updated values in this form in the meantime. Please reload the page to display them."): Unable to get text of object 'Object Repository/1. Constant/xpath' (Root cause: com.kms.katalon.core.exception.StepFailedException: Unable to get text of object 'Object Repository/1. Constant/xpath'
	at com.kms.katalon.core.webui.keyword.internal.WebUIKeywordMain.stepFailed(WebUIKeywordMain.groovy:64)
	at com.kms.katalon.core.webui.keyword.internal.WebUIKeywordMain.runKeyword(WebUIKeywordMain.groovy:26)
	at com.kms.katalon.core.webui.keyword.builtin.GetTextKeyword.getText(GetTextKeyword.groovy:88)
	at com.kms.katalon.core.webui.keyword.builtin.GetTextKeyword.execute(GetTextKeyword.groovy:67)
	at com.kms.katalon.core.keyword.internal.KeywordExecutor.executeKeywordForPlatform(KeywordExecutor.groovy:74)
	at com.kms.katalon.core.webui.keyword.WebUiBuiltInKeywords.getText(WebUiBuiltInKeywords.groovy:918)
	at com.kms.katalon.core.webui.keyword.WebUiBuiltInKeywords$getText$11.call(Unknown Source)
	at functions.I.VerifyMatchToastrmsg(I.groovy:453)
	at functions.I$VerifyMatchToastrmsg$8.call(Unknown Source)
	at 11.3 Tag Simultaneous Modif of ref (Edit) PART 3.run(11.3 Tag Simultaneous Modif of ref (Edit) PART 3:173)
	at com.kms.katalon.core.main.ScriptEngine.run(ScriptEngine.java:194)
	at com.kms.katalon.core.main.ScriptEngine.runScriptAsRawText(ScriptEngine.java:119)
	at com.kms.katalon.core.main.TestCaseExecutor.runScript(TestCaseExecutor.java:445)
	at com.kms.katalon.core.main.TestCaseExecutor.doExecute(TestCaseExecutor.java:436)
	at com.kms.katalon.core.main.TestCaseExecutor.processExecutionPhase(TestCaseExecutor.java:415)
	at com.kms.katalon.core.main.TestCaseExecutor.accessMainPhase(TestCaseExecutor.java:407)
	at com.kms.katalon.core.main.TestCaseExecutor.execute(TestCaseExecutor.java:284)
	at com.kms.katalon.core.common.CommonExecutor.accessTestCaseMainPhase(CommonExecutor.java:65)
	at com.kms.katalon.core.main.TestSuiteExecutor.accessTestSuiteMainPhase(TestSuiteExecutor.java:144)
	at com.kms.katalon.core.main.TestSuiteExecutor.execute(TestSuiteExecutor.java:106)
	at com.kms.katalon.core.main.TestCaseMain.startTestSuite(TestCaseMain.java:185)
	at com.kms.katalon.core.main.TestCaseMain$startTestSuite$0.call(Unknown Source)
	at TempTestSuite1654791037754.run(TempTestSuite1654791037754.groovy:36)
Caused by: com.kms.katalon.core.webui.exception.WebElementNotFoundException: Web element with id: 'Object Repository/1. Constant/xpath' located by '//*[@id="toast-container"]/div/div[2]' not found
	at com.kms.katalon.core.webui.common.WebUiCommonHelper.findWebElement(WebUiCommonHelper.java:1370)
	at com.kms.katalon.core.webui.keyword.internal.WebUIAbstractKeyword.findWebElement(WebUIAbstractKeyword.groovy:27)
	at com.kms.katalon.core.webui.keyword.internal.WebUIAbstractKeyword.findWebElement(WebUIAbstractKeyword.groovy:26)
	at com.kms.katalon.core.webui.keyword.builtin.GetTextKeyword$_getText_closure1.doCall(GetTextKeyword.groovy:78)
	at com.kms.katalon.core.webui.keyword.builtin.GetTextKeyword$_getText_closure1.call(GetTextKeyword.groovy)
	at com.kms.katalon.core.webui.keyword.internal.WebUIKeywordMain.runKeyword(WebUIKeywordMain.groovy:20)
	at com.kms.katalon.core.webui.keyword.builtin.GetTextKeyword.getText(GetTextKeyword.groovy:88)
	at com.kms.katalon.core.webui.keyword.builtin.GetTextKeyword.execute(GetTextKeyword.groovy:67)
	at com.kms.katalon.core.keyword.internal.KeywordExecutor.executeKeywordForPlatform(KeywordExecutor.groovy:74)
	at com.kms.katalon.core.webui.keyword.WebUiBuiltInKeywords.getText(WebUiBuiltInKeywords.groovy:918)
	at com.kms.katalon.core.webui.keyword.WebUiBuiltInKeywords$getText$11.call(Unknown Source)
	at functions.I.VerifyMatchToastrmsg(I.groovy:453)
	at functions.I$VerifyMatchToastrmsg$8.call(Unknown Source)
	at Script1638871773266.run(Script1638871773266.groovy:173)
	... 13 more
)

2022-06-09 18:22:13 - [MESSAGE][INFO] - Unable to find the element located by 'By.xpath: //*[@id="toast-container"]/div/div[2]'. Please recheck the objects properties to make sure the desired element is located. 

2022-06-09 18:22:13 - [MESSAGE][WARNING] - Web element with id: 'Object Repository/1. Constant/xpath' located by '//*[@id="toast-container"]/div/div[2]' not found

2022-06-09 18:22:45 - [MESSAGE][INFO] - Unable to find the element located by 'By.xpath: //*[@id="toast-container"]/div/div[2]'. Please recheck the objects properties to make sure the desired element is located. 

2022-06-09 18:22:45 - [MESSAGE][FAILED] - Unable to get text of object 'Object Repository/1. Constant/xpath' (Root cause: com.kms.katalon.core.exception.StepFailedException: Unable to get text of object 'Object Repository/1. Constant/xpath'
	at com.kms.katalon.core.webui.keyword.internal.WebUIKeywordMain.stepFailed(WebUIKeywordMain.groovy:64)
	at com.kms.katalon.core.webui.keyword.internal.WebUIKeywordMain.runKeyword(WebUIKeywordMain.groovy:26)
	at com.kms.katalon.core.webui.keyword.builtin.GetTextKeyword.getText(GetTextKeyword.groovy:88)
	at com.kms.katalon.core.webui.keyword.builtin.GetTextKeyword.execute(GetTextKeyword.groovy:67)
	at com.kms.katalon.core.keyword.internal.KeywordExecutor.executeKeywordForPlatform(KeywordExecutor.groovy:74)
	at com.kms.katalon.core.webui.keyword.WebUiBuiltInKeywords.getText(WebUiBuiltInKeywords.groovy:918)
	at com.kms.katalon.core.webui.keyword.WebUiBuiltInKeywords$getText$11.call(Unknown Source)
	at functions.I.VerifyMatchToastrmsg(I.groovy:453)
	at functions.I$VerifyMatchToastrmsg$8.call(Unknown Source)
	at 11.3 Tag Simultaneous Modif of ref (Edit) PART 3.run(11.3 Tag Simultaneous Modif of ref (Edit) PART 3:173)
	at com.kms.katalon.core.main.ScriptEngine.run(ScriptEngine.java:194)
	at com.kms.katalon.core.main.ScriptEngine.runScriptAsRawText(ScriptEngine.java:119)
	at com.kms.katalon.core.main.TestCaseExecutor.runScript(TestCaseExecutor.java:445)
	at com.kms.katalon.core.main.TestCaseExecutor.doExecute(TestCaseExecutor.java:436)
	at com.kms.katalon.core.main.TestCaseExecutor.processExecutionPhase(TestCaseExecutor.java:415)
	at com.kms.katalon.core.main.TestCaseExecutor.accessMainPhase(TestCaseExecutor.java:407)
	at com.kms.katalon.core.main.TestCaseExecutor.execute(TestCaseExecutor.java:284)
	at com.kms.katalon.core.common.CommonExecutor.accessTestCaseMainPhase(CommonExecutor.java:65)
	at com.kms.katalon.core.main.TestSuiteExecutor.accessTestSuiteMainPhase(TestSuiteExecutor.java:144)
	at com.kms.katalon.core.main.TestSuiteExecutor.execute(TestSuiteExecutor.java:106)
	at com.kms.katalon.core.main.TestCaseMain.startTestSuite(TestCaseMain.java:185)
	at com.kms.katalon.core.main.TestCaseMain$startTestSuite$0.call(Unknown Source)
	at TempTestSuite1654791037754.run(TempTestSuite1654791037754.groovy:36)
Caused by: com.kms.katalon.core.webui.exception.WebElementNotFoundException: Web element with id: 'Object Repository/1. Constant/xpath' located by '//*[@id="toast-container"]/div/div[2]' not found
	at com.kms.katalon.core.webui.common.WebUiCommonHelper.findWebElement(WebUiCommonHelper.java:1370)
	at com.kms.katalon.core.webui.keyword.internal.WebUIAbstractKeyword.findWebElement(WebUIAbstractKeyword.groovy:27)
	at com.kms.katalon.core.webui.keyword.internal.WebUIAbstractKeyword.findWebElement(WebUIAbstractKeyword.groovy:26)
	at com.kms.katalon.core.webui.keyword.builtin.GetTextKeyword$_getText_closure1.doCall(GetTextKeyword.groovy:78)
	at com.kms.katalon.core.webui.keyword.builtin.GetTextKeyword$_getText_closure1.call(GetTextKeyword.groovy)
	at com.kms.katalon.core.webui.keyword.internal.WebUIKeywordMain.runKeyword(WebUIKeywordMain.groovy:20)
	at com.kms.katalon.core.webui.keyword.builtin.GetTextKeyword.getText(GetTextKeyword.groovy:88)
	at com.kms.katalon.core.webui.keyword.builtin.GetTextKeyword.execute(GetTextKeyword.groovy:67)
	at com.kms.katalon.core.keyword.internal.KeywordExecutor.executeKeywordForPlatform(KeywordExecutor.groovy:74)
	at com.kms.katalon.core.webui.keyword.WebUiBuiltInKeywords.getText(WebUiBuiltInKeywords.groovy:918)
	at com.kms.katalon.core.webui.keyword.WebUiBuiltInKeywords$getText$11.call(Unknown Source)
	at functions.I.VerifyMatchToastrmsg(I.groovy:453)
	at functions.I$VerifyMatchToastrmsg$8.call(Unknown Source)
	at Script1638871773266.run(Script1638871773266.groovy:173)
	... 13 more
)
[[ATTACHMENT|D:\\Projet Test Auto\\Mediabox Test Automation\\Reports\\20220609_181011\\03. Parallel Testing (Testing)\\TS -PT PART 3\\04 Tag Simulateneous\\20220609_181037\\1654791765181.png]]

2022-06-09 18:22:45 - [TEST_STEP][PASSED] - Start listener action : sampleAfterTestCase: null]]></system-out>
         <system-err><![CDATA[2022-06-09 18:19:48 - [TEST_CASE][FAILED] - Test Cases/11. Tag Simultaneous Modification of ref (P1 - P4 consecutive)/11.3 Tag Simultaneous Modif of ref (Edit) PART 3: Test Cases/11. Tag Simultaneous Modification of ref (P1 - P4 consecutive)/11.3 Tag Simultaneous Modif of ref (Edit) PART 3 FAILED.
Reason:
com.kms.katalon.core.exception.StepFailedException: Unable to get text of object 'Object Repository/1. Constant/xpath'
	at com.kms.katalon.core.webui.keyword.internal.WebUIKeywordMain.stepFailed(WebUIKeywordMain.groovy:64)
	at com.kms.katalon.core.webui.keyword.internal.WebUIKeywordMain.runKeyword(WebUIKeywordMain.groovy:26)
	at com.kms.katalon.core.webui.keyword.builtin.GetTextKeyword.getText(GetTextKeyword.groovy:88)
	at com.kms.katalon.core.webui.keyword.builtin.GetTextKeyword.execute(GetTextKeyword.groovy:67)
	at com.kms.katalon.core.keyword.internal.KeywordExecutor.executeKeywordForPlatform(KeywordExecutor.groovy:74)
	at com.kms.katalon.core.webui.keyword.WebUiBuiltInKeywords.getText(WebUiBuiltInKeywords.groovy:918)
	at com.kms.katalon.core.webui.keyword.WebUiBuiltInKeywords$getText$11.call(Unknown Source)
	at functions.I.VerifyMatchToastrmsg(I.groovy:453)
	at functions.I$VerifyMatchToastrmsg$8.call(Unknown Source)
	at 11.3 Tag Simultaneous Modif of ref (Edit) PART 3.run(11.3 Tag Simultaneous Modif of ref (Edit) PART 3:173)
	at com.kms.katalon.core.main.ScriptEngine.run(ScriptEngine.java:194)
	at com.kms.katalon.core.main.ScriptEngine.runScriptAsRawText(ScriptEngine.java:119)
	at com.kms.katalon.core.main.TestCaseExecutor.runScript(TestCaseExecutor.java:445)
	at com.kms.katalon.core.main.TestCaseExecutor.doExecute(TestCaseExecutor.java:436)
	at com.kms.katalon.core.main.TestCaseExecutor.processExecutionPhase(TestCaseExecutor.java:415)
	at com.kms.katalon.core.main.TestCaseExecutor.accessMainPhase(TestCaseExecutor.java:407)
	at com.kms.katalon.core.main.TestCaseExecutor.execute(TestCaseExecutor.java:284)
	at com.kms.katalon.core.common.CommonExecutor.accessTestCaseMainPhase(CommonExecutor.java:65)
	at com.kms.katalon.core.main.TestSuiteExecutor.accessTestSuiteMainPhase(TestSuiteExecutor.java:144)
	at com.kms.katalon.core.main.TestSuiteExecutor.execute(TestSuiteExecutor.java:106)
	at com.kms.katalon.core.main.TestCaseMain.startTestSuite(TestCaseMain.java:185)
	at com.kms.katalon.core.main.TestCaseMain$startTestSuite$0.call(Unknown Source)
	at TempTestSuite1654791037754.run(TempTestSuite1654791037754.groovy:36)
Caused by: com.kms.katalon.core.webui.exception.WebElementNotFoundException: Web element with id: 'Object Repository/1. Constant/xpath' located by '//*[@id="toast-container"]/div/div[2]' not found
	at com.kms.katalon.core.webui.common.WebUiCommonHelper.findWebElement(WebUiCommonHelper.java:1370)
	at com.kms.katalon.core.webui.keyword.internal.WebUIAbstractKeyword.findWebElement(WebUIAbstractKeyword.groovy:27)
	at com.kms.katalon.core.webui.keyword.internal.WebUIAbstractKeyword.findWebElement(WebUIAbstractKeyword.groovy:26)
	at com.kms.katalon.core.webui.keyword.builtin.GetTextKeyword$_getText_closure1.doCall(GetTextKeyword.groovy:78)
	at com.kms.katalon.core.webui.keyword.builtin.GetTextKeyword$_getText_closure1.call(GetTextKeyword.groovy)
	at com.kms.katalon.core.webui.keyword.internal.WebUIKeywordMain.runKeyword(WebUIKeywordMain.groovy:20)
	... 21 more]]></system-err>
      </testcase>
      <testcase name="Test Cases/11. Tag Simultaneous Modification of ref (P1 - P4 consecutive)/11.4 Simultaneous Modif of Ref (Submit) PART 4" time="201.735" classname="Test Cases/11. Tag Simultaneous Modification of ref (P1 - P4 consecutive)/11.4 Simultaneous Modif of Ref (Submit) PART 4" status="PASSED">
         <system-out><![CDATA[2022-06-09 18:22:45 - [TEST_CASE][PASSED] - Test Cases/11. Tag Simultaneous Modification of ref (P1 - P4 consecutive)/11.4 Simultaneous Modif of Ref (Submit) PART 4: Test Cases/11. Tag Simultaneous Modification of ref (P1 - P4 consecutive)/11.4 Simultaneous Modif of Ref (Submit) PART 4

2022-06-09 18:22:46 - [TEST_STEP][PASSED] - data_Tag = findTestData("Data Files/Username_Password/Tag"): null

2022-06-09 18:22:46 - [TEST_STEP][PASSED] - password_jedun = data_Tag.getValue(3, 1): null

2022-06-09 18:22:46 - [TEST_STEP][PASSED] - password_tliu = data_Tag.getValue(3, 8): null

2022-06-09 18:22:46 - [TEST_STEP][PASSED] - data_urlRELAUTO = findTestData("Data Files/URL/URL_relauto"): null

2022-06-09 18:22:46 - [TEST_STEP][PASSED] - Url_Tag = data_urlRELAUTO.getValue(2, 3): null

2022-06-09 18:22:46 - [TEST_STEP][PASSED] - Project_No = I.readnotepad("D:\Upoad_File\Projet_ Login\Tag\11.01 Tag Project_No\11.01_Tag_ProjectNo.txt"): null

2022-06-09 18:22:46 - [TEST_STEP][PASSED] - refID = I.readnotepad("D:\Upoad_File\Projet_ Login\Tag\11.01 Tag Project_No\11.01_Tag_refID.txt"): null

2022-06-09 18:22:46 - [TEST_STEP][PASSED] - System.setProperty("webdriver.chrome.driver", "D:\Katalon_Studio\configuration\resources\drivers\chromedriver_win32\chromedriver.exe"): null

2022-06-09 18:22:46 - [TEST_STEP][PASSED] - driver1 = new org.openqa.selenium.chrome.ChromeDriver(): null

2022-06-09 18:22:53 - [TEST_STEP][PASSED] - changeWebDriver(driver1): null

2022-06-09 18:22:53 - [TEST_STEP][PASSED] - navigateToUrl(Url_Tag): Navigate to 'http://mdb-release.diadeis.lan/MediaboxIndependence/?MBI_datasource=RELTESTAUTO_TAG' successfully

2022-06-09 18:23:02 - [MESSAGE][PASSED] - Navigate to 'http://mdb-release.diadeis.lan/MediaboxIndependence/?MBI_datasource=RELTESTAUTO_TAG' successfully

2022-06-09 18:23:02 - [TEST_STEP][PASSED] - maximizeWindow(): Current window maximized

2022-06-09 18:23:03 - [MESSAGE][PASSED] - Current window maximized

2022-06-09 18:23:03 - [TEST_STEP][PASSED] - waitForPageLoad(30): Wait for page load successfully

2022-06-09 18:23:03 - [MESSAGE][PASSED] - Wait for page load successfully

2022-06-09 18:23:03 - [TEST_STEP][PASSED] - takeScreenshot(): Taking screenshot successfully

2022-06-09 18:23:03 - [MESSAGE][PASSED] - Taking screenshot successfully
[[ATTACHMENT|D:\\Projet Test Auto\\Mediabox Test Automation\\Reports\\20220609_181011\\03. Parallel Testing (Testing)\\TS -PT PART 3\\04 Tag Simulateneous\\20220609_181037\\1654791783126.png]]

2022-06-09 18:23:03 - [TEST_STEP][PASSED] - I.Login_password("jedun", password_jedun): Object: 'Object Repository/1. Constant/xpath' is clicked on

2022-06-09 18:23:04 - [MESSAGE][PASSED] - Text 'jedun' is set on object 'Object Repository/1. Constant/xpath'

2022-06-09 18:23:05 - [MESSAGE][PASSED] - Delayed 1 second(s)

2022-06-09 18:23:05 - [MESSAGE][PASSED] - Text 'dchi' is set on object 'Object Repository/1. Constant/xpath'

2022-06-09 18:23:06 - [MESSAGE][PASSED] - Delayed 1 second(s)

2022-06-09 18:23:20 - [MESSAGE][PASSED] - Object: 'Object Repository/1. Constant/xpath' is clicked on

2022-06-09 18:23:20 - [TEST_STEP][PASSED] - click(findTestObject("1. Constant/02_LHSMenu_Projects")): Object: 'Object Repository/1. Constant/02_LHSMenu_Projects' is clicked on

2022-06-09 18:23:27 - [MESSAGE][PASSED] - Object: 'Object Repository/1. Constant/02_LHSMenu_Projects' is clicked on

2022-06-09 18:23:27 - [TEST_STEP][PASSED] - I.SearchProjectNo_xpath(Project_No, "//*[@id="keynum_project"]", "//*[@id="form_filters"]/div[7]/button"): Delayed 5 second(s)

2022-06-09 18:23:28 - [MESSAGE][PASSED] - Delayed 1 second(s)

2022-06-09 18:23:29 - [MESSAGE][PASSED] - Text 'MI003403' is set on object 'Object Repository/1. Constant/xpath'

2022-06-09 18:23:32 - [MESSAGE][PASSED] - Delayed 3 second(s)

2022-06-09 18:23:33 - [MESSAGE][PASSED] - Scroll to object 'Object Repository/1. Constant/xpath' successfully

2022-06-09 18:23:39 - [MESSAGE][PASSED] - Object: 'Object Repository/1. Constant/xpath' is clicked on

2022-06-09 18:23:44 - [MESSAGE][PASSED] - Delayed 5 second(s)

2022-06-09 18:23:44 - [TEST_STEP][PASSED] - click(findTestObject("1. Constant/xpath", ["xpath":"//*[@id="source_" + refID + ""]/td[15]/a[3]"])): Object: 'Object Repository/1. Constant/xpath' is clicked on

2022-06-09 18:23:48 - [MESSAGE][PASSED] - Object: 'Object Repository/1. Constant/xpath' is clicked on

2022-06-09 18:23:48 - [TEST_STEP][PASSED] - takeScreenshot(): Taking screenshot successfully

2022-06-09 18:23:50 - [MESSAGE][PASSED] - Taking screenshot successfully
[[ATTACHMENT|D:\\Projet Test Auto\\Mediabox Test Automation\\Reports\\20220609_181011\\03. Parallel Testing (Testing)\\TS -PT PART 3\\04 Tag Simulateneous\\20220609_181037\\1654791829513.png]]

2022-06-09 18:23:50 - [TEST_STEP][PASSED] - delay(1): Delayed 1 second(s)

2022-06-09 18:23:51 - [MESSAGE][PASSED] - Delayed 1 second(s)

2022-06-09 18:23:51 - [TEST_STEP][PASSED] - driver2 = new org.openqa.selenium.chrome.ChromeDriver(): null

2022-06-09 18:24:01 - [TEST_STEP][PASSED] - changeWebDriver(driver2): null

2022-06-09 18:24:01 - [TEST_STEP][PASSED] - maximizeWindow(): Current window maximized

2022-06-09 18:24:02 - [MESSAGE][PASSED] - Current window maximized

2022-06-09 18:24:02 - [TEST_STEP][PASSED] - navigateToUrl(Url_Tag): Navigate to 'http://mdb-release.diadeis.lan/MediaboxIndependence/?MBI_datasource=RELTESTAUTO_TAG' successfully

2022-06-09 18:24:08 - [MESSAGE][PASSED] - Navigate to 'http://mdb-release.diadeis.lan/MediaboxIndependence/?MBI_datasource=RELTESTAUTO_TAG' successfully

2022-06-09 18:24:08 - [TEST_STEP][PASSED] - waitForPageLoad(30): Wait for page load successfully

2022-06-09 18:24:08 - [MESSAGE][PASSED] - Wait for page load successfully

2022-06-09 18:24:08 - [TEST_STEP][PASSED] - I.Login_password("tliu", password_tliu): Object: 'Object Repository/1. Constant/xpath' is clicked on

2022-06-09 18:24:08 - [MESSAGE][PASSED] - Text 'tliu' is set on object 'Object Repository/1. Constant/xpath'

2022-06-09 18:24:09 - [MESSAGE][PASSED] - Delayed 1 second(s)

2022-06-09 18:24:10 - [MESSAGE][PASSED] - Text 'dchi' is set on object 'Object Repository/1. Constant/xpath'

2022-06-09 18:24:11 - [MESSAGE][PASSED] - Delayed 1 second(s)

2022-06-09 18:24:19 - [MESSAGE][PASSED] - Object: 'Object Repository/1. Constant/xpath' is clicked on

2022-06-09 18:24:19 - [TEST_STEP][PASSED] - takeScreenshot(): Taking screenshot successfully

2022-06-09 18:24:19 - [MESSAGE][PASSED] - Taking screenshot successfully
[[ATTACHMENT|D:\\Projet Test Auto\\Mediabox Test Automation\\Reports\\20220609_181011\\03. Parallel Testing (Testing)\\TS -PT PART 3\\04 Tag Simulateneous\\20220609_181037\\1654791859168.png]]

2022-06-09 18:24:19 - [TEST_STEP][PASSED] - click(findTestObject("1. Constant/02_LHSMenu_Projects")): Object: 'Object Repository/1. Constant/02_LHSMenu_Projects' is clicked on

2022-06-09 18:24:24 - [MESSAGE][PASSED] - Object: 'Object Repository/1. Constant/02_LHSMenu_Projects' is clicked on

2022-06-09 18:24:24 - [TEST_STEP][PASSED] - I.SearchProjectNo_xpath(Project_No, "//*[@id="keynum_project"]", "//*[@id="form_filters"]/div[4]/button"): Delayed 5 second(s)

2022-06-09 18:24:25 - [MESSAGE][PASSED] - Delayed 1 second(s)

2022-06-09 18:24:25 - [MESSAGE][PASSED] - Text 'MI003403' is set on object 'Object Repository/1. Constant/xpath'

2022-06-09 18:24:28 - [MESSAGE][PASSED] - Delayed 3 second(s)

2022-06-09 18:24:28 - [MESSAGE][PASSED] - Scroll to object 'Object Repository/1. Constant/xpath' successfully

2022-06-09 18:24:32 - [MESSAGE][PASSED] - Object: 'Object Repository/1. Constant/xpath' is clicked on

2022-06-09 18:24:37 - [MESSAGE][PASSED] - Delayed 5 second(s)

2022-06-09 18:24:37 - [TEST_STEP][PASSED] - takeScreenshot(): Taking screenshot successfully

2022-06-09 18:24:37 - [MESSAGE][PASSED] - Taking screenshot successfully
[[ATTACHMENT|D:\\Projet Test Auto\\Mediabox Test Automation\\Reports\\20220609_181011\\03. Parallel Testing (Testing)\\TS -PT PART 3\\04 Tag Simulateneous\\20220609_181037\\1654791877607.png]]

2022-06-09 18:24:37 - [TEST_STEP][PASSED] - click(findTestObject("1. Constant/xpath", ["xpath":"//*[@id="source_" + refID + ""]/td[13]/a[3]"])): Object: 'Object Repository/1. Constant/xpath' is clicked on

2022-06-09 18:24:41 - [MESSAGE][PASSED] - Object: 'Object Repository/1. Constant/xpath' is clicked on

2022-06-09 18:24:41 - [TEST_STEP][PASSED] - takeScreenshot(): Taking screenshot successfully

2022-06-09 18:24:42 - [MESSAGE][PASSED] - Taking screenshot successfully
[[ATTACHMENT|D:\\Projet Test Auto\\Mediabox Test Automation\\Reports\\20220609_181011\\03. Parallel Testing (Testing)\\TS -PT PART 3\\04 Tag Simulateneous\\20220609_181037\\1654791881939.png]]

2022-06-09 18:24:42 - [TEST_STEP][PASSED] - I.SelectFromList_Value("//*[@id="var_57"]", "144"): Delayed 2 second(s)

2022-06-09 18:24:44 - [MESSAGE][PASSED] - All options with value '144' are selected in object 'Object Repository/1. Constant/xpath' 

2022-06-09 18:24:46 - [MESSAGE][PASSED] - Delayed 2 second(s)

2022-06-09 18:24:46 - [TEST_STEP][PASSED] - I.SelectFromList_Value("//*[@id="var_28"]", "62"): Delayed 2 second(s)

2022-06-09 18:24:46 - [MESSAGE][PASSED] - All options with value '62' are selected in object 'Object Repository/1. Constant/xpath' 

2022-06-09 18:24:48 - [MESSAGE][PASSED] - Delayed 2 second(s)

2022-06-09 18:24:48 - [TEST_STEP][PASSED] - setText(findTestObject("1. Constant/xpath", ["xpath":"//*[@id="var_54"]"]), "222"): Text '222' is set on object 'Object Repository/1. Constant/xpath'

2022-06-09 18:24:50 - [MESSAGE][PASSED] - Text '222' is set on object 'Object Repository/1. Constant/xpath'

2022-06-09 18:24:50 - [TEST_STEP][PASSED] - I.SelectFromList_Value("//*[@id="var_55"]", "122"): Delayed 2 second(s)

2022-06-09 18:24:51 - [MESSAGE][PASSED] - All options with value '122' are selected in object 'Object Repository/1. Constant/xpath' 

2022-06-09 18:24:53 - [MESSAGE][PASSED] - Delayed 2 second(s)

2022-06-09 18:24:53 - [TEST_STEP][PASSED] - I.SelectFromList_Value("//*[@id="var_50"]", "15593"): Delayed 2 second(s)

2022-06-09 18:24:55 - [MESSAGE][PASSED] - All options with value '15593' are selected in object 'Object Repository/1. Constant/xpath' 

2022-06-09 18:24:57 - [MESSAGE][PASSED] - Delayed 2 second(s)

2022-06-09 18:24:57 - [TEST_STEP][PASSED] - I.click_button_javascript(findTestObject("1. Constant/xpath", ["xpath":"//*[@id="ModifFiche"]/div[1]/div/button[2]"])): Execute JavaScript 'arguments[0].click()' successfully

2022-06-09 18:25:11 - [MESSAGE][PASSED] - Execute JavaScript 'arguments[0].click()' successfully

2022-06-09 18:25:11 - [TEST_STEP][PASSED] - delay(1): Delayed 1 second(s)

2022-06-09 18:25:12 - [MESSAGE][PASSED] - Delayed 1 second(s)

2022-06-09 18:25:12 - [TEST_STEP][PASSED] - I.VerifyMatchText("//*[@id="source_" + refID + ""]/td[11]/span[1]", "C&A: Brief completion"): Actual text 'C&A: Brief completion' and expected text 'C&A: Brief completion' are matched 

2022-06-09 18:25:14 - [MESSAGE][PASSED] - Text of object 'Object Repository/1. Constant/xpath' is: 'C&A: Brief completion'

2022-06-09 18:25:15 - [MESSAGE][PASSED] - Delayed 1 second(s)

2022-06-09 18:25:15 - [MESSAGE][PASSED] - Actual text 'C&A: Brief completion' and expected text 'C&A: Brief completion' are matched 

2022-06-09 18:25:15 - [TEST_STEP][PASSED] - takeScreenshot(): Taking screenshot successfully

2022-06-09 18:25:15 - [MESSAGE][PASSED] - Taking screenshot successfully
[[ATTACHMENT|D:\\Projet Test Auto\\Mediabox Test Automation\\Reports\\20220609_181011\\03. Parallel Testing (Testing)\\TS -PT PART 3\\04 Tag Simulateneous\\20220609_181037\\1654791915485.png]]

2022-06-09 18:25:15 - [TEST_STEP][PASSED] - changeWebDriver(driver1): null

2022-06-09 18:25:16 - [TEST_STEP][PASSED] - takeScreenshot(): Taking screenshot successfully

2022-06-09 18:25:16 - [MESSAGE][PASSED] - Taking screenshot successfully
[[ATTACHMENT|D:\\Projet Test Auto\\Mediabox Test Automation\\Reports\\20220609_181011\\03. Parallel Testing (Testing)\\TS -PT PART 3\\04 Tag Simulateneous\\20220609_181037\\1654791916072.png]]

2022-06-09 18:25:16 - [TEST_STEP][PASSED] - I.click_button_javascript(findTestObject("1. Constant/xpath", ["xpath":"//*[@id="ModifFiche"]/div[1]/div/button[2]"])): Execute JavaScript 'arguments[0].click()' successfully

2022-06-09 18:25:18 - [MESSAGE][PASSED] - Execute JavaScript 'arguments[0].click()' successfully

2022-06-09 18:25:18 - [TEST_STEP][PASSED] - delay(1): Delayed 1 second(s)

2022-06-09 18:25:19 - [MESSAGE][PASSED] - Delayed 1 second(s)

2022-06-09 18:25:19 - [TEST_STEP][PASSED] - I.VerifyMatchToastrmsg("//*[@id="toast-container"]/div/div[2]", "Your changes can't be saved because another user updated values in this form in the meantime. Please reload the page to display them."): Actual text 'Your changes can't be saved because another user updated values in this form in the meantime. Please reload the page to display them.' and expected text 'Your changes can't be saved because another user updated values in this form in the meantime. Please reload the page to display them.' are matched 

2022-06-09 18:25:20 - [MESSAGE][PASSED] - Object 'Object Repository/1. Constant/xpath' is visible

2022-06-09 18:25:20 - [MESSAGE][PASSED] - Text of object 'Object Repository/1. Constant/xpath' is: 'Your changes can't be saved because another user updated values in this form in the meantime. Please reload the page to display them.'

2022-06-09 18:25:21 - [MESSAGE][PASSED] - Taking screenshot successfully
[[ATTACHMENT|D:\\Projet Test Auto\\Mediabox Test Automation\\Reports\\20220609_181011\\03. Parallel Testing (Testing)\\TS -PT PART 3\\04 Tag Simulateneous\\20220609_181037\\1654791920862.png]]

2022-06-09 18:25:21 - [MESSAGE][PASSED] - Actual text 'Your changes can't be saved because another user updated values in this form in the meantime. Please reload the page to display them.' and expected text 'Your changes can't be saved because another user updated values in this form in the meantime. Please reload the page to display them.' are matched 

2022-06-09 18:25:21 - [TEST_STEP][PASSED] - I.click_button_javascript(findTestObject("1. Constant/xpath", ["xpath":"//*[@id="ModifFiche"]/div[1]/div/a"])): Execute JavaScript 'arguments[0].click()' successfully

2022-06-09 18:25:30 - [MESSAGE][PASSED] - Execute JavaScript 'arguments[0].click()' successfully

2022-06-09 18:25:30 - [TEST_STEP][PASSED] - delay(1): Delayed 1 second(s)

2022-06-09 18:25:31 - [MESSAGE][PASSED] - Delayed 1 second(s)

2022-06-09 18:25:31 - [TEST_STEP][PASSED] - click(findTestObject("1. Constant/xpath", ["xpath":"//*[@id="source_" + refID + ""]/td[6]/a"])): Object: 'Object Repository/1. Constant/xpath' is clicked on

2022-06-09 18:25:36 - [MESSAGE][PASSED] - Object: 'Object Repository/1. Constant/xpath' is clicked on

2022-06-09 18:25:36 - [TEST_STEP][PASSED] - delay(1): Delayed 1 second(s)

2022-06-09 18:25:37 - [MESSAGE][PASSED] - Delayed 1 second(s)

2022-06-09 18:25:37 - [TEST_STEP][PASSED] - click(findTestObject("1. Constant/xpath", ["xpath":"//*[@id="aff_full_brief"]"])): Object: 'Object Repository/1. Constant/xpath' is clicked on

2022-06-09 18:25:40 - [MESSAGE][PASSED] - Object: 'Object Repository/1. Constant/xpath' is clicked on

2022-06-09 18:25:40 - [TEST_STEP][PASSED] - I.VerifyMatchText("/html/body/div[1]/div[2]/div[8]/div[3]/div/div[3]/div[1]/div/div[2]/div/div[2]/div[2]/div[4]/div[2]/div[3]/div", "Other"): Actual text 'Other' and expected text 'Other' are matched 

2022-06-09 18:25:40 - [MESSAGE][PASSED] - Text of object 'Object Repository/1. Constant/xpath' is: 'Other'

2022-06-09 18:25:41 - [MESSAGE][PASSED] - Delayed 1 second(s)

2022-06-09 18:25:41 - [MESSAGE][PASSED] - Actual text 'Other' and expected text 'Other' are matched 

2022-06-09 18:25:41 - [TEST_STEP][PASSED] - closeBrowser(): Browser is closed

2022-06-09 18:26:01 - [MESSAGE][PASSED] - Browser is closed

2022-06-09 18:26:01 - [TEST_STEP][PASSED] - changeWebDriver(driver2): null

2022-06-09 18:26:01 - [TEST_STEP][PASSED] - closeBrowser(): Browser is closed

2022-06-09 18:26:07 - [MESSAGE][PASSED] - Browser is closed

2022-06-09 18:26:07 - [TEST_STEP][PASSED] - Start listener action : sampleAfterTestCase: null]]></system-out>
         <system-err><![CDATA[]]></system-err>
      </testcase>
      <system-out><![CDATA[2022-06-09 18:12:12 - [TEST_SUITE][FAILED] - 04 Tag Simulateneous: Test Cases/11. Tag Simultaneous Modification of ref (P1 - P4 consecutive)/11.3 Tag Simultaneous Modif of ref (Edit) PART 3 FAILED.
Reason:
com.kms.katalon.core.exception.StepFailedException: Unable to get text of object 'Object Repository/1. Constant/xpath'
	at com.kms.katalon.core.webui.keyword.internal.WebUIKeywordMain.stepFailed(WebUIKeywordMain.groovy:64)
	at com.kms.katalon.core.webui.keyword.internal.WebUIKeywordMain.runKeyword(WebUIKeywordMain.groovy:26)
	at com.kms.katalon.core.webui.keyword.builtin.GetTextKeyword.getText(GetTextKeyword.groovy:88)
	at com.kms.katalon.core.webui.keyword.builtin.GetTextKeyword.execute(GetTextKeyword.groovy:67)
	at com.kms.katalon.core.keyword.internal.KeywordExecutor.executeKeywordForPlatform(KeywordExecutor.groovy:74)
	at com.kms.katalon.core.webui.keyword.WebUiBuiltInKeywords.getText(WebUiBuiltInKeywords.groovy:918)
	at com.kms.katalon.core.webui.keyword.WebUiBuiltInKeywords$getText$11.call(Unknown Source)
	at functions.I.VerifyMatchToastrmsg(I.groovy:453)
	at functions.I$VerifyMatchToastrmsg$8.call(Unknown Source)
	at 11.3 Tag Simultaneous Modif of ref (Edit) PART 3.run(11.3 Tag Simultaneous Modif of ref (Edit) PART 3:173)
	at com.kms.katalon.core.main.ScriptEngine.run(ScriptEngine.java:194)
	at com.kms.katalon.core.main.ScriptEngine.runScriptAsRawText(ScriptEngine.java:119)
	at com.kms.katalon.core.main.TestCaseExecutor.runScript(TestCaseExecutor.java:445)
	at com.kms.katalon.core.main.TestCaseExecutor.doExecute(TestCaseExecutor.java:436)
	at com.kms.katalon.core.main.TestCaseExecutor.processExecutionPhase(TestCaseExecutor.java:415)
	at com.kms.katalon.core.main.TestCaseExecutor.accessMainPhase(TestCaseExecutor.java:407)
	at com.kms.katalon.core.main.TestCaseExecutor.execute(TestCaseExecutor.java:284)
	at com.kms.katalon.core.common.CommonExecutor.accessTestCaseMainPhase(CommonExecutor.java:65)
	at com.kms.katalon.core.main.TestSuiteExecutor.accessTestSuiteMainPhase(TestSuiteExecutor.java:144)
	at com.kms.katalon.core.main.TestSuiteExecutor.execute(TestSuiteExecutor.java:106)
	at com.kms.katalon.core.main.TestCaseMain.startTestSuite(TestCaseMain.java:185)
	at com.kms.katalon.core.main.TestCaseMain$startTestSuite$0.call(Unknown Source)
	at TempTestSuite1654791037754.run(TempTestSuite1654791037754.groovy:36)
Caused by: com.kms.katalon.core.webui.exception.WebElementNotFoundException: Web element with id: 'Object Repository/1. Constant/xpath' located by '//*[@id="toast-container"]/div/div[2]' not found
	at com.kms.katalon.core.webui.common.WebUiCommonHelper.findWebElement(WebUiCommonHelper.java:1370)
	at com.kms.katalon.core.webui.keyword.internal.WebUIAbstractKeyword.findWebElement(WebUIAbstractKeyword.groovy:27)
	at com.kms.katalon.core.webui.keyword.internal.WebUIAbstractKeyword.findWebElement(WebUIAbstractKeyword.groovy:26)
	at com.kms.katalon.core.webui.keyword.builtin.GetTextKeyword$_getText_closure1.doCall(GetTextKeyword.groovy:78)
	at com.kms.katalon.core.webui.keyword.builtin.GetTextKeyword$_getText_closure1.call(GetTextKeyword.groovy)
	at com.kms.katalon.core.webui.keyword.internal.WebUIKeywordMain.runKeyword(WebUIKeywordMain.groovy:20)
	... 21 more]]></system-out>
      <system-err><![CDATA[2022-06-09 18:12:12 - [TEST_SUITE][FAILED] - 04 Tag Simulateneous: Test Cases/11. Tag Simultaneous Modification of ref (P1 - P4 consecutive)/11.3 Tag Simultaneous Modif of ref (Edit) PART 3 FAILED.
Reason:
com.kms.katalon.core.exception.StepFailedException: Unable to get text of object 'Object Repository/1. Constant/xpath'
	at com.kms.katalon.core.webui.keyword.internal.WebUIKeywordMain.stepFailed(WebUIKeywordMain.groovy:64)
	at com.kms.katalon.core.webui.keyword.internal.WebUIKeywordMain.runKeyword(WebUIKeywordMain.groovy:26)
	at com.kms.katalon.core.webui.keyword.builtin.GetTextKeyword.getText(GetTextKeyword.groovy:88)
	at com.kms.katalon.core.webui.keyword.builtin.GetTextKeyword.execute(GetTextKeyword.groovy:67)
	at com.kms.katalon.core.keyword.internal.KeywordExecutor.executeKeywordForPlatform(KeywordExecutor.groovy:74)
	at com.kms.katalon.core.webui.keyword.WebUiBuiltInKeywords.getText(WebUiBuiltInKeywords.groovy:918)
	at com.kms.katalon.core.webui.keyword.WebUiBuiltInKeywords$getText$11.call(Unknown Source)
	at functions.I.VerifyMatchToastrmsg(I.groovy:453)
	at functions.I$VerifyMatchToastrmsg$8.call(Unknown Source)
	at 11.3 Tag Simultaneous Modif of ref (Edit) PART 3.run(11.3 Tag Simultaneous Modif of ref (Edit) PART 3:173)
	at com.kms.katalon.core.main.ScriptEngine.run(ScriptEngine.java:194)
	at com.kms.katalon.core.main.ScriptEngine.runScriptAsRawText(ScriptEngine.java:119)
	at com.kms.katalon.core.main.TestCaseExecutor.runScript(TestCaseExecutor.java:445)
	at com.kms.katalon.core.main.TestCaseExecutor.doExecute(TestCaseExecutor.java:436)
	at com.kms.katalon.core.main.TestCaseExecutor.processExecutionPhase(TestCaseExecutor.java:415)
	at com.kms.katalon.core.main.TestCaseExecutor.accessMainPhase(TestCaseExecutor.java:407)
	at com.kms.katalon.core.main.TestCaseExecutor.execute(TestCaseExecutor.java:284)
	at com.kms.katalon.core.common.CommonExecutor.accessTestCaseMainPhase(CommonExecutor.java:65)
	at com.kms.katalon.core.main.TestSuiteExecutor.accessTestSuiteMainPhase(TestSuiteExecutor.java:144)
	at com.kms.katalon.core.main.TestSuiteExecutor.execute(TestSuiteExecutor.java:106)
	at com.kms.katalon.core.main.TestCaseMain.startTestSuite(TestCaseMain.java:185)
	at com.kms.katalon.core.main.TestCaseMain$startTestSuite$0.call(Unknown Source)
	at TempTestSuite1654791037754.run(TempTestSuite1654791037754.groovy:36)
Caused by: com.kms.katalon.core.webui.exception.WebElementNotFoundException: Web element with id: 'Object Repository/1. Constant/xpath' located by '//*[@id="toast-container"]/div/div[2]' not found
	at com.kms.katalon.core.webui.common.WebUiCommonHelper.findWebElement(WebUiCommonHelper.java:1370)
	at com.kms.katalon.core.webui.keyword.internal.WebUIAbstractKeyword.findWebElement(WebUIAbstractKeyword.groovy:27)
	at com.kms.katalon.core.webui.keyword.internal.WebUIAbstractKeyword.findWebElement(WebUIAbstractKeyword.groovy:26)
	at com.kms.katalon.core.webui.keyword.builtin.GetTextKeyword$_getText_closure1.doCall(GetTextKeyword.groovy:78)
	at com.kms.katalon.core.webui.keyword.builtin.GetTextKeyword$_getText_closure1.call(GetTextKeyword.groovy)
	at com.kms.katalon.core.webui.keyword.internal.WebUIKeywordMain.runKeyword(WebUIKeywordMain.groovy:20)
	... 21 more]]></system-err>
   </testsuite>
</testsuites>
